<?xml version="1.0" encoding="UTF-8"?>
<TestRun id="f879f4d6-80b3-4ae6-be8f-5a761bbfb4f3" name="stevpet@RDSJ741TY1 2014-04-10 20:59:56" runUser="BHI-MASTER\stevpet" xmlns="http://microsoft.com/schemas/VisualStudio/TeamTest/2010">
  <Times creation="2014-04-10T20:59:56.4144640+02:00" queuing="2014-04-10T20:59:56.4174642+02:00" start="2014-04-10T20:59:56.4214644+02:00" finish="2014-04-10T20:59:56.8234874+02:00" />
  <TestSettings name="default" id="ef804ad5-09ee-485d-bc4e-bc322a4ee679">
    <Execution>
      <TestTypeSpecific />
    </Execution>
    <Deployment runDeploymentRoot="stevpet_RDSJ741TY1 2014-04-10 20_59_56" />
  </TestSettings>
  <Results>
    <UnitTestResult executionId="33fc91bf-404f-494e-bd05-34cdc1b6af55" testId="6dd2b593-aa2d-3a7b-1a71-f15debf90d70" testName="TestEqualSurfaces" computerName="RDSJ741TY1" duration="00:00:00.0135217" startTime="2014-04-10T20:59:50.7351392+02:00" endTime="2014-04-10T20:59:56.3584608+02:00" testType="13cdc9d9-ddb5-4fa4-a97d-d965ccfc6d4b" outcome="Passed" testListId="8c84fa94-04c1-424b-9868-57a2d4851a1d" relativeResultsDirectory="33fc91bf-404f-494e-bd05-34cdc1b6af55" />
    <UnitTestResult executionId="159873e6-b52f-4ccb-b595-41a8fb2f13a0" testId="71288359-35db-d4e1-7546-31de63c2b115" testName="TestLocationMethod" computerName="RDSJ741TY1" duration="00:00:00.0012220" startTime="2014-04-10T20:59:56.3904626+02:00" endTime="2014-04-10T20:59:56.3914627+02:00" testType="13cdc9d9-ddb5-4fa4-a97d-d965ccfc6d4b" outcome="Passed" testListId="8c84fa94-04c1-424b-9868-57a2d4851a1d" relativeResultsDirectory="159873e6-b52f-4ccb-b595-41a8fb2f13a0" />
    <UnitTestResult executionId="c92fa9a3-5356-4841-b8d3-e298c6b983dc" testId="9cdae157-aed3-48a2-d7e3-c1e9ba6f1c2b" testName="TestTriangulator" computerName="RDSJ741TY1" duration="00:00:00.0014109" startTime="2014-04-10T20:59:56.3924628+02:00" endTime="2014-04-10T20:59:56.3934628+02:00" testType="13cdc9d9-ddb5-4fa4-a97d-d965ccfc6d4b" outcome="Passed" testListId="8c84fa94-04c1-424b-9868-57a2d4851a1d" relativeResultsDirectory="c92fa9a3-5356-4841-b8d3-e298c6b983dc" />
    <UnitTestResult executionId="965d7ed2-4ea9-42aa-9aa4-c0cc69694c37" testId="ce984c71-04c8-a779-30f6-f2e7ab4fa6eb" testName="GetAnotherNodeTestWithThirdNode" computerName="RDSJ741TY1" duration="00:00:00.0008601" startTime="2014-04-10T20:59:56.3934628+02:00" endTime="2014-04-10T20:59:56.3964630+02:00" testType="13cdc9d9-ddb5-4fa4-a97d-d965ccfc6d4b" outcome="Passed" testListId="8c84fa94-04c1-424b-9868-57a2d4851a1d" relativeResultsDirectory="965d7ed2-4ea9-42aa-9aa4-c0cc69694c37" />
    <UnitTestResult executionId="548bec36-922b-4893-9bba-55d18bdf7c49" testId="0d3a016c-89dd-d302-ca37-1a5cf579ea23" testName="GetAnotherNodeTestWithOtherNodeIsTrue" computerName="RDSJ741TY1" duration="00:00:00.0005260" startTime="2014-04-10T20:59:56.3964630+02:00" endTime="2014-04-10T20:59:56.3964630+02:00" testType="13cdc9d9-ddb5-4fa4-a97d-d965ccfc6d4b" outcome="Passed" testListId="8c84fa94-04c1-424b-9868-57a2d4851a1d" relativeResultsDirectory="548bec36-922b-4893-9bba-55d18bdf7c49" />
    <UnitTestResult executionId="7078c4c7-5d6d-4b8f-8a17-2fc7e6ff35c3" testId="496c51d0-0269-256b-3562-c9cf655b0edf" testName="GetOtherNodeTestWithFirstAndSecondNodeReturnsThirdNodeIsTrue" computerName="RDSJ741TY1" duration="00:00:00.0005230" startTime="2014-04-10T20:59:56.3964630+02:00" endTime="2014-04-10T20:59:56.3974630+02:00" testType="13cdc9d9-ddb5-4fa4-a97d-d965ccfc6d4b" outcome="Passed" testListId="8c84fa94-04c1-424b-9868-57a2d4851a1d" relativeResultsDirectory="7078c4c7-5d6d-4b8f-8a17-2fc7e6ff35c3" />
    <UnitTestResult executionId="c996c730-4173-4755-9bab-135460000e2d" testId="99cf13cc-9ad9-9324-8197-7d3957aae8b0" testName="GetOtherNodeTestWithSecondAndThirdReturnsFirstIsTrue" computerName="RDSJ741TY1" duration="00:00:00.0004409" startTime="2014-04-10T20:59:56.3974630+02:00" endTime="2014-04-10T20:59:56.3984631+02:00" testType="13cdc9d9-ddb5-4fa4-a97d-d965ccfc6d4b" outcome="Passed" testListId="8c84fa94-04c1-424b-9868-57a2d4851a1d" relativeResultsDirectory="c996c730-4173-4755-9bab-135460000e2d" />
    <UnitTestResult executionId="d5e07cfd-5dc4-4813-b217-a193ea30e623" testId="019e300c-8191-2794-8eb6-0bd8b945ae9c" testName="GetOtherNodeTestWithFirstAndThirdReturnsSecondIsTrue" computerName="RDSJ741TY1" duration="00:00:00.0004804" startTime="2014-04-10T20:59:56.3984631+02:00" endTime="2014-04-10T20:59:56.3994632+02:00" testType="13cdc9d9-ddb5-4fa4-a97d-d965ccfc6d4b" outcome="Passed" testListId="8c84fa94-04c1-424b-9868-57a2d4851a1d" relativeResultsDirectory="d5e07cfd-5dc4-4813-b217-a193ea30e623" />
    <UnitTestResult executionId="7b5035d7-cd8c-420c-9a1d-2b89cc1235bb" testId="9068f9b4-6f6b-261b-3c7e-09ffb82e86db" testName="GetOtherNodeTestWithOtherNodesReturnNULLIsTrue" computerName="RDSJ741TY1" duration="00:00:00.0004797" startTime="2014-04-10T20:59:56.3994632+02:00" endTime="2014-04-10T20:59:56.4004632+02:00" testType="13cdc9d9-ddb5-4fa4-a97d-d965ccfc6d4b" outcome="Passed" testListId="8c84fa94-04c1-424b-9868-57a2d4851a1d" relativeResultsDirectory="7b5035d7-cd8c-420c-9a1d-2b89cc1235bb" />
    <UnitTestResult executionId="d3e535ae-93cf-455b-b0c0-6e2940aff413" testId="9b0228cc-a8a6-aa56-6c58-63cab143eeec" testName="GetOtherNodeTestWithNULLAndNULLReturnsNULLIsTrue" computerName="RDSJ741TY1" duration="00:00:00.0004169" startTime="2014-04-10T20:59:56.4004632+02:00" endTime="2014-04-10T20:59:56.4004632+02:00" testType="13cdc9d9-ddb5-4fa4-a97d-d965ccfc6d4b" outcome="Passed" testListId="8c84fa94-04c1-424b-9868-57a2d4851a1d" relativeResultsDirectory="d3e535ae-93cf-455b-b0c0-6e2940aff413" />
    <UnitTestResult executionId="3bb2fd0d-f674-45ba-8090-4d6a23aeb944" testId="e280f63a-92de-63c2-2e2c-475ca9f89d07" testName="GetClosestNodesTestWithFirstNodeAreEqual1" computerName="RDSJ741TY1" duration="00:00:00.0010297" startTime="2014-04-10T20:59:56.4004632+02:00" endTime="2014-04-10T20:59:56.4024633+02:00" testType="13cdc9d9-ddb5-4fa4-a97d-d965ccfc6d4b" outcome="Passed" testListId="8c84fa94-04c1-424b-9868-57a2d4851a1d" relativeResultsDirectory="3bb2fd0d-f674-45ba-8090-4d6a23aeb944" />
    <UnitTestResult executionId="a64401e2-7b8e-4aef-9c73-606145cc6195" testId="c39e9964-81ad-3f6c-a023-9fd113851716" testName="GetClosestNodesTestWithSecondNodeAreEqual1" computerName="RDSJ741TY1" duration="00:00:00.0006298" startTime="2014-04-10T20:59:56.4074636+02:00" endTime="2014-04-10T20:59:56.4084637+02:00" testType="13cdc9d9-ddb5-4fa4-a97d-d965ccfc6d4b" outcome="Passed" testListId="8c84fa94-04c1-424b-9868-57a2d4851a1d" relativeResultsDirectory="a64401e2-7b8e-4aef-9c73-606145cc6195" />
    <UnitTestResult executionId="5dc0083e-5150-4fa8-9d9c-b6bea9c3ccf1" testId="9e0e8ee5-b7f7-e2a4-38c8-370e85f2207d" testName="GetClosestNodesWithNodeInsideAreEqual2" computerName="RDSJ741TY1" duration="00:00:00.0007199" startTime="2014-04-10T20:59:56.4084637+02:00" endTime="2014-04-10T20:59:56.4094637+02:00" testType="13cdc9d9-ddb5-4fa4-a97d-d965ccfc6d4b" outcome="Passed" testListId="8c84fa94-04c1-424b-9868-57a2d4851a1d" relativeResultsDirectory="5dc0083e-5150-4fa8-9d9c-b6bea9c3ccf1" />
    <UnitTestResult executionId="bbc118ec-ccfd-4dad-ad29-fc8523b4e5bf" testId="0415af8e-c217-c9cd-8684-5247c16bddb3" testName="GetClosestNodesTestWithNodeOutsideAreEqual0" computerName="RDSJ741TY1" duration="00:00:00.0006017" startTime="2014-04-10T20:59:56.4094637+02:00" endTime="2014-04-10T20:59:56.4104638+02:00" testType="13cdc9d9-ddb5-4fa4-a97d-d965ccfc6d4b" outcome="Passed" testListId="8c84fa94-04c1-424b-9868-57a2d4851a1d" relativeResultsDirectory="bbc118ec-ccfd-4dad-ad29-fc8523b4e5bf" />
    <UnitTestResult executionId="a0207d5d-7868-4358-93c1-6262bb503fd1" testId="381464ef-b401-29c5-d54e-9f918eea82d5" testName="GetClosestNodeTestWithFirstNodeIsTrue" computerName="RDSJ741TY1" duration="00:00:00.0005473" startTime="2014-04-10T20:59:56.4104638+02:00" endTime="2014-04-10T20:59:56.4114638+02:00" testType="13cdc9d9-ddb5-4fa4-a97d-d965ccfc6d4b" outcome="Passed" testListId="8c84fa94-04c1-424b-9868-57a2d4851a1d" relativeResultsDirectory="a0207d5d-7868-4358-93c1-6262bb503fd1" />
    <UnitTestResult executionId="eaa171e1-7725-404e-b6fa-1b893dda2f7d" testId="11e793cd-f09b-5e01-8629-305600954539" testName="GetClosestNodeTestWithSecondNodeIsTrue" computerName="RDSJ741TY1" duration="00:00:00.0004466" startTime="2014-04-10T20:59:56.4114638+02:00" endTime="2014-04-10T20:59:56.4124639+02:00" testType="13cdc9d9-ddb5-4fa4-a97d-d965ccfc6d4b" outcome="Passed" testListId="8c84fa94-04c1-424b-9868-57a2d4851a1d" relativeResultsDirectory="eaa171e1-7725-404e-b6fa-1b893dda2f7d" />
    <UnitTestResult executionId="fb59609f-e790-4183-9e77-0182f7b328e8" testId="4c4c2e8b-6220-31af-26be-1d1286dd328f" testName="GetClosestNodeTestWithThirdNodeIsTrue" computerName="RDSJ741TY1" duration="00:00:00.0004264" startTime="2014-04-10T20:59:56.4124639+02:00" endTime="2014-04-10T20:59:56.4124639+02:00" testType="13cdc9d9-ddb5-4fa4-a97d-d965ccfc6d4b" outcome="Passed" testListId="8c84fa94-04c1-424b-9868-57a2d4851a1d" relativeResultsDirectory="fb59609f-e790-4183-9e77-0182f7b328e8" />
    <UnitTestResult executionId="59531dbe-f07e-4363-867f-79d8cf3a4209" testId="3ec72647-ae11-2b90-140b-dc19cfd93f44" testName="GetClosestNodeTesWithNodeClosestToFirstNodeIsTrue" computerName="RDSJ741TY1" duration="00:00:00.0005066" startTime="2014-04-10T20:59:56.4124639+02:00" endTime="2014-04-10T20:59:56.4134640+02:00" testType="13cdc9d9-ddb5-4fa4-a97d-d965ccfc6d4b" outcome="Passed" testListId="8c84fa94-04c1-424b-9868-57a2d4851a1d" relativeResultsDirectory="59531dbe-f07e-4363-867f-79d8cf3a4209" />
    <UnitTestResult executionId="2afef5bb-fc82-4951-b5f9-eb0159311ee5" testId="e6763ae9-dbc1-1bcc-010f-31ad300b4a41" testName="GetNonconnectedNeighborTriangleTestWithNULLAndThirdNodeReturnsNULLIsTrue" computerName="RDSJ741TY1" duration="00:00:00.0012684" startTime="2014-04-10T20:59:56.4134640+02:00" endTime="2014-04-10T20:59:56.4154641+02:00" testType="13cdc9d9-ddb5-4fa4-a97d-d965ccfc6d4b" outcome="Passed" testListId="8c84fa94-04c1-424b-9868-57a2d4851a1d" relativeResultsDirectory="2afef5bb-fc82-4951-b5f9-eb0159311ee5" />
    <UnitTestResult executionId="b32ea61d-b2bb-498f-b49d-930e2fb6c00d" testId="0b432bb7-1a1d-d1d6-cf61-ddedb0ade085" testName="GetNonconnectedNeighborTriangleTestWithFirstNodeAndNULLReturnsNULLIsTrue" computerName="RDSJ741TY1" duration="00:00:00.0008047" startTime="2014-04-10T20:59:56.4154641+02:00" endTime="2014-04-10T20:59:56.4164641+02:00" testType="13cdc9d9-ddb5-4fa4-a97d-d965ccfc6d4b" outcome="Passed" testListId="8c84fa94-04c1-424b-9868-57a2d4851a1d" relativeResultsDirectory="b32ea61d-b2bb-498f-b49d-930e2fb6c00d" />
    <UnitTestResult executionId="e3452e19-7188-4adc-81bf-54074566e76f" testId="96dd377f-a434-e6a5-df46-0cdb4f81cece" testName="GetNonconnectedNeighborTriangleTestWithFirstAndThirdNodeReturnsSecondTriangleIsTrue" computerName="RDSJ741TY1" duration="00:00:00.0008054" startTime="2014-04-10T20:59:56.4164641+02:00" endTime="2014-04-10T20:59:56.4174642+02:00" testType="13cdc9d9-ddb5-4fa4-a97d-d965ccfc6d4b" outcome="Passed" testListId="8c84fa94-04c1-424b-9868-57a2d4851a1d" relativeResultsDirectory="e3452e19-7188-4adc-81bf-54074566e76f" />
    <UnitTestResult executionId="1eba3d74-ef61-4c24-ac5d-abad08d85adb" testId="9b6d0569-98d5-ea0c-9324-268212e7936a" testName="GetNonconnectedNeighborTriangleTestFirstTriangleRemovedReturnsNULLIsTrue" computerName="RDSJ741TY1" duration="00:00:00.0012429" startTime="2014-04-10T20:59:56.4194643+02:00" endTime="2014-04-10T20:59:56.4264647+02:00" testType="13cdc9d9-ddb5-4fa4-a97d-d965ccfc6d4b" outcome="Passed" testListId="8c84fa94-04c1-424b-9868-57a2d4851a1d" relativeResultsDirectory="1eba3d74-ef61-4c24-ac5d-abad08d85adb" />
    <UnitTestResult executionId="951911b6-bc67-4e1f-8a62-8b5a793891cf" testId="dc8cdfa9-dce3-a933-2256-ab643cbc3728" testName="GetNonconnectedNeighborTriangleTestSecondTriangleRemovedReturnsNULLIsTrue" computerName="RDSJ741TY1" duration="00:00:00.0008731" startTime="2014-04-10T20:59:56.4264647+02:00" endTime="2014-04-10T20:59:56.4274648+02:00" testType="13cdc9d9-ddb5-4fa4-a97d-d965ccfc6d4b" outcome="Passed" testListId="8c84fa94-04c1-424b-9868-57a2d4851a1d" relativeResultsDirectory="951911b6-bc67-4e1f-8a62-8b5a793891cf" />
    <UnitTestResult executionId="fb705bc7-c7d1-4981-b631-320404c785df" testId="067e8bd9-19b7-ee9a-a7b7-298e71705545" testName="GetNonconnectedNeighborTriangleTestOnConnectedTrianglesReturnsNULLIsTrue" computerName="RDSJ741TY1" duration="00:00:00.0010738" startTime="2014-04-10T20:59:56.4274648+02:00" endTime="2014-04-10T20:59:56.4284648+02:00" testType="13cdc9d9-ddb5-4fa4-a97d-d965ccfc6d4b" outcome="Passed" testListId="8c84fa94-04c1-424b-9868-57a2d4851a1d" relativeResultsDirectory="fb705bc7-c7d1-4981-b631-320404c785df" />
    <UnitTestResult executionId="d8bd15dc-e78f-4320-8cb1-a23b4b55ae67" testId="a21dd626-5467-4f0d-4aed-132f60c6d6fa" testName="GetNonconnectedNeighborTriangleTestWithNodesThatAreNotOnFirstTriangleReturnsNULLIsTrue" computerName="RDSJ741TY1" duration="00:00:00.0008039" startTime="2014-04-10T20:59:56.4284648+02:00" endTime="2014-04-10T20:59:56.4294649+02:00" testType="13cdc9d9-ddb5-4fa4-a97d-d965ccfc6d4b" outcome="Passed" testListId="8c84fa94-04c1-424b-9868-57a2d4851a1d" relativeResultsDirectory="d8bd15dc-e78f-4320-8cb1-a23b4b55ae67" />
    <UnitTestResult executionId="f35760ec-21ed-4fbb-9a9b-544f101de69b" testId="d70397e9-4af3-83a8-5102-7c1d6b913066" testName="TestNodesEqualWithNULLIsFalse" computerName="RDSJ741TY1" duration="00:00:00.0006959" startTime="2014-04-10T20:59:56.4294649+02:00" endTime="2014-04-10T20:59:56.4304649+02:00" testType="13cdc9d9-ddb5-4fa4-a97d-d965ccfc6d4b" outcome="Passed" testListId="8c84fa94-04c1-424b-9868-57a2d4851a1d" relativeResultsDirectory="f35760ec-21ed-4fbb-9a9b-544f101de69b" />
    <UnitTestResult executionId="961b262d-11ea-45d4-a645-1864e8599a6d" testId="acf618b8-eadb-9b89-b2cb-10409341f6e5" testName="TestNodesEqualWithOtherTriangleIsFalse" computerName="RDSJ741TY1" duration="00:00:00.0007860" startTime="2014-04-10T20:59:56.4304649+02:00" endTime="2014-04-10T20:59:56.4324650+02:00" testType="13cdc9d9-ddb5-4fa4-a97d-d965ccfc6d4b" outcome="Passed" testListId="8c84fa94-04c1-424b-9868-57a2d4851a1d" relativeResultsDirectory="961b262d-11ea-45d4-a645-1864e8599a6d" />
    <UnitTestResult executionId="08122ffd-18f0-4b48-bb11-d8094cb1612e" testId="9a10790b-a48a-0d69-dcb6-9481ebcecfc7" testName="TestNodesEqualWithSecondTriangleWithSameNodesIsTrue" computerName="RDSJ741TY1" duration="00:00:00.0004797" startTime="2014-04-10T20:59:56.4324650+02:00" endTime="2014-04-10T20:59:56.4324650+02:00" testType="13cdc9d9-ddb5-4fa4-a97d-d965ccfc6d4b" outcome="Passed" testListId="8c84fa94-04c1-424b-9868-57a2d4851a1d" relativeResultsDirectory="08122ffd-18f0-4b48-bb11-d8094cb1612e" />
    <UnitTestResult executionId="6f3f6f62-da32-4574-aa05-c1fcf6346ece" testId="fc6234b0-73e1-5d70-33d0-b3f14ffab63c" testName="TestNodesEqualWithTriangleWithNodesWithinErrorMarginIsTrue" computerName="RDSJ741TY1" duration="00:00:00.0010620" startTime="2014-04-10T20:59:56.4324650+02:00" endTime="2014-04-10T20:59:56.4344652+02:00" testType="13cdc9d9-ddb5-4fa4-a97d-d965ccfc6d4b" outcome="Passed" testListId="8c84fa94-04c1-424b-9868-57a2d4851a1d" relativeResultsDirectory="6f3f6f62-da32-4574-aa05-c1fcf6346ece" />
    <UnitTestResult executionId="9c7b22bd-037e-45ab-9dc7-5494c21cee92" testId="9effa6dc-df9a-ac9a-4d22-7272a95d5761" testName="NodesEqualTestWithNodesWithinErrorMarginIsTrue" computerName="RDSJ741TY1" duration="00:00:00.0008902" startTime="2014-04-10T20:59:56.4344652+02:00" endTime="2014-04-10T20:59:56.4354652+02:00" testType="13cdc9d9-ddb5-4fa4-a97d-d965ccfc6d4b" outcome="Passed" testListId="8c84fa94-04c1-424b-9868-57a2d4851a1d" relativeResultsDirectory="9c7b22bd-037e-45ab-9dc7-5494c21cee92" />
    <UnitTestResult executionId="bb2f805f-5f19-4e5f-9b9c-76c0b9029d2b" testId="53de6179-53b0-bbf8-3e2c-1c1f506b2cea" testName="TestRemoveRelationsRemovedTriangleFromNodes" computerName="RDSJ741TY1" duration="00:00:00.0008012" startTime="2014-04-10T20:59:56.4354652+02:00" endTime="2014-04-10T20:59:56.4364653+02:00" testType="13cdc9d9-ddb5-4fa4-a97d-d965ccfc6d4b" outcome="Passed" testListId="8c84fa94-04c1-424b-9868-57a2d4851a1d" relativeResultsDirectory="bb2f805f-5f19-4e5f-9b9c-76c0b9029d2b" />
    <UnitTestResult executionId="9ad79d04-0819-4588-a5ba-5aad66926e67" testId="198a10b5-87bc-dd13-3c35-39a2258d8467" testName="TestRemoveRelationsRemoveNeighborRelations" computerName="RDSJ741TY1" duration="00:00:00.0023848" startTime="2014-04-10T20:59:56.4384654+02:00" endTime="2014-04-10T20:59:56.4414656+02:00" testType="13cdc9d9-ddb5-4fa4-a97d-d965ccfc6d4b" outcome="Passed" testListId="8c84fa94-04c1-424b-9868-57a2d4851a1d" relativeResultsDirectory="9ad79d04-0819-4588-a5ba-5aad66926e67" />
    <UnitTestResult executionId="0c4b4758-2f46-4c16-b4a4-137d33873156" testId="33c1d9c9-c73e-6d88-043b-380819d09e1f" testName="TestRemoveRelationsWithConnectedTriangles" computerName="RDSJ741TY1" duration="00:00:00.0014037" startTime="2014-04-10T20:59:56.4414656+02:00" endTime="2014-04-10T20:59:56.4434657+02:00" testType="13cdc9d9-ddb5-4fa4-a97d-d965ccfc6d4b" outcome="Passed" testListId="8c84fa94-04c1-424b-9868-57a2d4851a1d" relativeResultsDirectory="0c4b4758-2f46-4c16-b4a4-137d33873156" />
    <UnitTestResult executionId="73d9cebd-b2d2-4d4e-9cf9-6a4e0df64328" testId="9588f2ad-b38d-ffd7-8a18-9000345ece29" testName="TestSetNeighborAtInvalidEdge" computerName="RDSJ741TY1" duration="00:00:00.0005868" startTime="2014-04-10T20:59:56.4434657+02:00" endTime="2014-04-10T20:59:56.4444657+02:00" testType="13cdc9d9-ddb5-4fa4-a97d-d965ccfc6d4b" outcome="Passed" testListId="8c84fa94-04c1-424b-9868-57a2d4851a1d" relativeResultsDirectory="73d9cebd-b2d2-4d4e-9cf9-6a4e0df64328" />
    <UnitTestResult executionId="6e42bdb5-3fb4-42b8-8c70-86c2296f344a" testId="139728e5-c053-83bc-1c51-4fd07ecb5f88" testName="TestSetNeighborAtFirstEdgeIsTrue" computerName="RDSJ741TY1" duration="00:00:00.0003158" startTime="2014-04-10T20:59:56.4444657+02:00" endTime="2014-04-10T20:59:56.4444657+02:00" testType="13cdc9d9-ddb5-4fa4-a97d-d965ccfc6d4b" outcome="Passed" testListId="8c84fa94-04c1-424b-9868-57a2d4851a1d" relativeResultsDirectory="6e42bdb5-3fb4-42b8-8c70-86c2296f344a" />
    <UnitTestResult executionId="eb11c77b-2960-4cb9-acd7-0a91a34a1f24" testId="671fde8e-d84f-e85f-0046-497761d4eb6c" testName="TestSetNeighborAtSecondEdgeIsTrue" computerName="RDSJ741TY1" duration="00:00:00.0003158" startTime="2014-04-10T20:59:56.4444657+02:00" endTime="2014-04-10T20:59:56.4454658+02:00" testType="13cdc9d9-ddb5-4fa4-a97d-d965ccfc6d4b" outcome="Passed" testListId="8c84fa94-04c1-424b-9868-57a2d4851a1d" relativeResultsDirectory="eb11c77b-2960-4cb9-acd7-0a91a34a1f24" />
    <UnitTestResult executionId="bdc3876a-b9b0-405f-b491-8b2acf226364" testId="082d1a39-ce64-7794-f30c-bc0c888518f3" testName="TestSetNeighborAtThirdEdge" computerName="RDSJ741TY1" duration="00:00:00.0003257" startTime="2014-04-10T20:59:56.4454658+02:00" endTime="2014-04-10T20:59:56.4464658+02:00" testType="13cdc9d9-ddb5-4fa4-a97d-d965ccfc6d4b" outcome="Passed" testListId="8c84fa94-04c1-424b-9868-57a2d4851a1d" relativeResultsDirectory="bdc3876a-b9b0-405f-b491-8b2acf226364" />
    <UnitTestResult executionId="bd1ae655-9f1b-431a-946c-8475e5ad2512" testId="74b51240-0e13-a343-2b99-991462478e20" testName="TestSetNeighborAtFourtEdge" computerName="RDSJ741TY1" duration="00:00:00.0002512" startTime="2014-04-10T20:59:56.4464658+02:00" endTime="2014-04-10T20:59:56.4464658+02:00" testType="13cdc9d9-ddb5-4fa4-a97d-d965ccfc6d4b" outcome="Passed" testListId="8c84fa94-04c1-424b-9868-57a2d4851a1d" relativeResultsDirectory="bd1ae655-9f1b-431a-946c-8475e5ad2512" />
    <UnitTestResult executionId="694907f1-08e4-4ab7-912b-e87b1ea2459b" testId="19482af5-7ad0-6d89-4bb6-7dfe75e5db98" testName="TestSetNeighborAtFirstEdgeWithSelfIsTrue" computerName="RDSJ741TY1" duration="00:00:00.0002721" startTime="2014-04-10T20:59:56.4464658+02:00" endTime="2014-04-10T20:59:56.4474659+02:00" testType="13cdc9d9-ddb5-4fa4-a97d-d965ccfc6d4b" outcome="Passed" testListId="8c84fa94-04c1-424b-9868-57a2d4851a1d" relativeResultsDirectory="694907f1-08e4-4ab7-912b-e87b1ea2459b" />
    <UnitTestResult executionId="44b5d263-4964-47ea-8790-4294302df6f0" testId="d408b729-9d5d-74ff-b589-f6b41320f525" testName="TestNeighborCountZeroNeighboursEqual0" computerName="RDSJ741TY1" duration="00:00:00.0004952" startTime="2014-04-10T20:59:56.4474659+02:00" endTime="2014-04-10T20:59:56.4484660+02:00" testType="13cdc9d9-ddb5-4fa4-a97d-d965ccfc6d4b" outcome="Passed" testListId="8c84fa94-04c1-424b-9868-57a2d4851a1d" relativeResultsDirectory="44b5d263-4964-47ea-8790-4294302df6f0" />
    <UnitTestResult executionId="6b2dbcda-3ef9-4d6b-958f-2805a8a120a5" testId="5fcd4c8d-20b9-da6b-c62d-b471aacd212b" testName="TestNeighborCountOneNeighboursEqual1" computerName="RDSJ741TY1" duration="00:00:00.0002847" startTime="2014-04-10T20:59:56.4484660+02:00" endTime="2014-04-10T20:59:56.4484660+02:00" testType="13cdc9d9-ddb5-4fa4-a97d-d965ccfc6d4b" outcome="Passed" testListId="8c84fa94-04c1-424b-9868-57a2d4851a1d" relativeResultsDirectory="6b2dbcda-3ef9-4d6b-958f-2805a8a120a5" />
    <UnitTestResult executionId="dea6b697-b000-4ae1-9fa2-e7117bc650e5" testId="2d09915b-5ece-2b62-3761-379242df5c6f" testName="TestNeighborCountTowNeighboursEqual2" computerName="RDSJ741TY1" duration="00:00:00.0003766" startTime="2014-04-10T20:59:56.4504661+02:00" endTime="2014-04-10T20:59:56.4514661+02:00" testType="13cdc9d9-ddb5-4fa4-a97d-d965ccfc6d4b" outcome="Passed" testListId="8c84fa94-04c1-424b-9868-57a2d4851a1d" relativeResultsDirectory="dea6b697-b000-4ae1-9fa2-e7117bc650e5" />
    <UnitTestResult executionId="183dc9b6-4c96-47ab-93b0-912741f23ec0" testId="eb06a2ea-92e8-91b9-a3b9-4faa0403a295" testName="TestNeighborCountThreeNeighboursEqual3" computerName="RDSJ741TY1" duration="00:00:00.0003504" startTime="2014-04-10T20:59:56.4514661+02:00" endTime="2014-04-10T20:59:56.4524662+02:00" testType="13cdc9d9-ddb5-4fa4-a97d-d965ccfc6d4b" outcome="Passed" testListId="8c84fa94-04c1-424b-9868-57a2d4851a1d" relativeResultsDirectory="183dc9b6-4c96-47ab-93b0-912741f23ec0" />
    <UnitTestResult executionId="bf0dbbc6-737d-404d-bf54-f8e14541e5f5" testId="b5919703-db9e-488b-015c-d90374b3de3e" testName="NeighborIndexTestNULLEqualMinus1" computerName="RDSJ741TY1" duration="00:00:00.0003310" startTime="2014-04-10T20:59:56.4524662+02:00" endTime="2014-04-10T20:59:56.4524662+02:00" testType="13cdc9d9-ddb5-4fa4-a97d-d965ccfc6d4b" outcome="Passed" testListId="8c84fa94-04c1-424b-9868-57a2d4851a1d" relativeResultsDirectory="bf0dbbc6-737d-404d-bf54-f8e14541e5f5" />
    <UnitTestResult executionId="ecf271d8-30de-4064-845d-23f506657d58" testId="92507d1d-46cf-55cd-26a7-5c3082909d1a" testName="NeighborIndexTestFirstEdgeEqual0" computerName="RDSJ741TY1" duration="00:00:00.0005059" startTime="2014-04-10T20:59:56.4534662+02:00" endTime="2014-04-10T20:59:56.4534662+02:00" testType="13cdc9d9-ddb5-4fa4-a97d-d965ccfc6d4b" outcome="Passed" testListId="8c84fa94-04c1-424b-9868-57a2d4851a1d" relativeResultsDirectory="ecf271d8-30de-4064-845d-23f506657d58" />
    <UnitTestResult executionId="f35a590b-0f5d-4ba8-b794-fc4262dd5813" testId="0f9d0da1-9318-a7a2-beb4-4dd31c302e61" testName="NeighborIndexTestSecondEdgeEqual1" computerName="RDSJ741TY1" duration="00:00:00.0004876" startTime="2014-04-10T20:59:56.4534662+02:00" endTime="2014-04-10T20:59:56.4544663+02:00" testType="13cdc9d9-ddb5-4fa4-a97d-d965ccfc6d4b" outcome="Passed" testListId="8c84fa94-04c1-424b-9868-57a2d4851a1d" relativeResultsDirectory="f35a590b-0f5d-4ba8-b794-fc4262dd5813" />
    <UnitTestResult executionId="c131a11d-81a3-48ee-9118-26b0e218acc7" testId="4d2af14b-2d07-7176-8901-a65d47e41786" testName="NeighborIndexTestThridEdgeEqual2" computerName="RDSJ741TY1" duration="00:00:00.0005089" startTime="2014-04-10T20:59:56.4544663+02:00" endTime="2014-04-10T20:59:56.4554664+02:00" testType="13cdc9d9-ddb5-4fa4-a97d-d965ccfc6d4b" outcome="Passed" testListId="8c84fa94-04c1-424b-9868-57a2d4851a1d" relativeResultsDirectory="c131a11d-81a3-48ee-9118-26b0e218acc7" />
    <UnitTestResult executionId="c0c708cc-fdf9-4eab-a14d-c41d4c948b26" testId="c9c98f92-cd49-90d7-02a0-0e1407494688" testName="NeighborIndexTestOtherTriangleEqualMinus1" computerName="RDSJ741TY1" duration="00:00:00.0005097" startTime="2014-04-10T20:59:56.4554664+02:00" endTime="2014-04-10T20:59:56.4564664+02:00" testType="13cdc9d9-ddb5-4fa4-a97d-d965ccfc6d4b" outcome="Passed" testListId="8c84fa94-04c1-424b-9868-57a2d4851a1d" relativeResultsDirectory="c0c708cc-fdf9-4eab-a14d-c41d4c948b26" />
    <UnitTestResult executionId="e3baa65e-ec67-4593-8642-f0f99ef77c7f" testId="461e1e9f-82a5-2cac-2566-579ae333f017" testName="SameOrientationTestWithNULLIsFalse" computerName="RDSJ741TY1" duration="00:00:00.0005127" startTime="2014-04-10T20:59:56.4564664+02:00" endTime="2014-04-10T20:59:56.4564664+02:00" testType="13cdc9d9-ddb5-4fa4-a97d-d965ccfc6d4b" outcome="Passed" testListId="8c84fa94-04c1-424b-9868-57a2d4851a1d" relativeResultsDirectory="e3baa65e-ec67-4593-8642-f0f99ef77c7f" />
    <UnitTestResult executionId="b4aa3255-bac2-4265-9161-39fd580c831a" testId="67eed518-9b21-15d7-0046-d8e6e6548478" testName="SameOrientationTestTriangleWithSameOrientationIsTrue" computerName="RDSJ741TY1" duration="00:00:00.0007856" startTime="2014-04-10T20:59:56.4574665+02:00" endTime="2014-04-10T20:59:56.4584665+02:00" testType="13cdc9d9-ddb5-4fa4-a97d-d965ccfc6d4b" outcome="Passed" testListId="8c84fa94-04c1-424b-9868-57a2d4851a1d" relativeResultsDirectory="b4aa3255-bac2-4265-9161-39fd580c831a" />
    <UnitTestResult executionId="fa5e8ca8-2d11-40cc-8353-55cfa09b6329" testId="47c1ad24-56d9-f307-a62d-def99582e05e" testName="SameOrientationTestWithOtherOrientationIsFalse" computerName="RDSJ741TY1" duration="00:00:00.0007860" startTime="2014-04-10T20:59:56.4584665+02:00" endTime="2014-04-10T20:59:56.4594666+02:00" testType="13cdc9d9-ddb5-4fa4-a97d-d965ccfc6d4b" outcome="Passed" testListId="8c84fa94-04c1-424b-9868-57a2d4851a1d" relativeResultsDirectory="fa5e8ca8-2d11-40cc-8353-55cfa09b6329" />
    <UnitTestResult executionId="f30f548e-247a-4f50-8657-e13482add18b" testId="06e52ab7-a3a1-21f9-ad0f-1e0775480fc1" testName="ChangeOrientationTest" computerName="RDSJ741TY1" duration="00:00:00.0013638" startTime="2014-04-10T20:59:56.4614667+02:00" endTime="2014-04-10T20:59:56.4624668+02:00" testType="13cdc9d9-ddb5-4fa4-a97d-d965ccfc6d4b" outcome="Passed" testListId="8c84fa94-04c1-424b-9868-57a2d4851a1d" relativeResultsDirectory="f30f548e-247a-4f50-8657-e13482add18b" />
    <UnitTestResult executionId="b24135bd-08a5-464e-86d2-d738ea327e16" testId="f4b19271-0d13-1a74-f4a7-b3cfd1030ba9" testName="AddToBoundaryTestWithNULL" computerName="RDSJ741TY1" duration="00:00:00.0004778" startTime="2014-04-10T20:59:56.4624668+02:00" endTime="2014-04-10T20:59:56.4634668+02:00" testType="13cdc9d9-ddb5-4fa4-a97d-d965ccfc6d4b" outcome="Passed" testListId="8c84fa94-04c1-424b-9868-57a2d4851a1d" relativeResultsDirectory="b24135bd-08a5-464e-86d2-d738ea327e16" />
    <UnitTestResult executionId="1f544e88-5e77-47e1-8a6a-87b56c720aa4" testId="765e0890-f85f-a51b-0103-08f5f2777433" testName="AddToBoundaryTest1" computerName="RDSJ741TY1" duration="00:00:00.0006389" startTime="2014-04-10T20:59:56.4634668+02:00" endTime="2014-04-10T20:59:56.4644669+02:00" testType="13cdc9d9-ddb5-4fa4-a97d-d965ccfc6d4b" outcome="Passed" testListId="8c84fa94-04c1-424b-9868-57a2d4851a1d" relativeResultsDirectory="1f544e88-5e77-47e1-8a6a-87b56c720aa4" />
    <UnitTestResult executionId="21ae35ec-d3ae-43e8-b4dd-e9afc75953d4" testId="37ee8df6-bdcc-81f0-0de3-ae2955ac4e36" testName="AddToBoundaryTest2" computerName="RDSJ741TY1" duration="00:00:00.0013600" startTime="2014-04-10T20:59:56.4644669+02:00" endTime="2014-04-10T20:59:56.4664670+02:00" testType="13cdc9d9-ddb5-4fa4-a97d-d965ccfc6d4b" outcome="Passed" testListId="8c84fa94-04c1-424b-9868-57a2d4851a1d" relativeResultsDirectory="21ae35ec-d3ae-43e8-b4dd-e9afc75953d4" />
    <UnitTestResult executionId="9c0501dd-e7e0-47e4-8f4a-1b3f05dfe7b6" testId="6accda10-a680-22ea-4d46-8c56bb8cd976" testName="AddToBoundaryTest3" computerName="RDSJ741TY1" duration="00:00:00.0012422" startTime="2014-04-10T20:59:56.4664670+02:00" endTime="2014-04-10T20:59:56.4674670+02:00" testType="13cdc9d9-ddb5-4fa4-a97d-d965ccfc6d4b" outcome="Passed" testListId="8c84fa94-04c1-424b-9868-57a2d4851a1d" relativeResultsDirectory="9c0501dd-e7e0-47e4-8f4a-1b3f05dfe7b6" />
    <UnitTestResult executionId="6cd1f806-09c2-4195-a7b0-4aaa11fc78c6" testId="2d9e91b6-fb4a-d6ad-bab5-f739dd5c43eb" testName="AddToBoundaryTest4" computerName="RDSJ741TY1" duration="00:00:00.0012870" startTime="2014-04-10T20:59:56.4674670+02:00" endTime="2014-04-10T20:59:56.4694672+02:00" testType="13cdc9d9-ddb5-4fa4-a97d-d965ccfc6d4b" outcome="Passed" testListId="8c84fa94-04c1-424b-9868-57a2d4851a1d" relativeResultsDirectory="6cd1f806-09c2-4195-a7b0-4aaa11fc78c6" />
    <UnitTestResult executionId="e465ae4c-6093-478d-b757-60ad041534f3" testId="b98f8ef2-bb24-0106-0a88-62df008a49b5" testName="TestFindAndSetNeighborsWithNULL" computerName="RDSJ741TY1" duration="00:00:00.0001866" startTime="2014-04-10T20:59:56.4694672+02:00" endTime="2014-04-10T20:59:56.4694672+02:00" testType="13cdc9d9-ddb5-4fa4-a97d-d965ccfc6d4b" outcome="Passed" testListId="8c84fa94-04c1-424b-9868-57a2d4851a1d" relativeResultsDirectory="e465ae4c-6093-478d-b757-60ad041534f3" />
    <UnitTestResult executionId="6a4553ac-d0ea-4e0d-aa47-093b0fc4009f" testId="c86815f4-35d3-e5a6-10cd-f22a116d218f" testName="TestFindAndSetNeighborsOnRemovedTriangle" computerName="RDSJ741TY1" duration="00:00:00.0012456" startTime="2014-04-10T20:59:56.4694672+02:00" endTime="2014-04-10T20:59:56.4714673+02:00" testType="13cdc9d9-ddb5-4fa4-a97d-d965ccfc6d4b" outcome="Passed" testListId="8c84fa94-04c1-424b-9868-57a2d4851a1d" relativeResultsDirectory="6a4553ac-d0ea-4e0d-aa47-093b0fc4009f" />
    <UnitTestResult executionId="4640b1ab-3076-4582-a72b-a4c533abddb4" testId="49961cc2-f00c-a7e1-f410-b17d57489546" testName="TestFindAndSetNeighborsWithRemoveTriangle" computerName="RDSJ741TY1" duration="00:00:00.0011430" startTime="2014-04-10T20:59:56.4714673+02:00" endTime="2014-04-10T20:59:56.4724673+02:00" testType="13cdc9d9-ddb5-4fa4-a97d-d965ccfc6d4b" outcome="Passed" testListId="8c84fa94-04c1-424b-9868-57a2d4851a1d" relativeResultsDirectory="4640b1ab-3076-4582-a72b-a4c533abddb4" />
    <UnitTestResult executionId="dc9ccb2d-1f90-417d-97fc-f09d574d996d" testId="00cbd1ba-db0d-b498-c2eb-654cdc1abf1d" testName="TestFindAndSetNeighborsWithSharedEdge" computerName="RDSJ741TY1" duration="00:00:00.0011954" startTime="2014-04-10T20:59:56.4724673+02:00" endTime="2014-04-10T20:59:56.4744674+02:00" testType="13cdc9d9-ddb5-4fa4-a97d-d965ccfc6d4b" outcome="Passed" testListId="8c84fa94-04c1-424b-9868-57a2d4851a1d" relativeResultsDirectory="dc9ccb2d-1f90-417d-97fc-f09d574d996d" />
    <UnitTestResult executionId="e39799e3-a885-4fb1-a624-2c67d6789162" testId="f35ec3a7-e07d-b7ea-31ef-4541cd11a37e" testName="TestFindAndSetNeighborsOnTriangleThatIsAlreadyConnected" computerName="RDSJ741TY1" duration="00:00:00.0016713" startTime="2014-04-10T20:59:56.4764676+02:00" endTime="2014-04-10T20:59:56.4784677+02:00" testType="13cdc9d9-ddb5-4fa4-a97d-d965ccfc6d4b" outcome="Passed" testListId="8c84fa94-04c1-424b-9868-57a2d4851a1d" relativeResultsDirectory="e39799e3-a885-4fb1-a624-2c67d6789162" />
    <UnitTestResult executionId="a4c44395-a93e-496c-9d70-20d4a27ca64d" testId="f4a5ab19-dc69-dd41-c0e2-b8956815e1d8" testName="TestFindAndSetNeighborsOnTriangleThatIsConnectedWithRemovedTriangle" computerName="RDSJ741TY1" duration="00:00:00.0017808" startTime="2014-04-10T20:59:56.4784677+02:00" endTime="2014-04-10T20:59:56.4804678+02:00" testType="13cdc9d9-ddb5-4fa4-a97d-d965ccfc6d4b" outcome="Passed" testListId="8c84fa94-04c1-424b-9868-57a2d4851a1d" relativeResultsDirectory="a4c44395-a93e-496c-9d70-20d4a27ca64d" />
    <UnitTestResult executionId="c871bd1e-a110-4536-8d36-c2be3ef577bc" testId="fabb2b46-48fd-d482-12ab-0055497c700e" testName="GetNeighborTriangleTestWithNeighborOnThridEdgeIsTrue" computerName="RDSJ741TY1" duration="00:00:00.0007222" startTime="2014-04-10T20:59:56.4804678+02:00" endTime="2014-04-10T20:59:56.4814678+02:00" testType="13cdc9d9-ddb5-4fa4-a97d-d965ccfc6d4b" outcome="Passed" testListId="8c84fa94-04c1-424b-9868-57a2d4851a1d" relativeResultsDirectory="c871bd1e-a110-4536-8d36-c2be3ef577bc" />
    <UnitTestResult executionId="c1337950-d95f-4fc1-90bb-1cd4c06b5e04" testId="3838b14f-5da2-f6d0-b6a8-abaa00e54bf4" testName="GetNeighborTriangleTestWithNeighborOnThridEdgeIsTrue2" computerName="RDSJ741TY1" duration="00:00:00.0007047" startTime="2014-04-10T20:59:56.4814678+02:00" endTime="2014-04-10T20:59:56.4824679+02:00" testType="13cdc9d9-ddb5-4fa4-a97d-d965ccfc6d4b" outcome="Passed" testListId="8c84fa94-04c1-424b-9868-57a2d4851a1d" relativeResultsDirectory="c1337950-d95f-4fc1-90bb-1cd4c06b5e04" />
    <UnitTestResult executionId="c22b9799-bc55-4809-9b87-4f6e10e61ea0" testId="827d5d2e-d981-2247-be65-efdf4ed97eba" testName="GetNeighborTriangleTestWithFirstNodeNULLIsTrue" computerName="RDSJ741TY1" duration="00:00:00.0006819" startTime="2014-04-10T20:59:56.4824679+02:00" endTime="2014-04-10T20:59:56.4834680+02:00" testType="13cdc9d9-ddb5-4fa4-a97d-d965ccfc6d4b" outcome="Passed" testListId="8c84fa94-04c1-424b-9868-57a2d4851a1d" relativeResultsDirectory="c22b9799-bc55-4809-9b87-4f6e10e61ea0" />
    <UnitTestResult executionId="906ccdac-ba00-4764-81b9-b7e67fec3eb3" testId="6bcad950-ae69-6bf0-a7f6-c4614d9ea919" testName="GetNeighborTriangleTestWithNULLAndSecondNodeIsTrue" computerName="RDSJ741TY1" duration="00:00:00.0006332" startTime="2014-04-10T20:59:56.4834680+02:00" endTime="2014-04-10T20:59:56.4844680+02:00" testType="13cdc9d9-ddb5-4fa4-a97d-d965ccfc6d4b" outcome="Passed" testListId="8c84fa94-04c1-424b-9868-57a2d4851a1d" relativeResultsDirectory="906ccdac-ba00-4764-81b9-b7e67fec3eb3" />
    <UnitTestResult executionId="77d118d1-1fb0-4225-8276-b73770d9faa0" testId="054a3b28-24ea-a5a3-2d2b-178486c4d203" testName="EdgeOrientationTest" computerName="RDSJ741TY1" duration="00:00:00.0011095" startTime="2014-04-10T20:59:56.4844680+02:00" endTime="2014-04-10T20:59:56.4854681+02:00" testType="13cdc9d9-ddb5-4fa4-a97d-d965ccfc6d4b" outcome="Passed" testListId="8c84fa94-04c1-424b-9868-57a2d4851a1d" relativeResultsDirectory="77d118d1-1fb0-4225-8276-b73770d9faa0" />
    <UnitTestResult executionId="5ce1a810-56a9-42bf-8e96-1832fb1c32ec" testId="8697aabc-9b35-59ae-bbff-b16e19d4b81d" testName="ContainsNodeTestFirstNodeIsTrue" computerName="RDSJ741TY1" duration="00:00:00.0006237" startTime="2014-04-10T20:59:56.4854681+02:00" endTime="2014-04-10T20:59:56.4864681+02:00" testType="13cdc9d9-ddb5-4fa4-a97d-d965ccfc6d4b" outcome="Passed" testListId="8c84fa94-04c1-424b-9868-57a2d4851a1d" relativeResultsDirectory="5ce1a810-56a9-42bf-8e96-1832fb1c32ec" />
    <UnitTestResult executionId="b2548521-5d4e-4cfa-8382-e5697d6eef0e" testId="bd553aab-90bc-df99-d468-d285ced5cc87" testName="ContainsNodeTestSecondNodeIsTrue" computerName="RDSJ741TY1" duration="00:00:00.0005066" startTime="2014-04-10T20:59:56.4864681+02:00" endTime="2014-04-10T20:59:56.4874682+02:00" testType="13cdc9d9-ddb5-4fa4-a97d-d965ccfc6d4b" outcome="Passed" testListId="8c84fa94-04c1-424b-9868-57a2d4851a1d" relativeResultsDirectory="b2548521-5d4e-4cfa-8382-e5697d6eef0e" />
    <UnitTestResult executionId="4ae96ca3-9d3f-4e9d-a121-76b6fe9b5313" testId="d601f832-ceab-d57b-50b3-d55ee1a72218" testName="ContainsNodeTestThirdNodeIsTrue" computerName="RDSJ741TY1" duration="00:00:00.0004990" startTime="2014-04-10T20:59:56.4874682+02:00" endTime="2014-04-10T20:59:56.4884682+02:00" testType="13cdc9d9-ddb5-4fa4-a97d-d965ccfc6d4b" outcome="Passed" testListId="8c84fa94-04c1-424b-9868-57a2d4851a1d" relativeResultsDirectory="4ae96ca3-9d3f-4e9d-a121-76b6fe9b5313" />
    <UnitTestResult executionId="1f2783fb-d54c-4035-9b17-90c02499e15b" testId="03ca4269-3bd6-9499-3d3f-022ba39b718d" testName="ContainsNodeTestOtherNodeIsFalse" computerName="RDSJ741TY1" duration="00:00:00.0006359" startTime="2014-04-10T20:59:56.4904684+02:00" endTime="2014-04-10T20:59:56.4914684+02:00" testType="13cdc9d9-ddb5-4fa4-a97d-d965ccfc6d4b" outcome="Passed" testListId="8c84fa94-04c1-424b-9868-57a2d4851a1d" relativeResultsDirectory="1f2783fb-d54c-4035-9b17-90c02499e15b" />
    <UnitTestResult executionId="8a27421e-9ee7-4cc9-9698-66adf169b895" testId="db68e609-8290-2d5b-c714-44ee3fd7ac3e" testName="ContainsNodeTestNULLIsFalse" computerName="RDSJ741TY1" duration="00:00:00.0005017" startTime="2014-04-10T20:59:56.4914684+02:00" endTime="2014-04-10T20:59:56.4924685+02:00" testType="13cdc9d9-ddb5-4fa4-a97d-d965ccfc6d4b" outcome="Passed" testListId="8c84fa94-04c1-424b-9868-57a2d4851a1d" relativeResultsDirectory="8a27421e-9ee7-4cc9-9698-66adf169b895" />
    <UnitTestResult executionId="82c43af3-5875-4b5e-9bdb-942cddfe6761" testId="87d65781-7f5c-7626-97b2-e8791b2a4ec2" testName="ContainsNodesTestFirstAndSecondNodeIsTrue" computerName="RDSJ741TY1" duration="00:00:00.0006956" startTime="2014-04-10T20:59:56.4924685+02:00" endTime="2014-04-10T20:59:56.4934685+02:00" testType="13cdc9d9-ddb5-4fa4-a97d-d965ccfc6d4b" outcome="Passed" testListId="8c84fa94-04c1-424b-9868-57a2d4851a1d" relativeResultsDirectory="82c43af3-5875-4b5e-9bdb-942cddfe6761" />
    <UnitTestResult executionId="ff72f9e7-a98f-4396-92ae-1c81329d89e8" testId="3d550045-203d-733d-5017-df3501da5567" testName="ContainsNodesTestSecondAndFirstIsTrue" computerName="RDSJ741TY1" duration="00:00:00.0005690" startTime="2014-04-10T20:59:56.4934685+02:00" endTime="2014-04-10T20:59:56.4944686+02:00" testType="13cdc9d9-ddb5-4fa4-a97d-d965ccfc6d4b" outcome="Passed" testListId="8c84fa94-04c1-424b-9868-57a2d4851a1d" relativeResultsDirectory="ff72f9e7-a98f-4396-92ae-1c81329d89e8" />
    <UnitTestResult executionId="65f5fa4f-4652-4ae8-934d-640054803118" testId="0186920b-542d-52e8-136f-c359841dbb5f" testName="ContainsNodesTestSecondAndThirdIsTrue" computerName="RDSJ741TY1" duration="00:00:00.0005675" startTime="2014-04-10T20:59:56.4944686+02:00" endTime="2014-04-10T20:59:56.4954686+02:00" testType="13cdc9d9-ddb5-4fa4-a97d-d965ccfc6d4b" outcome="Passed" testListId="8c84fa94-04c1-424b-9868-57a2d4851a1d" relativeResultsDirectory="65f5fa4f-4652-4ae8-934d-640054803118" />
    <UnitTestResult executionId="3eab2690-4069-4b71-ace5-8e2e52d007f6" testId="650dcc53-2a4b-dae2-1d16-db9d0e24c0df" testName="ContainsNodesTestThirdAndSecondIsTrue" computerName="RDSJ741TY1" duration="00:00:00.0005781" startTime="2014-04-10T20:59:56.4954686+02:00" endTime="2014-04-10T20:59:56.4964687+02:00" testType="13cdc9d9-ddb5-4fa4-a97d-d965ccfc6d4b" outcome="Passed" testListId="8c84fa94-04c1-424b-9868-57a2d4851a1d" relativeResultsDirectory="3eab2690-4069-4b71-ace5-8e2e52d007f6" />
    <UnitTestResult executionId="f4c02e66-4c8c-4561-a7da-758f6f0b2171" testId="89e327db-cede-9fd6-5686-869f6273818a" testName="ContainsNodesTestFirstAndThirdIsTrue" computerName="RDSJ741TY1" duration="00:00:00.0006085" startTime="2014-04-10T20:59:56.4964687+02:00" endTime="2014-04-10T20:59:56.4974688+02:00" testType="13cdc9d9-ddb5-4fa4-a97d-d965ccfc6d4b" outcome="Passed" testListId="8c84fa94-04c1-424b-9868-57a2d4851a1d" relativeResultsDirectory="f4c02e66-4c8c-4561-a7da-758f6f0b2171" />
    <UnitTestResult executionId="d4574381-879a-4723-b71e-06af4da0aa7a" testId="a39c9293-1479-79da-93c4-f596712b9328" testName="ContainsNodesTestThirdAndFirstIsTrue" computerName="RDSJ741TY1" duration="00:00:00.0005914" startTime="2014-04-10T20:59:56.4974688+02:00" endTime="2014-04-10T20:59:56.4984688+02:00" testType="13cdc9d9-ddb5-4fa4-a97d-d965ccfc6d4b" outcome="Passed" testListId="8c84fa94-04c1-424b-9868-57a2d4851a1d" relativeResultsDirectory="d4574381-879a-4723-b71e-06af4da0aa7a" />
    <UnitTestResult executionId="fc7b921b-0e4c-4d83-8aba-242abbd77852" testId="f0534e43-974d-3aa6-754d-be64efcd5363" testName="ContainsNodesTestFirstAndNULLIsFalse" computerName="RDSJ741TY1" duration="00:00:00.0005895" startTime="2014-04-10T20:59:56.4984688+02:00" endTime="2014-04-10T20:59:56.4994689+02:00" testType="13cdc9d9-ddb5-4fa4-a97d-d965ccfc6d4b" outcome="Passed" testListId="8c84fa94-04c1-424b-9868-57a2d4851a1d" relativeResultsDirectory="fc7b921b-0e4c-4d83-8aba-242abbd77852" />
    <UnitTestResult executionId="b9b4309d-7799-44cc-8640-ad798ad65c32" testId="87603265-9360-18b8-01ab-1d871ba4bde3" testName="ContainsNodesTestNULLAndFirstIsFalse" computerName="RDSJ741TY1" duration="00:00:00.0005732" startTime="2014-04-10T20:59:56.4994689+02:00" endTime="2014-04-10T20:59:56.5004689+02:00" testType="13cdc9d9-ddb5-4fa4-a97d-d965ccfc6d4b" outcome="Passed" testListId="8c84fa94-04c1-424b-9868-57a2d4851a1d" relativeResultsDirectory="b9b4309d-7799-44cc-8640-ad798ad65c32" />
    <UnitTestResult executionId="47226e88-d235-4de3-a870-645482433647" testId="37e8559c-4b20-8ea0-5ab2-761500cc5215" testName="ContainsNodesTestOtherNodesIsFalse" computerName="RDSJ741TY1" duration="00:00:00.0006891" startTime="2014-04-10T20:59:56.5024690+02:00" endTime="2014-04-10T20:59:56.5034691+02:00" testType="13cdc9d9-ddb5-4fa4-a97d-d965ccfc6d4b" outcome="Passed" testListId="8c84fa94-04c1-424b-9868-57a2d4851a1d" relativeResultsDirectory="47226e88-d235-4de3-a870-645482433647" />
    <UnitTestResult executionId="d349ae3a-fa18-4c35-a1aa-7bde7eef48c9" testId="d485df29-f5e7-ae55-d8da-a855806629e8" testName="ContainsNodesTestFirstAndOtherNodeIsFalse" computerName="RDSJ741TY1" duration="00:00:00.0006188" startTime="2014-04-10T20:59:56.5034691+02:00" endTime="2014-04-10T20:59:56.5044692+02:00" testType="13cdc9d9-ddb5-4fa4-a97d-d965ccfc6d4b" outcome="Passed" testListId="8c84fa94-04c1-424b-9868-57a2d4851a1d" relativeResultsDirectory="d349ae3a-fa18-4c35-a1aa-7bde7eef48c9" />
    <UnitTestResult executionId="b34a4cb8-3562-4269-87b2-1bc1f6f8694b" testId="94f289ab-1dac-e8e8-5adb-d5fc35889492" testName="ContainsNodesForLocationsTestWithoutNodesIsTrue" computerName="RDSJ741TY1" duration="00:00:00.0036118" startTime="2014-04-10T20:59:56.5044692+02:00" endTime="2014-04-10T20:59:56.5084694+02:00" testType="13cdc9d9-ddb5-4fa4-a97d-d965ccfc6d4b" outcome="Passed" testListId="8c84fa94-04c1-424b-9868-57a2d4851a1d" relativeResultsDirectory="b34a4cb8-3562-4269-87b2-1bc1f6f8694b" />
    <UnitTestResult executionId="c6b1abe3-7a84-4ac8-ad27-be16dc845644" testId="644829d7-20c0-20d0-d456-9365e22edbce" testName="ContainsNodesForLocationsTestFirstNodeIsTrue" computerName="RDSJ741TY1" duration="00:00:00.0013646" startTime="2014-04-10T20:59:56.5084694+02:00" endTime="2014-04-10T20:59:56.5094694+02:00" testType="13cdc9d9-ddb5-4fa4-a97d-d965ccfc6d4b" outcome="Passed" testListId="8c84fa94-04c1-424b-9868-57a2d4851a1d" relativeResultsDirectory="c6b1abe3-7a84-4ac8-ad27-be16dc845644" />
    <UnitTestResult executionId="01ca7ff5-18b5-4781-919e-bd7815f5065b" testId="6c9459f6-843f-a8bc-e654-81b3b3eed233" testName="ContainsNodesForLocationsTestFirstAndOtherIsFalse" computerName="RDSJ741TY1" duration="00:00:00.0006766" startTime="2014-04-10T20:59:56.5094694+02:00" endTime="2014-04-10T20:59:56.5104695+02:00" testType="13cdc9d9-ddb5-4fa4-a97d-d965ccfc6d4b" outcome="Passed" testListId="8c84fa94-04c1-424b-9868-57a2d4851a1d" relativeResultsDirectory="01ca7ff5-18b5-4781-919e-bd7815f5065b" />
    <UnitTestResult executionId="af1ed07e-494c-4d3e-960b-4713d03864d8" testId="86415b98-f23c-0e49-267a-c35dfaf05526" testName="ContainsNodesForLocationsTestFirstAndThirdIsTrue" computerName="RDSJ741TY1" duration="00:00:00.0006363" startTime="2014-04-10T20:59:56.5104695+02:00" endTime="2014-04-10T20:59:56.5114696+02:00" testType="13cdc9d9-ddb5-4fa4-a97d-d965ccfc6d4b" outcome="Passed" testListId="8c84fa94-04c1-424b-9868-57a2d4851a1d" relativeResultsDirectory="af1ed07e-494c-4d3e-960b-4713d03864d8" />
    <UnitTestResult executionId="f5a4fa6e-077d-46d0-b827-0828b36d661b" testId="66140cdf-0858-94c4-8880-61f1d015be88" testName="ContainsProcessedNodeTestWithoutProcessedNodesIsFalse" computerName="RDSJ741TY1" duration="00:00:00.0006910" startTime="2014-04-10T20:59:56.5114696+02:00" endTime="2014-04-10T20:59:56.5124696+02:00" testType="13cdc9d9-ddb5-4fa4-a97d-d965ccfc6d4b" outcome="Passed" testListId="8c84fa94-04c1-424b-9868-57a2d4851a1d" relativeResultsDirectory="f5a4fa6e-077d-46d0-b827-0828b36d661b" />
    <UnitTestResult executionId="0f3ac9d8-fa0f-4b05-a3df-b8570ef51e2c" testId="9d9c5b27-e634-709a-1ff1-23dc627ebac7" testName="ContainsProcessedNodeTestWithSecondNodeProcessedIsTrue" computerName="RDSJ741TY1" duration="00:00:00.0006655" startTime="2014-04-10T20:59:56.5124696+02:00" endTime="2014-04-10T20:59:56.5134697+02:00" testType="13cdc9d9-ddb5-4fa4-a97d-d965ccfc6d4b" outcome="Passed" testListId="8c84fa94-04c1-424b-9868-57a2d4851a1d" relativeResultsDirectory="0f3ac9d8-fa0f-4b05-a3df-b8570ef51e2c" />
    <UnitTestResult executionId="80bd6a04-c275-4fd5-8246-6ab3549d06f9" testId="af41daba-312b-e0f4-c719-7c05907470d5" testName="ContainsNodeWithIdTestWithFirstNodeIsTrue" computerName="RDSJ741TY1" duration="00:00:00.0005770" startTime="2014-04-10T20:59:56.5134697+02:00" endTime="2014-04-10T20:59:56.5144697+02:00" testType="13cdc9d9-ddb5-4fa4-a97d-d965ccfc6d4b" outcome="Passed" testListId="8c84fa94-04c1-424b-9868-57a2d4851a1d" relativeResultsDirectory="80bd6a04-c275-4fd5-8246-6ab3549d06f9" />
    <UnitTestResult executionId="854fd70a-52f7-402d-b96e-7fd44a4cf192" testId="e94d64ab-a8a6-5360-30a8-4fea2b9be20d" testName="ContainsNodeWithIdTestWithSecondNodeIsTrue" computerName="RDSJ741TY1" duration="00:00:00.0004808" startTime="2014-04-10T20:59:56.5144697+02:00" endTime="2014-04-10T20:59:56.5154698+02:00" testType="13cdc9d9-ddb5-4fa4-a97d-d965ccfc6d4b" outcome="Passed" testListId="8c84fa94-04c1-424b-9868-57a2d4851a1d" relativeResultsDirectory="854fd70a-52f7-402d-b96e-7fd44a4cf192" />
    <UnitTestResult executionId="61402d71-1880-476d-81d0-1389e371ca48" testId="aeba4de9-af3c-81c2-993f-523f86c94759" testName="ContainsNodeWithIdTestWithThirdNodeIsTrue" computerName="RDSJ741TY1" duration="00:00:00.0005564" startTime="2014-04-10T20:59:56.5174699+02:00" endTime="2014-04-10T20:59:56.5184700+02:00" testType="13cdc9d9-ddb5-4fa4-a97d-d965ccfc6d4b" outcome="Passed" testListId="8c84fa94-04c1-424b-9868-57a2d4851a1d" relativeResultsDirectory="61402d71-1880-476d-81d0-1389e371ca48" />
    <UnitTestResult executionId="34d131c3-b66f-48b9-8fd9-3984cd7926a1" testId="78e65552-8dd9-ba72-d9fb-0f1fa9fd8068" testName="ContainsNodeWithIdTestWithOtherIdIsFalse" computerName="RDSJ741TY1" duration="00:00:00.0005230" startTime="2014-04-10T20:59:56.5184700+02:00" endTime="2014-04-10T20:59:56.5194700+02:00" testType="13cdc9d9-ddb5-4fa4-a97d-d965ccfc6d4b" outcome="Passed" testListId="8c84fa94-04c1-424b-9868-57a2d4851a1d" relativeResultsDirectory="34d131c3-b66f-48b9-8fd9-3984cd7926a1" />
    <UnitTestResult executionId="1089f44d-7a66-42cc-a169-4860cd724420" testId="ac125809-3365-caf3-4d79-5a062e95653e" testName="GetNodeForLocationTestWithOtherNodeIsFalse" computerName="RDSJ741TY1" duration="00:00:00.0007248" startTime="2014-04-10T20:59:56.5194700+02:00" endTime="2014-04-10T20:59:56.5204701+02:00" testType="13cdc9d9-ddb5-4fa4-a97d-d965ccfc6d4b" outcome="Passed" testListId="8c84fa94-04c1-424b-9868-57a2d4851a1d" relativeResultsDirectory="1089f44d-7a66-42cc-a169-4860cd724420" />
    <UnitTestResult executionId="f9a388ba-0bc7-4425-9d88-86ef15551c7f" testId="2b0c990c-20a9-3157-a5af-01736b23b88d" testName="GetNodeForLocationTestWithNodeCloseToFirstNodeWithinErrorMarginIsTrue" computerName="RDSJ741TY1" duration="00:00:00.0005777" startTime="2014-04-10T20:59:56.5204701+02:00" endTime="2014-04-10T20:59:56.5214701+02:00" testType="13cdc9d9-ddb5-4fa4-a97d-d965ccfc6d4b" outcome="Passed" testListId="8c84fa94-04c1-424b-9868-57a2d4851a1d" relativeResultsDirectory="f9a388ba-0bc7-4425-9d88-86ef15551c7f" />
    <UnitTestResult executionId="fa74a345-118f-4fc4-a59d-54c133edb228" testId="0669132f-9083-fb47-b9dc-050fc48f891a" testName="GetNodeForLocationTestWithNodeCloseToSecondNodeWithinErrorMarginIsTrue" computerName="RDSJ741TY1" duration="00:00:00.0005694" startTime="2014-04-10T20:59:56.5214701+02:00" endTime="2014-04-10T20:59:56.5214701+02:00" testType="13cdc9d9-ddb5-4fa4-a97d-d965ccfc6d4b" outcome="Passed" testListId="8c84fa94-04c1-424b-9868-57a2d4851a1d" relativeResultsDirectory="fa74a345-118f-4fc4-a59d-54c133edb228" />
    <UnitTestResult executionId="67fbc14e-9f97-4f41-8b06-c783643b6890" testId="a2e0f1b5-77a8-f38a-1d6b-89f5c5bab3a4" testName="GetNodeForLocationTestWithNodeCloseToThirdNodeWithinErrorMarginIsTrue" computerName="RDSJ741TY1" duration="00:00:00.0005762" startTime="2014-04-10T20:59:56.5214701+02:00" endTime="2014-04-10T20:59:56.5224702+02:00" testType="13cdc9d9-ddb5-4fa4-a97d-d965ccfc6d4b" outcome="Passed" testListId="8c84fa94-04c1-424b-9868-57a2d4851a1d" relativeResultsDirectory="67fbc14e-9f97-4f41-8b06-c783643b6890" />
    <UnitTestResult executionId="b4935868-df40-41f3-9483-aa261030fabd" testId="d47c5b13-3aac-2825-83c1-ab3e710cdb2e" testName="GetNodeForLocationTestWithOtherNodeIsFalse2" computerName="RDSJ741TY1" duration="00:00:00.0005222" startTime="2014-04-10T20:59:56.5224702+02:00" endTime="2014-04-10T20:59:56.5234702+02:00" testType="13cdc9d9-ddb5-4fa4-a97d-d965ccfc6d4b" outcome="Passed" testListId="8c84fa94-04c1-424b-9868-57a2d4851a1d" relativeResultsDirectory="b4935868-df40-41f3-9483-aa261030fabd" />
    <UnitTestResult executionId="c632a684-2d5c-4350-bb68-22be124d42f5" testId="1a85ab6d-a4bc-3668-4d5d-d3dd830c326e" testName="GetNodeForLocationTestWithNodeCloseToFirstNodeWithinErrorMarginIsTrue2" computerName="RDSJ741TY1" duration="00:00:00.0005572" startTime="2014-04-10T20:59:56.5234702+02:00" endTime="2014-04-10T20:59:56.5244703+02:00" testType="13cdc9d9-ddb5-4fa4-a97d-d965ccfc6d4b" outcome="Passed" testListId="8c84fa94-04c1-424b-9868-57a2d4851a1d" relativeResultsDirectory="c632a684-2d5c-4350-bb68-22be124d42f5" />
    <UnitTestResult executionId="b410e4a8-0019-4aa6-9ed2-57e9bab73321" testId="c1e312e4-501e-92ae-6188-3af0057540b8" testName="GetNodeForLocationTestWithNodeCloseToSecondNodeWithinErrorMarginIsTrue2" computerName="RDSJ741TY1" duration="00:00:00.0005515" startTime="2014-04-10T20:59:56.5244703+02:00" endTime="2014-04-10T20:59:56.5254704+02:00" testType="13cdc9d9-ddb5-4fa4-a97d-d965ccfc6d4b" outcome="Passed" testListId="8c84fa94-04c1-424b-9868-57a2d4851a1d" relativeResultsDirectory="b410e4a8-0019-4aa6-9ed2-57e9bab73321" />
    <UnitTestResult executionId="41f3f838-e4f7-4cac-977e-354a731190cc" testId="6f524924-f896-c14a-5b38-b12941948843" testName="GetNodeForLocationTestWithNodeCloseToThirdNodeWithinErrorMarginIsTrue2" computerName="RDSJ741TY1" duration="00:00:00.0005610" startTime="2014-04-10T20:59:56.5254704+02:00" endTime="2014-04-10T20:59:56.5264704+02:00" testType="13cdc9d9-ddb5-4fa4-a97d-d965ccfc6d4b" outcome="Passed" testListId="8c84fa94-04c1-424b-9868-57a2d4851a1d" relativeResultsDirectory="41f3f838-e4f7-4cac-977e-354a731190cc" />
    <UnitTestResult executionId="57b7945d-fceb-4e5a-aa87-4f7ea2a129f8" testId="f36424fe-484b-a017-78e7-7d48d1523878" testName="GetNodeForLocationStrictTestWithOtherNodeIsTrue" computerName="RDSJ741TY1" duration="00:00:00.0006431" startTime="2014-04-10T20:59:56.5284705+02:00" endTime="2014-04-10T20:59:56.5294706+02:00" testType="13cdc9d9-ddb5-4fa4-a97d-d965ccfc6d4b" outcome="Passed" testListId="8c84fa94-04c1-424b-9868-57a2d4851a1d" relativeResultsDirectory="57b7945d-fceb-4e5a-aa87-4f7ea2a129f8" />
    <UnitTestResult executionId="f71242b8-58cb-449d-8729-e013a201f822" testId="5f5f7ef6-a0c6-0c9b-1530-f06e2d69c6ff" testName="GetNodeForLocationStrictTestWithNodeCloseToFirstNodeWithinStrictMarginIsTrue" computerName="RDSJ741TY1" duration="00:00:00.0006465" startTime="2014-04-10T20:59:56.5294706+02:00" endTime="2014-04-10T20:59:56.5304706+02:00" testType="13cdc9d9-ddb5-4fa4-a97d-d965ccfc6d4b" outcome="Passed" testListId="8c84fa94-04c1-424b-9868-57a2d4851a1d" relativeResultsDirectory="f71242b8-58cb-449d-8729-e013a201f822" />
    <UnitTestResult executionId="c8e3edc8-6b06-4502-bf86-0231e9cd8bc8" testId="96464c92-fdf2-3dac-6e15-80c7de4e7828" testName="GetNodeForLocationStrictTestWithNodeCloseToSecondNodeWithinStrictMarginIsTrue" computerName="RDSJ741TY1" duration="00:00:00.0005811" startTime="2014-04-10T20:59:56.5304706+02:00" endTime="2014-04-10T20:59:56.5314707+02:00" testType="13cdc9d9-ddb5-4fa4-a97d-d965ccfc6d4b" outcome="Passed" testListId="8c84fa94-04c1-424b-9868-57a2d4851a1d" relativeResultsDirectory="c8e3edc8-6b06-4502-bf86-0231e9cd8bc8" />
    <UnitTestResult executionId="2d726aa9-37d5-4224-9262-3c453b5b6f55" testId="a788a5f8-b684-cd2f-ae38-2a9d67720831" testName="GetNodeForLocationStrictTestWithNodeCloseToThirdNodeWithinStrictMarginIsTrue" computerName="RDSJ741TY1" duration="00:00:00.0005743" startTime="2014-04-10T20:59:56.5314707+02:00" endTime="2014-04-10T20:59:56.5324708+02:00" testType="13cdc9d9-ddb5-4fa4-a97d-d965ccfc6d4b" outcome="Passed" testListId="8c84fa94-04c1-424b-9868-57a2d4851a1d" relativeResultsDirectory="2d726aa9-37d5-4224-9262-3c453b5b6f55" />
    <UnitTestResult executionId="cfd95c10-b7ef-4288-9a78-039f8b06768c" testId="9d357308-a2ce-3778-f5a8-5c11d03aabb5" testName="GetNodeForLocationStrictTestWithNodeCloseToThirdNodeOutsideStrictMarginIsTrue" computerName="RDSJ741TY1" duration="00:00:00.0005724" startTime="2014-04-10T20:59:56.5324708+02:00" endTime="2014-04-10T20:59:56.5324708+02:00" testType="13cdc9d9-ddb5-4fa4-a97d-d965ccfc6d4b" outcome="Passed" testListId="8c84fa94-04c1-424b-9868-57a2d4851a1d" relativeResultsDirectory="cfd95c10-b7ef-4288-9a78-039f8b06768c" />
    <UnitTestResult executionId="a44e7373-6f98-47e0-9ff4-6d9442ba867c" testId="dcaf81de-bdce-94e1-759e-8b4d5da5fbdf" testName="GetAnotherNodeTestWithNULLIsTrue" computerName="RDSJ741TY1" duration="00:00:00.0004717" startTime="2014-04-10T20:59:56.5324708+02:00" endTime="2014-04-10T20:59:56.5334708+02:00" testType="13cdc9d9-ddb5-4fa4-a97d-d965ccfc6d4b" outcome="Passed" testListId="8c84fa94-04c1-424b-9868-57a2d4851a1d" relativeResultsDirectory="a44e7373-6f98-47e0-9ff4-6d9442ba867c" />
    <UnitTestResult executionId="8beb91c4-5b4e-45cd-a5b0-73bccb0de7a3" testId="ad5a9540-9631-f8ae-c272-1c78303f201b" testName="GetAnotherNodeTestWithFirstNodeIsTrue" computerName="RDSJ741TY1" duration="00:00:00.0005158" startTime="2014-04-10T20:59:56.5334708+02:00" endTime="2014-04-10T20:59:56.5344709+02:00" testType="13cdc9d9-ddb5-4fa4-a97d-d965ccfc6d4b" outcome="Passed" testListId="8c84fa94-04c1-424b-9868-57a2d4851a1d" relativeResultsDirectory="8beb91c4-5b4e-45cd-a5b0-73bccb0de7a3" />
    <UnitTestResult executionId="f6ec12cf-70cd-49df-96fe-4c7c5f69f753" testId="acec884d-af25-a5ca-524b-faafea1f0c9f" testName="GetAnotherNodeTestWithSecondNodeIsTrue" computerName="RDSJ741TY1" duration="00:00:00.0004922" startTime="2014-04-10T20:59:56.5344709+02:00" endTime="2014-04-10T20:59:56.5354709+02:00" testType="13cdc9d9-ddb5-4fa4-a97d-d965ccfc6d4b" outcome="Passed" testListId="8c84fa94-04c1-424b-9868-57a2d4851a1d" relativeResultsDirectory="f6ec12cf-70cd-49df-96fe-4c7c5f69f753" />
    <UnitTestResult executionId="10b2197e-a087-4bbe-a4bb-07bb24ce39cc" testId="b03b4691-24f6-3255-fa5d-0c5967a111b9" testName="TestBoxValid" computerName="RDSJ741TY1" duration="00:00:00.0013239" startTime="2014-04-10T20:59:56.5354709+02:00" endTime="2014-04-10T20:59:56.5374710+02:00" testType="13cdc9d9-ddb5-4fa4-a97d-d965ccfc6d4b" outcome="Passed" testListId="8c84fa94-04c1-424b-9868-57a2d4851a1d" relativeResultsDirectory="10b2197e-a087-4bbe-a4bb-07bb24ce39cc" />
    <UnitTestResult executionId="4180eecd-8032-4498-a736-d640a7216aa7" testId="55aee124-ebaa-6396-65ce-de440666aafc" testName="TestBoxInvalid" computerName="RDSJ741TY1" duration="00:00:00.0006446" startTime="2014-04-10T20:59:56.5374710+02:00" endTime="2014-04-10T20:59:56.5394712+02:00" testType="13cdc9d9-ddb5-4fa4-a97d-d965ccfc6d4b" outcome="Passed" testListId="8c84fa94-04c1-424b-9868-57a2d4851a1d" relativeResultsDirectory="4180eecd-8032-4498-a736-d640a7216aa7" />
    <UnitTestResult executionId="c2635a8f-1fa8-4ff3-a54c-0bdd5ce63f53" testId="e7351964-54a2-97fe-6130-266b5ffdb9ba" testName="TestLevelZero" computerName="RDSJ741TY1" duration="00:00:00.0004641" startTime="2014-04-10T20:59:56.5414713+02:00" endTime="2014-04-10T20:59:56.5414713+02:00" testType="13cdc9d9-ddb5-4fa4-a97d-d965ccfc6d4b" outcome="Passed" testListId="8c84fa94-04c1-424b-9868-57a2d4851a1d" relativeResultsDirectory="c2635a8f-1fa8-4ff3-a54c-0bdd5ce63f53" />
    <UnitTestResult executionId="1d9e07f9-c13c-481c-bd9b-c0de29d9d727" testId="0e952e74-7218-dd2d-66b1-bcef49695379" testName="TestLevelPositive" computerName="RDSJ741TY1" duration="00:00:00.0003481" startTime="2014-04-10T20:59:56.5414713+02:00" endTime="2014-04-10T20:59:56.5424713+02:00" testType="13cdc9d9-ddb5-4fa4-a97d-d965ccfc6d4b" outcome="Passed" testListId="8c84fa94-04c1-424b-9868-57a2d4851a1d" relativeResultsDirectory="1d9e07f9-c13c-481c-bd9b-c0de29d9d727" />
    <UnitTestResult executionId="cf4925fe-08ce-422c-a91b-824f3e068952" testId="55bbc398-e250-683d-9d2c-426dbb69c962" testName="TestLevelNegative" computerName="RDSJ741TY1" duration="00:00:00.0003941" startTime="2014-04-10T20:59:56.5424713+02:00" endTime="2014-04-10T20:59:56.5434714+02:00" testType="13cdc9d9-ddb5-4fa4-a97d-d965ccfc6d4b" outcome="Passed" testListId="8c84fa94-04c1-424b-9868-57a2d4851a1d" relativeResultsDirectory="cf4925fe-08ce-422c-a91b-824f3e068952" />
    <UnitTestResult executionId="9b147ed6-04b2-4458-803f-22f8115f964b" testId="667ea134-f235-0367-a30a-1a34d8654031" testName="TestMaxChildrenTwo" computerName="RDSJ741TY1" duration="00:00:00.0003470" startTime="2014-04-10T20:59:56.5434714+02:00" endTime="2014-04-10T20:59:56.5434714+02:00" testType="13cdc9d9-ddb5-4fa4-a97d-d965ccfc6d4b" outcome="Passed" testListId="8c84fa94-04c1-424b-9868-57a2d4851a1d" relativeResultsDirectory="9b147ed6-04b2-4458-803f-22f8115f964b" />
    <UnitTestResult executionId="be01f947-73be-462b-81cd-3639abd10a64" testId="980d3493-f7d0-69b6-220b-5bd6bd81d8a2" testName="TestMaxChildrenFour" computerName="RDSJ741TY1" duration="00:00:00.0003246" startTime="2014-04-10T20:59:56.5444714+02:00" endTime="2014-04-10T20:59:56.5444714+02:00" testType="13cdc9d9-ddb5-4fa4-a97d-d965ccfc6d4b" outcome="Passed" testListId="8c84fa94-04c1-424b-9868-57a2d4851a1d" relativeResultsDirectory="be01f947-73be-462b-81cd-3639abd10a64" />
    <UnitTestResult executionId="c6afab08-f1bc-46d7-bcc1-35d394752da3" testId="15f55826-9589-9f37-9470-65e5caba1ed6" testName="TestMaxChildrenEight" computerName="RDSJ741TY1" duration="00:00:00.0003516" startTime="2014-04-10T20:59:56.5444714+02:00" endTime="2014-04-10T20:59:56.5454715+02:00" testType="13cdc9d9-ddb5-4fa4-a97d-d965ccfc6d4b" outcome="Passed" testListId="8c84fa94-04c1-424b-9868-57a2d4851a1d" relativeResultsDirectory="c6afab08-f1bc-46d7-bcc1-35d394752da3" />
    <UnitTestResult executionId="e83b0c16-8f9a-4064-a6b6-95e386bcf74b" testId="a479118c-fae2-cb34-4978-281aa704eaa8" testName="TestMaxChildrenNegative" computerName="RDSJ741TY1" duration="00:00:00.0003405" startTime="2014-04-10T20:59:56.5454715+02:00" endTime="2014-04-10T20:59:56.5454715+02:00" testType="13cdc9d9-ddb5-4fa4-a97d-d965ccfc6d4b" outcome="Passed" testListId="8c84fa94-04c1-424b-9868-57a2d4851a1d" relativeResultsDirectory="e83b0c16-8f9a-4064-a6b6-95e386bcf74b" />
    <UnitTestResult executionId="264c60b3-0614-4edf-b03b-d51169364fb2" testId="9ad3a7b0-7974-e9b7-7f94-e30685b239d2" testName="TestMaxChildrenOne" computerName="RDSJ741TY1" duration="00:00:00.0003037" startTime="2014-04-10T20:59:56.5454715+02:00" endTime="2014-04-10T20:59:56.5464716+02:00" testType="13cdc9d9-ddb5-4fa4-a97d-d965ccfc6d4b" outcome="Passed" testListId="8c84fa94-04c1-424b-9868-57a2d4851a1d" relativeResultsDirectory="264c60b3-0614-4edf-b03b-d51169364fb2" />
    <UnitTestResult executionId="fa956180-b771-40d0-83f7-78e6cbe6a9db" testId="6d08cef8-301a-bf8c-1b81-011b5081d39e" testName="TestAddChildNodeCorrectIndex" computerName="RDSJ741TY1" duration="00:00:00.0010696" startTime="2014-04-10T20:59:56.5464716+02:00" endTime="2014-04-10T20:59:56.5474716+02:00" testType="13cdc9d9-ddb5-4fa4-a97d-d965ccfc6d4b" outcome="Passed" testListId="8c84fa94-04c1-424b-9868-57a2d4851a1d" relativeResultsDirectory="fa956180-b771-40d0-83f7-78e6cbe6a9db" />
    <UnitTestResult executionId="4fbbb999-038a-452f-af9d-1e6620346cbe" testId="2e57ef93-26cf-eb15-3e77-cc420ff75511" testName="TestAddChildNodeIncorrectIndex" computerName="RDSJ741TY1" duration="00:00:00.0006363" startTime="2014-04-10T20:59:56.5474716+02:00" endTime="2014-04-10T20:59:56.5484717+02:00" testType="13cdc9d9-ddb5-4fa4-a97d-d965ccfc6d4b" outcome="Passed" testListId="8c84fa94-04c1-424b-9868-57a2d4851a1d" relativeResultsDirectory="4fbbb999-038a-452f-af9d-1e6620346cbe" />
    <UnitTestResult executionId="8b8711e8-0744-46c1-b32c-9180721fa042" testId="a019769f-4d50-fd0f-1626-df8babb66c17" testName="TestAddChildNodeNegativeIndex" computerName="RDSJ741TY1" duration="00:00:00.0008776" startTime="2014-04-10T20:59:56.5514718+02:00" endTime="2014-04-10T20:59:56.5524719+02:00" testType="13cdc9d9-ddb5-4fa4-a97d-d965ccfc6d4b" outcome="Passed" testListId="8c84fa94-04c1-424b-9868-57a2d4851a1d" relativeResultsDirectory="8b8711e8-0744-46c1-b32c-9180721fa042" />
    <UnitTestResult executionId="07912949-01b3-4711-8518-a1853626e30d" testId="5604bd66-d320-0019-e8f4-e5a931e56c0f" testName="TestAddChildNodeCorrectLevel" computerName="RDSJ741TY1" duration="00:00:00.0007868" startTime="2014-04-10T20:59:56.5524719+02:00" endTime="2014-04-10T20:59:56.5534720+02:00" testType="13cdc9d9-ddb5-4fa4-a97d-d965ccfc6d4b" outcome="Passed" testListId="8c84fa94-04c1-424b-9868-57a2d4851a1d" relativeResultsDirectory="07912949-01b3-4711-8518-a1853626e30d" />
    <UnitTestResult executionId="b682891e-7791-43fb-996c-7ebb3da80efc" testId="42f3fee1-577f-3b27-f058-537c3047ece4" testName="TestAddChildNodeIncorrectLevel" computerName="RDSJ741TY1" duration="00:00:00.0007872" startTime="2014-04-10T20:59:56.5534720+02:00" endTime="2014-04-10T20:59:56.5544720+02:00" testType="13cdc9d9-ddb5-4fa4-a97d-d965ccfc6d4b" outcome="Passed" testListId="8c84fa94-04c1-424b-9868-57a2d4851a1d" relativeResultsDirectory="b682891e-7791-43fb-996c-7ebb3da80efc" />
    <UnitTestResult executionId="863a1f57-21b3-44c8-9a1a-00e9da24a50b" testId="2afb9817-c2ba-49ac-867f-e8608674d798" testName="TestAddChildNodeSameIndex" computerName="RDSJ741TY1" duration="00:00:00.0011023" startTime="2014-04-10T20:59:56.5544720+02:00" endTime="2014-04-10T20:59:56.5564721+02:00" testType="13cdc9d9-ddb5-4fa4-a97d-d965ccfc6d4b" outcome="Passed" testListId="8c84fa94-04c1-424b-9868-57a2d4851a1d" relativeResultsDirectory="863a1f57-21b3-44c8-9a1a-00e9da24a50b" />
    <UnitTestResult executionId="95af4c4d-236b-4bb8-b269-e0c50b07cc3a" testId="57400622-176c-232c-9919-700391fab887" testName="TestAddChildNodeNotContained" computerName="RDSJ741TY1" duration="00:00:00.0009704" startTime="2014-04-10T20:59:56.5564721+02:00" endTime="2014-04-10T20:59:56.5574722+02:00" testType="13cdc9d9-ddb5-4fa4-a97d-d965ccfc6d4b" outcome="Passed" testListId="8c84fa94-04c1-424b-9868-57a2d4851a1d" relativeResultsDirectory="95af4c4d-236b-4bb8-b269-e0c50b07cc3a" />
    <UnitTestResult executionId="822c5fb5-d8b6-4969-b81a-a22cc1c37962" testId="db5457f9-2623-2b43-2cf5-7d91e321957a" testName="TestBoxIntersects" computerName="RDSJ741TY1" duration="00:00:00.0007583" startTime="2014-04-10T20:59:56.5574722+02:00" endTime="2014-04-10T20:59:56.5584722+02:00" testType="13cdc9d9-ddb5-4fa4-a97d-d965ccfc6d4b" outcome="Passed" testListId="8c84fa94-04c1-424b-9868-57a2d4851a1d" relativeResultsDirectory="822c5fb5-d8b6-4969-b81a-a22cc1c37962" />
    <UnitTestResult executionId="a3a9f8e0-1cbf-41c5-ae89-a579d2e6ece5" testId="865b2842-73dd-b3d0-17a4-284b86e8ce98" testName="TestBoxNotIntersects" computerName="RDSJ741TY1" duration="00:00:00.0006819" startTime="2014-04-10T20:59:56.5584722+02:00" endTime="2014-04-10T20:59:56.5594723+02:00" testType="13cdc9d9-ddb5-4fa4-a97d-d965ccfc6d4b" outcome="Passed" testListId="8c84fa94-04c1-424b-9868-57a2d4851a1d" relativeResultsDirectory="a3a9f8e0-1cbf-41c5-ae89-a579d2e6ece5" />
    <UnitTestResult executionId="7552d067-790c-4966-9c24-69dc7ea3cdc9" testId="12f78fcf-2ddf-2387-ee6e-b0fd67c4050a" testName="TestIsWithinRange" computerName="RDSJ741TY1" duration="00:00:00.0004873" startTime="2014-04-10T20:59:56.5594723+02:00" endTime="2014-04-10T20:59:56.5604724+02:00" testType="13cdc9d9-ddb5-4fa4-a97d-d965ccfc6d4b" outcome="Passed" testListId="8c84fa94-04c1-424b-9868-57a2d4851a1d" relativeResultsDirectory="7552d067-790c-4966-9c24-69dc7ea3cdc9" />
    <UnitTestResult executionId="77bab037-04c4-4243-bae3-dcd946e270a1" testId="446c6818-92e4-7fe9-654d-5ee9c0ca9c45" testName="TestNotIsWithinRange" computerName="RDSJ741TY1" duration="00:00:00.0003554" startTime="2014-04-10T20:59:56.5604724+02:00" endTime="2014-04-10T20:59:56.5604724+02:00" testType="13cdc9d9-ddb5-4fa4-a97d-d965ccfc6d4b" outcome="Passed" testListId="8c84fa94-04c1-424b-9868-57a2d4851a1d" relativeResultsDirectory="77bab037-04c4-4243-bae3-dcd946e270a1" />
    <UnitTestResult executionId="b4eb79b1-d985-40b4-af3a-8534ca241f29" testId="2c555e3d-d2d9-a36b-5fb4-26ffae33b03d" testName="TestIsWithinRangeNegative" computerName="RDSJ741TY1" duration="00:00:00.0003816" startTime="2014-04-10T20:59:56.5604724+02:00" endTime="2014-04-10T20:59:56.5614724+02:00" testType="13cdc9d9-ddb5-4fa4-a97d-d965ccfc6d4b" outcome="Passed" testListId="8c84fa94-04c1-424b-9868-57a2d4851a1d" relativeResultsDirectory="b4eb79b1-d985-40b4-af3a-8534ca241f29" />
    <UnitTestResult executionId="13200cdc-5e63-48a5-9331-c0cf2e05f125" testId="5ce8ee51-72a9-afd6-0df0-c3422af12d40" testName="TestIsWithinRangeZero" computerName="RDSJ741TY1" duration="00:00:00.0006374" startTime="2014-04-10T20:59:56.5634725+02:00" endTime="2014-04-10T20:59:56.5644726+02:00" testType="13cdc9d9-ddb5-4fa4-a97d-d965ccfc6d4b" outcome="Passed" testListId="8c84fa94-04c1-424b-9868-57a2d4851a1d" relativeResultsDirectory="13200cdc-5e63-48a5-9331-c0cf2e05f125" />
    <UnitTestResult executionId="d38542f9-b600-4a79-a30c-a9efdd6161e4" testId="a9d9e940-aee8-839b-bdb0-54338636fa4f" testName="TestDefaults" computerName="RDSJ741TY1" duration="00:00:00.0020834" startTime="2014-04-10T20:59:56.5644726+02:00" endTime="2014-04-10T20:59:56.5674728+02:00" testType="13cdc9d9-ddb5-4fa4-a97d-d965ccfc6d4b" outcome="Passed" testListId="8c84fa94-04c1-424b-9868-57a2d4851a1d" relativeResultsDirectory="d38542f9-b600-4a79-a30c-a9efdd6161e4" />
    <UnitTestResult executionId="7ce82fe0-e6ea-4701-bf78-509293b8cefe" testId="0a55190c-b6c6-92e8-6441-aaf21b8b5bd9" testName="TestMaxLevel" computerName="RDSJ741TY1" duration="00:00:00.0005842" startTime="2014-04-10T20:59:56.5674728+02:00" endTime="2014-04-10T20:59:56.5674728+02:00" testType="13cdc9d9-ddb5-4fa4-a97d-d965ccfc6d4b" outcome="Passed" testListId="8c84fa94-04c1-424b-9868-57a2d4851a1d" relativeResultsDirectory="7ce82fe0-e6ea-4701-bf78-509293b8cefe" />
    <UnitTestResult executionId="1b6ada86-201a-4806-b4ad-971098457320" testId="7bf84a0d-7a6f-a77f-6dc7-015e9bb9d062" testName="TestMaxLevelNegative" computerName="RDSJ741TY1" duration="00:00:00.0004496" startTime="2014-04-10T20:59:56.5674728+02:00" endTime="2014-04-10T20:59:56.5684728+02:00" testType="13cdc9d9-ddb5-4fa4-a97d-d965ccfc6d4b" outcome="Passed" testListId="8c84fa94-04c1-424b-9868-57a2d4851a1d" relativeResultsDirectory="1b6ada86-201a-4806-b4ad-971098457320" />
    <UnitTestResult executionId="9fd1b670-62d9-40ac-a8e2-8a08a48380ed" testId="3d47c33d-c44b-c039-4801-18cba23e9af8" testName="TestMaxLevelLarge" computerName="RDSJ741TY1" duration="00:00:00.0004576" startTime="2014-04-10T20:59:56.5684728+02:00" endTime="2014-04-10T20:59:56.5694729+02:00" testType="13cdc9d9-ddb5-4fa4-a97d-d965ccfc6d4b" outcome="Passed" testListId="8c84fa94-04c1-424b-9868-57a2d4851a1d" relativeResultsDirectory="9fd1b670-62d9-40ac-a8e2-8a08a48380ed" />
    <UnitTestResult executionId="f96542b0-d134-4a91-88ce-0f6d2416b1bf" testId="9ef47f2b-9c55-7a5b-a7bd-d896c0f9ca69" testName="TestSplitThreshold" computerName="RDSJ741TY1" duration="00:00:00.0004835" startTime="2014-04-10T20:59:56.5694729+02:00" endTime="2014-04-10T20:59:56.5704729+02:00" testType="13cdc9d9-ddb5-4fa4-a97d-d965ccfc6d4b" outcome="Passed" testListId="8c84fa94-04c1-424b-9868-57a2d4851a1d" relativeResultsDirectory="f96542b0-d134-4a91-88ce-0f6d2416b1bf" />
    <UnitTestResult executionId="9d5fc472-8728-4944-978a-aaa2b7ddd352" testId="9d87013b-6cba-f782-8ec2-e1827e4eba48" testName="TestSplitThresholdNegative" computerName="RDSJ741TY1" duration="00:00:00.0004435" startTime="2014-04-10T20:59:56.5704729+02:00" endTime="2014-04-10T20:59:56.5704729+02:00" testType="13cdc9d9-ddb5-4fa4-a97d-d965ccfc6d4b" outcome="Passed" testListId="8c84fa94-04c1-424b-9868-57a2d4851a1d" relativeResultsDirectory="9d5fc472-8728-4944-978a-aaa2b7ddd352" />
    <UnitTestResult executionId="c1514795-2d2b-44fb-912f-7dffd8f0c788" testId="afaa09ce-9cc0-b85a-aeef-41fd3dd49856" testName="TestMinBoxSize" computerName="RDSJ741TY1" duration="00:00:00.0009871" startTime="2014-04-10T20:59:56.5704729+02:00" endTime="2014-04-10T20:59:56.5724731+02:00" testType="13cdc9d9-ddb5-4fa4-a97d-d965ccfc6d4b" outcome="Passed" testListId="8c84fa94-04c1-424b-9868-57a2d4851a1d" relativeResultsDirectory="c1514795-2d2b-44fb-912f-7dffd8f0c788" />
    <UnitTestResult executionId="c5159298-ead9-4545-83ae-832f71b3635d" testId="14a5014a-2635-90a9-da3a-62c6d727357d" testName="TestMinBoxSizeEmpty" computerName="RDSJ741TY1" duration="00:00:00.0009810" startTime="2014-04-10T20:59:56.5724731+02:00" endTime="2014-04-10T20:59:56.5734731+02:00" testType="13cdc9d9-ddb5-4fa4-a97d-d965ccfc6d4b" outcome="Passed" testListId="8c84fa94-04c1-424b-9868-57a2d4851a1d" relativeResultsDirectory="c5159298-ead9-4545-83ae-832f71b3635d" />
    <UnitTestResult executionId="7ea5efd8-1f81-4d81-80e5-fd2032e3a5e9" testId="905607cb-608d-be14-d978-9476861ab3f3" testName="TestMinBoxSizeInvalid" computerName="RDSJ741TY1" duration="00:00:00.0005808" startTime="2014-04-10T20:59:56.5734731+02:00" endTime="2014-04-10T20:59:56.5744732+02:00" testType="13cdc9d9-ddb5-4fa4-a97d-d965ccfc6d4b" outcome="Passed" testListId="8c84fa94-04c1-424b-9868-57a2d4851a1d" relativeResultsDirectory="7ea5efd8-1f81-4d81-80e5-fd2032e3a5e9" />
    <UnitTestResult executionId="05912d4b-9851-447d-a156-589c97d5b1c7" testId="8bbf4b3e-b1c0-ff65-b3c2-8126b10a5bc5" testName="TestBuildTreeInvalidSettings" computerName="RDSJ741TY1" duration="00:00:00.0081211" startTime="2014-04-10T20:59:56.5764733+02:00" endTime="2014-04-10T20:59:56.5844737+02:00" testType="13cdc9d9-ddb5-4fa4-a97d-d965ccfc6d4b" outcome="Passed" testListId="8c84fa94-04c1-424b-9868-57a2d4851a1d" relativeResultsDirectory="05912d4b-9851-447d-a156-589c97d5b1c7" />
    <UnitTestResult executionId="b6fcd034-04df-4f9a-80e5-261ad44cd382" testId="74c86190-8a72-113e-34eb-4fc8692bd464" testName="TestSplitCorrectBoxAmount" computerName="RDSJ741TY1" duration="00:00:00.0057731" startTime="2014-04-10T20:59:56.5844737+02:00" endTime="2014-04-10T20:59:56.5904741+02:00" testType="13cdc9d9-ddb5-4fa4-a97d-d965ccfc6d4b" outcome="Passed" testListId="8c84fa94-04c1-424b-9868-57a2d4851a1d" relativeResultsDirectory="b6fcd034-04df-4f9a-80e5-261ad44cd382" />
    <UnitTestResult executionId="acf13e61-e28c-446d-ba0a-460b6d7dfe9b" testId="07e2f9ef-2e4d-7337-e441-eeae26456013" testName="TestSplitCorrectBoxSize" computerName="RDSJ741TY1" duration="00:00:00.0074437" startTime="2014-04-10T20:59:56.5914741+02:00" endTime="2014-04-10T20:59:56.5984745+02:00" testType="13cdc9d9-ddb5-4fa4-a97d-d965ccfc6d4b" outcome="Passed" testListId="8c84fa94-04c1-424b-9868-57a2d4851a1d" relativeResultsDirectory="acf13e61-e28c-446d-ba0a-460b6d7dfe9b" />
    <UnitTestResult executionId="184ec7b7-030d-453a-9eea-3845b00a6113" testId="2b733ec2-5053-8f40-3fd2-da2b11cc8660" testName="TestTreeMaxLevelOnePoints" computerName="RDSJ741TY1" duration="00:00:00.0010669" startTime="2014-04-10T20:59:56.5984745+02:00" endTime="2014-04-10T20:59:56.6004747+02:00" testType="13cdc9d9-ddb5-4fa4-a97d-d965ccfc6d4b" outcome="Passed" testListId="8c84fa94-04c1-424b-9868-57a2d4851a1d" relativeResultsDirectory="184ec7b7-030d-453a-9eea-3845b00a6113" />
    <UnitTestResult executionId="e40367c6-a3a0-4672-9cbf-028d9691f714" testId="8a6ed60c-a1be-9f7f-7f5b-e82f76da8d16" testName="TestTreeMaxLevelThreePoints" computerName="RDSJ741TY1" duration="00:00:00.0007891" startTime="2014-04-10T20:59:56.6004747+02:00" endTime="2014-04-10T20:59:56.6014747+02:00" testType="13cdc9d9-ddb5-4fa4-a97d-d965ccfc6d4b" outcome="Passed" testListId="8c84fa94-04c1-424b-9868-57a2d4851a1d" relativeResultsDirectory="e40367c6-a3a0-4672-9cbf-028d9691f714" />
    <UnitTestResult executionId="f2e6a100-525a-44fc-9c5e-ad3efb10c641" testId="207432b6-cc55-2810-c916-12851995ea91" testName="TestTreeMaxLevelOneBoxes" computerName="RDSJ741TY1" duration="00:00:00.0024977" startTime="2014-04-10T20:59:56.6014747+02:00" endTime="2014-04-10T20:59:56.6034748+02:00" testType="13cdc9d9-ddb5-4fa4-a97d-d965ccfc6d4b" outcome="Passed" testListId="8c84fa94-04c1-424b-9868-57a2d4851a1d" relativeResultsDirectory="f2e6a100-525a-44fc-9c5e-ad3efb10c641" />
    <UnitTestResult executionId="aa1f5929-4051-44fc-942d-4b0d4873a444" testId="4a2798d8-21c5-c896-3a1e-cceeb3d2d706" testName="TestTreeMaxLevelThreeBoxes" computerName="RDSJ741TY1" duration="00:00:00.0007362" startTime="2014-04-10T20:59:56.6044749+02:00" endTime="2014-04-10T20:59:56.6054749+02:00" testType="13cdc9d9-ddb5-4fa4-a97d-d965ccfc6d4b" outcome="Passed" testListId="8c84fa94-04c1-424b-9868-57a2d4851a1d" relativeResultsDirectory="aa1f5929-4051-44fc-942d-4b0d4873a444" />
    <UnitTestResult executionId="f8f920c0-b605-4e4a-b57e-25a4578c7be5" testId="5549a166-28b8-731e-cf43-bfded8581951" testName="TestTreeMinBoxSizePoints" computerName="RDSJ741TY1" duration="00:00:00.0007898" startTime="2014-04-10T20:59:56.6054749+02:00" endTime="2014-04-10T20:59:56.6064750+02:00" testType="13cdc9d9-ddb5-4fa4-a97d-d965ccfc6d4b" outcome="Passed" testListId="8c84fa94-04c1-424b-9868-57a2d4851a1d" relativeResultsDirectory="f8f920c0-b605-4e4a-b57e-25a4578c7be5" />
    <UnitTestResult executionId="c032f54f-11d2-4cb8-84d2-9dd37c91c8dc" testId="8f421951-3d15-e84c-285a-663be2be35ac" testName="TestTreeMinBoxSizeBoxes" computerName="RDSJ741TY1" duration="00:00:00.0007708" startTime="2014-04-10T20:59:56.6064750+02:00" endTime="2014-04-10T20:59:56.6074751+02:00" testType="13cdc9d9-ddb5-4fa4-a97d-d965ccfc6d4b" outcome="Passed" testListId="8c84fa94-04c1-424b-9868-57a2d4851a1d" relativeResultsDirectory="c032f54f-11d2-4cb8-84d2-9dd37c91c8dc" />
    <UnitTestResult executionId="a2d72b3f-5346-4947-96c4-02d25688c51b" testId="fdf340ac-959d-80da-c1c1-77a58df83c7a" testName="TestTreeThresholdSplitPoints" computerName="RDSJ741TY1" duration="00:00:00.0005880" startTime="2014-04-10T20:59:56.6074751+02:00" endTime="2014-04-10T20:59:56.6084751+02:00" testType="13cdc9d9-ddb5-4fa4-a97d-d965ccfc6d4b" outcome="Passed" testListId="8c84fa94-04c1-424b-9868-57a2d4851a1d" relativeResultsDirectory="a2d72b3f-5346-4947-96c4-02d25688c51b" />
    <UnitTestResult executionId="af1bb7f3-8b89-4b8a-9414-1112765ddee5" testId="a753a2a0-28f0-413d-e135-ecf0d3cce246" testName="TestTreeThresholdSplitBoxes" computerName="RDSJ741TY1" duration="00:00:00.0013269" startTime="2014-04-10T20:59:56.6104752+02:00" endTime="2014-04-10T20:59:56.6114753+02:00" testType="13cdc9d9-ddb5-4fa4-a97d-d965ccfc6d4b" outcome="Passed" testListId="8c84fa94-04c1-424b-9868-57a2d4851a1d" relativeResultsDirectory="af1bb7f3-8b89-4b8a-9414-1112765ddee5" />
    <UnitTestResult executionId="05f67564-efe3-41b9-927e-ddc27269f4eb" testId="e26d01bb-8a2d-bd17-217e-1841890bba5f" testName="TestObjectTreeGetNodeDataInRange" computerName="RDSJ741TY1" duration="00:00:00.0015774" startTime="2014-04-10T20:59:56.6124753+02:00" endTime="2014-04-10T20:59:56.6134754+02:00" testType="13cdc9d9-ddb5-4fa4-a97d-d965ccfc6d4b" outcome="Passed" testListId="8c84fa94-04c1-424b-9868-57a2d4851a1d" relativeResultsDirectory="05f67564-efe3-41b9-927e-ddc27269f4eb" />
    <UnitTestResult executionId="b677595b-76af-42e5-84e8-7743572974fb" testId="d4232092-3e1e-2367-da84-c2be17fde162" testName="TestObjectTreeGetNodeDataInRange2" computerName="RDSJ741TY1" duration="00:00:00.0013767" startTime="2014-04-10T20:59:56.6134754+02:00" endTime="2014-04-10T20:59:56.6184757+02:00" testType="13cdc9d9-ddb5-4fa4-a97d-d965ccfc6d4b" outcome="Passed" testListId="8c84fa94-04c1-424b-9868-57a2d4851a1d" relativeResultsDirectory="b677595b-76af-42e5-84e8-7743572974fb" />
    <UnitTestResult executionId="ba6982db-e35c-45be-a4ea-5cfea2eb877b" testId="de24b14d-686f-adae-c0c8-42a1fead1a79" testName="TestObjectTreeGetNodeDataInRangeMockSGrid" computerName="RDSJ741TY1" duration="00:00:00.0033176" startTime="2014-04-10T20:59:56.6184757+02:00" endTime="2014-04-10T20:59:56.6224759+02:00" testType="13cdc9d9-ddb5-4fa4-a97d-d965ccfc6d4b" outcome="Passed" testListId="8c84fa94-04c1-424b-9868-57a2d4851a1d" relativeResultsDirectory="ba6982db-e35c-45be-a4ea-5cfea2eb877b" />
    <UnitTestResult executionId="c8775079-1c24-4bb6-873f-418486ac9588" testId="be528b36-3636-327a-e1aa-a5e483a9463c" testName="TestObjectTreeGetNodeDataInBox" computerName="RDSJ741TY1" duration="00:00:00.0010966" startTime="2014-04-10T20:59:56.6224759+02:00" endTime="2014-04-10T20:59:56.6234760+02:00" testType="13cdc9d9-ddb5-4fa4-a97d-d965ccfc6d4b" outcome="Passed" testListId="8c84fa94-04c1-424b-9868-57a2d4851a1d" relativeResultsDirectory="c8775079-1c24-4bb6-873f-418486ac9588" />
    <UnitTestResult executionId="177f5793-ef6b-4aec-9f87-32d176ba9ca0" testId="89f4a124-30f8-2a57-4562-ee2ef6464840" testName="TestObjectTreeGetNodeDataInBox2" computerName="RDSJ741TY1" duration="00:00:00.0009989" startTime="2014-04-10T20:59:56.6234760+02:00" endTime="2014-04-10T20:59:56.6254761+02:00" testType="13cdc9d9-ddb5-4fa4-a97d-d965ccfc6d4b" outcome="Passed" testListId="8c84fa94-04c1-424b-9868-57a2d4851a1d" relativeResultsDirectory="177f5793-ef6b-4aec-9f87-32d176ba9ca0" />
    <UnitTestResult executionId="ba83fcd7-740d-4c8c-b0fa-3bbb4d44b2dc" testId="dd50f27c-c2fd-f29b-9656-4a856a111bcd" testName="TestObjectTreeGetNodeDataInBoxSGrid" computerName="RDSJ741TY1" duration="00:00:00.0024810" startTime="2014-04-10T20:59:56.6254761+02:00" endTime="2014-04-10T20:59:56.6284763+02:00" testType="13cdc9d9-ddb5-4fa4-a97d-d965ccfc6d4b" outcome="Passed" testListId="8c84fa94-04c1-424b-9868-57a2d4851a1d" relativeResultsDirectory="ba83fcd7-740d-4c8c-b0fa-3bbb4d44b2dc" />
    <UnitTestResult executionId="570143e9-0231-4abc-b251-c47e4176e530" testId="3f7eece3-e65f-27b3-1d5c-79e917cc5b93" testName="TestCreateQuadtree" computerName="RDSJ741TY1" duration="00:00:00.0007723" startTime="2014-04-10T20:59:56.6284763+02:00" endTime="2014-04-10T20:59:56.6294763+02:00" testType="13cdc9d9-ddb5-4fa4-a97d-d965ccfc6d4b" outcome="Passed" testListId="8c84fa94-04c1-424b-9868-57a2d4851a1d" relativeResultsDirectory="570143e9-0231-4abc-b251-c47e4176e530" />
    <UnitTestResult executionId="4118e8e9-1fe9-4945-92e1-85bc285cb108" testId="7448da00-8d55-d68b-4649-fb2b5b93df7a" testName="TestSplitCorrectBoxAmount" computerName="RDSJ741TY1" duration="00:00:00.0023323" startTime="2014-04-10T20:59:56.6294763+02:00" endTime="2014-04-10T20:59:56.6314764+02:00" testType="13cdc9d9-ddb5-4fa4-a97d-d965ccfc6d4b" outcome="Passed" testListId="8c84fa94-04c1-424b-9868-57a2d4851a1d" relativeResultsDirectory="4118e8e9-1fe9-4945-92e1-85bc285cb108" />
    <UnitTestResult executionId="7eb26d96-307d-45d1-9136-972896b979a0" testId="538c4f15-6eb3-0784-da6f-e7cbf85c6b96" testName="TestSplitCorrectBoxSize" computerName="RDSJ741TY1" duration="00:00:00.0023886" startTime="2014-04-10T20:59:56.6314764+02:00" endTime="2014-04-10T20:59:56.6344766+02:00" testType="13cdc9d9-ddb5-4fa4-a97d-d965ccfc6d4b" outcome="Passed" testListId="8c84fa94-04c1-424b-9868-57a2d4851a1d" relativeResultsDirectory="7eb26d96-307d-45d1-9136-972896b979a0" />
[...]
    <TestEntry testId="03ca4269-3bd6-9499-3d3f-022ba39b718d" executionId="1f2783fb-d54c-4035-9b17-90c02499e15b" testListId="8c84fa94-04c1-424b-9868-57a2d4851a1d" />
    <TestEntry testId="db68e609-8290-2d5b-c714-44ee3fd7ac3e" executionId="8a27421e-9ee7-4cc9-9698-66adf169b895" testListId="8c84fa94-04c1-424b-9868-57a2d4851a1d" />
    <TestEntry testId="87d65781-7f5c-7626-97b2-e8791b2a4ec2" executionId="82c43af3-5875-4b5e-9bdb-942cddfe6761" testListId="8c84fa94-04c1-424b-9868-57a2d4851a1d" />
    <TestEntry testId="3d550045-203d-733d-5017-df3501da5567" executionId="ff72f9e7-a98f-4396-92ae-1c81329d89e8" testListId="8c84fa94-04c1-424b-9868-57a2d4851a1d" />
    <TestEntry testId="0186920b-542d-52e8-136f-c359841dbb5f" executionId="65f5fa4f-4652-4ae8-934d-640054803118" testListId="8c84fa94-04c1-424b-9868-57a2d4851a1d" />
    <TestEntry testId="650dcc53-2a4b-dae2-1d16-db9d0e24c0df" executionId="3eab2690-4069-4b71-ace5-8e2e52d007f6" testListId="8c84fa94-04c1-424b-9868-57a2d4851a1d" />
    <TestEntry testId="89e327db-cede-9fd6-5686-869f6273818a" executionId="f4c02e66-4c8c-4561-a7da-758f6f0b2171" testListId="8c84fa94-04c1-424b-9868-57a2d4851a1d" />
    <TestEntry testId="a39c9293-1479-79da-93c4-f596712b9328" executionId="d4574381-879a-4723-b71e-06af4da0aa7a" testListId="8c84fa94-04c1-424b-9868-57a2d4851a1d" />
    <TestEntry testId="f0534e43-974d-3aa6-754d-be64efcd5363" executionId="fc7b921b-0e4c-4d83-8aba-242abbd77852" testListId="8c84fa94-04c1-424b-9868-57a2d4851a1d" />
    <TestEntry testId="87603265-9360-18b8-01ab-1d871ba4bde3" executionId="b9b4309d-7799-44cc-8640-ad798ad65c32" testListId="8c84fa94-04c1-424b-9868-57a2d4851a1d" />
    <TestEntry testId="37e8559c-4b20-8ea0-5ab2-761500cc5215" executionId="47226e88-d235-4de3-a870-645482433647" testListId="8c84fa94-04c1-424b-9868-57a2d4851a1d" />
    <TestEntry testId="d485df29-f5e7-ae55-d8da-a855806629e8" executionId="d349ae3a-fa18-4c35-a1aa-7bde7eef48c9" testListId="8c84fa94-04c1-424b-9868-57a2d4851a1d" />
    <TestEntry testId="94f289ab-1dac-e8e8-5adb-d5fc35889492" executionId="b34a4cb8-3562-4269-87b2-1bc1f6f8694b" testListId="8c84fa94-04c1-424b-9868-57a2d4851a1d" />
    <TestEntry testId="644829d7-20c0-20d0-d456-9365e22edbce" executionId="c6b1abe3-7a84-4ac8-ad27-be16dc845644" testListId="8c84fa94-04c1-424b-9868-57a2d4851a1d" />
    <TestEntry testId="6c9459f6-843f-a8bc-e654-81b3b3eed233" executionId="01ca7ff5-18b5-4781-919e-bd7815f5065b" testListId="8c84fa94-04c1-424b-9868-57a2d4851a1d" />
    <TestEntry testId="86415b98-f23c-0e49-267a-c35dfaf05526" executionId="af1ed07e-494c-4d3e-960b-4713d03864d8" testListId="8c84fa94-04c1-424b-9868-57a2d4851a1d" />
    <TestEntry testId="66140cdf-0858-94c4-8880-61f1d015be88" executionId="f5a4fa6e-077d-46d0-b827-0828b36d661b" testListId="8c84fa94-04c1-424b-9868-57a2d4851a1d" />
    <TestEntry testId="9d9c5b27-e634-709a-1ff1-23dc627ebac7" executionId="0f3ac9d8-fa0f-4b05-a3df-b8570ef51e2c" testListId="8c84fa94-04c1-424b-9868-57a2d4851a1d" />
    <TestEntry testId="af41daba-312b-e0f4-c719-7c05907470d5" executionId="80bd6a04-c275-4fd5-8246-6ab3549d06f9" testListId="8c84fa94-04c1-424b-9868-57a2d4851a1d" />
    <TestEntry testId="e94d64ab-a8a6-5360-30a8-4fea2b9be20d" executionId="854fd70a-52f7-402d-b96e-7fd44a4cf192" testListId="8c84fa94-04c1-424b-9868-57a2d4851a1d" />
    <TestEntry testId="aeba4de9-af3c-81c2-993f-523f86c94759" executionId="61402d71-1880-476d-81d0-1389e371ca48" testListId="8c84fa94-04c1-424b-9868-57a2d4851a1d" />
    <TestEntry testId="78e65552-8dd9-ba72-d9fb-0f1fa9fd8068" executionId="34d131c3-b66f-48b9-8fd9-3984cd7926a1" testListId="8c84fa94-04c1-424b-9868-57a2d4851a1d" />
    <TestEntry testId="ac125809-3365-caf3-4d79-5a062e95653e" executionId="1089f44d-7a66-42cc-a169-4860cd724420" testListId="8c84fa94-04c1-424b-9868-57a2d4851a1d" />
    <TestEntry testId="2b0c990c-20a9-3157-a5af-01736b23b88d" executionId="f9a388ba-0bc7-4425-9d88-86ef15551c7f" testListId="8c84fa94-04c1-424b-9868-57a2d4851a1d" />
    <TestEntry testId="0669132f-9083-fb47-b9dc-050fc48f891a" executionId="fa74a345-118f-4fc4-a59d-54c133edb228" testListId="8c84fa94-04c1-424b-9868-57a2d4851a1d" />
    <TestEntry testId="a2e0f1b5-77a8-f38a-1d6b-89f5c5bab3a4" executionId="67fbc14e-9f97-4f41-8b06-c783643b6890" testListId="8c84fa94-04c1-424b-9868-57a2d4851a1d" />
    <TestEntry testId="d47c5b13-3aac-2825-83c1-ab3e710cdb2e" executionId="b4935868-df40-41f3-9483-aa261030fabd" testListId="8c84fa94-04c1-424b-9868-57a2d4851a1d" />
    <TestEntry testId="1a85ab6d-a4bc-3668-4d5d-d3dd830c326e" executionId="c632a684-2d5c-4350-bb68-22be124d42f5" testListId="8c84fa94-04c1-424b-9868-57a2d4851a1d" />
    <TestEntry testId="c1e312e4-501e-92ae-6188-3af0057540b8" executionId="b410e4a8-0019-4aa6-9ed2-57e9bab73321" testListId="8c84fa94-04c1-424b-9868-57a2d4851a1d" />
    <TestEntry testId="6f524924-f896-c14a-5b38-b12941948843" executionId="41f3f838-e4f7-4cac-977e-354a731190cc" testListId="8c84fa94-04c1-424b-9868-57a2d4851a1d" />
    <TestEntry testId="f36424fe-484b-a017-78e7-7d48d1523878" executionId="57b7945d-fceb-4e5a-aa87-4f7ea2a129f8" testListId="8c84fa94-04c1-424b-9868-57a2d4851a1d" />
    <TestEntry testId="5f5f7ef6-a0c6-0c9b-1530-f06e2d69c6ff" executionId="f71242b8-58cb-449d-8729-e013a201f822" testListId="8c84fa94-04c1-424b-9868-57a2d4851a1d" />
    <TestEntry testId="96464c92-fdf2-3dac-6e15-80c7de4e7828" executionId="c8e3edc8-6b06-4502-bf86-0231e9cd8bc8" testListId="8c84fa94-04c1-424b-9868-57a2d4851a1d" />
    <TestEntry testId="a788a5f8-b684-cd2f-ae38-2a9d67720831" executionId="2d726aa9-37d5-4224-9262-3c453b5b6f55" testListId="8c84fa94-04c1-424b-9868-57a2d4851a1d" />
    <TestEntry testId="9d357308-a2ce-3778-f5a8-5c11d03aabb5" executionId="cfd95c10-b7ef-4288-9a78-039f8b06768c" testListId="8c84fa94-04c1-424b-9868-57a2d4851a1d" />
    <TestEntry testId="dcaf81de-bdce-94e1-759e-8b4d5da5fbdf" executionId="a44e7373-6f98-47e0-9ff4-6d9442ba867c" testListId="8c84fa94-04c1-424b-9868-57a2d4851a1d" />
    <TestEntry testId="ad5a9540-9631-f8ae-c272-1c78303f201b" executionId="8beb91c4-5b4e-45cd-a5b0-73bccb0de7a3" testListId="8c84fa94-04c1-424b-9868-57a2d4851a1d" />
    <TestEntry testId="acec884d-af25-a5ca-524b-faafea1f0c9f" executionId="f6ec12cf-70cd-49df-96fe-4c7c5f69f753" testListId="8c84fa94-04c1-424b-9868-57a2d4851a1d" />
    <TestEntry testId="b03b4691-24f6-3255-fa5d-0c5967a111b9" executionId="10b2197e-a087-4bbe-a4bb-07bb24ce39cc" testListId="8c84fa94-04c1-424b-9868-57a2d4851a1d" />
    <TestEntry testId="55aee124-ebaa-6396-65ce-de440666aafc" executionId="4180eecd-8032-4498-a736-d640a7216aa7" testListId="8c84fa94-04c1-424b-9868-57a2d4851a1d" />
    <TestEntry testId="e7351964-54a2-97fe-6130-266b5ffdb9ba" executionId="c2635a8f-1fa8-4ff3-a54c-0bdd5ce63f53" testListId="8c84fa94-04c1-424b-9868-57a2d4851a1d" />
    <TestEntry testId="0e952e74-7218-dd2d-66b1-bcef49695379" executionId="1d9e07f9-c13c-481c-bd9b-c0de29d9d727" testListId="8c84fa94-04c1-424b-9868-57a2d4851a1d" />
    <TestEntry testId="55bbc398-e250-683d-9d2c-426dbb69c962" executionId="cf4925fe-08ce-422c-a91b-824f3e068952" testListId="8c84fa94-04c1-424b-9868-57a2d4851a1d" />
    <TestEntry testId="667ea134-f235-0367-a30a-1a34d8654031" executionId="9b147ed6-04b2-4458-803f-22f8115f964b" testListId="8c84fa94-04c1-424b-9868-57a2d4851a1d" />
    <TestEntry testId="980d3493-f7d0-69b6-220b-5bd6bd81d8a2" executionId="be01f947-73be-462b-81cd-3639abd10a64" testListId="8c84fa94-04c1-424b-9868-57a2d4851a1d" />
    <TestEntry testId="15f55826-9589-9f37-9470-65e5caba1ed6" executionId="c6afab08-f1bc-46d7-bcc1-35d394752da3" testListId="8c84fa94-04c1-424b-9868-57a2d4851a1d" />
    <TestEntry testId="a479118c-fae2-cb34-4978-281aa704eaa8" executionId="e83b0c16-8f9a-4064-a6b6-95e386bcf74b" testListId="8c84fa94-04c1-424b-9868-57a2d4851a1d" />
    <TestEntry testId="9ad3a7b0-7974-e9b7-7f94-e30685b239d2" executionId="264c60b3-0614-4edf-b03b-d51169364fb2" testListId="8c84fa94-04c1-424b-9868-57a2d4851a1d" />
    <TestEntry testId="6d08cef8-301a-bf8c-1b81-011b5081d39e" executionId="fa956180-b771-40d0-83f7-78e6cbe6a9db" testListId="8c84fa94-04c1-424b-9868-57a2d4851a1d" />
    <TestEntry testId="2e57ef93-26cf-eb15-3e77-cc420ff75511" executionId="4fbbb999-038a-452f-af9d-1e6620346cbe" testListId="8c84fa94-04c1-424b-9868-57a2d4851a1d" />
    <TestEntry testId="a019769f-4d50-fd0f-1626-df8babb66c17" executionId="8b8711e8-0744-46c1-b32c-9180721fa042" testListId="8c84fa94-04c1-424b-9868-57a2d4851a1d" />
    <TestEntry testId="5604bd66-d320-0019-e8f4-e5a931e56c0f" executionId="07912949-01b3-4711-8518-a1853626e30d" testListId="8c84fa94-04c1-424b-9868-57a2d4851a1d" />
    <TestEntry testId="42f3fee1-577f-3b27-f058-537c3047ece4" executionId="b682891e-7791-43fb-996c-7ebb3da80efc" testListId="8c84fa94-04c1-424b-9868-57a2d4851a1d" />
    <TestEntry testId="2afb9817-c2ba-49ac-867f-e8608674d798" executionId="863a1f57-21b3-44c8-9a1a-00e9da24a50b" testListId="8c84fa94-04c1-424b-9868-57a2d4851a1d" />
    <TestEntry testId="57400622-176c-232c-9919-700391fab887" executionId="95af4c4d-236b-4bb8-b269-e0c50b07cc3a" testListId="8c84fa94-04c1-424b-9868-57a2d4851a1d" />
    <TestEntry testId="db5457f9-2623-2b43-2cf5-7d91e321957a" executionId="822c5fb5-d8b6-4969-b81a-a22cc1c37962" testListId="8c84fa94-04c1-424b-9868-57a2d4851a1d" />
    <TestEntry testId="865b2842-73dd-b3d0-17a4-284b86e8ce98" executionId="a3a9f8e0-1cbf-41c5-ae89-a579d2e6ece5" testListId="8c84fa94-04c1-424b-9868-57a2d4851a1d" />
    <TestEntry testId="12f78fcf-2ddf-2387-ee6e-b0fd67c4050a" executionId="7552d067-790c-4966-9c24-69dc7ea3cdc9" testListId="8c84fa94-04c1-424b-9868-57a2d4851a1d" />
    <TestEntry testId="446c6818-92e4-7fe9-654d-5ee9c0ca9c45" executionId="77bab037-04c4-4243-bae3-dcd946e270a1" testListId="8c84fa94-04c1-424b-9868-57a2d4851a1d" />
    <TestEntry testId="2c555e3d-d2d9-a36b-5fb4-26ffae33b03d" executionId="b4eb79b1-d985-40b4-af3a-8534ca241f29" testListId="8c84fa94-04c1-424b-9868-57a2d4851a1d" />
    <TestEntry testId="5ce8ee51-72a9-afd6-0df0-c3422af12d40" executionId="13200cdc-5e63-48a5-9331-c0cf2e05f125" testListId="8c84fa94-04c1-424b-9868-57a2d4851a1d" />
    <TestEntry testId="a9d9e940-aee8-839b-bdb0-54338636fa4f" executionId="d38542f9-b600-4a79-a30c-a9efdd6161e4" testListId="8c84fa94-04c1-424b-9868-57a2d4851a1d" />
    <TestEntry testId="0a55190c-b6c6-92e8-6441-aaf21b8b5bd9" executionId="7ce82fe0-e6ea-4701-bf78-509293b8cefe" testListId="8c84fa94-04c1-424b-9868-57a2d4851a1d" />
    <TestEntry testId="7bf84a0d-7a6f-a77f-6dc7-015e9bb9d062" executionId="1b6ada86-201a-4806-b4ad-971098457320" testListId="8c84fa94-04c1-424b-9868-57a2d4851a1d" />
    <TestEntry testId="3d47c33d-c44b-c039-4801-18cba23e9af8" executionId="9fd1b670-62d9-40ac-a8e2-8a08a48380ed" testListId="8c84fa94-04c1-424b-9868-57a2d4851a1d" />
    <TestEntry testId="9ef47f2b-9c55-7a5b-a7bd-d896c0f9ca69" executionId="f96542b0-d134-4a91-88ce-0f6d2416b1bf" testListId="8c84fa94-04c1-424b-9868-57a2d4851a1d" />
    <TestEntry testId="9d87013b-6cba-f782-8ec2-e1827e4eba48" executionId="9d5fc472-8728-4944-978a-aaa2b7ddd352" testListId="8c84fa94-04c1-424b-9868-57a2d4851a1d" />
    <TestEntry testId="afaa09ce-9cc0-b85a-aeef-41fd3dd49856" executionId="c1514795-2d2b-44fb-912f-7dffd8f0c788" testListId="8c84fa94-04c1-424b-9868-57a2d4851a1d" />
    <TestEntry testId="14a5014a-2635-90a9-da3a-62c6d727357d" executionId="c5159298-ead9-4545-83ae-832f71b3635d" testListId="8c84fa94-04c1-424b-9868-57a2d4851a1d" />
    <TestEntry testId="905607cb-608d-be14-d978-9476861ab3f3" executionId="7ea5efd8-1f81-4d81-80e5-fd2032e3a5e9" testListId="8c84fa94-04c1-424b-9868-57a2d4851a1d" />
    <TestEntry testId="8bbf4b3e-b1c0-ff65-b3c2-8126b10a5bc5" executionId="05912d4b-9851-447d-a156-589c97d5b1c7" testListId="8c84fa94-04c1-424b-9868-57a2d4851a1d" />
    <TestEntry testId="74c86190-8a72-113e-34eb-4fc8692bd464" executionId="b6fcd034-04df-4f9a-80e5-261ad44cd382" testListId="8c84fa94-04c1-424b-9868-57a2d4851a1d" />
    <TestEntry testId="07e2f9ef-2e4d-7337-e441-eeae26456013" executionId="acf13e61-e28c-446d-ba0a-460b6d7dfe9b" testListId="8c84fa94-04c1-424b-9868-57a2d4851a1d" />
    <TestEntry testId="2b733ec2-5053-8f40-3fd2-da2b11cc8660" executionId="184ec7b7-030d-453a-9eea-3845b00a6113" testListId="8c84fa94-04c1-424b-9868-57a2d4851a1d" />
    <TestEntry testId="8a6ed60c-a1be-9f7f-7f5b-e82f76da8d16" executionId="e40367c6-a3a0-4672-9cbf-028d9691f714" testListId="8c84fa94-04c1-424b-9868-57a2d4851a1d" />
    <TestEntry testId="207432b6-cc55-2810-c916-12851995ea91" executionId="f2e6a100-525a-44fc-9c5e-ad3efb10c641" testListId="8c84fa94-04c1-424b-9868-57a2d4851a1d" />
    <TestEntry testId="4a2798d8-21c5-c896-3a1e-cceeb3d2d706" executionId="aa1f5929-4051-44fc-942d-4b0d4873a444" testListId="8c84fa94-04c1-424b-9868-57a2d4851a1d" />
    <TestEntry testId="5549a166-28b8-731e-cf43-bfded8581951" executionId="f8f920c0-b605-4e4a-b57e-25a4578c7be5" testListId="8c84fa94-04c1-424b-9868-57a2d4851a1d" />
    <TestEntry testId="8f421951-3d15-e84c-285a-663be2be35ac" executionId="c032f54f-11d2-4cb8-84d2-9dd37c91c8dc" testListId="8c84fa94-04c1-424b-9868-57a2d4851a1d" />
    <TestEntry testId="fdf340ac-959d-80da-c1c1-77a58df83c7a" executionId="a2d72b3f-5346-4947-96c4-02d25688c51b" testListId="8c84fa94-04c1-424b-9868-57a2d4851a1d" />
    <TestEntry testId="a753a2a0-28f0-413d-e135-ecf0d3cce246" executionId="af1bb7f3-8b89-4b8a-9414-1112765ddee5" testListId="8c84fa94-04c1-424b-9868-57a2d4851a1d" />
    <TestEntry testId="e26d01bb-8a2d-bd17-217e-1841890bba5f" executionId="05f67564-efe3-41b9-927e-ddc27269f4eb" testListId="8c84fa94-04c1-424b-9868-57a2d4851a1d" />
    <TestEntry testId="d4232092-3e1e-2367-da84-c2be17fde162" executionId="b677595b-76af-42e5-84e8-7743572974fb" testListId="8c84fa94-04c1-424b-9868-57a2d4851a1d" />
    <TestEntry testId="de24b14d-686f-adae-c0c8-42a1fead1a79" executionId="ba6982db-e35c-45be-a4ea-5cfea2eb877b" testListId="8c84fa94-04c1-424b-9868-57a2d4851a1d" />
    <TestEntry testId="be528b36-3636-327a-e1aa-a5e483a9463c" executionId="c8775079-1c24-4bb6-873f-418486ac9588" testListId="8c84fa94-04c1-424b-9868-57a2d4851a1d" />
    <TestEntry testId="89f4a124-30f8-2a57-4562-ee2ef6464840" executionId="177f5793-ef6b-4aec-9f87-32d176ba9ca0" testListId="8c84fa94-04c1-424b-9868-57a2d4851a1d" />
    <TestEntry testId="dd50f27c-c2fd-f29b-9656-4a856a111bcd" executionId="ba83fcd7-740d-4c8c-b0fa-3bbb4d44b2dc" testListId="8c84fa94-04c1-424b-9868-57a2d4851a1d" />
    <TestEntry testId="3f7eece3-e65f-27b3-1d5c-79e917cc5b93" executionId="570143e9-0231-4abc-b251-c47e4176e530" testListId="8c84fa94-04c1-424b-9868-57a2d4851a1d" />
    <TestEntry testId="7448da00-8d55-d68b-4649-fb2b5b93df7a" executionId="4118e8e9-1fe9-4945-92e1-85bc285cb108" testListId="8c84fa94-04c1-424b-9868-57a2d4851a1d" />
    <TestEntry testId="538c4f15-6eb3-0784-da6f-e7cbf85c6b96" executionId="7eb26d96-307d-45d1-9136-972896b979a0" testListId="8c84fa94-04c1-424b-9868-57a2d4851a1d" />
    <TestEntry testId="416dbc08-4c7d-ea06-ac83-0b53e173d599" executionId="7f457fc8-4d80-4d8b-a8f8-c2e18cdaa8b1" testListId="8c84fa94-04c1-424b-9868-57a2d4851a1d" />
    <TestEntry testId="9679e4ed-0081-8796-7de4-1c43ec2dfee7" executionId="089a9294-8aef-40c7-82cc-c36b8f99a044" testListId="8c84fa94-04c1-424b-9868-57a2d4851a1d" />
    <TestEntry testId="5e943925-ae11-329a-8300-e87d1b87564c" executionId="0cf17c35-8bc3-4af7-aada-5bb3249c795c" testListId="8c84fa94-04c1-424b-9868-57a2d4851a1d" />
    <TestEntry testId="bf3a1277-3fcb-a242-6c9d-7ecad49848b1" executionId="601c479d-2195-48d0-bd96-f15d1d11965c" testListId="8c84fa94-04c1-424b-9868-57a2d4851a1d" />
    <TestEntry testId="ec542ffc-32ff-525e-bbe4-15ddbab93d40" executionId="04a043a6-454d-4d5c-a810-5988f5580362" testListId="8c84fa94-04c1-424b-9868-57a2d4851a1d" />
    <TestEntry testId="eb6c0bdb-fb40-7f5d-178f-e73c67437518" executionId="3e1b1b25-4aa3-46dc-9c30-f37f75578b2e" testListId="8c84fa94-04c1-424b-9868-57a2d4851a1d" />
    <TestEntry testId="f9d7da78-afd1-7357-3ecf-e17bc699a5b4" executionId="26f3aa0f-15f8-4233-87d6-2a7b6e5f33e5" testListId="8c84fa94-04c1-424b-9868-57a2d4851a1d" />
    <TestEntry testId="d5510a74-2b73-f366-4d54-cbed30a013b2" executionId="ef9d8633-025a-4baf-9617-39f2d93f6efd" testListId="8c84fa94-04c1-424b-9868-57a2d4851a1d" />
    <TestEntry testId="2cb13378-09e9-11b9-1be2-0a2a0e4b316e" executionId="3a51a2af-4dd4-42da-8413-9c77cd0d2778" testListId="8c84fa94-04c1-424b-9868-57a2d4851a1d" />
    <TestEntry testId="da4dc3db-a01d-46d9-6072-3da413b7d707" executionId="8ed712e1-3c00-49dc-b357-e7a5c06f9282" testListId="8c84fa94-04c1-424b-9868-57a2d4851a1d" />
    <TestEntry testId="21531b75-7b1f-d1a6-d007-15464ef818b8" executionId="9063a9c6-1b56-4002-8e87-60da26cba5e5" testListId="8c84fa94-04c1-424b-9868-57a2d4851a1d" />
    <TestEntry testId="0500969e-8443-ce79-ad78-7d9e03299429" executionId="7e1773f9-92a7-445a-a26c-9aaed9da1727" testListId="8c84fa94-04c1-424b-9868-57a2d4851a1d" />
    <TestEntry testId="0e95a5f7-c096-b057-43f9-52d1a4670b1d" executionId="b62ded67-f1eb-4258-8522-911c6372ca9b" testListId="8c84fa94-04c1-424b-9868-57a2d4851a1d" />
    <TestEntry testId="4d52d405-ce70-b748-084d-06664d7c9c07" executionId="6f25b4ff-4e18-4872-a945-806d0de7daf9" testListId="8c84fa94-04c1-424b-9868-57a2d4851a1d" />
    <TestEntry testId="3584a05c-601d-7636-61cd-5cb18cfe1ff7" executionId="fc0b7049-add5-46e6-adb3-fa77fd8f21e4" testListId="8c84fa94-04c1-424b-9868-57a2d4851a1d" />
    <TestEntry testId="3b778cbd-ea3f-599b-2267-59608d74fb93" executionId="34065b46-8b6b-4a98-adee-c1e7a0791a7a" testListId="8c84fa94-04c1-424b-9868-57a2d4851a1d" />
    <TestEntry testId="b1cea376-3580-08b8-d268-9af06a7f1e78" executionId="048793f7-f854-4704-aceb-915bf86911a7" testListId="8c84fa94-04c1-424b-9868-57a2d4851a1d" />
    <TestEntry testId="50383592-5cc2-00e0-7823-322314c8d3e1" executionId="6269da01-6d95-4b95-9797-2d0c9b87f9b5" testListId="8c84fa94-04c1-424b-9868-57a2d4851a1d" />
    <TestEntry testId="fd1dc956-a631-cdae-4449-68bd843b6069" executionId="cc484d36-17f7-4535-8175-ca5a9f34c52f" testListId="8c84fa94-04c1-424b-9868-57a2d4851a1d" />
    <TestEntry testId="7568d57d-03cf-ec2d-4b76-ac1ea5892a2e" executionId="82423c42-25e7-480b-999d-3b00aa19319e" testListId="8c84fa94-04c1-424b-9868-57a2d4851a1d" />
    <TestEntry testId="6e344bfa-5499-2ec7-fa8c-bc4418f7164e" executionId="f798cf42-cccc-476c-9768-7d15dce32d37" testListId="8c84fa94-04c1-424b-9868-57a2d4851a1d" />
    <TestEntry testId="5b1ab424-c74b-9350-d2eb-ef9cfae55645" executionId="90e6267f-c5ac-4981-8f54-52a2bd55b583" testListId="8c84fa94-04c1-424b-9868-57a2d4851a1d" />
    <TestEntry testId="a9bcb195-2250-f615-599f-5028ef8c7f07" executionId="b99260f4-1452-464a-8360-0f7c8c523426" testListId="8c84fa94-04c1-424b-9868-57a2d4851a1d" />
    <TestEntry testId="6debf182-8726-2cb3-6825-ea98526b8f76" executionId="cc8969d3-a075-448f-87eb-adbc152e1794" testListId="8c84fa94-04c1-424b-9868-57a2d4851a1d" />
    <TestEntry testId="cd7be351-f64b-8115-11fc-448b89bd5ec6" executionId="5972ab71-9ec5-4469-a34a-279bae063c97" testListId="8c84fa94-04c1-424b-9868-57a2d4851a1d" />
  </TestEntries>
  <TestLists>
    <TestList name="Results Not in a List" id="8c84fa94-04c1-424b-9868-57a2d4851a1d" />
    <TestList name="All Loaded Results" id="19431567-8539-422a-85d7-44ee4e166bda" />
  </TestLists>
  <ResultSummary outcome="Completed">
    <Counters total="186" executed="120" passed="100" failed="20" error="0" timeout="0" aborted="0" inconclusive="0" passedButRunAborted="0" notRunnable="0" notExecuted="0" disconnected="0" warning="0" completed="0" inProgress="0" pending="0" />
    <CollectorDataEntries>
      <Collector agentName="RDSJ741TY1" uri="datacollector://microsoft/CodeCoverage/2.0" collectorDisplayName="Code Coverage">
        <UriAttachments>
          <UriAttachment>
            <A href="RDSJ741TY1\stevpet_RDSJ741TY1 2014-04-10 20_59_49.coverage">
            </A>
          </UriAttachment>
        </UriAttachments>
      </Collector>
    </CollectorDataEntries>
  </ResultSummary>
</TestRun>