<?xml version="1.0" encoding="utf-8"?>
<CoverageSession xmlns:xsd="http://www.w3.org/2001/XMLSchema" xmlns:xsi="http://www.w3.org/2001/XMLSchema-instance">
  <Summary numSequencePoints="969" visitedSequencePoints="196" numBranchPoints="485" visitedBranchPoints="58" sequenceCoverage="20.23" branchCoverage="11.96" maxCyclomaticComplexity="12" minCyclomaticComplexity="1" />
  <Modules>
    <Module skippedDueTo="Filter" hash="55-AF-51-38-4B-28-15-F1-51-86-6D-7F-87-95-FC-CC-9F-62-AD-B6">
      <FullName>C:\windows\Microsoft.Net\assembly\GAC_32\mscorlib\v4.0_4.0.0.0__b77a5c561934e089\mscorlib.dll</FullName>
      <ModuleName>mscorlib</ModuleName>
      <Classes />
    </Module>
    <Module skippedDueTo="Filter" hash="63-AB-40-1A-9A-13-52-F7-A5-D2-B4-61-56-E3-D7-95-20-7D-41-53">
      <FullName>C:\Program Files (x86)\Microsoft Visual Studio 11.0\Common7\IDE\CommonExtensions\Microsoft\TestWindow\vstest.console.exe</FullName>
      <ModuleName>vstest.console</ModuleName>
      <Classes />
    </Module>
    <Module skippedDueTo="Filter" hash="8F-9E-62-DA-96-A6-7E-4B-AA-2B-C2-CE-29-85-6B-0A-D0-4D-28-AC">
      <FullName>C:\Program Files (x86)\Microsoft Visual Studio 11.0\Common7\IDE\CommonExtensions\Microsoft\TestWindow\Microsoft.VisualStudio.TestPlatform.ObjectModel.dll</FullName>
      <ModuleName>Microsoft.VisualStudio.TestPlatform.ObjectModel</ModuleName>
      <Classes />
    </Module>
    <Module skippedDueTo="Filter" hash="07-CE-29-49-BC-50-E4-DD-E3-F7-C3-65-B2-51-22-B7-A8-8B-ED-AA">
      <FullName>C:\windows\Microsoft.Net\assembly\GAC_MSIL\System\v4.0_4.0.0.0__b77a5c561934e089\System.dll</FullName>
      <ModuleName>System</ModuleName>
      <Classes />
    </Module>
    <Module skippedDueTo="Filter" hash="E3-30-C9-0B-9B-B1-9B-30-08-04-31-DB-0F-94-7C-B3-A9-8B-5B-75">
      <FullName>C:\windows\Microsoft.Net\assembly\GAC_MSIL\System.Configuration\v4.0_4.0.0.0__b03f5f7f11d50a3a\System.Configuration.dll</FullName>
      <ModuleName>System.Configuration</ModuleName>
      <Classes />
    </Module>
    <Module skippedDueTo="Filter" hash="A0-AB-0F-DB-C8-A9-ED-50-B7-8B-8A-F2-59-CF-35-5E-E5-F6-78-AF">
      <FullName>C:\windows\Microsoft.Net\assembly\GAC_MSIL\System.Xml\v4.0_4.0.0.0__b77a5c561934e089\System.Xml.dll</FullName>
      <ModuleName>System.Xml</ModuleName>
      <Classes />
    </Module>
    <Module skippedDueTo="Filter" hash="F1-44-95-5D-EC-06-CA-8F-76-26-EF-A0-2C-FA-E5-D2-76-02-D1-8F">
      <FullName>C:\windows\Microsoft.Net\assembly\GAC_MSIL\System.ComponentModel.Composition\v4.0_4.0.0.0__b77a5c561934e089\System.ComponentModel.Composition.dll</FullName>
      <ModuleName>System.ComponentModel.Composition</ModuleName>
      <Classes />
    </Module>
    <Module skippedDueTo="Filter" hash="6C-AD-DD-23-E9-9E-0C-E2-15-18-AC-50-E6-75-38-B2-2C-D7-51-1B">
      <FullName>C:\Program Files (x86)\Microsoft Visual Studio 11.0\Common7\IDE\CommonExtensions\Microsoft\TestWindow\Microsoft.VisualStudio.TestPlatform.Common.dll</FullName>
      <ModuleName>Microsoft.VisualStudio.TestPlatform.Common</ModuleName>
      <Classes />
    </Module>
    <Module skippedDueTo="Filter" hash="BB-34-B8-9C-CF-09-59-44-C8-B7-C6-E3-E9-FE-77-96-01-CF-67-9D">
      <FullName>C:\windows\Microsoft.Net\assembly\GAC_MSIL\System.Core\v4.0_4.0.0.0__b77a5c561934e089\System.Core.dll</FullName>
      <ModuleName>System.Core</ModuleName>
      <Classes />
    </Module>
    <Module skippedDueTo="Filter" hash="25-9C-41-86-E6-84-17-C1-5B-02-17-4A-A3-09-67-75-56-24-1A-AB">
      <FullName>C:\Program Files (x86)\Microsoft Visual Studio 11.0\Common7\IDE\CommonExtensions\Microsoft\TestWindow\Microsoft.VisualStudio.TestPlatform.Core.dll</FullName>
      <ModuleName>Microsoft.VisualStudio.TestPlatform.Core</ModuleName>
      <Classes />
    </Module>
    <Module skippedDueTo="Filter" hash="8B-CE-0B-F0-C5-84-2C-DC-1F-B2-D2-4B-19-4E-BA-7A-E1-20-89-02">
      <FullName>C:\Program Files (x86)\Microsoft Visual Studio 11.0\Common7\IDE\CommonExtensions\Microsoft\TestWindow\Microsoft.VisualStudio.TestPlatform.Utilities.dll</FullName>
      <ModuleName>Microsoft.VisualStudio.TestPlatform.Utilities</ModuleName>
      <Classes />
    </Module>
    <Module skippedDueTo="Filter" hash="AF-6B-49-7A-4D-53-F8-B9-2A-8A-72-64-94-53-AA-EC-08-9F-14-20">
      <FullName>C:\Program Files (x86)\Microsoft Visual Studio 11.0\Common7\IDE\CommonExtensions\Microsoft\TestWindow\Microsoft.VisualStudio.TestPlatform.Client.dll</FullName>
      <ModuleName>Microsoft.VisualStudio.TestPlatform.Client</ModuleName>
      <Classes />
    </Module>
    <Module skippedDueTo="Filter" hash="AC-09-9D-CE-F7-D6-55-FC-45-FB-CB-D0-A1-1A-A4-80-B0-0B-4A-3A">
      <FullName>C:\windows\Microsoft.Net\assembly\GAC_MSIL\System.ServiceModel\v4.0_4.0.0.0__b77a5c561934e089\System.ServiceModel.dll</FullName>
      <ModuleName>System.ServiceModel</ModuleName>
      <Classes />
    </Module>
    <Module skippedDueTo="Filter" hash="03-57-A7-4A-D2-DB-4C-71-B7-FF-F2-D0-E6-24-95-3F-05-B4-7C-D0">
      <FullName>C:\windows\Microsoft.Net\assembly\GAC_32\System.Transactions\v4.0_4.0.0.0__b77a5c561934e089\System.Transactions.dll</FullName>
      <ModuleName>System.Transactions</ModuleName>
      <Classes />
    </Module>
    <Module skippedDueTo="Filter" hash="">
      <FullName>RefEmit_InMemoryManifestModule</FullName>
      <ModuleName>MetadataViewProxies_34babf1d-78c5-402b-8ddf-e5914747c397</ModuleName>
      <Classes />
    </Module>
    <Module skippedDueTo="Filter" hash="5F-FF-5C-4E-9D-66-AC-D5-FF-A0-23-E3-3D-11-01-70-28-5F-A9-29">
      <FullName>C:\windows\assembly\GAC_MSIL\Microsoft.VisualStudio.Diagnostics.Measurement\11.0.0.0__b03f5f7f11d50a3a\Microsoft.VisualStudio.Diagnostics.Measurement.dll</FullName>
      <ModuleName>Microsoft.VisualStudio.Diagnostics.Measurement</ModuleName>
      <Classes />
    </Module>
    <Module skippedDueTo="Filter" hash="1F-B7-D0-E7-B3-6D-4B-A1-70-AD-45-B1-56-C9-82-8E-9D-9F-61-77">
      <FullName>C:\Program Files (x86)\Microsoft Visual Studio 11.0\Common7\IDE\CommonExtensions\Microsoft\TestWindow\Extensions\Microsoft.VisualStudio.TestPlatform.Extensions.dll</FullName>
      <ModuleName>Microsoft.VisualStudio.TestPlatform.Extensions</ModuleName>
      <Classes />
    </Module>
    <Module skippedDueTo="Filter" hash="33-E3-0A-9E-6E-7B-7F-5A-FB-58-A7-2C-F3-1A-34-9A-F9-ED-DC-41">
      <FullName>C:\Program Files (x86)\Microsoft Visual Studio 11.0\Common7\IDE\CommonExtensions\Microsoft\TestWindow\Extensions\Microsoft.VisualStudio.TestPlatform.Extensions.GenericTestAdapter.dll</FullName>
      <ModuleName>Microsoft.VisualStudio.TestPlatform.Extensions.GenericTestAdapter</ModuleName>
      <Classes />
    </Module>
    <Module skippedDueTo="Filter" hash="C8-EC-B6-55-C4-2D-55-4B-55-2D-0D-3F-2E-BF-B5-BF-AD-D6-66-9E">
      <FullName>C:\Program Files (x86)\Microsoft Visual Studio 11.0\Common7\IDE\CommonExtensions\Microsoft\TestWindow\Extensions\Microsoft.VisualStudio.TestPlatform.Extensions.MSAppContainerAdapter.dll</FullName>
      <ModuleName>Microsoft.VisualStudio.TestPlatform.Extensions.MSAppContainerAdapter</ModuleName>
      <Classes />
    </Module>
    <Module skippedDueTo="Filter" hash="9D-8D-97-57-91-8E-B2-D2-F4-A2-B9-59-3F-56-73-EB-12-B3-3E-7B">
      <FullName>C:\Program Files (x86)\Microsoft Visual Studio 11.0\Common7\IDE\CommonExtensions\Microsoft\TestWindow\Extensions\Microsoft.VisualStudio.TestPlatform.UnitTestFramework.dll</FullName>
      <ModuleName>Microsoft.VisualStudio.TestPlatform.UnitTestFramework</ModuleName>
      <Classes />
    </Module>
    <Module skippedDueTo="Filter" hash="61-6B-08-35-5D-14-30-32-C8-D7-4C-EB-35-93-AA-29-B9-18-9D-E2">
      <FullName>C:\Program Files (x86)\Microsoft Visual Studio 11.0\Common7\IDE\CommonExtensions\Microsoft\TestWindow\Extensions\Microsoft.VisualStudio.TestPlatform.Extensions.OrderedTestAdapter.dll</FullName>
      <ModuleName>Microsoft.VisualStudio.TestPlatform.Extensions.OrderedTestAdapter</ModuleName>
      <Classes />
    </Module>
    <Module skippedDueTo="Filter" hash="AE-2D-4D-33-F3-FD-59-2C-A8-DD-0A-04-33-54-1C-6C-F2-F2-D5-51">
      <FullName>C:\Program Files (x86)\Microsoft Visual Studio 11.0\Common7\IDE\CommonExtensions\Microsoft\TestWindow\Extensions\Microsoft.VisualStudio.TestPlatform.Extensions.TfsLogger.dll</FullName>
      <ModuleName>Microsoft.VisualStudio.TestPlatform.Extensions.TfsLogger</ModuleName>
      <Classes />
    </Module>
    <Module skippedDueTo="Filter" hash="29-EC-98-54-05-D5-ED-FE-B8-0F-1D-E8-8D-61-0B-59-46-D3-08-CC">
      <FullName>C:\Program Files (x86)\Microsoft Visual Studio 11.0\Common7\IDE\CommonExtensions\Microsoft\TestWindow\Extensions\Microsoft.VisualStudio.TestPlatform.Extensions.TmiAdapter.dll</FullName>
      <ModuleName>Microsoft.VisualStudio.TestPlatform.Extensions.TmiAdapter</ModuleName>
      <Classes />
    </Module>
    <Module skippedDueTo="Filter" hash="A6-0C-BE-0E-32-DA-76-AB-87-F3-08-12-27-25-1B-23-AF-F6-FC-7D">
      <FullName>C:\windows\assembly\GAC_MSIL\Microsoft.VisualStudio.QualityTools.Common\11.0.0.0__b03f5f7f11d50a3a\Microsoft.VisualStudio.QualityTools.Common.dll</FullName>
      <ModuleName>Microsoft.VisualStudio.QualityTools.Common</ModuleName>
      <Classes />
    </Module>
    <Module skippedDueTo="Filter" hash="47-41-13-58-43-CF-06-CC-C5-EA-5E-C8-E4-84-B4-80-D9-13-1A-7B">
      <FullName>C:\Program Files (x86)\Microsoft Visual Studio 11.0\Common7\IDE\CommonExtensions\Microsoft\TestWindow\Extensions\Microsoft.VisualStudio.TestPlatform.Extensions.TrxLogger.dll</FullName>
      <ModuleName>Microsoft.VisualStudio.TestPlatform.Extensions.TrxLogger</ModuleName>
      <Classes />
    </Module>
    <Module skippedDueTo="Filter" hash="A6-14-D2-CE-86-1D-F5-A0-0F-B7-A1-68-8F-DC-DA-08-C8-41-DE-4E">
      <FullName>C:\Program Files (x86)\Microsoft Visual Studio 11.0\Common7\IDE\CommonExtensions\Microsoft\TestWindow\Extensions\Microsoft.VisualStudio.TestPlatform.Extensions.VSTestIntegration.dll</FullName>
      <ModuleName>Microsoft.VisualStudio.TestPlatform.Extensions.VSTestIntegration</ModuleName>
      <Classes />
    </Module>
    <Module skippedDueTo="Filter" hash="1A-8E-7F-63-79-81-73-62-C8-B6-77-39-F8-97-1B-CB-6B-2B-67-76">
      <FullName>C:\windows\Microsoft.Net\assembly\GAC_MSIL\Microsoft.VisualStudio.QualityTools.UnitTestFramework\v4.0_10.0.0.0__b03f5f7f11d50a3a\Microsoft.VisualStudio.QualityTools.UnitTestFramework.dll</FullName>
      <ModuleName>Microsoft.VisualStudio.QualityTools.UnitTestFramework</ModuleName>
      <Classes />
    </Module>
    <Module skippedDueTo="Filter" hash="E0-F1-FD-DF-F4-C3-19-8E-E2-4C-8F-B5-3C-45-97-01-98-41-54-BD">
      <FullName>C:\windows\Microsoft.Net\assembly\GAC_32\System.Data\v4.0_4.0.0.0__b77a5c561934e089\System.Data.dll</FullName>
      <ModuleName>System.Data</ModuleName>
      <Classes />
    </Module>
    <Module skippedDueTo="Filter" hash="4E-56-4C-8E-45-10-8D-5C-E0-B5-DD-E6-9A-1C-CC-48-31-D6-A1-9B">
      <FullName>C:\Program Files (x86)\Microsoft Visual Studio 11.0\Common7\IDE\CommonExtensions\Microsoft\TestWindow\Extensions\Microsoft.VisualStudio.TestTools.CppUnitTestFramework.ComInterfaces.dll</FullName>
      <ModuleName>Microsoft.VisualStudio.TestTools.CppUnitTestFramework.ComInterfaces</ModuleName>
      <Classes />
    </Module>
    <Module skippedDueTo="Filter" hash="63-56-88-EA-E4-9A-D3-9A-8A-72-B7-AB-62-54-42-30-59-AF-63-A9">
      <FullName>C:\Program Files (x86)\Microsoft Visual Studio 11.0\Common7\IDE\CommonExtensions\Microsoft\TestWindow\Extensions\Microsoft.VisualStudio.TestTools.CppUnitTestFramework.CppUnitTestExtension.dll</FullName>
      <ModuleName>Microsoft.VisualStudio.TestTools.CppUnitTestFramework.CppUnitTestExtension</ModuleName>
      <Classes />
    </Module>
    <Module skippedDueTo="Filter" hash="B2-8C-54-BA-B0-00-94-5F-68-74-A8-09-8B-8E-7F-75-B1-24-01-23">
      <FullName>C:\windows\Microsoft.Net\assembly\GAC_MSIL\SMDiagnostics\v4.0_4.0.0.0__b77a5c561934e089\SMDiagnostics.dll</FullName>
      <ModuleName>SMDiagnostics</ModuleName>
      <Classes />
    </Module>
    <Module hash="C8-83-54-E6-3B-24-A7-AC-81-1E-46-8C-84-70-5E-91-67-2E-3F-7A">
      <Summary numSequencePoints="6" visitedSequencePoints="6" numBranchPoints="1" visitedBranchPoints="1" sequenceCoverage="100" branchCoverage="100" maxCyclomaticComplexity="1" minCyclomaticComplexity="1" />
      <FullName>C:\Development\Jewel.Release.Oahu\JewelEarth\Core\ThinClient\Common.UnitTest\bin\Debug\Common.UnitTest.dll</FullName>
      <ModuleName>Common.UnitTest</ModuleName>
      <Files>
        <File uid="1" fullPath="c:\Development\Jewel.Release.Oahu\JewelEarth\Core\ThinClient\Common.UnitTest\SerializationHelperTest.cs" />
      </Files>
      <Classes>
        <Class>
          <Summary numSequencePoints="0" visitedSequencePoints="0" numBranchPoints="0" visitedBranchPoints="0" sequenceCoverage="0" branchCoverage="0" maxCyclomaticComplexity="0" minCyclomaticComplexity="0" />
          <FullName>&lt;Module&gt;</FullName>
          <Methods />
        </Class>
        <Class>
          <Summary numSequencePoints="0" visitedSequencePoints="0" numBranchPoints="0" visitedBranchPoints="0" sequenceCoverage="0" branchCoverage="0" maxCyclomaticComplexity="1" minCyclomaticComplexity="1" />
          <FullName>BHI.JewelEarth.ThinClient.Common.UnitTest.ExpressionConvertTest</FullName>
          <Methods>
            <Method visited="false" cyclomaticComplexity="1" sequenceCoverage="0" branchCoverage="0" isConstructor="true" isStatic="false" isGetter="false" isSetter="false">
              <Summary numSequencePoints="0" visitedSequencePoints="0" numBranchPoints="0" visitedBranchPoints="0" sequenceCoverage="0" branchCoverage="0" maxCyclomaticComplexity="1" minCyclomaticComplexity="1" />
              <MetadataToken>100663297</MetadataToken>
              <Name>System.Void BHI.JewelEarth.ThinClient.Common.UnitTest.ExpressionConvertTest::.ctor()</Name>
              <SequencePoints />
              <BranchPoints />
              <MethodPoint vc="0" uspid="1" ordinal="0" offset="0" />
            </Method>
          </Methods>
        </Class>
        <Class>
          <Summary numSequencePoints="6" visitedSequencePoints="6" numBranchPoints="1" visitedBranchPoints="1" sequenceCoverage="100" branchCoverage="100" maxCyclomaticComplexity="1" minCyclomaticComplexity="1" />
          <FullName>BHI.JewelEarth.ThinClient.Common.UnitTest.SerializationHelperTest</FullName>
          <Methods>
            <Method visited="true" cyclomaticComplexity="1" sequenceCoverage="100" branchCoverage="100" isConstructor="false" isStatic="false" isGetter="false" isSetter="false">
              <Summary numSequencePoints="6" visitedSequencePoints="6" numBranchPoints="1" visitedBranchPoints="1" sequenceCoverage="100" branchCoverage="100" maxCyclomaticComplexity="1" minCyclomaticComplexity="1" />
              <MetadataToken>100663298</MetadataToken>
              <Name>System.Void BHI.JewelEarth.ThinClient.Common.UnitTest.SerializationHelperTest::CreateInputClassWithNewGuid_SerializeAndDesirializeId_InputGuidAreEqualToOutputGuid()</Name>
              <FileRef uid="1" />
              <SequencePoints>
                <SequencePoint vc="1" uspid="2" ordinal="0" offset="0" sl="40" sc="9" el="40" ec="10" />
                <SequencePoint vc="1" uspid="3" ordinal="1" offset="1" sl="41" sc="13" el="41" ec="57" />
                <SequencePoint vc="1" uspid="4" ordinal="2" offset="21" sl="43" sc="13" el="43" ec="64" />
                <SequencePoint vc="1" uspid="5" ordinal="3" offset="29" sl="44" sc="13" el="44" ec="69" />
                <SequencePoint vc="1" uspid="6" ordinal="4" offset="36" sl="46" sc="13" el="46" ec="54" />
                <SequencePoint vc="1" uspid="7" ordinal="5" offset="54" sl="47" sc="9" el="47" ec="10" />
              </SequencePoints>
              <BranchPoints />
              <MethodPoint xsi:type="SequencePoint" vc="1" uspid="2" ordinal="0" offset="0" sl="40" sc="9" el="40" ec="10" />
            </Method>
            <Method visited="true" cyclomaticComplexity="1" sequenceCoverage="0" branchCoverage="0" isConstructor="true" isStatic="false" isGetter="false" isSetter="false">
              <Summary numSequencePoints="0" visitedSequencePoints="0" numBranchPoints="0" visitedBranchPoints="0" sequenceCoverage="0" branchCoverage="0" maxCyclomaticComplexity="1" minCyclomaticComplexity="1" />
              <MetadataToken>100663299</MetadataToken>
              <Name>System.Void BHI.JewelEarth.ThinClient.Common.UnitTest.SerializationHelperTest::.ctor()</Name>
              <SequencePoints />
              <BranchPoints />
              <MethodPoint vc="1" uspid="8" ordinal="0" offset="0" />
            </Method>
          </Methods>
        </Class>
        <Class>
          <Summary numSequencePoints="0" visitedSequencePoints="0" numBranchPoints="0" visitedBranchPoints="0" sequenceCoverage="0" branchCoverage="0" maxCyclomaticComplexity="1" minCyclomaticComplexity="1" />
          <FullName>BHI.JewelEarth.ThinClient.Common.UnitTest.SerializationHelperTest/Foo</FullName>
          <Methods>
            <Method visited="true" cyclomaticComplexity="1" sequenceCoverage="0" branchCoverage="0" isConstructor="false" isStatic="false" isGetter="true" isSetter="false">
              <Summary numSequencePoints="0" visitedSequencePoints="0" numBranchPoints="0" visitedBranchPoints="0" sequenceCoverage="0" branchCoverage="0" maxCyclomaticComplexity="1" minCyclomaticComplexity="1" />
              <MetadataToken>100663300</MetadataToken>
              <Name>System.Guid BHI.JewelEarth.ThinClient.Common.UnitTest.SerializationHelperTest/Foo::get_Guid()</Name>
              <SequencePoints />
              <BranchPoints />
              <MethodPoint vc="4" uspid="9" ordinal="0" offset="0" />
            </Method>
            <Method visited="true" cyclomaticComplexity="1" sequenceCoverage="0" branchCoverage="0" isConstructor="false" isStatic="false" isGetter="false" isSetter="true">
              <Summary numSequencePoints="0" visitedSequencePoints="0" numBranchPoints="0" visitedBranchPoints="0" sequenceCoverage="0" branchCoverage="0" maxCyclomaticComplexity="1" minCyclomaticComplexity="1" />
              <MetadataToken>100663301</MetadataToken>
              <Name>System.Void BHI.JewelEarth.ThinClient.Common.UnitTest.SerializationHelperTest/Foo::set_Guid(System.Guid)</Name>
              <SequencePoints />
              <BranchPoints />
              <MethodPoint vc="2" uspid="10" ordinal="0" offset="0" />
            </Method>
            <Method visited="true" cyclomaticComplexity="1" sequenceCoverage="0" branchCoverage="0" isConstructor="true" isStatic="false" isGetter="false" isSetter="false">
              <Summary numSequencePoints="0" visitedSequencePoints="0" numBranchPoints="0" visitedBranchPoints="0" sequenceCoverage="0" branchCoverage="0" maxCyclomaticComplexity="1" minCyclomaticComplexity="1" />
              <MetadataToken>100663302</MetadataToken>
              <Name>System.Void BHI.JewelEarth.ThinClient.Common.UnitTest.SerializationHelperTest/Foo::.ctor()</Name>
              <SequencePoints />
              <BranchPoints />
              <MethodPoint vc="2" uspid="11" ordinal="0" offset="0" />
            </Method>
          </Methods>
        </Class>
      </Classes>
    </Module>
    <Module hash="D1-2B-32-82-5C-B8-0F-12-72-BF-95-C8-4D-69-61-34-F9-AF-C1-20">
      <Summary numSequencePoints="78" visitedSequencePoints="75" numBranchPoints="11" visitedBranchPoints="9" sequenceCoverage="96.15" branchCoverage="81.82" maxCyclomaticComplexity="2" minCyclomaticComplexity="1" />
      <FullName>C:\Development\Jewel.Release.Oahu\JewelEarth\Core\ThinClient\Infrastructure.UnitTest\bin\Debug\Infrastructure.UnitTest.dll</FullName>
      <ModuleName>Infrastructure.UnitTest</ModuleName>
      <Files>
        <File uid="3" fullPath="c:\Development\Jewel.Release.Oahu\JewelEarth\Core\ThinClient\Infrastructure.UnitTest\ApiResourceHandlerTest.cs" />
        <File uid="4" fullPath="c:\Development\Jewel.Release.Oahu\JewelEarth\Core\ThinClient\Infrastructure.UnitTest\VirtualResourceHandlerTest.cs" />
      </Files>
      <Classes>
        <Class>
          <Summary numSequencePoints="0" visitedSequencePoints="0" numBranchPoints="0" visitedBranchPoints="0" sequenceCoverage="0" branchCoverage="0" maxCyclomaticComplexity="0" minCyclomaticComplexity="0" />
          <FullName>&lt;Module&gt;</FullName>
          <Methods />
        </Class>
        <Class>
          <Summary numSequencePoints="38" visitedSequencePoints="37" numBranchPoints="4" visitedBranchPoints="4" sequenceCoverage="97.37" branchCoverage="100" maxCyclomaticComplexity="1" minCyclomaticComplexity="1" />
          <FullName>BHI.JewelEarth.ThinClient.Infrastructure.UnitTest.ApiResourceHandlerTest</FullName>
          <Methods>
            <Method visited="true" cyclomaticComplexity="1" sequenceCoverage="100" branchCoverage="100" isConstructor="false" isStatic="false" isGetter="false" isSetter="false">
              <Summary numSequencePoints="7" visitedSequencePoints="7" numBranchPoints="1" visitedBranchPoints="1" sequenceCoverage="100" branchCoverage="100" maxCyclomaticComplexity="1" minCyclomaticComplexity="1" />
              <MetadataToken>100663297</MetadataToken>
              <Name>System.Void BHI.JewelEarth.ThinClient.Infrastructure.UnitTest.ApiResourceHandlerTest::ApiResourceHandler_Test_MatchSucceeded()</Name>
              <FileRef uid="3" />
              <SequencePoints>
                <SequencePoint vc="1" uspid="12" ordinal="0" offset="0" sl="45" sc="9" el="45" ec="10" />
                <SequencePoint vc="1" uspid="13" ordinal="1" offset="1" sl="46" sc="13" el="46" ec="59" />
                <SequencePoint vc="1" uspid="14" ordinal="2" offset="7" sl="47" sc="13" el="50" ec="15" />
                <SequencePoint vc="1" uspid="15" ordinal="3" offset="36" sl="52" sc="13" el="52" ec="83" />
                <SequencePoint vc="1" uspid="16" ordinal="4" offset="48" sl="53" sc="13" el="53" ec="50" />
                <SequencePoint vc="1" uspid="17" ordinal="5" offset="56" sl="55" sc="13" el="55" ec="35" />
                <SequencePoint vc="1" uspid="18" ordinal="6" offset="63" sl="56" sc="9" el="56" ec="10" />
              </SequencePoints>
              <BranchPoints />
              <MethodPoint xsi:type="SequencePoint" vc="1" uspid="12" ordinal="0" offset="0" sl="45" sc="9" el="45" ec="10" />
            </Method>
            <Method visited="true" cyclomaticComplexity="1" sequenceCoverage="100" branchCoverage="100" isConstructor="false" isStatic="false" isGetter="false" isSetter="false">
              <Summary numSequencePoints="7" visitedSequencePoints="7" numBranchPoints="1" visitedBranchPoints="1" sequenceCoverage="100" branchCoverage="100" maxCyclomaticComplexity="1" minCyclomaticComplexity="1" />
              <MetadataToken>100663298</MetadataToken>
              <Name>System.Void BHI.JewelEarth.ThinClient.Infrastructure.UnitTest.ApiResourceHandlerTest::ApiResourceHandler_Test_MatchFailed()</Name>
              <FileRef uid="3" />
              <SequencePoints>
                <SequencePoint vc="1" uspid="19" ordinal="0" offset="0" sl="60" sc="9" el="60" ec="10" />
                <SequencePoint vc="1" uspid="20" ordinal="1" offset="1" sl="61" sc="13" el="61" ec="59" />
                <SequencePoint vc="1" uspid="21" ordinal="2" offset="7" sl="62" sc="13" el="65" ec="15" />
                <SequencePoint vc="1" uspid="22" ordinal="3" offset="36" sl="67" sc="13" el="67" ec="83" />
                <SequencePoint vc="1" uspid="23" ordinal="4" offset="48" sl="68" sc="13" el="68" ec="50" />
                <SequencePoint vc="1" uspid="24" ordinal="5" offset="56" sl="70" sc="13" el="70" ec="36" />
                <SequencePoint vc="1" uspid="25" ordinal="6" offset="63" sl="71" sc="9" el="71" ec="10" />
              </SequencePoints>
              <BranchPoints />
              <MethodPoint xsi:type="SequencePoint" vc="1" uspid="19" ordinal="0" offset="0" sl="60" sc="9" el="60" ec="10" />
            </Method>
            <Method visited="true" cyclomaticComplexity="1" sequenceCoverage="100" branchCoverage="100" isConstructor="false" isStatic="false" isGetter="false" isSetter="false">
              <Summary numSequencePoints="14" visitedSequencePoints="14" numBranchPoints="1" visitedBranchPoints="1" sequenceCoverage="100" branchCoverage="100" maxCyclomaticComplexity="1" minCyclomaticComplexity="1" />
              <MetadataToken>100663299</MetadataToken>
              <Name>System.Void BHI.JewelEarth.ThinClient.Infrastructure.UnitTest.ApiResourceHandlerTest::ApiResourceHandler_Test_ProcessRequest_Succeeded()</Name>
              <FileRef uid="3" />
              <SequencePoints>
                <SequencePoint vc="1" uspid="26" ordinal="0" offset="0" sl="75" sc="9" el="75" ec="10" />
                <SequencePoint vc="1" uspid="27" ordinal="1" offset="1" sl="76" sc="13" el="76" ec="35" />
                <SequencePoint vc="1" uspid="28" ordinal="2" offset="4" sl="78" sc="13" el="78" ec="72" />
                <SequencePoint vc="1" uspid="29" ordinal="3" offset="32" sl="80" sc="13" el="80" ec="50" />
                <SequencePoint vc="1" uspid="30" ordinal="4" offset="38" sl="81" sc="13" el="81" ec="77" />
                <SequencePoint vc="1" uspid="31" ordinal="5" offset="120" sl="83" sc="13" el="83" ec="68" />
                <SequencePoint vc="1" uspid="32" ordinal="6" offset="136" sl="84" sc="13" el="84" ec="42" />
                <SequencePoint vc="1" uspid="33" ordinal="7" offset="143" sl="85" sc="13" el="85" ec="66" />
                <SequencePoint vc="1" uspid="34" ordinal="8" offset="150" sl="86" sc="13" el="86" ec="90" />
                <SequencePoint vc="1" uspid="35" ordinal="9" offset="270" sl="88" sc="13" el="88" ec="90" />
                <SequencePoint vc="1" uspid="36" ordinal="10" offset="284" sl="89" sc="13" el="89" ec="62" />
                <SequencePoint vc="1" uspid="37" ordinal="11" offset="299" sl="91" sc="13" el="91" ec="60" />
                <SequencePoint vc="1" uspid="38" ordinal="12" offset="316" sl="92" sc="13" el="92" ec="80" />
                <SequencePoint vc="1" uspid="39" ordinal="13" offset="341" sl="93" sc="9" el="93" ec="10" />
              </SequencePoints>
              <BranchPoints />
              <MethodPoint xsi:type="SequencePoint" vc="1" uspid="26" ordinal="0" offset="0" sl="75" sc="9" el="75" ec="10" />
            </Method>
            <Method visited="true" cyclomaticComplexity="1" sequenceCoverage="90" branchCoverage="100" isConstructor="false" isStatic="false" isGetter="false" isSetter="false">
              <Summary numSequencePoints="10" visitedSequencePoints="9" numBranchPoints="1" visitedBranchPoints="1" sequenceCoverage="90" branchCoverage="100" maxCyclomaticComplexity="1" minCyclomaticComplexity="1" />
              <MetadataToken>100663300</MetadataToken>
              <Name>System.Void BHI.JewelEarth.ThinClient.Infrastructure.UnitTest.ApiResourceHandlerTest::ApiResourceHandler_Test_ProcessEmptyRequest_Failed()</Name>
              <FileRef uid="3" />
              <SequencePoints>
                <SequencePoint vc="1" uspid="40" ordinal="0" offset="0" sl="98" sc="9" el="98" ec="10" />
                <SequencePoint vc="1" uspid="41" ordinal="1" offset="1" sl="99" sc="13" el="99" ec="64" />
                <SequencePoint vc="1" uspid="42" ordinal="2" offset="20" sl="101" sc="13" el="101" ec="50" />
                <SequencePoint vc="1" uspid="43" ordinal="3" offset="26" sl="102" sc="13" el="102" ec="77" />
                <SequencePoint vc="1" uspid="44" ordinal="4" offset="108" sl="104" sc="13" el="104" ec="68" />
                <SequencePoint vc="1" uspid="45" ordinal="5" offset="124" sl="105" sc="13" el="105" ec="66" />
                <SequencePoint vc="1" uspid="46" ordinal="6" offset="130" sl="106" sc="13" el="106" ec="90" />
                <SequencePoint vc="1" uspid="47" ordinal="7" offset="249" sl="108" sc="13" el="108" ec="90" />
                <SequencePoint vc="1" uspid="48" ordinal="8" offset="262" sl="109" sc="13" el="109" ec="62" />
                <SequencePoint vc="0" uspid="49" ordinal="9" offset="277" sl="110" sc="9" el="110" ec="10" />
              </SequencePoints>
              <BranchPoints />
              <MethodPoint xsi:type="SequencePoint" vc="1" uspid="40" ordinal="0" offset="0" sl="98" sc="9" el="98" ec="10" />
            </Method>
            <Method visited="true" cyclomaticComplexity="1" sequenceCoverage="0" branchCoverage="0" isConstructor="true" isStatic="false" isGetter="false" isSetter="false">
              <Summary numSequencePoints="0" visitedSequencePoints="0" numBranchPoints="0" visitedBranchPoints="0" sequenceCoverage="0" branchCoverage="0" maxCyclomaticComplexity="1" minCyclomaticComplexity="1" />
              <MetadataToken>100663301</MetadataToken>
              <Name>System.Void BHI.JewelEarth.ThinClient.Infrastructure.UnitTest.ApiResourceHandlerTest::.ctor()</Name>
              <SequencePoints />
              <BranchPoints />
              <MethodPoint vc="4" uspid="50" ordinal="0" offset="0" />
            </Method>
          </Methods>
        </Class>
        <Class>
          <Summary numSequencePoints="40" visitedSequencePoints="38" numBranchPoints="7" visitedBranchPoints="5" sequenceCoverage="95" branchCoverage="71.43" maxCyclomaticComplexity="2" minCyclomaticComplexity="1" />
          <FullName>BHI.JewelEarth.ThinClient.Infrastructure.UnitTest.VirtualResourceHandlerTest</FullName>
          <Methods>
            <Method visited="true" cyclomaticComplexity="1" sequenceCoverage="100" branchCoverage="100" isConstructor="false" isStatic="false" isGetter="false" isSetter="false">
              <Summary numSequencePoints="6" visitedSequencePoints="6" numBranchPoints="1" visitedBranchPoints="1" sequenceCoverage="100" branchCoverage="100" maxCyclomaticComplexity="1" minCyclomaticComplexity="1" />
              <MetadataToken>100663302</MetadataToken>
              <Name>System.Void BHI.JewelEarth.ThinClient.Infrastructure.UnitTest.VirtualResourceHandlerTest::VirtualResourceHandler_Test_MatchSucceeded()</Name>
              <FileRef uid="4" />
              <SequencePoints>
                <SequencePoint vc="1" uspid="51" ordinal="0" offset="0" sl="46" sc="9" el="46" ec="10" />
                <SequencePoint vc="1" uspid="52" ordinal="1" offset="1" sl="47" sc="13" el="50" ec="15" />
                <SequencePoint vc="1" uspid="53" ordinal="2" offset="27" sl="52" sc="13" el="52" ec="56" />
                <SequencePoint vc="1" uspid="54" ordinal="3" offset="33" sl="53" sc="13" el="53" ec="50" />
                <SequencePoint vc="1" uspid="55" ordinal="4" offset="41" sl="55" sc="13" el="55" ec="36" />
                <SequencePoint vc="1" uspid="56" ordinal="5" offset="48" sl="56" sc="9" el="56" ec="10" />
              </SequencePoints>
              <BranchPoints />
              <MethodPoint xsi:type="SequencePoint" vc="1" uspid="51" ordinal="0" offset="0" sl="46" sc="9" el="46" ec="10" />
            </Method>
            <Method visited="true" cyclomaticComplexity="1" sequenceCoverage="100" branchCoverage="100" isConstructor="false" isStatic="false" isGetter="false" isSetter="false">
              <Summary numSequencePoints="6" visitedSequencePoints="6" numBranchPoints="1" visitedBranchPoints="1" sequenceCoverage="100" branchCoverage="100" maxCyclomaticComplexity="1" minCyclomaticComplexity="1" />
              <MetadataToken>100663303</MetadataToken>
              <Name>System.Void BHI.JewelEarth.ThinClient.Infrastructure.UnitTest.VirtualResourceHandlerTest::VirtualResourceHandler_Test_MatchFailed()</Name>
              <FileRef uid="4" />
              <SequencePoints>
                <SequencePoint vc="1" uspid="57" ordinal="0" offset="0" sl="60" sc="9" el="60" ec="10" />
                <SequencePoint vc="1" uspid="58" ordinal="1" offset="1" sl="61" sc="13" el="64" ec="15" />
                <SequencePoint vc="1" uspid="59" ordinal="2" offset="27" sl="66" sc="13" el="66" ec="56" />
                <SequencePoint vc="1" uspid="60" ordinal="3" offset="33" sl="67" sc="13" el="67" ec="50" />
                <SequencePoint vc="1" uspid="61" ordinal="4" offset="41" sl="69" sc="13" el="69" ec="36" />
                <SequencePoint vc="1" uspid="62" ordinal="5" offset="48" sl="70" sc="9" el="70" ec="10" />
              </SequencePoints>
              <BranchPoints />
              <MethodPoint xsi:type="SequencePoint" vc="1" uspid="57" ordinal="0" offset="0" sl="60" sc="9" el="60" ec="10" />
            </Method>
            <Method visited="true" cyclomaticComplexity="2" sequenceCoverage="100" branchCoverage="66.67" isConstructor="false" isStatic="false" isGetter="false" isSetter="false">
              <Summary numSequencePoints="19" visitedSequencePoints="19" numBranchPoints="3" visitedBranchPoints="2" sequenceCoverage="100" branchCoverage="66.67" maxCyclomaticComplexity="2" minCyclomaticComplexity="2" />
              <MetadataToken>100663304</MetadataToken>
              <Name>System.Void BHI.JewelEarth.ThinClient.Infrastructure.UnitTest.VirtualResourceHandlerTest::VirtualResourceHandler_Test_ProcessRequest_Succeeded()</Name>
              <FileRef uid="4" />
              <SequencePoints>
                <SequencePoint vc="1" uspid="63" ordinal="0" offset="0" sl="74" sc="9" el="74" ec="10" />
                <SequencePoint vc="1" uspid="64" ordinal="1" offset="1" sl="75" sc="13" el="75" ec="78" />
                <SequencePoint vc="1" uspid="65" ordinal="2" offset="7" sl="77" sc="13" el="77" ec="131" />
                <SequencePoint vc="1" uspid="66" ordinal="3" offset="60" sl="79" sc="13" el="79" ec="50" />
                <SequencePoint vc="1" uspid="67" ordinal="4" offset="66" sl="80" sc="13" el="80" ec="77" />
                <SequencePoint vc="1" uspid="68" ordinal="5" offset="148" sl="82" sc="13" el="82" ec="66" />
                <SequencePoint vc="1" uspid="69" ordinal="6" offset="154" sl="83" sc="13" el="83" ec="98" />
                <SequencePoint vc="1" uspid="70" ordinal="7" offset="303" sl="85" sc="13" el="85" ec="56" />
                <SequencePoint vc="1" uspid="71" ordinal="8" offset="310" sl="87" sc="13" el="87" ec="48" />
                <SequencePoint vc="1" uspid="72" ordinal="9" offset="317" sl="88" sc="13" el="88" ec="59" />
                <SequencePoint vc="1" uspid="73" ordinal="10" offset="396" sl="89" sc="13" el="89" ec="94" />
                <SequencePoint vc="1" uspid="74" ordinal="11" offset="491" sl="90" sc="13" el="90" ec="68" />
                <SequencePoint vc="1" uspid="75" ordinal="12" offset="574" sl="92" sc="13" el="92" ec="50" />
                <SequencePoint vc="1" uspid="76" ordinal="13" offset="581" sl="93" sc="13" el="93" ec="63" />
                <SequencePoint vc="1" uspid="77" ordinal="14" offset="660" sl="94" sc="13" el="94" ec="84" />
                <SequencePoint vc="1" uspid="78" ordinal="15" offset="765" sl="96" sc="13" el="96" ec="55" />
                <SequencePoint vc="1" uspid="79" ordinal="16" offset="780" sl="97" sc="13" el="97" ec="62" />
                <SequencePoint vc="1" uspid="80" ordinal="17" offset="795" sl="99" sc="13" el="99" ec="60" />
                <SequencePoint vc="1" uspid="81" ordinal="18" offset="812" sl="101" sc="9" el="101" ec="10" />
              </SequencePoints>
              <BranchPoints>
                <BranchPoint vc="1" uspid="82" ordinal="0" offset="271" path="0" />
                <BranchPoint vc="0" uspid="83" ordinal="1" offset="271" path="1" />
              </BranchPoints>
              <MethodPoint xsi:type="SequencePoint" vc="1" uspid="63" ordinal="0" offset="0" sl="74" sc="9" el="74" ec="10" />
            </Method>
            <Method visited="true" cyclomaticComplexity="1" sequenceCoverage="87.5" branchCoverage="100" isConstructor="false" isStatic="false" isGetter="false" isSetter="false">
              <Summary numSequencePoints="8" visitedSequencePoints="7" numBranchPoints="1" visitedBranchPoints="1" sequenceCoverage="87.5" branchCoverage="100" maxCyclomaticComplexity="1" minCyclomaticComplexity="1" />
              <MetadataToken>100663305</MetadataToken>
              <Name>System.Void BHI.JewelEarth.ThinClient.Infrastructure.UnitTest.VirtualResourceHandlerTest::VirtualResourceHandler_Test_ProcessRequestWithoutRegisteringUIModule_Failed()</Name>
              <FileRef uid="4" />
              <SequencePoints>
                <SequencePoint vc="1" uspid="84" ordinal="0" offset="0" sl="106" sc="9" el="106" ec="10" />
                <SequencePoint vc="1" uspid="85" ordinal="1" offset="1" sl="107" sc="13" el="107" ec="78" />
                <SequencePoint vc="1" uspid="86" ordinal="2" offset="7" sl="109" sc="13" el="109" ec="131" />
                <SequencePoint vc="1" uspid="87" ordinal="3" offset="60" sl="111" sc="13" el="111" ec="50" />
                <SequencePoint vc="1" uspid="88" ordinal="4" offset="66" sl="112" sc="13" el="112" ec="77" />
                <SequencePoint vc="1" uspid="89" ordinal="5" offset="148" sl="114" sc="13" el="114" ec="56" />
                <SequencePoint vc="1" uspid="90" ordinal="6" offset="154" sl="115" sc="13" el="115" ec="62" />
                <SequencePoint vc="0" uspid="91" ordinal="7" offset="168" sl="116" sc="9" el="116" ec="10" />
              </SequencePoints>
              <BranchPoints />
              <MethodPoint xsi:type="SequencePoint" vc="1" uspid="84" ordinal="0" offset="0" sl="106" sc="9" el="106" ec="10" />
            </Method>
            <Method visited="true" cyclomaticComplexity="1" sequenceCoverage="0" branchCoverage="0" isConstructor="true" isStatic="false" isGetter="false" isSetter="false">
              <Summary numSequencePoints="0" visitedSequencePoints="0" numBranchPoints="0" visitedBranchPoints="0" sequenceCoverage="0" branchCoverage="0" maxCyclomaticComplexity="1" minCyclomaticComplexity="1" />
              <MetadataToken>100663306</MetadataToken>
              <Name>System.Void BHI.JewelEarth.ThinClient.Infrastructure.UnitTest.VirtualResourceHandlerTest::.ctor()</Name>
              <SequencePoints />
              <BranchPoints />
              <MethodPoint vc="4" uspid="92" ordinal="0" offset="0" />
            </Method>
            <Method visited="false" cyclomaticComplexity="1" sequenceCoverage="0" branchCoverage="0" isConstructor="false" isStatic="true" isGetter="false" isSetter="false">
              <Summary numSequencePoints="1" visitedSequencePoints="0" numBranchPoints="1" visitedBranchPoints="0" sequenceCoverage="0" branchCoverage="0" maxCyclomaticComplexity="1" minCyclomaticComplexity="1" />
              <MetadataToken>100663307</MetadataToken>
              <Name>System.IO.Stream BHI.JewelEarth.ThinClient.Infrastructure.UnitTest.VirtualResourceHandlerTest::&lt;VirtualResourceHandler_Test_ProcessRequest_Succeeded&gt;b__3(System.IO.Stream)</Name>
              <FileRef uid="4" />
              <SequencePoints>
                <SequencePoint vc="0" uspid="93" ordinal="0" offset="0" sl="83" sc="95" el="83" ec="96" />
              </SequencePoints>
              <BranchPoints />
              <MethodPoint xsi:type="SequencePoint" vc="0" uspid="93" ordinal="0" offset="0" sl="83" sc="95" el="83" ec="96" />
            </Method>
          </Methods>
        </Class>
      </Classes>
    </Module>
    <Module hash="DA-44-BB-0F-77-8B-F8-69-40-94-83-31-32-4A-B0-CB-67-25-51-CD">
      <Summary numSequencePoints="34" visitedSequencePoints="9" numBranchPoints="9" visitedBranchPoints="1" sequenceCoverage="26.47" branchCoverage="11.11" maxCyclomaticComplexity="2" minCyclomaticComplexity="1" />
      <FullName>C:\Development\Jewel.Release.Oahu\JewelEarth\Core\ThinClient\Service.UnitTest\bin\Debug\Service.UnitTest.dll</FullName>
      <ModuleName>Service.UnitTest</ModuleName>
      <Files>
        <File uid="7" fullPath="c:\Development\Jewel.Release.Oahu\JewelEarth\Core\ThinClient\Service.UnitTest\OperationServiceTest.cs" />
      </Files>
      <Classes>
        <Class>
          <Summary numSequencePoints="0" visitedSequencePoints="0" numBranchPoints="0" visitedBranchPoints="0" sequenceCoverage="0" branchCoverage="0" maxCyclomaticComplexity="0" minCyclomaticComplexity="0" />
          <FullName>&lt;Module&gt;</FullName>
          <Methods />
        </Class>
        <Class>
          <Summary numSequencePoints="34" visitedSequencePoints="9" numBranchPoints="9" visitedBranchPoints="1" sequenceCoverage="26.47" branchCoverage="11.11" maxCyclomaticComplexity="2" minCyclomaticComplexity="1" />
          <FullName>BHI.JewelEarth.ThinClient.Service.UnitTest.OperationServiceTest</FullName>
          <Methods>
            <Method visited="true" cyclomaticComplexity="1" sequenceCoverage="100" branchCoverage="100" isConstructor="false" isStatic="false" isGetter="false" isSetter="false">
              <Summary numSequencePoints="9" visitedSequencePoints="9" numBranchPoints="1" visitedBranchPoints="1" sequenceCoverage="100" branchCoverage="100" maxCyclomaticComplexity="1" minCyclomaticComplexity="1" />
              <MetadataToken>100663297</MetadataToken>
              <Name>System.Void BHI.JewelEarth.ThinClient.Service.UnitTest.OperationServiceTest::CreateOperationHandlerSetAndRegisterMockedHandler_LookupByOperationType_ResultConstainsMockedHandler()</Name>
              <FileRef uid="7" />
              <SequencePoints>
                <SequencePoint vc="1" uspid="94" ordinal="0" offset="0" sl="44" sc="9" el="44" ec="10" />
                <SequencePoint vc="1" uspid="95" ordinal="1" offset="1" sl="45" sc="13" el="45" ec="50" />
                <SequencePoint vc="1" uspid="96" ordinal="2" offset="12" sl="46" sc="13" el="46" ec="71" />
                <SequencePoint vc="1" uspid="97" ordinal="3" offset="18" sl="47" sc="13" el="47" ec="104" />
                <SequencePoint vc="1" uspid="98" ordinal="4" offset="110" sl="49" sc="13" el="49" ec="65" />
                <SequencePoint vc="1" uspid="99" ordinal="5" offset="116" sl="50" sc="13" el="50" ec="79" />
                <SequencePoint vc="1" uspid="100" ordinal="6" offset="129" sl="52" sc="13" el="52" ec="95" />
                <SequencePoint vc="1" uspid="101" ordinal="7" offset="137" sl="54" sc="13" el="54" ec="74" />
                <SequencePoint vc="1" uspid="102" ordinal="8" offset="155" sl="55" sc="9" el="55" ec="10" />
              </SequencePoints>
              <BranchPoints />
              <MethodPoint xsi:type="SequencePoint" vc="1" uspid="94" ordinal="0" offset="0" sl="44" sc="9" el="44" ec="10" />
            </Method>
            <Method visited="false" cyclomaticComplexity="2" sequenceCoverage="0" branchCoverage="0" isConstructor="false" isStatic="false" isGetter="false" isSetter="false">
              <Summary numSequencePoints="12" visitedSequencePoints="0" numBranchPoints="3" visitedBranchPoints="0" sequenceCoverage="0" branchCoverage="0" maxCyclomaticComplexity="2" minCyclomaticComplexity="2" />
              <MetadataToken>100663298</MetadataToken>
              <Name>System.Void BHI.JewelEarth.ThinClient.Service.UnitTest.OperationServiceTest::CreateOperationServiceUsingEchoOperationHandler_ExecuteFakeOperationWithTestPayload_InputAndOutputPayloadAreEqual()</Name>
              <FileRef uid="7" />
              <SequencePoints>
                <SequencePoint vc="0" uspid="103" ordinal="0" offset="0" sl="58" sc="9" el="58" ec="10" />
                <SequencePoint vc="0" uspid="104" ordinal="1" offset="1" sl="59" sc="13" el="59" ec="71" />
                <SequencePoint vc="0" uspid="105" ordinal="2" offset="7" sl="60" sc="13" el="60" ec="93" />
                <SequencePoint vc="0" uspid="106" ordinal="3" offset="126" sl="61" sc="13" el="61" ec="113" />
                <SequencePoint vc="0" uspid="107" ordinal="4" offset="227" sl="62" sc="13" el="63" ec="70" />
                <SequencePoint vc="0" uspid="108" ordinal="5" offset="376" sl="65" sc="13" el="65" ec="65" />
                <SequencePoint vc="0" uspid="109" ordinal="6" offset="382" sl="66" sc="13" el="66" ec="79" />
                <SequencePoint vc="0" uspid="110" ordinal="7" offset="395" sl="67" sc="13" el="67" ec="64" />
                <SequencePoint vc="0" uspid="111" ordinal="8" offset="402" sl="69" sc="13" el="69" ec="62" />
                <SequencePoint vc="0" uspid="112" ordinal="9" offset="425" sl="71" sc="13" el="71" ec="84" />
                <SequencePoint vc="0" uspid="113" ordinal="10" offset="434" sl="73" sc="13" el="73" ec="60" />
                <SequencePoint vc="0" uspid="114" ordinal="11" offset="453" sl="74" sc="9" el="74" ec="10" />
              </SequencePoints>
              <BranchPoints>
                <BranchPoint vc="0" uspid="115" ordinal="0" offset="344" path="0" />
                <BranchPoint vc="0" uspid="116" ordinal="1" offset="344" path="1" />
              </BranchPoints>
              <MethodPoint xsi:type="SequencePoint" vc="0" uspid="103" ordinal="0" offset="0" sl="58" sc="9" el="58" ec="10" />
            </Method>
            <Method visited="false" cyclomaticComplexity="2" sequenceCoverage="0" branchCoverage="0" isConstructor="false" isStatic="false" isGetter="false" isSetter="false">
              <Summary numSequencePoints="11" visitedSequencePoints="0" numBranchPoints="3" visitedBranchPoints="0" sequenceCoverage="0" branchCoverage="0" maxCyclomaticComplexity="2" minCyclomaticComplexity="2" />
              <MetadataToken>100663299</MetadataToken>
              <Name>System.Void BHI.JewelEarth.ThinClient.Service.UnitTest.OperationServiceTest::CreateOperationServiceUsingOperationServiceContextWithRegistredEchoOperationHandler_ExecuteFakeOperationWithTestPayload_InputAndOutputPayloadAreEqual()</Name>
              <FileRef uid="7" />
              <SequencePoints>
                <SequencePoint vc="0" uspid="117" ordinal="0" offset="0" sl="79" sc="9" el="79" ec="10" />
                <SequencePoint vc="0" uspid="118" ordinal="1" offset="1" sl="80" sc="13" el="80" ec="71" />
                <SequencePoint vc="0" uspid="119" ordinal="2" offset="7" sl="81" sc="13" el="81" ec="93" />
                <SequencePoint vc="0" uspid="120" ordinal="3" offset="126" sl="82" sc="13" el="82" ec="113" />
                <SequencePoint vc="0" uspid="121" ordinal="4" offset="227" sl="83" sc="13" el="84" ec="70" />
                <SequencePoint vc="0" uspid="122" ordinal="5" offset="376" sl="86" sc="13" el="86" ec="100" />
                <SequencePoint vc="0" uspid="123" ordinal="6" offset="398" sl="88" sc="13" el="88" ec="45" />
                <SequencePoint vc="0" uspid="124" ordinal="7" offset="404" sl="90" sc="13" el="90" ec="62" />
                <SequencePoint vc="0" uspid="125" ordinal="8" offset="427" sl="92" sc="13" el="92" ec="84" />
                <SequencePoint vc="0" uspid="126" ordinal="9" offset="435" sl="94" sc="13" el="94" ec="60" />
                <SequencePoint vc="0" uspid="127" ordinal="10" offset="453" sl="95" sc="9" el="95" ec="10" />
              </SequencePoints>
              <BranchPoints>
                <BranchPoint vc="0" uspid="128" ordinal="0" offset="344" path="0" />
                <BranchPoint vc="0" uspid="129" ordinal="1" offset="344" path="1" />
              </BranchPoints>
              <MethodPoint xsi:type="SequencePoint" vc="0" uspid="117" ordinal="0" offset="0" sl="79" sc="9" el="79" ec="10" />
            </Method>
            <Method visited="true" cyclomaticComplexity="1" sequenceCoverage="0" branchCoverage="0" isConstructor="true" isStatic="false" isGetter="false" isSetter="false">
              <Summary numSequencePoints="0" visitedSequencePoints="0" numBranchPoints="0" visitedBranchPoints="0" sequenceCoverage="0" branchCoverage="0" maxCyclomaticComplexity="1" minCyclomaticComplexity="1" />
              <MetadataToken>100663300</MetadataToken>
              <Name>System.Void BHI.JewelEarth.ThinClient.Service.UnitTest.OperationServiceTest::.ctor()</Name>
              <SequencePoints />
              <BranchPoints />
              <MethodPoint vc="1" uspid="130" ordinal="0" offset="0" />
            </Method>
            <Method visited="false" cyclomaticComplexity="1" sequenceCoverage="0" branchCoverage="0" isConstructor="false" isStatic="true" isGetter="false" isSetter="false">
              <Summary numSequencePoints="1" visitedSequencePoints="0" numBranchPoints="1" visitedBranchPoints="0" sequenceCoverage="0" branchCoverage="0" maxCyclomaticComplexity="1" minCyclomaticComplexity="1" />
              <MetadataToken>100663301</MetadataToken>
              <Name>BHI.JewelEarth.ThinClient.Service.IOperationResult BHI.JewelEarth.ThinClient.Service.UnitTest.OperationServiceTest::&lt;CreateOperationServiceUsingEchoOperationHandler_ExecuteFakeOperationWithTestPayload_InputAndOutputPayloadAreEqual&gt;b__1(BHI.JewelEarth.ThinClient.Service.UnitTest.OperationServiceTest/FakeOperation)</Name>
              <FileRef uid="7" />
              <SequencePoints>
                <SequencePoint vc="0" uspid="131" ordinal="0" offset="0" sl="63" sc="46" el="63" ec="68" />
              </SequencePoints>
              <BranchPoints />
              <MethodPoint xsi:type="SequencePoint" vc="0" uspid="131" ordinal="0" offset="0" sl="63" sc="46" el="63" ec="68" />
            </Method>
            <Method visited="false" cyclomaticComplexity="1" sequenceCoverage="0" branchCoverage="0" isConstructor="false" isStatic="true" isGetter="false" isSetter="false">
              <Summary numSequencePoints="1" visitedSequencePoints="0" numBranchPoints="1" visitedBranchPoints="0" sequenceCoverage="0" branchCoverage="0" maxCyclomaticComplexity="1" minCyclomaticComplexity="1" />
              <MetadataToken>100663302</MetadataToken>
              <Name>BHI.JewelEarth.ThinClient.Service.IOperationResult BHI.JewelEarth.ThinClient.Service.UnitTest.OperationServiceTest::&lt;CreateOperationServiceUsingOperationServiceContextWithRegistredEchoOperationHandler_ExecuteFakeOperationWithTestPayload_InputAndOutputPayloadAreEqual&gt;b__4(BHI.JewelEarth.ThinClient.Service.UnitTest.OperationServiceTest/FakeOperation)</Name>
              <FileRef uid="7" />
              <SequencePoints>
                <SequencePoint vc="0" uspid="132" ordinal="0" offset="0" sl="84" sc="46" el="84" ec="68" />
              </SequencePoints>
              <BranchPoints />
              <MethodPoint xsi:type="SequencePoint" vc="0" uspid="132" ordinal="0" offset="0" sl="84" sc="46" el="84" ec="68" />
            </Method>
          </Methods>
        </Class>
        <Class>
          <Summary numSequencePoints="0" visitedSequencePoints="0" numBranchPoints="0" visitedBranchPoints="0" sequenceCoverage="0" branchCoverage="0" maxCyclomaticComplexity="1" minCyclomaticComplexity="1" />
          <FullName>BHI.JewelEarth.ThinClient.Service.UnitTest.OperationServiceTest/FakeOperation</FullName>
          <Methods>
            <Method visited="false" cyclomaticComplexity="1" sequenceCoverage="0" branchCoverage="0" isConstructor="false" isStatic="false" isGetter="true" isSetter="false">
              <Summary numSequencePoints="0" visitedSequencePoints="0" numBranchPoints="0" visitedBranchPoints="0" sequenceCoverage="0" branchCoverage="0" maxCyclomaticComplexity="1" minCyclomaticComplexity="1" />
              <MetadataToken>100663303</MetadataToken>
              <Name>System.String BHI.JewelEarth.ThinClient.Service.UnitTest.OperationServiceTest/FakeOperation::get_Payload()</Name>
              <SequencePoints />
              <BranchPoints />
              <MethodPoint vc="0" uspid="133" ordinal="0" offset="0" />
            </Method>
            <Method visited="false" cyclomaticComplexity="1" sequenceCoverage="0" branchCoverage="0" isConstructor="false" isStatic="false" isGetter="false" isSetter="true">
              <Summary numSequencePoints="0" visitedSequencePoints="0" numBranchPoints="0" visitedBranchPoints="0" sequenceCoverage="0" branchCoverage="0" maxCyclomaticComplexity="1" minCyclomaticComplexity="1" />
              <MetadataToken>100663304</MetadataToken>
              <Name>System.Void BHI.JewelEarth.ThinClient.Service.UnitTest.OperationServiceTest/FakeOperation::set_Payload(System.String)</Name>
              <SequencePoints />
              <BranchPoints />
              <MethodPoint vc="0" uspid="134" ordinal="0" offset="0" />
            </Method>
            <Method visited="false" cyclomaticComplexity="1" sequenceCoverage="0" branchCoverage="0" isConstructor="true" isStatic="false" isGetter="false" isSetter="false">
              <Summary numSequencePoints="0" visitedSequencePoints="0" numBranchPoints="0" visitedBranchPoints="0" sequenceCoverage="0" branchCoverage="0" maxCyclomaticComplexity="1" minCyclomaticComplexity="1" />
              <MetadataToken>100663305</MetadataToken>
              <Name>System.Void BHI.JewelEarth.ThinClient.Service.UnitTest.OperationServiceTest/FakeOperation::.ctor()</Name>
              <SequencePoints />
              <BranchPoints />
              <MethodPoint vc="0" uspid="135" ordinal="0" offset="0" />
            </Method>
          </Methods>
        </Class>
      </Classes>
    </Module>
    <Module hash="6F-EA-67-BB-20-67-DF-B8-D5-86-84-F4-18-7F-9A-11-1C-1F-93-93">
      <Summary numSequencePoints="0" visitedSequencePoints="0" numBranchPoints="0" visitedBranchPoints="0" sequenceCoverage="0" branchCoverage="0" maxCyclomaticComplexity="1" minCyclomaticComplexity="1" />
      <FullName>C:\Development\Jewel.Release.Oahu\JewelEarth\Core\ThinClient\WinForms.UnitTest\bin\Debug\WinForms.UnitTest.dll</FullName>
      <ModuleName>WinForms.UnitTest</ModuleName>
      <Files />
      <Classes>
        <Class>
          <Summary numSequencePoints="0" visitedSequencePoints="0" numBranchPoints="0" visitedBranchPoints="0" sequenceCoverage="0" branchCoverage="0" maxCyclomaticComplexity="0" minCyclomaticComplexity="0" />
          <FullName>&lt;Module&gt;</FullName>
          <Methods />
        </Class>
        <Class>
          <Summary numSequencePoints="0" visitedSequencePoints="0" numBranchPoints="0" visitedBranchPoints="0" sequenceCoverage="0" branchCoverage="0" maxCyclomaticComplexity="1" minCyclomaticComplexity="1" />
          <FullName>BHI.JewelEarth.ThinClient.WinForms.UnitTest.ResourceHandlerWrapper</FullName>
          <Methods>
            <Method visited="false" cyclomaticComplexity="1" sequenceCoverage="0" branchCoverage="0" isConstructor="true" isStatic="false" isGetter="false" isSetter="false">
              <Summary numSequencePoints="0" visitedSequencePoints="0" numBranchPoints="0" visitedBranchPoints="0" sequenceCoverage="0" branchCoverage="0" maxCyclomaticComplexity="1" minCyclomaticComplexity="1" />
              <MetadataToken>100663297</MetadataToken>
              <Name>System.Void BHI.JewelEarth.ThinClient.WinForms.UnitTest.ResourceHandlerWrapper::.ctor()</Name>
              <SequencePoints />
              <BranchPoints />
              <MethodPoint vc="0" uspid="136" ordinal="0" offset="0" />
            </Method>
          </Methods>
        </Class>
      </Classes>
    </Module>
    <Module skippedDueTo="Filter" hash="87-FE-C2-EA-31-41-19-5C-B5-4A-3F-39-FE-3E-10-85-3B-B5-74-C6">
      <FullName>C:\Program Files (x86)\Microsoft Visual Studio 11.0\Common7\IDE\CommonExtensions\Microsoft\TestWindow\Microsoft.VisualStudio.TestPlatform.Fakes.dll</FullName>
      <ModuleName>Microsoft.VisualStudio.TestPlatform.Fakes</ModuleName>
      <Classes />
    </Module>
    <Module skippedDueTo="Filter" hash="D1-22-55-43-62-7D-42-54-AF-03-02-C6-CD-73-20-C0-E6-5F-64-CD">
      <FullName>C:\Program Files (x86)\Microsoft Visual Studio 11.0\Common7\IDE\PrivateAssemblies\Microsoft.VisualStudio.QualityTools.Sqm.dll</FullName>
      <ModuleName>Microsoft.VisualStudio.QualityTools.Sqm</ModuleName>
      <Classes />
    </Module>
    <Module skippedDueTo="Filter" hash="22-1C-38-72-3C-7E-AF-4A-3D-5E-F7-83-BB-86-66-1D-7F-2E-3B-20">
      <FullName>C:\windows\Microsoft.Net\assembly\GAC_MSIL\System.Management\v4.0_4.0.0.0__b03f5f7f11d50a3a\System.Management.dll</FullName>
      <ModuleName>System.Management</ModuleName>
      <Classes />
    </Module>
    <Module skippedDueTo="Filter" hash="2C-14-CA-37-84-27-CB-F6-A1-76-90-86-D6-9A-7B-98-E7-09-19-78">
      <FullName>C:\windows\Microsoft.Net\assembly\GAC_MSIL\System.Drawing\v4.0_4.0.0.0__b03f5f7f11d50a3a\System.Drawing.dll</FullName>
      <ModuleName>System.Drawing</ModuleName>
      <Classes />
    </Module>
    <Module skippedDueTo="Filter" hash="14-1F-5A-8D-BE-B0-37-CF-58-91-57-13-C9-C4-B9-CE-7D-D7-B1-9C">
      <FullName>C:\windows\Microsoft.Net\assembly\GAC_MSIL\System.Windows.Forms\v4.0_4.0.0.0__b77a5c561934e089\System.Windows.Forms.dll</FullName>
      <ModuleName>System.Windows.Forms</ModuleName>
      <Classes />
    </Module>
    <Module skippedDueTo="Filter" hash="CE-4F-AE-6E-B1-76-3C-29-09-33-3F-A4-82-FD-D0-71-07-90-C3-16">
      <FullName>C:\Program Files (x86)\Microsoft Visual Studio 11.0\Common7\IDE\CommonExtensions\Microsoft\TestWindow\Microsoft.VisualStudio.TestPlatform.Utilities.AppContainer.dll</FullName>
      <ModuleName>Microsoft.VisualStudio.TestPlatform.Utilities.AppContainer</ModuleName>
      <Classes />
    </Module>
    <Module skippedDueTo="Filter" hash="4F-65-AD-4E-FA-A0-69-1E-01-CD-BA-26-10-E0-03-8A-34-AB-A3-09">
      <FullName>C:\windows\assembly\GAC_MSIL\Microsoft.VisualStudio.QualityTools.ExecutionCommon\11.0.0.0__b03f5f7f11d50a3a\Microsoft.VisualStudio.QualityTools.ExecutionCommon.dll</FullName>
      <ModuleName>Microsoft.VisualStudio.QualityTools.ExecutionCommon</ModuleName>
      <Classes />
    </Module>
    <Module skippedDueTo="Filter" hash="E3-FA-90-7F-8D-14-7D-93-7C-12-3C-B6-21-E7-72-3B-46-35-42-8A">
      <FullName>C:\windows\assembly\GAC_MSIL\Microsoft.VisualStudio.QualityTools.Resource\11.0.0.0__b03f5f7f11d50a3a\Microsoft.VisualStudio.QualityTools.Resource.dll</FullName>
      <ModuleName>Microsoft.VisualStudio.QualityTools.Resource</ModuleName>
      <Classes />
    </Module>
    <Module skippedDueTo="Filter" hash="EB-F0-E6-D2-E0-7F-6C-8F-CC-F8-9F-27-02-E3-74-B6-61-99-D2-2E">
      <FullName>C:\windows\assembly\GAC_MSIL\Microsoft.VisualStudio.QualityTools.TMI\11.0.0.0__b03f5f7f11d50a3a\Microsoft.VisualStudio.QualityTools.TMI.dll</FullName>
      <ModuleName>Microsoft.VisualStudio.QualityTools.TMI</ModuleName>
      <Classes />
    </Module>
    <Module skippedDueTo="Filter" hash="A8-4F-D3-CA-EA-8B-5D-11-98-FF-ED-FF-DA-E2-CF-61-F0-5F-EA-D4">
      <FullName>C:\windows\Microsoft.Net\assembly\GAC_MSIL\System.Numerics\v4.0_4.0.0.0__b77a5c561934e089\System.Numerics.dll</FullName>
      <ModuleName>System.Numerics</ModuleName>
      <Classes />
    </Module>
    <Module skippedDueTo="Filter" hash="90-6C-9B-BF-86-35-AB-A8-BB-10-1D-17-A5-5A-81-7F-75-09-8C-AD">
      <FullName>C:\windows\Microsoft.Net\assembly\GAC_32\System.Web\v4.0_4.0.0.0__b03f5f7f11d50a3a\System.Web.dll</FullName>
      <ModuleName>System.Web</ModuleName>
      <Classes />
    </Module>
    <Module skippedDueTo="Filter" hash="B4-42-65-45-15-84-AB-FD-27-9C-32-B9-EF-7F-69-EB-EC-5F-15-3D">
      <FullName>C:\windows\assembly\GAC_MSIL\Microsoft.VisualStudio.QualityTools.Tips.UnitTest.ObjectModel\11.0.0.0__b03f5f7f11d50a3a\Microsoft.VisualStudio.QualityTools.Tips.UnitTest.ObjectModel.dll</FullName>
      <ModuleName>Microsoft.VisualStudio.QualityTools.Tips.UnitTest.ObjectModel</ModuleName>
      <Classes />
    </Module>
    <Module skippedDueTo="Filter" hash="9F-F6-CC-5D-4E-6D-AB-87-10-30-58-7C-11-2B-A4-F3-11-D9-EE-E8">
      <FullName>C:\windows\assembly\GAC_MSIL\Microsoft.VisualStudio.QualityTools.Tips.UnitTest.Tip\11.0.0.0__b03f5f7f11d50a3a\Microsoft.VisualStudio.QualityTools.Tips.UnitTest.Tip.dll</FullName>
      <ModuleName>Microsoft.VisualStudio.QualityTools.Tips.UnitTest.Tip</ModuleName>
      <Classes />
    </Module>
    <Module skippedDueTo="Filter" hash="A1-F9-5D-CE-00-5C-6B-08-19-4C-A0-12-51-DF-BE-47-84-6C-6B-30">
      <FullName>C:\Program Files (x86)\Microsoft Visual Studio 11.0\Common7\IDE\PublicAssemblies\Microsoft.VisualStudio.QualityTools.CodedUITestFramework.dll</FullName>
      <ModuleName>Microsoft.VisualStudio.QualityTools.CodedUITestFramework</ModuleName>
      <Classes />
    </Module>
    <Module skippedDueTo="Filter" hash="62-F1-E3-DE-29-10-2A-52-04-02-69-B0-B1-AA-AA-3C-26-48-E3-BE">
      <FullName>C:\windows\assembly\GAC_MSIL\Microsoft.VisualStudio.QualityTools.Tips.UnitTest.AssemblyResolver\11.0.0.0__b03f5f7f11d50a3a\Microsoft.VisualStudio.QualityTools.Tips.UnitTest.AssemblyResolver.dll</FullName>
      <ModuleName>Microsoft.VisualStudio.QualityTools.Tips.UnitTest.AssemblyResolver</ModuleName>
      <Classes />
    </Module>
    <Module skippedDueTo="Filter" hash="CD-CB-EA-A7-F1-40-FC-FF-88-73-FA-92-F2-E5-8A-9E-CF-7E-2C-D8">
      <FullName>C:\Program Files (x86)\Microsoft Visual Studio 11.0\Common7\IDE\PrivateAssemblies\Microsoft.VisualStudio.TeamSystem.Licensing.dll</FullName>
      <ModuleName>Microsoft.VisualStudio.TeamSystem.Licensing</ModuleName>
      <Classes />
    </Module>
    <Module skippedDueTo="Filter" hash="F8-17-D6-F1-68-0E-15-51-EB-48-70-F4-DD-A0-42-C3-92-3F-7F-F6">
      <FullName>C:\windows\assembly\GAC_MSIL\Microsoft.VisualStudio.QualityTools.ControllerObject\11.0.0.0__b03f5f7f11d50a3a\Microsoft.VisualStudio.QualityTools.ControllerObject.dll</FullName>
      <ModuleName>Microsoft.VisualStudio.QualityTools.ControllerObject</ModuleName>
      <Classes />
    </Module>
    <Module skippedDueTo="Filter" hash="B1-E4-6A-05-1C-58-9D-52-5C-31-7C-08-FE-5E-61-B5-DF-91-AC-88">
      <FullName>C:\windows\assembly\GAC_MSIL\Microsoft.VisualStudio.QualityTools.AgentProcessManager\11.0.0.0__b03f5f7f11d50a3a\Microsoft.VisualStudio.QualityTools.AgentProcessManager.dll</FullName>
      <ModuleName>Microsoft.VisualStudio.QualityTools.AgentProcessManager</ModuleName>
      <Classes />
    </Module>
    <Module skippedDueTo="Filter" hash="65-BE-6B-9B-9C-55-6A-4D-DB-BD-03-60-FD-69-20-48-31-78-A9-5B">
      <FullName>C:\windows\Microsoft.Net\assembly\GAC_MSIL\System.Runtime.Remoting\v4.0_4.0.0.0__b77a5c561934e089\System.Runtime.Remoting.dll</FullName>
      <ModuleName>System.Runtime.Remoting</ModuleName>
      <Classes />
    </Module>
    <Module skippedDueTo="Filter" hash="BF-2E-6F-A5-22-2A-5A-87-6F-B0-44-79-8C-71-75-0B-4B-E7-5B-9B">
      <FullName>C:\Program Files (x86)\Microsoft Visual Studio 11.0\Common7\IDE\QTAgent32_40.exe</FullName>
      <ModuleName>QTAgent32_40</ModuleName>
      <Classes />
    </Module>
    <Module skippedDueTo="Filter" hash="35-FF-30-98-6E-8C-70-FA-5B-60-FD-17-CA-B6-20-50-8F-9F-99-A0">
      <FullName>C:\windows\assembly\GAC_MSIL\Microsoft.VisualStudio.QualityTools.AgentObject\11.0.0.0__b03f5f7f11d50a3a\Microsoft.VisualStudio.QualityTools.AgentObject.dll</FullName>
      <ModuleName>Microsoft.VisualStudio.QualityTools.AgentObject</ModuleName>
      <Classes />
    </Module>
    <Module skippedDueTo="Filter" hash="0D-62-33-15-E8-E2-48-1F-73-D9-EA-AE-4A-FD-03-C2-7B-90-63-ED">
      <FullName>C:\windows\assembly\GAC_MSIL\Microsoft.VisualStudio.QualityTools.Tips.UnitTest.Adapter\11.0.0.0__b03f5f7f11d50a3a\Microsoft.VisualStudio.QualityTools.Tips.UnitTest.Adapter.dll</FullName>
      <ModuleName>Microsoft.VisualStudio.QualityTools.Tips.UnitTest.Adapter</ModuleName>
      <Classes />
    </Module>
    <Module skippedDueTo="Filter" hash="58-B2-FB-E7-DB-A7-5C-67-65-8B-77-1A-76-6A-46-A1-46-91-3F-1A">
      <FullName>C:\Program Files (x86)\Microsoft Visual Studio 11.0\Common7\IDE\PrivateAssemblies\Microsoft.VisualStudio.Enterprise.AspNetHelper.dll</FullName>
      <ModuleName>Microsoft.VisualStudio.Enterprise.AspNetHelper</ModuleName>
      <Classes />
    </Module>
    <Module hash="70-A0-41-05-A4-8C-4E-86-AF-A0-94-4D-C7-03-F8-E2-00-F3-3E-C5">
      <Summary numSequencePoints="321" visitedSequencePoints="40" numBranchPoints="186" visitedBranchPoints="16" sequenceCoverage="12.46" branchCoverage="8.60" maxCyclomaticComplexity="12" minCyclomaticComplexity="1" />
      <FullName>C:\Development\Jewel.Release.Oahu\JewelEarth\Core\ThinClient\Common.UnitTest\bin\Debug\BHI.JewelEarth.ThinClient.Common.dll</FullName>
      <ModuleName>BHI.JewelEarth.ThinClient.Common</ModuleName>
      <Files>
        <File uid="9" fullPath="c:\Development\Jewel.Release.Oahu\JewelEarth\Core\ThinClient\Common\AsyncPassthroughStream.cs" />
        <File uid="10" fullPath="c:\Development\Jewel.Release.Oahu\JewelEarth\Core\ThinClient\Common\TypeHelper.cs" />
        <File uid="11" fullPath="c:\Development\Jewel.Release.Oahu\JewelEarth\Core\ThinClient\Common\GuidConverter.cs" />
        <File uid="12" fullPath="c:\Development\Jewel.Release.Oahu\JewelEarth\Core\ThinClient\Common\Expressions\ExpressionConvert.cs" />
        <File uid="16" fullPath="c:\Development\Jewel.Release.Oahu\JewelEarth\Core\ThinClient\Common\OperationServiceExtensions.cs" />
        <File uid="19" fullPath="c:\Development\Jewel.Release.Oahu\JewelEarth\Core\ThinClient\Common\SerializationHelper.cs" />
      </Files>
      <Classes>
        <Class>
          <Summary numSequencePoints="0" visitedSequencePoints="0" numBranchPoints="0" visitedBranchPoints="0" sequenceCoverage="0" branchCoverage="0" maxCyclomaticComplexity="0" minCyclomaticComplexity="0" />
          <FullName>&lt;Module&gt;</FullName>
          <Methods />
        </Class>
        <Class>
          <Summary numSequencePoints="71" visitedSequencePoints="0" numBranchPoints="30" visitedBranchPoints="0" sequenceCoverage="0" branchCoverage="0" maxCyclomaticComplexity="7" minCyclomaticComplexity="1" />
          <FullName>BHI.JewelEarth.ThinClient.Common.AsyncPassthroughStream</FullName>
          <Methods>
            <Method visited="false" cyclomaticComplexity="1" sequenceCoverage="0" branchCoverage="0" isConstructor="false" isStatic="false" isGetter="true" isSetter="false">
              <Summary numSequencePoints="3" visitedSequencePoints="0" numBranchPoints="1" visitedBranchPoints="0" sequenceCoverage="0" branchCoverage="0" maxCyclomaticComplexity="1" minCyclomaticComplexity="1" />
              <MetadataToken>100663298</MetadataToken>
              <Name>System.Boolean BHI.JewelEarth.ThinClient.Common.AsyncPassthroughStream::get_CanRead()</Name>
              <FileRef uid="9" />
              <SequencePoints>
                <SequencePoint vc="0" uspid="137" ordinal="0" offset="0" sl="71" sc="17" el="71" ec="18" />
                <SequencePoint vc="0" uspid="138" ordinal="1" offset="1" sl="71" sc="19" el="71" ec="31" />
                <SequencePoint vc="0" uspid="139" ordinal="2" offset="5" sl="71" sc="32" el="71" ec="33" />
              </SequencePoints>
              <BranchPoints />
              <MethodPoint xsi:type="SequencePoint" vc="0" uspid="137" ordinal="0" offset="0" sl="71" sc="17" el="71" ec="18" />
            </Method>
            <Method visited="false" cyclomaticComplexity="1" sequenceCoverage="0" branchCoverage="0" isConstructor="false" isStatic="false" isGetter="true" isSetter="false">
              <Summary numSequencePoints="3" visitedSequencePoints="0" numBranchPoints="1" visitedBranchPoints="0" sequenceCoverage="0" branchCoverage="0" maxCyclomaticComplexity="1" minCyclomaticComplexity="1" />
              <MetadataToken>100663299</MetadataToken>
              <Name>System.Boolean BHI.JewelEarth.ThinClient.Common.AsyncPassthroughStream::get_CanSeek()</Name>
              <FileRef uid="9" />
              <SequencePoints>
                <SequencePoint vc="0" uspid="140" ordinal="0" offset="0" sl="85" sc="17" el="85" ec="18" />
                <SequencePoint vc="0" uspid="141" ordinal="1" offset="1" sl="85" sc="19" el="85" ec="32" />
                <SequencePoint vc="0" uspid="142" ordinal="2" offset="5" sl="85" sc="33" el="85" ec="34" />
              </SequencePoints>
              <BranchPoints />
              <MethodPoint xsi:type="SequencePoint" vc="0" uspid="140" ordinal="0" offset="0" sl="85" sc="17" el="85" ec="18" />
            </Method>
            <Method visited="false" cyclomaticComplexity="1" sequenceCoverage="0" branchCoverage="0" isConstructor="false" isStatic="false" isGetter="true" isSetter="false">
              <Summary numSequencePoints="3" visitedSequencePoints="0" numBranchPoints="1" visitedBranchPoints="0" sequenceCoverage="0" branchCoverage="0" maxCyclomaticComplexity="1" minCyclomaticComplexity="1" />
              <MetadataToken>100663300</MetadataToken>
              <Name>System.Boolean BHI.JewelEarth.ThinClient.Common.AsyncPassthroughStream::get_CanWrite()</Name>
              <FileRef uid="9" />
              <SequencePoints>
                <SequencePoint vc="0" uspid="143" ordinal="0" offset="0" sl="99" sc="17" el="99" ec="18" />
                <SequencePoint vc="0" uspid="144" ordinal="1" offset="1" sl="99" sc="19" el="99" ec="31" />
                <SequencePoint vc="0" uspid="145" ordinal="2" offset="5" sl="99" sc="32" el="99" ec="33" />
              </SequencePoints>
              <BranchPoints />
              <MethodPoint xsi:type="SequencePoint" vc="0" uspid="143" ordinal="0" offset="0" sl="99" sc="17" el="99" ec="18" />
            </Method>
            <Method visited="false" cyclomaticComplexity="1" sequenceCoverage="0" branchCoverage="0" isConstructor="false" isStatic="false" isGetter="true" isSetter="false">
              <Summary numSequencePoints="2" visitedSequencePoints="0" numBranchPoints="1" visitedBranchPoints="0" sequenceCoverage="0" branchCoverage="0" maxCyclomaticComplexity="1" minCyclomaticComplexity="1" />
              <MetadataToken>100663301</MetadataToken>
              <Name>System.Int64 BHI.JewelEarth.ThinClient.Common.AsyncPassthroughStream::get_Length()</Name>
              <FileRef uid="9" />
              <SequencePoints>
                <SequencePoint vc="0" uspid="146" ordinal="0" offset="0" sl="116" sc="17" el="116" ec="18" />
                <SequencePoint vc="0" uspid="147" ordinal="1" offset="1" sl="116" sc="19" el="116" ec="53" />
              </SequencePoints>
              <BranchPoints />
              <MethodPoint xsi:type="SequencePoint" vc="0" uspid="146" ordinal="0" offset="0" sl="116" sc="17" el="116" ec="18" />
            </Method>
            <Method visited="false" cyclomaticComplexity="1" sequenceCoverage="0" branchCoverage="0" isConstructor="false" isStatic="false" isGetter="true" isSetter="false">
              <Summary numSequencePoints="2" visitedSequencePoints="0" numBranchPoints="1" visitedBranchPoints="0" sequenceCoverage="0" branchCoverage="0" maxCyclomaticComplexity="1" minCyclomaticComplexity="1" />
              <MetadataToken>100663302</MetadataToken>
              <Name>System.Int64 BHI.JewelEarth.ThinClient.Common.AsyncPassthroughStream::get_Position()</Name>
              <FileRef uid="9" />
              <SequencePoints>
                <SequencePoint vc="0" uspid="148" ordinal="0" offset="0" sl="134" sc="17" el="134" ec="18" />
                <SequencePoint vc="0" uspid="149" ordinal="1" offset="1" sl="134" sc="19" el="134" ec="53" />
              </SequencePoints>
              <BranchPoints />
              <MethodPoint xsi:type="SequencePoint" vc="0" uspid="148" ordinal="0" offset="0" sl="134" sc="17" el="134" ec="18" />
            </Method>
            <Method visited="false" cyclomaticComplexity="1" sequenceCoverage="0" branchCoverage="0" isConstructor="false" isStatic="false" isGetter="false" isSetter="true">
              <Summary numSequencePoints="2" visitedSequencePoints="0" numBranchPoints="1" visitedBranchPoints="0" sequenceCoverage="0" branchCoverage="0" maxCyclomaticComplexity="1" minCyclomaticComplexity="1" />
              <MetadataToken>100663303</MetadataToken>
              <Name>System.Void BHI.JewelEarth.ThinClient.Common.AsyncPassthroughStream::set_Position(System.Int64)</Name>
              <FileRef uid="9" />
              <SequencePoints>
                <SequencePoint vc="0" uspid="150" ordinal="0" offset="0" sl="135" sc="17" el="135" ec="18" />
                <SequencePoint vc="0" uspid="151" ordinal="1" offset="1" sl="135" sc="19" el="135" ec="53" />
              </SequencePoints>
              <BranchPoints />
              <MethodPoint xsi:type="SequencePoint" vc="0" uspid="150" ordinal="0" offset="0" sl="135" sc="17" el="135" ec="18" />
            </Method>
            <Method visited="false" cyclomaticComplexity="1" sequenceCoverage="0" branchCoverage="0" isConstructor="true" isStatic="false" isGetter="false" isSetter="false">
              <Summary numSequencePoints="7" visitedSequencePoints="0" numBranchPoints="1" visitedBranchPoints="0" sequenceCoverage="0" branchCoverage="0" maxCyclomaticComplexity="1" minCyclomaticComplexity="1" />
              <MetadataToken>100663297</MetadataToken>
              <Name>System.Void BHI.JewelEarth.ThinClient.Common.AsyncPassthroughStream::.ctor(System.Action`1&lt;System.IO.Stream&gt;)</Name>
              <FileRef uid="9" />
              <SequencePoints>
                <SequencePoint vc="0" uspid="152" ordinal="0" offset="0" sl="45" sc="9" el="45" ec="69" />
                <SequencePoint vc="0" uspid="153" ordinal="1" offset="16" sl="53" sc="9" el="53" ec="61" />
                <SequencePoint vc="0" uspid="154" ordinal="2" offset="23" sl="54" sc="9" el="54" ec="10" />
                <SequencePoint vc="0" uspid="155" ordinal="3" offset="24" sl="55" sc="13" el="55" ec="31" />
                <SequencePoint vc="0" uspid="156" ordinal="4" offset="31" sl="56" sc="13" el="56" ec="32" />
                <SequencePoint vc="0" uspid="157" ordinal="5" offset="40" sl="57" sc="13" el="57" ec="44" />
                <SequencePoint vc="0" uspid="158" ordinal="6" offset="63" sl="58" sc="9" el="58" ec="10" />
              </SequencePoints>
              <BranchPoints />
              <MethodPoint xsi:type="SequencePoint" vc="0" uspid="152" ordinal="0" offset="0" sl="45" sc="9" el="45" ec="69" />
            </Method>
            <Method visited="false" cyclomaticComplexity="1" sequenceCoverage="0" branchCoverage="0" isConstructor="false" isStatic="false" isGetter="false" isSetter="false">
              <Summary numSequencePoints="8" visitedSequencePoints="0" numBranchPoints="1" visitedBranchPoints="0" sequenceCoverage="0" branchCoverage="0" maxCyclomaticComplexity="1" minCyclomaticComplexity="1" />
              <MetadataToken>100663304</MetadataToken>
              <Name>System.Void BHI.JewelEarth.ThinClient.Common.AsyncPassthroughStream::Execute()</Name>
              <FileRef uid="9" />
              <SequencePoints>
                <SequencePoint vc="0" uspid="159" ordinal="0" offset="0" sl="139" sc="9" el="139" ec="10" />
                <SequencePoint vc="0" uspid="160" ordinal="1" offset="1" sl="141" sc="13" el="141" ec="14" />
                <SequencePoint vc="0" uspid="161" ordinal="2" offset="2" sl="142" sc="17" el="142" ec="32" />
                <SequencePoint vc="0" uspid="162" ordinal="3" offset="15" sl="143" sc="13" el="143" ec="14" />
                <SequencePoint vc="0" uspid="163" ordinal="4" offset="18" sl="145" sc="13" el="145" ec="14" />
                <SequencePoint vc="0" uspid="164" ordinal="5" offset="19" sl="146" sc="17" el="146" ec="37" />
                <SequencePoint vc="0" uspid="165" ordinal="6" offset="28" sl="147" sc="13" el="147" ec="14" />
                <SequencePoint vc="0" uspid="166" ordinal="7" offset="31" sl="148" sc="9" el="148" ec="10" />
              </SequencePoints>
              <BranchPoints />
              <MethodPoint xsi:type="SequencePoint" vc="0" uspid="159" ordinal="0" offset="0" sl="139" sc="9" el="139" ec="10" />
            </Method>
            <Method visited="false" cyclomaticComplexity="1" sequenceCoverage="0" branchCoverage="0" isConstructor="false" isStatic="false" isGetter="false" isSetter="false">
              <Summary numSequencePoints="2" visitedSequencePoints="0" numBranchPoints="1" visitedBranchPoints="0" sequenceCoverage="0" branchCoverage="0" maxCyclomaticComplexity="1" minCyclomaticComplexity="1" />
              <MetadataToken>100663305</MetadataToken>
              <Name>System.Void BHI.JewelEarth.ThinClient.Common.AsyncPassthroughStream::Flush()</Name>
              <FileRef uid="9" />
              <SequencePoints>
                <SequencePoint vc="0" uspid="167" ordinal="0" offset="0" sl="156" sc="9" el="156" ec="10" />
                <SequencePoint vc="0" uspid="168" ordinal="1" offset="1" sl="158" sc="9" el="158" ec="10" />
              </SequencePoints>
              <BranchPoints />
              <MethodPoint xsi:type="SequencePoint" vc="0" uspid="167" ordinal="0" offset="0" sl="156" sc="9" el="156" ec="10" />
            </Method>
            <Method visited="false" cyclomaticComplexity="1" sequenceCoverage="0" branchCoverage="0" isConstructor="false" isStatic="false" isGetter="false" isSetter="false">
              <Summary numSequencePoints="2" visitedSequencePoints="0" numBranchPoints="1" visitedBranchPoints="0" sequenceCoverage="0" branchCoverage="0" maxCyclomaticComplexity="1" minCyclomaticComplexity="1" />
              <MetadataToken>100663306</MetadataToken>
              <Name>System.Int64 BHI.JewelEarth.ThinClient.Common.AsyncPassthroughStream::Seek(System.Int64,System.IO.SeekOrigin)</Name>
              <FileRef uid="9" />
              <SequencePoints>
                <SequencePoint vc="0" uspid="169" ordinal="0" offset="0" sl="173" sc="9" el="173" ec="10" />
                <SequencePoint vc="0" uspid="170" ordinal="1" offset="1" sl="174" sc="13" el="174" ec="47" />
              </SequencePoints>
              <BranchPoints />
              <MethodPoint xsi:type="SequencePoint" vc="0" uspid="169" ordinal="0" offset="0" sl="173" sc="9" el="173" ec="10" />
            </Method>
            <Method visited="false" cyclomaticComplexity="1" sequenceCoverage="0" branchCoverage="0" isConstructor="false" isStatic="false" isGetter="false" isSetter="false">
              <Summary numSequencePoints="2" visitedSequencePoints="0" numBranchPoints="1" visitedBranchPoints="0" sequenceCoverage="0" branchCoverage="0" maxCyclomaticComplexity="1" minCyclomaticComplexity="1" />
              <MetadataToken>100663307</MetadataToken>
              <Name>System.Void BHI.JewelEarth.ThinClient.Common.AsyncPassthroughStream::SetLength(System.Int64)</Name>
              <FileRef uid="9" />
              <SequencePoints>
                <SequencePoint vc="0" uspid="171" ordinal="0" offset="0" sl="184" sc="9" el="184" ec="10" />
                <SequencePoint vc="0" uspid="172" ordinal="1" offset="1" sl="185" sc="13" el="185" ec="47" />
              </SequencePoints>
              <BranchPoints />
              <MethodPoint xsi:type="SequencePoint" vc="0" uspid="171" ordinal="0" offset="0" sl="184" sc="9" el="184" ec="10" />
            </Method>
            <Method visited="false" cyclomaticComplexity="7" sequenceCoverage="0" branchCoverage="0" isConstructor="false" isStatic="false" isGetter="false" isSetter="false">
              <Summary numSequencePoints="19" visitedSequencePoints="0" numBranchPoints="11" visitedBranchPoints="0" sequenceCoverage="0" branchCoverage="0" maxCyclomaticComplexity="7" minCyclomaticComplexity="7" />
              <MetadataToken>100663308</MetadataToken>
              <Name>System.Int32 BHI.JewelEarth.ThinClient.Common.AsyncPassthroughStream::Read(System.Byte[],System.Int32,System.Int32)</Name>
              <FileRef uid="9" />
              <SequencePoints>
                <SequencePoint vc="0" uspid="173" ordinal="0" offset="0" sl="202" sc="9" el="202" ec="10" />
                <SequencePoint vc="0" uspid="174" ordinal="1" offset="3" sl="204" sc="13" el="204" ec="14" />
[...]
              <Name>System.Void BHI.JewelEarth.ThinClient.Service.SerializeResult::.ctor(System.Object,BHI.JewelEarth.ThinClient.Common.SerializationFormat)</Name>
              <FileRef uid="95" />
              <SequencePoints>
                <SequencePoint vc="0" uspid="1890" ordinal="0" offset="22" sl="48" sc="9" el="48" ec="75" />
                <SequencePoint vc="0" uspid="1891" ordinal="1" offset="29" sl="49" sc="9" el="49" ec="10" />
                <SequencePoint vc="0" uspid="1892" ordinal="2" offset="30" sl="50" sc="13" el="50" ec="113" />
                <SequencePoint vc="0" uspid="1893" ordinal="3" offset="60" sl="51" sc="9" el="51" ec="10" />
              </SequencePoints>
              <BranchPoints>
                <BranchPoint vc="0" uspid="1895" ordinal="0" offset="32" path="0" />
                <BranchPoint vc="0" uspid="1896" ordinal="1" offset="32" path="1" />
              </BranchPoints>
              <MethodPoint vc="0" uspid="1894" ordinal="0" offset="0" />
            </Method>
            <Method visited="false" cyclomaticComplexity="1" sequenceCoverage="0" branchCoverage="0" isConstructor="true" isStatic="false" isGetter="false" isSetter="false">
              <Summary numSequencePoints="3" visitedSequencePoints="0" numBranchPoints="1" visitedBranchPoints="0" sequenceCoverage="0" branchCoverage="0" maxCyclomaticComplexity="1" minCyclomaticComplexity="1" />
              <MetadataToken>100663373</MetadataToken>
              <Name>System.Void BHI.JewelEarth.ThinClient.Service.SerializeResult::.ctor(System.Object)</Name>
              <FileRef uid="95" />
              <SequencePoints>
                <SequencePoint vc="0" uspid="1897" ordinal="0" offset="0" sl="57" sc="9" el="58" ec="57" />
                <SequencePoint vc="0" uspid="1898" ordinal="1" offset="9" sl="59" sc="9" el="59" ec="10" />
                <SequencePoint vc="0" uspid="1899" ordinal="2" offset="10" sl="60" sc="9" el="60" ec="10" />
              </SequencePoints>
              <BranchPoints />
              <MethodPoint xsi:type="SequencePoint" vc="0" uspid="1897" ordinal="0" offset="0" sl="57" sc="9" el="58" ec="57" />
            </Method>
          </Methods>
        </Class>
        <Class>
          <Summary numSequencePoints="1" visitedSequencePoints="0" numBranchPoints="1" visitedBranchPoints="0" sequenceCoverage="0" branchCoverage="0" maxCyclomaticComplexity="1" minCyclomaticComplexity="1" />
          <FullName>BHI.JewelEarth.ThinClient.Service.SerializeResult/&lt;&gt;c__DisplayClass2</FullName>
          <Methods>
            <Method visited="false" cyclomaticComplexity="1" sequenceCoverage="0" branchCoverage="0" isConstructor="true" isStatic="false" isGetter="false" isSetter="false">
              <Summary numSequencePoints="0" visitedSequencePoints="0" numBranchPoints="0" visitedBranchPoints="0" sequenceCoverage="0" branchCoverage="0" maxCyclomaticComplexity="1" minCyclomaticComplexity="1" />
              <MetadataToken>100663409</MetadataToken>
              <Name>System.Void BHI.JewelEarth.ThinClient.Service.SerializeResult/&lt;&gt;c__DisplayClass2::.ctor()</Name>
              <SequencePoints />
              <BranchPoints />
              <MethodPoint vc="0" uspid="1900" ordinal="0" offset="0" />
            </Method>
            <Method visited="false" cyclomaticComplexity="1" sequenceCoverage="0" branchCoverage="0" isConstructor="false" isStatic="false" isGetter="false" isSetter="false">
              <Summary numSequencePoints="1" visitedSequencePoints="0" numBranchPoints="1" visitedBranchPoints="0" sequenceCoverage="0" branchCoverage="0" maxCyclomaticComplexity="1" minCyclomaticComplexity="1" />
              <MetadataToken>100663410</MetadataToken>
              <Name>System.Void BHI.JewelEarth.ThinClient.Service.SerializeResult/&lt;&gt;c__DisplayClass2::&lt;.ctor&gt;b__0(System.IO.Stream)</Name>
              <FileRef uid="95" />
              <SequencePoints>
                <SequencePoint vc="0" uspid="1901" ordinal="0" offset="0" sl="50" sc="62" el="50" ec="111" />
              </SequencePoints>
              <BranchPoints />
              <MethodPoint xsi:type="SequencePoint" vc="0" uspid="1901" ordinal="0" offset="0" sl="50" sc="62" el="50" ec="111" />
            </Method>
          </Methods>
        </Class>
        <Class>
          <Summary numSequencePoints="0" visitedSequencePoints="0" numBranchPoints="4" visitedBranchPoints="0" sequenceCoverage="0" branchCoverage="0" maxCyclomaticComplexity="3" minCyclomaticComplexity="1" />
          <FullName>&lt;&gt;f__AnonymousType0`2</FullName>
          <Methods>
            <Method visited="false" cyclomaticComplexity="1" sequenceCoverage="0" branchCoverage="0" isConstructor="false" isStatic="false" isGetter="true" isSetter="false">
              <Summary numSequencePoints="0" visitedSequencePoints="0" numBranchPoints="0" visitedBranchPoints="0" sequenceCoverage="0" branchCoverage="0" maxCyclomaticComplexity="1" minCyclomaticComplexity="1" />
              <MetadataToken>100663376</MetadataToken>
              <Name>&lt;methodInfo&gt;j__TPar &lt;&gt;f__AnonymousType0`2::get_methodInfo()</Name>
              <SequencePoints />
              <BranchPoints />
              <MethodPoint vc="0" uspid="1902" ordinal="0" offset="0" />
            </Method>
            <Method visited="false" cyclomaticComplexity="1" sequenceCoverage="0" branchCoverage="0" isConstructor="false" isStatic="false" isGetter="true" isSetter="false">
              <Summary numSequencePoints="0" visitedSequencePoints="0" numBranchPoints="0" visitedBranchPoints="0" sequenceCoverage="0" branchCoverage="0" maxCyclomaticComplexity="1" minCyclomaticComplexity="1" />
              <MetadataToken>100663377</MetadataToken>
              <Name>&lt;parameters&gt;j__TPar &lt;&gt;f__AnonymousType0`2::get_parameters()</Name>
              <SequencePoints />
              <BranchPoints />
              <MethodPoint vc="0" uspid="1903" ordinal="0" offset="0" />
            </Method>
            <Method visited="false" cyclomaticComplexity="1" sequenceCoverage="0" branchCoverage="0" isConstructor="true" isStatic="false" isGetter="false" isSetter="false">
              <Summary numSequencePoints="0" visitedSequencePoints="0" numBranchPoints="0" visitedBranchPoints="0" sequenceCoverage="0" branchCoverage="0" maxCyclomaticComplexity="1" minCyclomaticComplexity="1" />
              <MetadataToken>100663375</MetadataToken>
              <Name>System.Void &lt;&gt;f__AnonymousType0`2::.ctor(&lt;methodInfo&gt;j__TPar,&lt;parameters&gt;j__TPar)</Name>
              <SequencePoints />
              <BranchPoints />
              <MethodPoint vc="0" uspid="1904" ordinal="0" offset="0" />
            </Method>
            <Method visited="false" cyclomaticComplexity="1" sequenceCoverage="0" branchCoverage="0" isConstructor="false" isStatic="false" isGetter="false" isSetter="false">
              <Summary numSequencePoints="0" visitedSequencePoints="0" numBranchPoints="0" visitedBranchPoints="0" sequenceCoverage="0" branchCoverage="0" maxCyclomaticComplexity="1" minCyclomaticComplexity="1" />
              <MetadataToken>100663378</MetadataToken>
              <Name>System.String &lt;&gt;f__AnonymousType0`2::ToString()</Name>
              <SequencePoints />
              <BranchPoints />
              <MethodPoint vc="0" uspid="1905" ordinal="0" offset="0" />
            </Method>
            <Method visited="false" cyclomaticComplexity="3" sequenceCoverage="0" branchCoverage="0" isConstructor="false" isStatic="false" isGetter="false" isSetter="false">
              <Summary numSequencePoints="0" visitedSequencePoints="0" numBranchPoints="4" visitedBranchPoints="0" sequenceCoverage="0" branchCoverage="0" maxCyclomaticComplexity="3" minCyclomaticComplexity="3" />
              <MetadataToken>100663379</MetadataToken>
              <Name>System.Boolean &lt;&gt;f__AnonymousType0`2::Equals(System.Object)</Name>
              <SequencePoints />
              <BranchPoints>
                <BranchPoint vc="0" uspid="1907" ordinal="0" offset="8" path="0" />
                <BranchPoint vc="0" uspid="1908" ordinal="1" offset="8" path="1" />
                <BranchPoint vc="0" uspid="1909" ordinal="2" offset="32" path="0" />
                <BranchPoint vc="0" uspid="1910" ordinal="3" offset="32" path="1" />
              </BranchPoints>
              <MethodPoint vc="0" uspid="1906" ordinal="0" offset="0" />
            </Method>
            <Method visited="false" cyclomaticComplexity="1" sequenceCoverage="0" branchCoverage="0" isConstructor="false" isStatic="false" isGetter="false" isSetter="false">
              <Summary numSequencePoints="0" visitedSequencePoints="0" numBranchPoints="0" visitedBranchPoints="0" sequenceCoverage="0" branchCoverage="0" maxCyclomaticComplexity="1" minCyclomaticComplexity="1" />
              <MetadataToken>100663380</MetadataToken>
              <Name>System.Int32 &lt;&gt;f__AnonymousType0`2::GetHashCode()</Name>
              <SequencePoints />
              <BranchPoints />
              <MethodPoint vc="0" uspid="1911" ordinal="0" offset="0" />
            </Method>
          </Methods>
        </Class>
        <Class>
          <Summary numSequencePoints="0" visitedSequencePoints="0" numBranchPoints="4" visitedBranchPoints="0" sequenceCoverage="0" branchCoverage="0" maxCyclomaticComplexity="3" minCyclomaticComplexity="1" />
          <FullName>&lt;&gt;f__AnonymousType1`2</FullName>
          <Methods>
            <Method visited="false" cyclomaticComplexity="1" sequenceCoverage="0" branchCoverage="0" isConstructor="false" isStatic="false" isGetter="true" isSetter="false">
              <Summary numSequencePoints="0" visitedSequencePoints="0" numBranchPoints="0" visitedBranchPoints="0" sequenceCoverage="0" branchCoverage="0" maxCyclomaticComplexity="1" minCyclomaticComplexity="1" />
              <MetadataToken>100663382</MetadataToken>
              <Name>&lt;methodInfo&gt;j__TPar &lt;&gt;f__AnonymousType1`2::get_methodInfo()</Name>
              <SequencePoints />
              <BranchPoints />
              <MethodPoint vc="0" uspid="1912" ordinal="0" offset="0" />
            </Method>
            <Method visited="false" cyclomaticComplexity="1" sequenceCoverage="0" branchCoverage="0" isConstructor="false" isStatic="false" isGetter="true" isSetter="false">
              <Summary numSequencePoints="0" visitedSequencePoints="0" numBranchPoints="0" visitedBranchPoints="0" sequenceCoverage="0" branchCoverage="0" maxCyclomaticComplexity="1" minCyclomaticComplexity="1" />
              <MetadataToken>100663383</MetadataToken>
              <Name>&lt;operationType&gt;j__TPar &lt;&gt;f__AnonymousType1`2::get_operationType()</Name>
              <SequencePoints />
              <BranchPoints />
              <MethodPoint vc="0" uspid="1913" ordinal="0" offset="0" />
            </Method>
            <Method visited="false" cyclomaticComplexity="1" sequenceCoverage="0" branchCoverage="0" isConstructor="true" isStatic="false" isGetter="false" isSetter="false">
              <Summary numSequencePoints="0" visitedSequencePoints="0" numBranchPoints="0" visitedBranchPoints="0" sequenceCoverage="0" branchCoverage="0" maxCyclomaticComplexity="1" minCyclomaticComplexity="1" />
              <MetadataToken>100663381</MetadataToken>
              <Name>System.Void &lt;&gt;f__AnonymousType1`2::.ctor(&lt;methodInfo&gt;j__TPar,&lt;operationType&gt;j__TPar)</Name>
              <SequencePoints />
              <BranchPoints />
              <MethodPoint vc="0" uspid="1914" ordinal="0" offset="0" />
            </Method>
            <Method visited="false" cyclomaticComplexity="1" sequenceCoverage="0" branchCoverage="0" isConstructor="false" isStatic="false" isGetter="false" isSetter="false">
              <Summary numSequencePoints="0" visitedSequencePoints="0" numBranchPoints="0" visitedBranchPoints="0" sequenceCoverage="0" branchCoverage="0" maxCyclomaticComplexity="1" minCyclomaticComplexity="1" />
              <MetadataToken>100663384</MetadataToken>
              <Name>System.String &lt;&gt;f__AnonymousType1`2::ToString()</Name>
              <SequencePoints />
              <BranchPoints />
              <MethodPoint vc="0" uspid="1915" ordinal="0" offset="0" />
            </Method>
            <Method visited="false" cyclomaticComplexity="3" sequenceCoverage="0" branchCoverage="0" isConstructor="false" isStatic="false" isGetter="false" isSetter="false">
              <Summary numSequencePoints="0" visitedSequencePoints="0" numBranchPoints="4" visitedBranchPoints="0" sequenceCoverage="0" branchCoverage="0" maxCyclomaticComplexity="3" minCyclomaticComplexity="3" />
              <MetadataToken>100663385</MetadataToken>
              <Name>System.Boolean &lt;&gt;f__AnonymousType1`2::Equals(System.Object)</Name>
              <SequencePoints />
              <BranchPoints>
                <BranchPoint vc="0" uspid="1917" ordinal="0" offset="8" path="0" />
                <BranchPoint vc="0" uspid="1918" ordinal="1" offset="8" path="1" />
                <BranchPoint vc="0" uspid="1919" ordinal="2" offset="32" path="0" />
                <BranchPoint vc="0" uspid="1920" ordinal="3" offset="32" path="1" />
              </BranchPoints>
              <MethodPoint vc="0" uspid="1916" ordinal="0" offset="0" />
            </Method>
            <Method visited="false" cyclomaticComplexity="1" sequenceCoverage="0" branchCoverage="0" isConstructor="false" isStatic="false" isGetter="false" isSetter="false">
              <Summary numSequencePoints="0" visitedSequencePoints="0" numBranchPoints="0" visitedBranchPoints="0" sequenceCoverage="0" branchCoverage="0" maxCyclomaticComplexity="1" minCyclomaticComplexity="1" />
              <MetadataToken>100663386</MetadataToken>
              <Name>System.Int32 &lt;&gt;f__AnonymousType1`2::GetHashCode()</Name>
              <SequencePoints />
              <BranchPoints />
              <MethodPoint vc="0" uspid="1921" ordinal="0" offset="0" />
            </Method>
          </Methods>
        </Class>
        <Class>
          <Summary numSequencePoints="0" visitedSequencePoints="0" numBranchPoints="4" visitedBranchPoints="0" sequenceCoverage="0" branchCoverage="0" maxCyclomaticComplexity="3" minCyclomaticComplexity="1" />
          <FullName>&lt;&gt;f__AnonymousType2`2</FullName>
          <Methods>
            <Method visited="true" cyclomaticComplexity="1" sequenceCoverage="0" branchCoverage="0" isConstructor="false" isStatic="false" isGetter="true" isSetter="false">
              <Summary numSequencePoints="0" visitedSequencePoints="0" numBranchPoints="0" visitedBranchPoints="0" sequenceCoverage="0" branchCoverage="0" maxCyclomaticComplexity="1" minCyclomaticComplexity="1" />
              <MetadataToken>100663404</MetadataToken>
              <Name>&lt;executor&gt;j__TPar &lt;&gt;f__AnonymousType2`2::get_executor()</Name>
              <SequencePoints />
              <BranchPoints />
              <MethodPoint vc="1" uspid="1922" ordinal="0" offset="0" />
            </Method>
            <Method visited="true" cyclomaticComplexity="1" sequenceCoverage="0" branchCoverage="0" isConstructor="false" isStatic="false" isGetter="true" isSetter="false">
              <Summary numSequencePoints="0" visitedSequencePoints="0" numBranchPoints="0" visitedBranchPoints="0" sequenceCoverage="0" branchCoverage="0" maxCyclomaticComplexity="1" minCyclomaticComplexity="1" />
              <MetadataToken>100663405</MetadataToken>
              <Name>&lt;type&gt;j__TPar &lt;&gt;f__AnonymousType2`2::get_type()</Name>
              <SequencePoints />
              <BranchPoints />
              <MethodPoint vc="1" uspid="1923" ordinal="0" offset="0" />
            </Method>
            <Method visited="true" cyclomaticComplexity="1" sequenceCoverage="0" branchCoverage="0" isConstructor="true" isStatic="false" isGetter="false" isSetter="false">
              <Summary numSequencePoints="0" visitedSequencePoints="0" numBranchPoints="0" visitedBranchPoints="0" sequenceCoverage="0" branchCoverage="0" maxCyclomaticComplexity="1" minCyclomaticComplexity="1" />
              <MetadataToken>100663403</MetadataToken>
              <Name>System.Void &lt;&gt;f__AnonymousType2`2::.ctor(&lt;executor&gt;j__TPar,&lt;type&gt;j__TPar)</Name>
              <SequencePoints />
              <BranchPoints />
              <MethodPoint vc="1" uspid="1924" ordinal="0" offset="0" />
            </Method>
            <Method visited="false" cyclomaticComplexity="1" sequenceCoverage="0" branchCoverage="0" isConstructor="false" isStatic="false" isGetter="false" isSetter="false">
              <Summary numSequencePoints="0" visitedSequencePoints="0" numBranchPoints="0" visitedBranchPoints="0" sequenceCoverage="0" branchCoverage="0" maxCyclomaticComplexity="1" minCyclomaticComplexity="1" />
              <MetadataToken>100663406</MetadataToken>
              <Name>System.String &lt;&gt;f__AnonymousType2`2::ToString()</Name>
              <SequencePoints />
              <BranchPoints />
              <MethodPoint vc="0" uspid="1925" ordinal="0" offset="0" />
            </Method>
            <Method visited="false" cyclomaticComplexity="3" sequenceCoverage="0" branchCoverage="0" isConstructor="false" isStatic="false" isGetter="false" isSetter="false">
              <Summary numSequencePoints="0" visitedSequencePoints="0" numBranchPoints="4" visitedBranchPoints="0" sequenceCoverage="0" branchCoverage="0" maxCyclomaticComplexity="3" minCyclomaticComplexity="3" />
              <MetadataToken>100663407</MetadataToken>
              <Name>System.Boolean &lt;&gt;f__AnonymousType2`2::Equals(System.Object)</Name>
              <SequencePoints />
              <BranchPoints>
                <BranchPoint vc="0" uspid="1927" ordinal="0" offset="8" path="0" />
                <BranchPoint vc="0" uspid="1928" ordinal="1" offset="8" path="1" />
                <BranchPoint vc="0" uspid="1929" ordinal="2" offset="32" path="0" />
                <BranchPoint vc="0" uspid="1930" ordinal="3" offset="32" path="1" />
              </BranchPoints>
              <MethodPoint vc="0" uspid="1926" ordinal="0" offset="0" />
            </Method>
            <Method visited="false" cyclomaticComplexity="1" sequenceCoverage="0" branchCoverage="0" isConstructor="false" isStatic="false" isGetter="false" isSetter="false">
              <Summary numSequencePoints="0" visitedSequencePoints="0" numBranchPoints="0" visitedBranchPoints="0" sequenceCoverage="0" branchCoverage="0" maxCyclomaticComplexity="1" minCyclomaticComplexity="1" />
              <MetadataToken>100663408</MetadataToken>
              <Name>System.Int32 &lt;&gt;f__AnonymousType2`2::GetHashCode()</Name>
              <SequencePoints />
              <BranchPoints />
              <MethodPoint vc="0" uspid="1931" ordinal="0" offset="0" />
            </Method>
          </Methods>
        </Class>
      </Classes>
    </Module>
    <Module skippedDueTo="Filter" hash="5D-61-A7-62-D3-EC-D6-F3-F7-A8-10-45-10-57-7E-80-33-83-CD-2C">
      <FullName>C:\Program Files (x86)\Microsoft Visual Studio 11.0\Common7\IDE\CommonExtensions\Microsoft\TestWindow\Extensions\CppUnitFramework\Microsoft.VisualStudio.TestTools.CppUnitTestFramework.TestEngine.dll</FullName>
      <ModuleName>Microsoft.VisualStudio.TestTools.CppUnitTestFramework.TestEngine</ModuleName>
      <Classes />
    </Module>
    <Module skippedDueTo="Filter" hash="C8-C6-29-99-CA-01-AD-D3-16-19-A6-31-80-F3-CD-F7-92-E1-B3-1C">
      <FullName>C:\Program Files (x86)\Microsoft Visual Studio 11.0\Common7\IDE\CommonExtensions\Microsoft\TestWindow\Extensions\CppUnitFramework\Microsoft.VisualStudio.TestTools.CppUnitTestFramework.Discoverer.dll</FullName>
      <ModuleName>Microsoft.VisualStudio.TestTools.CppUnitTestFramework.Discoverer</ModuleName>
      <Classes />
    </Module>
  </Modules>
</CoverageSession>