<?xml version="1.0" encoding="utf-8"?>
<CoverageSession xmlns:xsd="http://www.w3.org/2001/XMLSchema" xmlns:xsi="http://www.w3.org/2001/XMLSchema-instance">
  <Summary numSequencePoints="67950" visitedSequencePoints="2090" numBranchPoints="22940" visitedBranchPoints="383" sequenceCoverage="3.08" branchCoverage="1.67" maxCyclomaticComplexity="124" minCyclomaticComplexity="0" />
  <Modules>
   
    <Module hash="F2-CE-8D-8C-78-D5-9C-C8-D1-12-38-C0-3F-3E-34-A6-2D-08-2A-ED">
      <Summary numSequencePoints="342" visitedSequencePoints="260" numBranchPoints="67" visitedBranchPoints="48" sequenceCoverage="76.02" branchCoverage="71.64" maxCyclomaticComplexity="5" minCyclomaticComplexity="1" />
      <ModulePath>c:\Development\Jewel.Release.Oahu\JewelEarth\Core\JOA Jewel Suite\JewelExplorer.UnitTest\bin\Debug\JewelExplorer.UnitTest.dll</ModulePath>
      <ModuleName>JewelExplorer.UnitTest</ModuleName>
      <Files>
        <File uid="1" fullPath="c:\Development\Jewel.Release.Oahu\JewelEarth\Core\JOA Jewel Suite\JewelExplorer.UnitTest\Synchronization\ViewSynchronizer\AttachViewTree.cs" />
        <File uid="2" fullPath="c:\Development\Jewel.Release.Oahu\JewelEarth\Core\JOA Jewel Suite\JewelExplorer.UnitTest\Synchronization\ViewSynchronizer\MockDefinitions.cs" />
        <File uid="15" fullPath="c:\Development\Jewel.Release.Oahu\JewelEarth\Core\JOA Jewel Suite\JewelExplorer.UnitTest\Synchronization\ViewSynchronizer\GenerateInitialViewTree.cs" />
        <File uid="16" fullPath="c:\Development\Jewel.Release.Oahu\JewelEarth\Core\JOA Jewel Suite\JewelExplorer.UnitTest\Synchronization\ViewSynchronizer\ViewTreeInputDataGenerator.cs" />
        <File uid="17" fullPath="c:\Development\Jewel.Release.Oahu\JewelEarth\Core\JOA Jewel Suite\JewelExplorer.UnitTest\ViewModelActions\Delete\DeleteHierarchyTree.cs" />
        <File uid="18" fullPath="c:\Development\Jewel.Release.Oahu\JewelEarth\Core\JOA Jewel Suite\JewelExplorer.UnitTest\ViewModelActions\Visibility\VisibilityManagement\VisibilityStateTemplateSetStateTest.cs" />
        <File uid="20" fullPath="c:\Development\Jewel.Release.Oahu\JewelEarth\Core\JOA Jewel Suite\JewelExplorer.UnitTest\ViewModelActions\Visibility\VisibilityManagement\VisibilityViewModelStateTemplateFactoryTest.cs" />
      </Files>
      <Classes>
        <Class>
          <Summary numSequencePoints="0" visitedSequencePoints="0" numBranchPoints="0" visitedBranchPoints="0" sequenceCoverage="0" branchCoverage="0" maxCyclomaticComplexity="0" minCyclomaticComplexity="0" />
          <FullName>&lt;Module&gt;</FullName>
          <Methods />
        </Class>
        <Class>
          <Summary numSequencePoints="75" visitedSequencePoints="72" numBranchPoints="8" visitedBranchPoints="8" sequenceCoverage="96" branchCoverage="100" maxCyclomaticComplexity="1" minCyclomaticComplexity="1" />
          <FullName>BHI.JewelEarth.JewelExplorer.UnitTest.Synchronization.ViewSynchronizer.AttachViewTree</FullName>
          <Methods>
            <Method visited="true" cyclomaticComplexity="1" sequenceCoverage="100" branchCoverage="100" isConstructor="false" isStatic="false" isGetter="false" isSetter="false">
              <Summary numSequencePoints="12" visitedSequencePoints="12" numBranchPoints="1" visitedBranchPoints="1" sequenceCoverage="100" branchCoverage="100" maxCyclomaticComplexity="1" minCyclomaticComplexity="1" />
              <MetadataToken>100663297</MetadataToken>
              <Name>System.Void BHI.JewelEarth.JewelExplorer.UnitTest.Synchronization.ViewSynchronizer.AttachViewTree::VersionZeroModelTree_UpdateAllAdminWithSameVersionNumber_AttachViewTreeRegeneratesTreeWithController()</Name>
              <FileRef uid="1" />
              <SequencePoints>
                <SequencePoint vc="1" uspid="1" ordinal="0" offset="0" sl="44" sc="9" el="44" ec="10" />
                <SequencePoint vc="1" uspid="2" ordinal="1" offset="1" sl="45" sc="13" el="45" ec="80" />
                <SequencePoint vc="1" uspid="3" ordinal="2" offset="7" sl="46" sc="13" el="46" ec="57" />
                <SequencePoint vc="1" uspid="4" ordinal="3" offset="14" sl="49" sc="13" el="49" ec="110" />
                <SequencePoint vc="1" uspid="5" ordinal="4" offset="62" sl="50" sc="13" el="50" ec="110" />
                <SequencePoint vc="1" uspid="6" ordinal="5" offset="110" sl="51" sc="13" el="51" ec="110" />
                <SequencePoint vc="1" uspid="7" ordinal="6" offset="158" sl="54" sc="13" el="54" ec="94" />
                <SequencePoint vc="1" uspid="8" ordinal="7" offset="182" sl="57" sc="13" el="57" ec="76" />
                <SequencePoint vc="1" uspid="9" ordinal="8" offset="200" sl="58" sc="13" el="58" ec="101" />
                <SequencePoint vc="1" uspid="10" ordinal="9" offset="234" sl="59" sc="13" el="59" ec="101" />
                <SequencePoint vc="1" uspid="11" ordinal="10" offset="268" sl="60" sc="13" el="60" ec="101" />
                <SequencePoint vc="1" uspid="12" ordinal="11" offset="302" sl="61" sc="9" el="61" ec="10" />
              </SequencePoints>
              <BranchPoints />
              <MethodPoint xsi:type="SequencePoint" vc="1" uspid="1" ordinal="0" offset="0" sl="44" sc="9" el="44" ec="10" />
            </Method>
            <Method visited="true" cyclomaticComplexity="1" sequenceCoverage="100" branchCoverage="100" isConstructor="false" isStatic="false" isGetter="false" isSetter="false">
              <Summary numSequencePoints="12" visitedSequencePoints="12" numBranchPoints="1" visitedBranchPoints="1" sequenceCoverage="100" branchCoverage="100" maxCyclomaticComplexity="1" minCyclomaticComplexity="1" />
              <MetadataToken>100663298</MetadataToken>
              <Name>System.Void BHI.JewelEarth.JewelExplorer.UnitTest.Synchronization.ViewSynchronizer.AttachViewTree::VersionZeroModelTree_UpdateAllAdminWithDifferentVersionNumber_AttachViewTreeRegeneratesTreeWithController()</Name>
              <FileRef uid="1" />
              <SequencePoints>
                <SequencePoint vc="1" uspid="13" ordinal="0" offset="0" sl="65" sc="9" el="65" ec="10" />
                <SequencePoint vc="1" uspid="14" ordinal="1" offset="1" sl="66" sc="13" el="66" ec="80" />
                <SequencePoint vc="1" uspid="15" ordinal="2" offset="7" sl="67" sc="13" el="67" ec="57" />
                <SequencePoint vc="1" uspid="16" ordinal="3" offset="14" sl="70" sc="13" el="70" ec="110" />
                <SequencePoint vc="1" uspid="17" ordinal="4" offset="62" sl="71" sc="13" el="71" ec="110" />
                <SequencePoint vc="1" uspid="18" ordinal="5" offset="110" sl="72" sc="13" el="72" ec="110" />
                <SequencePoint vc="1" uspid="19" ordinal="6" offset="158" sl="75" sc="13" el="75" ec="94" />
                <SequencePoint vc="1" uspid="20" ordinal="7" offset="182" sl="78" sc="13" el="78" ec="76" />
                <SequencePoint vc="1" uspid="21" ordinal="8" offset="200" sl="79" sc="13" el="79" ec="101" />
                <SequencePoint vc="1" uspid="22" ordinal="9" offset="234" sl="80" sc="13" el="80" ec="101" />
                <SequencePoint vc="1" uspid="23" ordinal="10" offset="268" sl="81" sc="13" el="81" ec="101" />
                <SequencePoint vc="1" uspid="24" ordinal="11" offset="302" sl="82" sc="9" el="82" ec="10" />
              </SequencePoints>
              <BranchPoints />
              <MethodPoint xsi:type="SequencePoint" vc="1" uspid="13" ordinal="0" offset="0" sl="65" sc="9" el="65" ec="10" />
            </Method>
            <Method visited="true" cyclomaticComplexity="1" sequenceCoverage="100" branchCoverage="100" isConstructor="false" isStatic="false" isGetter="false" isSetter="false">
              <Summary numSequencePoints="10" visitedSequencePoints="10" numBranchPoints="1" visitedBranchPoints="1" sequenceCoverage="100" branchCoverage="100" maxCyclomaticComplexity="1" minCyclomaticComplexity="1" />
              <MetadataToken>100663299</MetadataToken>
              <Name>System.Void BHI.JewelEarth.JewelExplorer.UnitTest.Synchronization.ViewSynchronizer.AttachViewTree::VersionZeroModelTree_UpdateOnlyOneAdminOnce_AttachViewTreeRegeneratesTreeWithController()</Name>
              <FileRef uid="1" />
              <SequencePoints>
                <SequencePoint vc="1" uspid="25" ordinal="0" offset="0" sl="86" sc="9" el="86" ec="10" />
                <SequencePoint vc="1" uspid="26" ordinal="1" offset="1" sl="87" sc="13" el="87" ec="80" />
                <SequencePoint vc="1" uspid="27" ordinal="2" offset="7" sl="88" sc="13" el="88" ec="57" />
                <SequencePoint vc="1" uspid="28" ordinal="3" offset="14" sl="91" sc="13" el="91" ec="112" />
                <SequencePoint vc="1" uspid="29" ordinal="4" offset="62" sl="94" sc="13" el="94" ec="94" />
                <SequencePoint vc="1" uspid="30" ordinal="5" offset="86" sl="97" sc="13" el="97" ec="76" />
                <SequencePoint vc="1" uspid="31" ordinal="6" offset="104" sl="98" sc="13" el="98" ec="102" />
                <SequencePoint vc="1" uspid="32" ordinal="7" offset="138" sl="99" sc="13" el="99" ec="102" />
                <SequencePoint vc="1" uspid="33" ordinal="8" offset="172" sl="100" sc="13" el="100" ec="102" />
                <SequencePoint vc="1" uspid="34" ordinal="9" offset="206" sl="101" sc="9" el="101" ec="10" />
              </SequencePoints>
              <BranchPoints />
              <MethodPoint xsi:type="SequencePoint" vc="1" uspid="25" ordinal="0" offset="0" sl="86" sc="9" el="86" ec="10" />
            </Method>
            <Method visited="true" cyclomaticComplexity="1" sequenceCoverage="100" branchCoverage="100" isConstructor="false" isStatic="false" isGetter="false" isSetter="false">
              <Summary numSequencePoints="17" visitedSequencePoints="17" numBranchPoints="1" visitedBranchPoints="1" sequenceCoverage="100" branchCoverage="100" maxCyclomaticComplexity="1" minCyclomaticComplexity="1" />
              <MetadataToken>100663300</MetadataToken>
              <Name>System.Void BHI.JewelEarth.JewelExplorer.UnitTest.Synchronization.ViewSynchronizer.AttachViewTree::VersionZeroModelTree_UpdateOnlyOneAdminTwice_AttachViewTreeRegeneratesTreeWithController()</Name>
              <FileRef uid="1" />
              <SequencePoints>
                <SequencePoint vc="1" uspid="35" ordinal="0" offset="0" sl="105" sc="9" el="105" ec="10" />
                <SequencePoint vc="1" uspid="36" ordinal="1" offset="1" sl="106" sc="13" el="106" ec="80" />
                <SequencePoint vc="1" uspid="37" ordinal="2" offset="7" sl="107" sc="13" el="107" ec="57" />
                <SequencePoint vc="1" uspid="38" ordinal="3" offset="14" sl="110" sc="13" el="110" ec="110" />
                <SequencePoint vc="1" uspid="39" ordinal="4" offset="62" sl="113" sc="13" el="113" ec="94" />
                <SequencePoint vc="1" uspid="40" ordinal="5" offset="86" sl="116" sc="13" el="116" ec="76" />
                <SequencePoint vc="1" uspid="41" ordinal="6" offset="104" sl="117" sc="13" el="117" ec="101" />
                <SequencePoint vc="1" uspid="42" ordinal="7" offset="138" sl="118" sc="13" el="118" ec="101" />
                <SequencePoint vc="1" uspid="43" ordinal="8" offset="172" sl="119" sc="13" el="119" ec="101" />
                <SequencePoint vc="1" uspid="44" ordinal="9" offset="206" sl="122" sc="13" el="122" ec="48" />
                <SequencePoint vc="1" uspid="45" ordinal="10" offset="218" sl="125" sc="13" el="125" ec="110" />
                <SequencePoint vc="1" uspid="46" ordinal="11" offset="266" sl="128" sc="13" el="128" ec="94" />
                <SequencePoint vc="1" uspid="47" ordinal="12" offset="290" sl="131" sc="13" el="131" ec="76" />
                <SequencePoint vc="1" uspid="48" ordinal="13" offset="308" sl="132" sc="13" el="132" ec="101" />
                <SequencePoint vc="1" uspid="49" ordinal="14" offset="342" sl="133" sc="13" el="133" ec="101" />
                <SequencePoint vc="1" uspid="50" ordinal="15" offset="376" sl="134" sc="13" el="134" ec="101" />
                <SequencePoint vc="1" uspid="51" ordinal="16" offset="410" sl="135" sc="9" el="135" ec="10" />
              </SequencePoints>
              <BranchPoints />
              <MethodPoint xsi:type="SequencePoint" vc="1" uspid="35" ordinal="0" offset="0" sl="105" sc="9" el="105" ec="10" />
            </Method>
            <Method visited="true" cyclomaticComplexity="1" sequenceCoverage="100" branchCoverage="100" isConstructor="false" isStatic="false" isGetter="false" isSetter="false">
              <Summary numSequencePoints="9" visitedSequencePoints="9" numBranchPoints="1" visitedBranchPoints="1" sequenceCoverage="100" branchCoverage="100" maxCyclomaticComplexity="1" minCyclomaticComplexity="1" />
              <MetadataToken>100663301</MetadataToken>
              <Name>System.Void BHI.JewelEarth.JewelExplorer.UnitTest.Synchronization.ViewSynchronizer.AttachViewTree::VersionZeroModelTree_DoesNotUpdateVersionNumber_AttachViewTreeDoesntRegenerateTreeWithController()</Name>
              <FileRef uid="1" />
              <SequencePoints>
                <SequencePoint vc="1" uspid="52" ordinal="0" offset="0" sl="139" sc="9" el="139" ec="10" />
                <SequencePoint vc="1" uspid="53" ordinal="1" offset="1" sl="140" sc="13" el="140" ec="80" />
                <SequencePoint vc="1" uspid="54" ordinal="2" offset="7" sl="141" sc="13" el="141" ec="57" />
                <SequencePoint vc="1" uspid="55" ordinal="3" offset="14" sl="143" sc="13" el="143" ec="94" />
                <SequencePoint vc="1" uspid="56" ordinal="4" offset="38" sl="145" sc="13" el="145" ec="76" />
                <SequencePoint vc="1" uspid="57" ordinal="5" offset="56" sl="146" sc="13" el="146" ec="101" />
                <SequencePoint vc="1" uspid="58" ordinal="6" offset="90" sl="147" sc="13" el="147" ec="101" />
                <SequencePoint vc="1" uspid="59" ordinal="7" offset="124" sl="148" sc="13" el="148" ec="101" />
                <SequencePoint vc="1" uspid="60" ordinal="8" offset="158" sl="149" sc="9" el="149" ec="10" />
              </SequencePoints>
              <BranchPoints />
              <MethodPoint xsi:type="SequencePoint" vc="1" uspid="52" ordinal="0" offset="0" sl="139" sc="9" el="139" ec="10" />
            </Method>
            <Method visited="true" cyclomaticComplexity="1" sequenceCoverage="80" branchCoverage="100" isConstructor="false" isStatic="false" isGetter="false" isSetter="false">
              <Summary numSequencePoints="5" visitedSequencePoints="4" numBranchPoints="1" visitedBranchPoints="1" sequenceCoverage="80" branchCoverage="100" maxCyclomaticComplexity="1" minCyclomaticComplexity="1" />
              <MetadataToken>100663302</MetadataToken>
              <Name>System.Void BHI.JewelEarth.JewelExplorer.UnitTest.Synchronization.ViewSynchronizer.AttachViewTree::VersionZeroModelTree_AttachViewTreeModelRootIsNull()</Name>
              <FileRef uid="1" />
              <SequencePoints>
                <SequencePoint vc="1" uspid="61" ordinal="0" offset="0" sl="154" sc="9" el="154" ec="10" />
                <SequencePoint vc="1" uspid="62" ordinal="1" offset="1" sl="155" sc="13" el="155" ec="80" />
                <SequencePoint vc="1" uspid="63" ordinal="2" offset="7" sl="156" sc="13" el="156" ec="57" />
                <SequencePoint vc="1" uspid="64" ordinal="3" offset="14" sl="157" sc="13" el="157" ec="78" />
                <SequencePoint vc="0" uspid="65" ordinal="4" offset="33" sl="158" sc="9" el="158" ec="10" />
              </SequencePoints>
              <BranchPoints />
              <MethodPoint xsi:type="SequencePoint" vc="1" uspid="61" ordinal="0" offset="0" sl="154" sc="9" el="154" ec="10" />
            </Method>
            <Method visited="true" cyclomaticComplexity="1" sequenceCoverage="80" branchCoverage="100" isConstructor="false" isStatic="false" isGetter="false" isSetter="false">
              <Summary numSequencePoints="5" visitedSequencePoints="4" numBranchPoints="1" visitedBranchPoints="1" sequenceCoverage="80" branchCoverage="100" maxCyclomaticComplexity="1" minCyclomaticComplexity="1" />
              <MetadataToken>100663303</MetadataToken>
              <Name>System.Void BHI.JewelEarth.JewelExplorer.UnitTest.Synchronization.ViewSynchronizer.AttachViewTree::VersionZeroModelTree_AttachViewTreeViewModelIsNull()</Name>
              <FileRef uid="1" />
              <SequencePoints>
                <SequencePoint vc="1" uspid="66" ordinal="0" offset="0" sl="163" sc="9" el="163" ec="10" />
                <SequencePoint vc="1" uspid="67" ordinal="1" offset="1" sl="164" sc="13" el="164" ec="80" />
                <SequencePoint vc="1" uspid="68" ordinal="2" offset="7" sl="165" sc="13" el="165" ec="57" />
                <SequencePoint vc="1" uspid="69" ordinal="3" offset="14" sl="166" sc="13" el="166" ec="74" />
                <SequencePoint vc="0" uspid="70" ordinal="4" offset="33" sl="167" sc="9" el="167" ec="10" />
              </SequencePoints>
              <BranchPoints />
              <MethodPoint xsi:type="SequencePoint" vc="1" uspid="66" ordinal="0" offset="0" sl="163" sc="9" el="163" ec="10" />
            </Method>
            <Method visited="true" cyclomaticComplexity="1" sequenceCoverage="80" branchCoverage="100" isConstructor="false" isStatic="false" isGetter="false" isSetter="false">
              <Summary numSequencePoints="5" visitedSequencePoints="4" numBranchPoints="1" visitedBranchPoints="1" sequenceCoverage="80" branchCoverage="100" maxCyclomaticComplexity="1" minCyclomaticComplexity="1" />
              <MetadataToken>100663304</MetadataToken>
              <Name>System.Void BHI.JewelEarth.JewelExplorer.UnitTest.Synchronization.ViewSynchronizer.AttachViewTree::VersionZeroModelTree_AttachViewTreeModelRootAndViewModelAreNull()</Name>
              <FileRef uid="1" />
              <SequencePoints>
                <SequencePoint vc="1" uspid="71" ordinal="0" offset="0" sl="172" sc="9" el="172" ec="10" />
                <SequencePoint vc="1" uspid="72" ordinal="1" offset="1" sl="173" sc="13" el="173" ec="80" />
                <SequencePoint vc="1" uspid="73" ordinal="2" offset="7" sl="174" sc="13" el="174" ec="57" />
                <SequencePoint vc="1" uspid="74" ordinal="3" offset="14" sl="175" sc="13" el="175" ec="58" />
                <SequencePoint vc="0" uspid="75" ordinal="4" offset="28" sl="176" sc="9" el="176" ec="10" />
              </SequencePoints>
              <BranchPoints />
              <MethodPoint xsi:type="SequencePoint" vc="1" uspid="71" ordinal="0" offset="0" sl="172" sc="9" el="172" ec="10" />
            </Method>
            <Method visited="true" cyclomaticComplexity="1" sequenceCoverage="0" branchCoverage="0" isConstructor="true" isStatic="false" isGetter="false" isSetter="false">
              <Summary numSequencePoints="0" visitedSequencePoints="0" numBranchPoints="0" visitedBranchPoints="0" sequenceCoverage="0" branchCoverage="0" maxCyclomaticComplexity="1" minCyclomaticComplexity="1" />
              <MetadataToken>100663305</MetadataToken>
              <Name>System.Void BHI.JewelEarth.JewelExplorer.UnitTest.Synchronization.ViewSynchronizer.AttachViewTree::.ctor()</Name>
              <SequencePoints />
              <BranchPoints />
              <MethodPoint vc="8" uspid="76" ordinal="0" offset="0" />
            </Method>
          </Methods>
        </Class>
        <Class>
          <Summary numSequencePoints="3" visitedSequencePoints="3" numBranchPoints="1" visitedBranchPoints="1" sequenceCoverage="100" branchCoverage="100" maxCyclomaticComplexity="1" minCyclomaticComplexity="1" />
          <FullName>BHI.JewelEarth.JewelExplorer.UnitTest.Synchronization.ViewSynchronizer.MockControllerSimpleScenario</FullName>
          <Methods>
            <Method visited="true" cyclomaticComplexity="1" sequenceCoverage="100" branchCoverage="100" isConstructor="true" isStatic="false" isGetter="false" isSetter="false">
              <Summary numSequencePoints="3" visitedSequencePoints="3" numBranchPoints="1" visitedBranchPoints="1" sequenceCoverage="100" branchCoverage="100" maxCyclomaticComplexity="1" minCyclomaticComplexity="1" />
              <MetadataToken>100663306</MetadataToken>
              <Name>System.Void BHI.JewelEarth.JewelExplorer.UnitTest.Synchronization.ViewSynchronizer.MockControllerSimpleScenario::.ctor()</Name>
              <FileRef uid="2" />
              <SequencePoints>
                <SequencePoint vc="40" uspid="77" ordinal="0" offset="0" sl="38" sc="9" el="39" ec="22" />
                <SequencePoint vc="40" uspid="78" ordinal="1" offset="8" sl="40" sc="9" el="40" ec="10" />
                <SequencePoint vc="40" uspid="79" ordinal="2" offset="9" sl="41" sc="9" el="41" ec="10" />
              </SequencePoints>
              <BranchPoints />
              <MethodPoint xsi:type="SequencePoint" vc="40" uspid="77" ordinal="0" offset="0" sl="38" sc="9" el="39" ec="22" />
            </Method>
          </Methods>
        </Class>
        <Class>
          <Summary numSequencePoints="5" visitedSequencePoints="0" numBranchPoints="1" visitedBranchPoints="0" sequenceCoverage="0" branchCoverage="0" maxCyclomaticComplexity="1" minCyclomaticComplexity="1" />
          <FullName>BHI.JewelEarth.JewelExplorer.UnitTest.Synchronization.ViewSynchronizer.MockController2</FullName>
          <Methods>
            <Method visited="false" cyclomaticComplexity="1" sequenceCoverage="0" branchCoverage="0" isConstructor="true" isStatic="false" isGetter="false" isSetter="false">
              <Summary numSequencePoints="5" visitedSequencePoints="0" numBranchPoints="1" visitedBranchPoints="0" sequenceCoverage="0" branchCoverage="0" maxCyclomaticComplexity="1" minCyclomaticComplexity="1" />
              <MetadataToken>100663307</MetadataToken>
              <Name>System.Void BHI.JewelEarth.JewelExplorer.UnitTest.Synchronization.ViewSynchronizer.MockController2::.ctor()</Name>
              <FileRef uid="2" />
              <SequencePoints>
                <SequencePoint vc="0" uspid="80" ordinal="0" offset="0" sl="46" sc="9" el="47" ec="22" />
                <SequencePoint vc="0" uspid="81" ordinal="1" offset="8" sl="48" sc="9" el="48" ec="10" />
                <SequencePoint vc="0" uspid="82" ordinal="2" offset="9" sl="49" sc="13" el="49" ec="51" />
                <SequencePoint vc="0" uspid="83" ordinal="3" offset="31" sl="50" sc="13" el="50" ec="51" />
                <SequencePoint vc="0" uspid="84" ordinal="4" offset="53" sl="51" sc="9" el="51" ec="10" />
              </SequencePoints>
              <BranchPoints />
              <MethodPoint xsi:type="SequencePoint" vc="0" uspid="80" ordinal="0" offset="0" sl="46" sc="9" el="47" ec="22" />
            </Method>
          </Methods>
        </Class>
        <Class>
          <Summary numSequencePoints="5" visitedSequencePoints="0" numBranchPoints="1" visitedBranchPoints="0" sequenceCoverage="0" branchCoverage="0" maxCyclomaticComplexity="1" minCyclomaticComplexity="1" />
          <FullName>BHI.JewelEarth.JewelExplorer.UnitTest.Synchronization.ViewSynchronizer.MockController3</FullName>
          <Methods>
            <Method visited="false" cyclomaticComplexity="1" sequenceCoverage="0" branchCoverage="0" isConstructor="true" isStatic="false" isGetter="false" isSetter="false">
              <Summary numSequencePoints="5" visitedSequencePoints="0" numBranchPoints="1" visitedBranchPoints="0" sequenceCoverage="0" branchCoverage="0" maxCyclomaticComplexity="1" minCyclomaticComplexity="1" />
              <MetadataToken>100663308</MetadataToken>
              <Name>System.Void BHI.JewelEarth.JewelExplorer.UnitTest.Synchronization.ViewSynchronizer.MockController3::.ctor()</Name>
              <FileRef uid="2" />
              <SequencePoints>
                <SequencePoint vc="0" uspid="85" ordinal="0" offset="0" sl="56" sc="9" el="57" ec="22" />
                <SequencePoint vc="0" uspid="86" ordinal="1" offset="8" sl="58" sc="9" el="58" ec="10" />
                <SequencePoint vc="0" uspid="87" ordinal="2" offset="9" sl="59" sc="13" el="59" ec="52" />
                <SequencePoint vc="0" uspid="88" ordinal="3" offset="31" sl="60" sc="13" el="60" ec="50" />
                <SequencePoint vc="0" uspid="89" ordinal="4" offset="53" sl="61" sc="9" el="61" ec="10" />
              </SequencePoints>
              <BranchPoints />
              <MethodPoint xsi:type="SequencePoint" vc="0" uspid="85" ordinal="0" offset="0" sl="56" sc="9" el="57" ec="22" />
            </Method>
          </Methods>
        </Class>
        <Class>
          <Summary numSequencePoints="3" visitedSequencePoints="0" numBranchPoints="1" visitedBranchPoints="0" sequenceCoverage="0" branchCoverage="0" maxCyclomaticComplexity="1" minCyclomaticComplexity="1" />
          <FullName>BHI.JewelEarth.JewelExplorer.UnitTest.Synchronization.ViewSynchronizer.MockExtensionController</FullName>
          <Methods>
            <Method visited="false" cyclomaticComplexity="1" sequenceCoverage="0" branchCoverage="0" isConstructor="false" isStatic="false" isGetter="false" isSetter="false">
              <Summary numSequencePoints="3" visitedSequencePoints="0" numBranchPoints="1" visitedBranchPoints="0" sequenceCoverage="0" branchCoverage="0" maxCyclomaticComplexity="1" minCyclomaticComplexity="1" />
              <MetadataToken>100663309</MetadataToken>
              <Name>joaRemotingObjects.joaCollection BHI.JewelEarth.JewelExplorer.UnitTest.Synchronization.ViewSynchronizer.MockExtensionController::GetExtendedObject()</Name>
              <FileRef uid="2" />
              <SequencePoints>
                <SequencePoint vc="0" uspid="90" ordinal="0" offset="0" sl="67" sc="9" el="67" ec="10" />
                <SequencePoint vc="0" uspid="91" ordinal="1" offset="1" sl="68" sc="13" el="68" ec="66" />
                <SequencePoint vc="0" uspid="92" ordinal="2" offset="14" sl="69" sc="9" el="69" ec="10" />
              </SequencePoints>
              <BranchPoints />
              <MethodPoint xsi:type="SequencePoint" vc="0" uspid="90" ordinal="0" offset="0" sl="67" sc="9" el="67" ec="10" />
            </Method>
            <Method visited="true" cyclomaticComplexity="1" sequenceCoverage="0" branchCoverage="0" isConstructor="true" isStatic="false" isGetter="false" isSetter="false">
              <Summary numSequencePoints="0" visitedSequencePoints="0" numBranchPoints="0" visitedBranchPoints="0" sequenceCoverage="0" branchCoverage="0" maxCyclomaticComplexity="1" minCyclomaticComplexity="1" />
              <MetadataToken>100663310</MetadataToken>
              <Name>System.Void BHI.JewelEarth.JewelExplorer.UnitTest.Synchronization.ViewSynchronizer.MockExtensionController::.ctor()</Name>
              <SequencePoints />
              <BranchPoints />
              <MethodPoint vc="3" uspid="93" ordinal="0" offset="0" />
            </Method>
          </Methods>
        </Class>
        <Class>
          <Summary numSequencePoints="3" visitedSequencePoints="0" numBranchPoints="1" visitedBranchPoints="0" sequenceCoverage="0" branchCoverage="0" maxCyclomaticComplexity="1" minCyclomaticComplexity="1" />
          <FullName>BHI.JewelEarth.JewelExplorer.UnitTest.Synchronization.ViewSynchronizer.MockExtensionController1</FullName>
          <Methods>
            <Method visited="false" cyclomaticComplexity="1" sequenceCoverage="0" branchCoverage="0" isConstructor="false" isStatic="false" isGetter="false" isSetter="false">
              <Summary numSequencePoints="3" visitedSequencePoints="0" numBranchPoints="1" visitedBranchPoints="0" sequenceCoverage="0" branchCoverage="0" maxCyclomaticComplexity="1" minCyclomaticComplexity="1" />
              <MetadataToken>100663311</MetadataToken>
              <Name>joaRemotingObjects.joaCollection BHI.JewelEarth.JewelExplorer.UnitTest.Synchronization.ViewSynchronizer.MockExtensionController1::GetExtendedObject()</Name>
              <FileRef uid="2" />
              <SequencePoints>
                <SequencePoint vc="0" uspid="94" ordinal="0" offset="0" sl="75" sc="9" el="75" ec="10" />
                <SequencePoint vc="0" uspid="95" ordinal="1" offset="1" sl="76" sc="13" el="76" ec="67" />
                <SequencePoint vc="0" uspid="96" ordinal="2" offset="14" sl="77" sc="9" el="77" ec="10" />
              </SequencePoints>
              <BranchPoints />
              <MethodPoint xsi:type="SequencePoint" vc="0" uspid="94" ordinal="0" offset="0" sl="75" sc="9" el="75" ec="10" />
            </Method>
            <Method visited="true" cyclomaticComplexity="1" sequenceCoverage="0" branchCoverage="0" isConstructor="true" isStatic="false" isGetter="false" isSetter="false">
              <Summary numSequencePoints="0" visitedSequencePoints="0" numBranchPoints="0" visitedBranchPoints="0" sequenceCoverage="0" branchCoverage="0" maxCyclomaticComplexity="1" minCyclomaticComplexity="1" />
              <MetadataToken>100663312</MetadataToken>
              <Name>System.Void BHI.JewelEarth.JewelExplorer.UnitTest.Synchronization.ViewSynchronizer.MockExtensionController1::.ctor()</Name>
              <SequencePoints />
              <BranchPoints />
              <MethodPoint vc="2" uspid="97" ordinal="0" offset="0" />
            </Method>
          </Methods>
        </Class>
        <Class>
          <Summary numSequencePoints="3" visitedSequencePoints="0" numBranchPoints="1" visitedBranchPoints="0" sequenceCoverage="0" branchCoverage="0" maxCyclomaticComplexity="1" minCyclomaticComplexity="1" />
          <FullName>BHI.JewelEarth.JewelExplorer.UnitTest.Synchronization.ViewSynchronizer.MockAdminExtension1</FullName>
          <Methods>
            <Method visited="false" cyclomaticComplexity="1" sequenceCoverage="0" branchCoverage="0" isConstructor="true" isStatic="false" isGetter="false" isSetter="false">
              <Summary numSequencePoints="3" visitedSequencePoints="0" numBranchPoints="1" visitedBranchPoints="0" sequenceCoverage="0" branchCoverage="0" maxCyclomaticComplexity="1" minCyclomaticComplexity="1" />
              <MetadataToken>100663313</MetadataToken>
              <Name>System.Void BHI.JewelEarth.JewelExplorer.UnitTest.Synchronization.ViewSynchronizer.MockAdminExtension1::.ctor(System.String)</Name>
              <FileRef uid="2" />
              <SequencePoints>
                <SequencePoint vc="0" uspid="98" ordinal="0" offset="0" sl="82" sc="9" el="83" ec="25" />
                <SequencePoint vc="0" uspid="99" ordinal="1" offset="8" sl="84" sc="9" el="84" ec="10" />
                <SequencePoint vc="0" uspid="100" ordinal="2" offset="9" sl="85" sc="9" el="85" ec="10" />
              </SequencePoints>
              <BranchPoints />
              <MethodPoint xsi:type="SequencePoint" vc="0" uspid="98" ordinal="0" offset="0" sl="82" sc="9" el="83" ec="25" />
            </Method>
          </Methods>
        </Class>
        <Class>
          <Summary numSequencePoints="3" visitedSequencePoints="0" numBranchPoints="1" visitedBranchPoints="0" sequenceCoverage="0" branchCoverage="0" maxCyclomaticComplexity="1" minCyclomaticComplexity="1" />
          <FullName>BHI.JewelEarth.JewelExplorer.UnitTest.Synchronization.ViewSynchronizer.MockAdminExtension2</FullName>
          <Methods>
            <Method visited="false" cyclomaticComplexity="1" sequenceCoverage="0" branchCoverage="0" isConstructor="true" isStatic="false" isGetter="false" isSetter="false">
              <Summary numSequencePoints="3" visitedSequencePoints="0" numBranchPoints="1" visitedBranchPoints="0" sequenceCoverage="0" branchCoverage="0" maxCyclomaticComplexity="1" minCyclomaticComplexity="1" />
              <MetadataToken>100663314</MetadataToken>
              <Name>System.Void BHI.JewelEarth.JewelExplorer.UnitTest.Synchronization.ViewSynchronizer.MockAdminExtension2::.ctor(System.String)</Name>
              <FileRef uid="2" />
              <SequencePoints>
                <SequencePoint vc="0" uspid="101" ordinal="0" offset="0" sl="90" sc="9" el="91" ec="25" />
                <SequencePoint vc="0" uspid="102" ordinal="1" offset="8" sl="92" sc="9" el="92" ec="10" />
                <SequencePoint vc="0" uspid="103" ordinal="2" offset="9" sl="93" sc="9" el="93" ec="10" />
              </SequencePoints>
              <BranchPoints />
              <MethodPoint xsi:type="SequencePoint" vc="0" uspid="101" ordinal="0" offset="0" sl="90" sc="9" el="91" ec="25" />
            </Method>
          </Methods>
        </Class>
        <Class>
          <Summary numSequencePoints="3" visitedSequencePoints="3" numBranchPoints="1" visitedBranchPoints="1" sequenceCoverage="100" branchCoverage="100" maxCyclomaticComplexity="1" minCyclomaticComplexity="1" />
          <FullName>BHI.JewelEarth.JewelExplorer.UnitTest.Synchronization.ViewSynchronizer.MockAdminA</FullName>
          <Methods>
            <Method visited="true" cyclomaticComplexity="1" sequenceCoverage="100" branchCoverage="100" isConstructor="true" isStatic="false" isGetter="false" isSetter="false">
              <Summary numSequencePoints="3" visitedSequencePoints="3" numBranchPoints="1" visitedBranchPoints="1" sequenceCoverage="100" branchCoverage="100" maxCyclomaticComplexity="1" minCyclomaticComplexity="1" />
              <MetadataToken>100663315</MetadataToken>
              <Name>System.Void BHI.JewelEarth.JewelExplorer.UnitTest.Synchronization.ViewSynchronizer.MockAdminA::.ctor(System.String)</Name>
              <FileRef uid="2" />
              <SequencePoints>
                <SequencePoint vc="15" uspid="104" ordinal="0" offset="0" sl="98" sc="9" el="99" ec="25" />
                <SequencePoint vc="15" uspid="105" ordinal="1" offset="8" sl="100" sc="9" el="100" ec="10" />
                <SequencePoint vc="15" uspid="106" ordinal="2" offset="9" sl="101" sc="9" el="101" ec="10" />
              </SequencePoints>
              <BranchPoints />
              <MethodPoint xsi:type="SequencePoint" vc="15" uspid="104" ordinal="0" offset="0" sl="98" sc="9" el="99" ec="25" />
            </Method>
          </Methods>
        </Class>
        <Class>
          <Summary numSequencePoints="3" visitedSequencePoints="3" numBranchPoints="1" visitedBranchPoints="1" sequenceCoverage="100" branchCoverage="100" maxCyclomaticComplexity="1" minCyclomaticComplexity="1" />
          <FullName>BHI.JewelEarth.JewelExplorer.UnitTest.Synchronization.ViewSynchronizer.MockAdminB</FullName>
          <Methods>
            <Method visited="true" cyclomaticComplexity="1" sequenceCoverage="100" branchCoverage="100" isConstructor="true" isStatic="false" isGetter="false" isSetter="false">
              <Summary numSequencePoints="3" visitedSequencePoints="3" numBranchPoints="1" visitedBranchPoints="1" sequenceCoverage="100" branchCoverage="100" maxCyclomaticComplexity="1" minCyclomaticComplexity="1" />
              <MetadataToken>100663316</MetadataToken>
              <Name>System.Void BHI.JewelEarth.JewelExplorer.UnitTest.Synchronization.ViewSynchronizer.MockAdminB::.ctor(System.String)</Name>
              <FileRef uid="2" />
              <SequencePoints>
                <SequencePoint vc="12" uspid="107" ordinal="0" offset="0" sl="106" sc="9" el="107" ec="25" />
                <SequencePoint vc="12" uspid="108" ordinal="1" offset="8" sl="108" sc="9" el="108" ec="10" />
                <SequencePoint vc="12" uspid="109" ordinal="2" offset="9" sl="109" sc="9" el="109" ec="10" />
              </SequencePoints>
              <BranchPoints />
              <MethodPoint xsi:type="SequencePoint" vc="12" uspid="107" ordinal="0" offset="0" sl="106" sc="9" el="107" ec="25" />
            </Method>
          </Methods>
        </Class>
        <Class>
          <Summary numSequencePoints="3" visitedSequencePoints="3" numBranchPoints="1" visitedBranchPoints="1" sequenceCoverage="100" branchCoverage="100" maxCyclomaticComplexity="1" minCyclomaticComplexity="1" />
          <FullName>BHI.JewelEarth.JewelExplorer.UnitTest.Synchronization.ViewSynchronizer.MockAdminC</FullName>
          <Methods>
            <Method visited="true" cyclomaticComplexity="1" sequenceCoverage="100" branchCoverage="100" isConstructor="true" isStatic="false" isGetter="false" isSetter="false">
              <Summary numSequencePoints="3" visitedSequencePoints="3" numBranchPoints="1" visitedBranchPoints="1" sequenceCoverage="100" branchCoverage="100" maxCyclomaticComplexity="1" minCyclomaticComplexity="1" />
              <MetadataToken>100663317</MetadataToken>
              <Name>System.Void BHI.JewelEarth.JewelExplorer.UnitTest.Synchronization.ViewSynchronizer.MockAdminC::.ctor(System.String)</Name>
              <FileRef uid="2" />
              <SequencePoints>
                <SequencePoint vc="12" uspid="110" ordinal="0" offset="0" sl="114" sc="9" el="115" ec="25" />
                <SequencePoint vc="12" uspid="111" ordinal="1" offset="8" sl="116" sc="9" el="116" ec="10" />
                <SequencePoint vc="12" uspid="112" ordinal="2" offset="9" sl="117" sc="9" el="117" ec="10" />
              </SequencePoints>
              <BranchPoints />
              <MethodPoint xsi:type="SequencePoint" vc="12" uspid="110" ordinal="0" offset="0" sl="114" sc="9" el="115" ec="25" />
            </Method>
          </Methods>
        </Class>
        <Class>
          <Summary numSequencePoints="3" visitedSequencePoints="0" numBranchPoints="1" visitedBranchPoints="0" sequenceCoverage="0" branchCoverage="0" maxCyclomaticComplexity="1" minCyclomaticComplexity="1" />
          <FullName>BHI.JewelEarth.JewelExplorer.UnitTest.Synchronization.ViewSynchronizer.MockModel1</FullName>
          <Methods>
            <Method visited="false" cyclomaticComplexity="1" sequenceCoverage="0" branchCoverage="0" isConstructor="true" isStatic="false" isGetter="false" isSetter="false">
              <Summary numSequencePoints="3" visitedSequencePoints="0" numBranchPoints="1" visitedBranchPoints="0" sequenceCoverage="0" branchCoverage="0" maxCyclomaticComplexity="1" minCyclomaticComplexity="1" />
              <MetadataToken>100663318</MetadataToken>
              <Name>System.Void BHI.JewelEarth.JewelExplorer.UnitTest.Synchronization.ViewSynchronizer.MockModel1::.ctor(System.String)</Name>
              <FileRef uid="2" />
              <SequencePoints>
                <SequencePoint vc="0" uspid="113" ordinal="0" offset="0" sl="123" sc="9" el="124" ec="25" />
                <SequencePoint vc="0" uspid="114" ordinal="1" offset="8" sl="125" sc="9" el="125" ec="10" />
                <SequencePoint vc="0" uspid="115" ordinal="2" offset="9" sl="127" sc="9" el="127" ec="10" />
              </SequencePoints>
              <BranchPoints />
              <MethodPoint xsi:type="SequencePoint" vc="0" uspid="113" ordinal="0" offset="0" sl="123" sc="9" el="124" ec="25" />
            </Method>
          </Methods>
        </Class>
        <Class>
          <Summary numSequencePoints="3" visitedSequencePoints="0" numBranchPoints="1" visitedBranchPoints="0" sequenceCoverage="0" branchCoverage="0" maxCyclomaticComplexity="1" minCyclomaticComplexity="1" />
          <FullName>BHI.JewelEarth.JewelExplorer.UnitTest.Synchronization.ViewSynchronizer.MockModel2</FullName>
          <Methods>
            <Method visited="false" cyclomaticComplexity="1" sequenceCoverage="0" branchCoverage="0" isConstructor="true" isStatic="false" isGetter="false" isSetter="false">
              <Summary numSequencePoints="3" visitedSequencePoints="0" numBranchPoints="1" visitedBranchPoints="0" sequenceCoverage="0" branchCoverage="0" maxCyclomaticComplexity="1" minCyclomaticComplexity="1" />
              <MetadataToken>100663319</MetadataToken>
              <Name>System.Void BHI.JewelEarth.JewelExplorer.UnitTest.Synchronization.ViewSynchronizer.MockModel2::.ctor(System.String)</Name>
              <FileRef uid="2" />
              <SequencePoints>
                <SequencePoint vc="0" uspid="116" ordinal="0" offset="0" sl="132" sc="9" el="133" ec="25" />
                <SequencePoint vc="0" uspid="117" ordinal="1" offset="8" sl="134" sc="9" el="134" ec="10" />
                <SequencePoint vc="0" uspid="118" ordinal="2" offset="9" sl="136" sc="9" el="136" ec="10" />
              </SequencePoints>
              <BranchPoints />
              <MethodPoint xsi:type="SequencePoint" vc="0" uspid="116" ordinal="0" offset="0" sl="132" sc="9" el="133" ec="25" />
            </Method>
          </Methods>
        </Class>
        <Class>
          <Summary numSequencePoints="3" visitedSequencePoints="3" numBranchPoints="1" visitedBranchPoints="1" sequenceCoverage="100" branchCoverage="100" maxCyclomaticComplexity="1" minCyclomaticComplexity="1" />
          <FullName>BHI.JewelEarth.JewelExplorer.UnitTest.Synchronization.ViewSynchronizer.MockItem</FullName>
          <Methods>
            <Method visited="true" cyclomaticComplexity="1" sequenceCoverage="100" branchCoverage="100" isConstructor="true" isStatic="false" isGetter="false" isSetter="false">
              <Summary numSequencePoints="3" visitedSequencePoints="3" numBranchPoints="1" visitedBranchPoints="1" sequenceCoverage="100" branchCoverage="100" maxCyclomaticComplexity="1" minCyclomaticComplexity="1" />
              <MetadataToken>100663320</MetadataToken>
              <Name>System.Void BHI.JewelEarth.JewelExplorer.UnitTest.Synchronization.ViewSynchronizer.MockItem::.ctor(System.String)</Name>
              <FileRef uid="2" />
              <SequencePoints>
                <SequencePoint vc="36" uspid="119" ordinal="0" offset="0" sl="141" sc="9" el="142" ec="25" />
                <SequencePoint vc="36" uspid="120" ordinal="1" offset="8" sl="143" sc="9" el="143" ec="10" />
                <SequencePoint vc="36" uspid="121" ordinal="2" offset="9" sl="144" sc="9" el="144" ec="10" />
              </SequencePoints>
              <BranchPoints />
              <MethodPoint xsi:type="SequencePoint" vc="36" uspid="119" ordinal="0" offset="0" sl="141" sc="9" el="142" ec="25" />
            </Method>
          </Methods>
        </Class>
        <Class>
          <Summary numSequencePoints="41" visitedSequencePoints="40" numBranchPoints="4" visitedBranchPoints="4" sequenceCoverage="97.56" branchCoverage="100" maxCyclomaticComplexity="1" minCyclomaticComplexity="1" />
          <FullName>BHI.JewelEarth.JewelExplorer.UnitTest.Synchronization.ViewSynchronizer.GenerateInitialViewTree</FullName>
          <Methods>
            <Method visited="true" cyclomaticComplexity="1" sequenceCoverage="80" branchCoverage="100" isConstructor="false" isStatic="false" isGetter="false" isSetter="false">
              <Summary numSequencePoints="5" visitedSequencePoints="4" numBranchPoints="1" visitedBranchPoints="1" sequenceCoverage="80" branchCoverage="100" maxCyclomaticComplexity="1" minCyclomaticComplexity="1" />
              <MetadataToken>100663321</MetadataToken>
              <Name>System.Void BHI.JewelEarth.JewelExplorer.UnitTest.Synchronization.ViewSynchronizer.GenerateInitialViewTree::RegisterControllerExtension_RegistrationFails()</Name>
              <FileRef uid="15" />
              <SequencePoints>
                <SequencePoint vc="1" uspid="122" ordinal="0" offset="0" sl="48" sc="9" el="48" ec="10" />
                <SequencePoint vc="1" uspid="123" ordinal="1" offset="1" sl="49" sc="13" el="49" ec="80" />
                <SequencePoint vc="1" uspid="124" ordinal="2" offset="7" sl="50" sc="13" el="50" ec="57" />
                <SequencePoint vc="1" uspid="125" ordinal="3" offset="14" sl="51" sc="13" el="51" ec="151" />
                <SequencePoint vc="0" uspid="126" ordinal="4" offset="56" sl="52" sc="9" el="52" ec="10" />
              </SequencePoints>
              <BranchPoints />
              <MethodPoint xsi:type="SequencePoint" vc="1" uspid="122" ordinal="0" offset="0" sl="48" sc="9" el="48" ec="10" />
            </Method>
            <Method visited="true" cyclomaticComplexity="1" sequenceCoverage="100" branchCoverage="100" isConstructor="false" isStatic="false" isGetter="false" isSetter="false">
              <Summary numSequencePoints="10" visitedSequencePoints="10" numBranchPoints="1" visitedBranchPoints="1" sequenceCoverage="100" branchCoverage="100" maxCyclomaticComplexity="1" minCyclomaticComplexity="1" />
              <MetadataToken>100663322</MetadataToken>
              <Name>System.Void BHI.JewelEarth.JewelExplorer.UnitTest.Synchronization.ViewSynchronizer.GenerateInitialViewTree::RegisterControllerExtension_GenerateInitialViewTreeWithSingleExtension()</Name>
              <FileRef uid="15" />
              <SequencePoints>
                <SequencePoint vc="1" uspid="127" ordinal="0" offset="0" sl="56" sc="9" el="56" ec="10" />
                <SequencePoint vc="1" uspid="128" ordinal="1" offset="1" sl="57" sc="13" el="57" ec="80" />
                <SequencePoint vc="1" uspid="129" ordinal="2" offset="7" sl="58" sc="13" el="58" ec="57" />
                <SequencePoint vc="1" uspid="130" ordinal="3" offset="14" sl="60" sc="13" el="60" ec="147" />
                <SequencePoint vc="1" uspid="131" ordinal="4" offset="56" sl="61" sc="13" el="61" ec="151" />
                <SequencePoint vc="1" uspid="132" ordinal="5" offset="98" sl="63" sc="13" el="63" ec="67" />
                <SequencePoint vc="1" uspid="133" ordinal="6" offset="105" sl="64" sc="13" el="64" ec="92" />
                <SequencePoint vc="1" uspid="134" ordinal="7" offset="124" sl="66" sc="13" el="66" ec="79" />
                <SequencePoint vc="1" uspid="135" ordinal="8" offset="147" sl="67" sc="13" el="67" ec="90" />
                <SequencePoint vc="1" uspid="136" ordinal="9" offset="175" sl="68" sc="9" el="68" ec="10" />
              </SequencePoints>
              <BranchPoints />
              <MethodPoint xsi:type="SequencePoint" vc="1" uspid="127" ordinal="0" offset="0" sl="56" sc="9" el="56" ec="10" />
            </Method>
            <Method visited="true" cyclomaticComplexity="1" sequenceCoverage="100" branchCoverage="100" isConstructor="false" isStatic="false" isGetter="false" isSetter="false">
              <Summary numSequencePoints="14" visitedSequencePoints="14" numBranchPoints="1" visitedBranchPoints="1" sequenceCoverage="100" branchCoverage="100" maxCyclomaticComplexity="1" minCyclomaticComplexity="1" />
              <MetadataToken>100663323</MetadataToken>
              <Name>System.Void BHI.JewelEarth.JewelExplorer.UnitTest.Synchronization.ViewSynchronizer.GenerateInitialViewTree::GenerateInitialViewTree_RegisterControllerExtensionWithSameAdminObjectType()</Name>
              <FileRef uid="15" />
              <SequencePoints>
                <SequencePoint vc="1" uspid="137" ordinal="0" offset="0" sl="72" sc="9" el="72" ec="10" />
                <SequencePoint vc="1" uspid="138" ordinal="1" offset="1" sl="73" sc="13" el="73" ec="80" />
                <SequencePoint vc="1" uspid="139" ordinal="2" offset="7" sl="74" sc="13" el="74" ec="57" />
                <SequencePoint vc="1" uspid="140" ordinal="3" offset="14" sl="76" sc="13" el="76" ec="147" />
                <SequencePoint vc="1" uspid="141" ordinal="4" offset="56" sl="77" sc="13" el="77" ec="151" />
                <SequencePoint vc="1" uspid="142" ordinal="5" offset="98" sl="78" sc="13" el="78" ec="152" />
                <SequencePoint vc="1" uspid="143" ordinal="6" offset="140" sl="80" sc="13" el="80" ec="67" />
                <SequencePoint vc="1" uspid="144" ordinal="7" offset="147" sl="81" sc="13" el="81" ec="92" />
                <SequencePoint vc="1" uspid="145" ordinal="8" offset="166" sl="83" sc="13" el="83" ec="79" />
                <SequencePoint vc="1" uspid="146" ordinal="9" offset="189" sl="84" sc="13" el="84" ec="90" />
                <SequencePoint vc="1" uspid="147" ordinal="10" offset="217" sl="86" sc="13" el="86" ec="101" />
                <SequencePoint vc="1" uspid="148" ordinal="11" offset="239" sl="87" sc="13" el="87" ec="45" />
                <SequencePoint vc="1" uspid="149" ordinal="12" offset="251" sl="88" sc="13" el="88" ec="59" />
                <SequencePoint vc="1" uspid="150" ordinal="13" offset="270" sl="89" sc="9" el="89" ec="10" />
              </SequencePoints>
              <BranchPoints />
              <MethodPoint xsi:type="SequencePoint" vc="1" uspid="137" ordinal="0" offset="0" sl="72" sc="9" el="72" ec="10" />
            </Method>
            <Method visited="true" cyclomaticComplexity="1" sequenceCoverage="100" branchCoverage="100" isConstructor="false" isStatic="false" isGetter="false" isSetter="false">
              <Summary numSequencePoints="12" visitedSequencePoints="12" numBranchPoints="1" visitedBranchPoints="1" sequenceCoverage="100" branchCoverage="100" maxCyclomaticComplexity="1" minCyclomaticComplexity="1" />
              <MetadataToken>100663324</MetadataToken>
              <Name>System.Void BHI.JewelEarth.JewelExplorer.UnitTest.Synchronization.ViewSynchronizer.GenerateInitialViewTree::GenerateInitialViewTree_RegisterControllerExtensionWithDifferentAdminObjectType()</Name>
              <FileRef uid="15" />
              <SequencePoints>
                <SequencePoint vc="1" uspid="151" ordinal="0" offset="0" sl="93" sc="9" el="93" ec="10" />
                <SequencePoint vc="1" uspid="152" ordinal="1" offset="1" sl="94" sc="13" el="94" ec="80" />
                <SequencePoint vc="1" uspid="153" ordinal="2" offset="7" sl="95" sc="13" el="95" ec="57" />
                <SequencePoint vc="1" uspid="154" ordinal="3" offset="14" sl="97" sc="13" el="97" ec="147" />
                <SequencePoint vc="1" uspid="155" ordinal="4" offset="56" sl="98" sc="13" el="98" ec="147" />
                <SequencePoint vc="1" uspid="156" ordinal="5" offset="98" sl="100" sc="13" el="100" ec="151" />
                <SequencePoint vc="1" uspid="157" ordinal="6" offset="140" sl="101" sc="13" el="101" ec="152" />
                <SequencePoint vc="1" uspid="158" ordinal="7" offset="182" sl="103" sc="13" el="103" ec="67" />
                <SequencePoint vc="1" uspid="159" ordinal="8" offset="189" sl="104" sc="13" el="104" ec="92" />
                <SequencePoint vc="1" uspid="160" ordinal="9" offset="208" sl="106" sc="13" el="106" ec="79" />
                <SequencePoint vc="1" uspid="161" ordinal="10" offset="231" sl="107" sc="13" el="107" ec="90" />
                <SequencePoint vc="1" uspid="162" ordinal="11" offset="259" sl="108" sc="9" el="108" ec="10" />
              </SequencePoints>
              <BranchPoints />
              <MethodPoint xsi:type="SequencePoint" vc="1" uspid="151" ordinal="0" offset="0" sl="93" sc="9" el="93" ec="10" />
            </Method>
            <Method visited="true" cyclomaticComplexity="1" sequenceCoverage="0" branchCoverage="0" isConstructor="true" isStatic="false" isGetter="false" isSetter="false">
              <Summary numSequencePoints="0" visitedSequencePoints="0" numBranchPoints="0" visitedBranchPoints="0" sequenceCoverage="0" branchCoverage="0" maxCyclomaticComplexity="1" minCyclomaticComplexity="1" />
              <MetadataToken>100663325</MetadataToken>
              <Name>System.Void BHI.JewelEarth.JewelExplorer.UnitTest.Synchronization.ViewSynchronizer.GenerateInitialViewTree::.ctor()</Name>
              <SequencePoints />
              <BranchPoints />
              <MethodPoint vc="4" uspid="163" ordinal="0" offset="0" />
            </Method>
          </Methods>
        </Class>
        <Class>
          <Summary numSequencePoints="65" visitedSequencePoints="38" numBranchPoints="12" visitedBranchPoints="6" sequenceCoverage="58.46" branchCoverage="50" maxCyclomaticComplexity="2" minCyclomaticComplexity="1" />
          <FullName>BHI.JewelEarth.JewelExplorer.UnitTest.Synchronization.ViewSynchronizer.ViewTreeInputDataGenerator</FullName>
          <Methods>
            <Method visited="true" cyclomaticComplexity="1" sequenceCoverage="0" branchCoverage="0" isConstructor="false" isStatic="false" isGetter="true" isSetter="false">
              <Summary numSequencePoints="0" visitedSequencePoints="0" numBranchPoints="0" visitedBranchPoints="0" sequenceCoverage="0" branchCoverage="0" maxCyclomaticComplexity="1" minCyclomaticComplexity="1" />
              <MetadataToken>100663326</MetadataToken>
              <Name>joaRemotingObjects.joaCollection BHI.JewelEarth.JewelExplorer.UnitTest.Synchronization.ViewSynchronizer.ViewTreeInputDataGenerator::get_ModelRootSimple()</Name>
              <SequencePoints />
              <BranchPoints />
              <MethodPoint vc="22" uspid="164" ordinal="0" offset="0" />
            </Method>
            <Method visited="true" cyclomaticComplexity="1" sequenceCoverage="0" branchCoverage="0" isConstructor="false" isStatic="false" isGetter="false" isSetter="true">
              <Summary numSequencePoints="0" visitedSequencePoints="0" numBranchPoints="0" visitedBranchPoints="0" sequenceCoverage="0" branchCoverage="0" maxCyclomaticComplexity="1" minCyclomaticComplexity="1" />
              <MetadataToken>100663327</MetadataToken>
              <Name>System.Void BHI.JewelEarth.JewelExplorer.UnitTest.Synchronization.ViewSynchronizer.ViewTreeInputDataGenerator::set_ModelRootSimple(joaRemotingObjects.joaCollection)</Name>
              <SequencePoints />
              <BranchPoints />
              <MethodPoint vc="12" uspid="165" ordinal="0" offset="0" />
            </Method>
            <Method visited="false" cyclomaticComplexity="1" sequenceCoverage="0" branchCoverage="0" isConstructor="false" isStatic="false" isGetter="true" isSetter="false">
              <Summary numSequencePoints="0" visitedSequencePoints="0" numBranchPoints="0" visitedBranchPoints="0" sequenceCoverage="0" branchCoverage="0" maxCyclomaticComplexity="1" minCyclomaticComplexity="1" />
              <MetadataToken>100663328</MetadataToken>
              <Name>joaRemotingObjects.joaCollection BHI.JewelEarth.JewelExplorer.UnitTest.Synchronization.ViewSynchronizer.ViewTreeInputDataGenerator::get_ModelRootComplex()</Name>
              <SequencePoints />
              <BranchPoints />
              <MethodPoint vc="0" uspid="166" ordinal="0" offset="0" />
            </Method>
            <Method visited="false" cyclomaticComplexity="1" sequenceCoverage="0" branchCoverage="0" isConstructor="false" isStatic="false" isGetter="false" isSetter="true">
              <Summary numSequencePoints="0" visitedSequencePoints="0" numBranchPoints="0" visitedBranchPoints="0" sequenceCoverage="0" branchCoverage="0" maxCyclomaticComplexity="1" minCyclomaticComplexity="1" />
              <MetadataToken>100663329</MetadataToken>
              <Name>System.Void BHI.JewelEarth.JewelExplorer.UnitTest.Synchronization.ViewSynchronizer.ViewTreeInputDataGenerator::set_ModelRootComplex(joaRemotingObjects.joaCollection)</Name>
              <SequencePoints />
              <BranchPoints />
              <MethodPoint vc="0" uspid="167" ordinal="0" offset="0" />
            </Method>
            <Method visited="true" cyclomaticComplexity="1" sequenceCoverage="0" branchCoverage="0" isConstructor="false" isStatic="false" isGetter="true" isSetter="false">
              <Summary numSequencePoints="0" visitedSequencePoints="0" numBranchPoints="0" visitedBranchPoints="0" sequenceCoverage="0" branchCoverage="0" maxCyclomaticComplexity="1" minCyclomaticComplexity="1" />
              <MetadataToken>100663330</MetadataToken>
              <Name>BHI.JewelEarth.JewelExplorer.ViewModels.BaseViewModel.ViewModel BHI.JewelEarth.JewelExplorer.UnitTest.Synchronization.ViewSynchronizer.ViewTreeInputDataGenerator::get_ViewModelRootSimple()</Name>
              <SequencePoints />
              <BranchPoints />
              <MethodPoint vc="31" uspid="168" ordinal="0" offset="0" />
            </Method>
            <Method visited="true" cyclomaticComplexity="1" sequenceCoverage="0" branchCoverage="0" isConstructor="false" isStatic="false" isGetter="false" isSetter="true">
              <Summary numSequencePoints="0" visitedSequencePoints="0" numBranchPoints="0" visitedBranchPoints="0" sequenceCoverage="0" branchCoverage="0" maxCyclomaticComplexity="1" minCyclomaticComplexity="1" />
              <MetadataToken>100663331</MetadataToken>
              <Name>System.Void BHI.JewelEarth.JewelExplorer.UnitTest.Synchronization.ViewSynchronizer.ViewTreeInputDataGenerator::set_ViewModelRootSimple(BHI.JewelEarth.JewelExplorer.ViewModels.BaseViewModel.ViewModel)</Name>
              <SequencePoints />
              <BranchPoints />
              <MethodPoint vc="12" uspid="169" ordinal="0" offset="0" />
            </Method>
            <Method visited="false" cyclomaticComplexity="1" sequenceCoverage="0" branchCoverage="0" isConstructor="false" isStatic="false" isGetter="true" isSetter="false">
              <Summary numSequencePoints="0" visitedSequencePoints="0" numBranchPoints="0" visitedBranchPoints="0" sequenceCoverage="0" branchCoverage="0" maxCyclomaticComplexity="1" minCyclomaticComplexity="1" />
              <MetadataToken>100663332</MetadataToken>
              <Name>BHI.JewelEarth.JewelExplorer.ViewModels.BaseViewModel.ViewModel BHI.JewelEarth.JewelExplorer.UnitTest.Synchronization.ViewSynchronizer.ViewTreeInputDataGenerator::get_ViewModelRootComplex()</Name>
              <SequencePoints />
              <BranchPoints />
              <MethodPoint vc="0" uspid="170" ordinal="0" offset="0" />
            </Method>
            <Method visited="false" cyclomaticComplexity="1" sequenceCoverage="0" branchCoverage="0" isConstructor="false" isStatic="false" isGetter="false" isSetter="true">
              <Summary numSequencePoints="0" visitedSequencePoints="0" numBranchPoints="0" visitedBranchPoints="0" sequenceCoverage="0" branchCoverage="0" maxCyclomaticComplexity="1" minCyclomaticComplexity="1" />
              <MetadataToken>100663333</MetadataToken>
              <Name>System.Void BHI.JewelEarth.JewelExplorer.UnitTest.Synchronization.ViewSynchronizer.ViewTreeInputDataGenerator::set_ViewModelRootComplex(BHI.JewelEarth.JewelExplorer.ViewModels.BaseViewModel.ViewModel)</Name>
              <SequencePoints />
              <BranchPoints />
              <MethodPoint vc="0" uspid="171" ordinal="0" offset="0" />
            </Method>
            <Method visited="true" cyclomaticComplexity="1" sequenceCoverage="0" branchCoverage="0" isConstructor="false" isStatic="false" isGetter="true" isSetter="false">
              <Summary numSequencePoints="0" visitedSequencePoints="0" numBranchPoints="0" visitedBranchPoints="0" sequenceCoverage="0" branchCoverage="0" maxCyclomaticComplexity="1" minCyclomaticComplexity="1" />
              <MetadataToken>100663334</MetadataToken>
              <Name>BHI.JewelEarth.JewelExplorer.Services.JewelExplorerConfiguration BHI.JewelEarth.JewelExplorer.UnitTest.Synchronization.ViewSynchronizer.ViewTreeInputDataGenerator::get_Configuration()</Name>
              <SequencePoints />
              <BranchPoints />
              <MethodPoint vc="67" uspid="172" ordinal="0" offset="0" />
            </Method>
            <Method visited="true" cyclomaticComplexity="1" sequenceCoverage="0" branchCoverage="0" isConstructor="false" isStatic="false" isGetter="false" isSetter="true">
              <Summary numSequencePoints="0" visitedSequencePoints="0" numBranchPoints="0" visitedBranchPoints="0" sequenceCoverage="0" branchCoverage="0" maxCyclomaticComplexity="1" minCyclomaticComplexity="1" />
              <MetadataToken>100663335</MetadataToken>
              <Name>System.Void BHI.JewelEarth.JewelExplorer.UnitTest.Synchronization.ViewSynchronizer.ViewTreeInputDataGenerator::set_Configuration(BHI.JewelEarth.JewelExplorer.Services.JewelExplorerConfiguration)</Name>
              <SequencePoints />
              <BranchPoints />
              <MethodPoint vc="12" uspid="173" ordinal="0" offset="0" />
            </Method>
            <Method visited="true" cyclomaticComplexity="1" sequenceCoverage="0" branchCoverage="0" isConstructor="false" isStatic="false" isGetter="true" isSetter="false">
              <Summary numSequencePoints="0" visitedSequencePoints="0" numBranchPoints="0" visitedBranchPoints="0" sequenceCoverage="0" branchCoverage="0" maxCyclomaticComplexity="1" minCyclomaticComplexity="1" />
              <MetadataToken>100663336</MetadataToken>
              <Name>BHI.JewelEarth.JewelExplorer.Synchronization.ViewSynchronizer BHI.JewelEarth.JewelExplorer.UnitTest.Synchronization.ViewSynchronizer.ViewTreeInputDataGenerator::get_Synchronizer()</Name>
              <SequencePoints />
              <BranchPoints />
              <MethodPoint vc="20" uspid="174" ordinal="0" offset="0" />
            </Method>
            <Method visited="true" cyclomaticComplexity="1" sequenceCoverage="0" branchCoverage="0" isConstructor="false" isStatic="false" isGetter="false" isSetter="true">
              <Summary numSequencePoints="0" visitedSequencePoints="0" numBranchPoints="0" visitedBranchPoints="0" sequenceCoverage="0" branchCoverage="0" maxCyclomaticComplexity="1" minCyclomaticComplexity="1" />
              <MetadataToken>100663337</MetadataToken>
              <Name>System.Void BHI.JewelEarth.JewelExplorer.UnitTest.Synchronization.ViewSynchronizer.ViewTreeInputDataGenerator::set_Synchronizer(BHI.JewelEarth.JewelExplorer.Synchronization.ViewSynchronizer)</Name>
              <SequencePoints />
              <BranchPoints />
              <MethodPoint vc="12" uspid="175" ordinal="0" offset="0" />
            </Method>
            <Method visited="true" cyclomaticComplexity="1" sequenceCoverage="100" branchCoverage="100" isConstructor="false" isStatic="false" isGetter="false" isSetter="false">
              <Summary numSequencePoints="6" visitedSequencePoints="6" numBranchPoints="1" visitedBranchPoints="1" sequenceCoverage="100" branchCoverage="100" maxCyclomaticComplexity="1" minCyclomaticComplexity="1" />
              <MetadataToken>100663338</MetadataToken>
              <Name>System.Void BHI.JewelEarth.JewelExplorer.UnitTest.Synchronization.ViewSynchronizer.ViewTreeInputDataGenerator::InitializeInputDataForSimpleScenario()</Name>
              <FileRef uid="16" />
              <SequencePoints>
                <SequencePoint vc="12" uspid="176" ordinal="0" offset="0" sl="49" sc="9" el="49" ec="10" />
                <SequencePoint vc="12" uspid="177" ordinal="1" offset="1" sl="50" sc="13" el="50" ec="59" />
                <SequencePoint vc="12" uspid="178" ordinal="2" offset="14" sl="51" sc="13" el="51" ec="82" />
                <SequencePoint vc="12" uspid="179" ordinal="3" offset="33" sl="53" sc="13" el="53" ec="52" />
                <SequencePoint vc="12" uspid="180" ordinal="4" offset="40" sl="55" sc="13" el="55" ec="34" />
                <SequencePoint vc="12" uspid="181" ordinal="5" offset="47" sl="56" sc="9" el="56" ec="10" />
              </SequencePoints>
              <BranchPoints />
              <MethodPoint xsi:type="SequencePoint" vc="12" uspid="176" ordinal="0" offset="0" sl="49" sc="9" el="49" ec="10" />
            </Method>
            <Method visited="false" cyclomaticComplexity="1" sequenceCoverage="0" branchCoverage="0" isConstructor="false" isStatic="false" isGetter="false" isSetter="false">
              <Summary numSequencePoints="6" visitedSequencePoints="0" numBranchPoints="1" visitedBranchPoints="0" sequenceCoverage="0" branchCoverage="0" maxCyclomaticComplexity="1" minCyclomaticComplexity="1" />
              <MetadataToken>100663339</MetadataToken>
              <Name>System.Void BHI.JewelEarth.JewelExplorer.UnitTest.Synchronization.ViewSynchronizer.ViewTreeInputDataGenerator::InitializeInputDataForComplexScenario()</Name>
              <FileRef uid="16" />
              <SequencePoints>
                <SequencePoint vc="0" uspid="182" ordinal="0" offset="0" sl="59" sc="9" el="59" ec="10" />
                <SequencePoint vc="0" uspid="183" ordinal="1" offset="1" sl="60" sc="13" el="60" ec="61" />
                <SequencePoint vc="0" uspid="184" ordinal="2" offset="14" sl="61" sc="13" el="61" ec="85" />
                <SequencePoint vc="0" uspid="185" ordinal="3" offset="33" sl="63" sc="13" el="63" ec="53" />
                <SequencePoint vc="0" uspid="186" ordinal="4" offset="40" sl="64" sc="13" el="64" ec="34" />
                <SequencePoint vc="0" uspid="187" ordinal="5" offset="47" sl="65" sc="9" el="65" ec="10" />
              </SequencePoints>
              <BranchPoints />
              <MethodPoint xsi:type="SequencePoint" vc="0" uspid="182" ordinal="0" offset="0" sl="59" sc="9" el="59" ec="10" />
            </Method>
            <Method visited="true" cyclomaticComplexity="1" sequenceCoverage="100" branchCoverage="100" isConstructor="false" isStatic="false" isGetter="false" isSetter="false">
              <Summary numSequencePoints="7" visitedSequencePoints="7" numBranchPoints="1" visitedBranchPoints="1" sequenceCoverage="100" branchCoverage="100" maxCyclomaticComplexity="1" minCyclomaticComplexity="1" />
              <MetadataToken>100663340</MetadataToken>
              <Name>joaRemotingObjects.joaCollection BHI.JewelEarth.JewelExplorer.UnitTest.Synchronization.ViewSynchronizer.ViewTreeInputDataGenerator::BuildSimpleModelHierarchy()</Name>
              <FileRef uid="16" />
              <SequencePoints>
                <SequencePoint vc="12" uspid="188" ordinal="0" offset="0" sl="70" sc="9" el="70" ec="10" />
                <SequencePoint vc="12" uspid="189" ordinal="1" offset="1" sl="71" sc="13" el="76" ec="15" />
                <SequencePoint vc="12" uspid="190" ordinal="2" offset="65" sl="78" sc="13" el="78" ec="75" />
                <SequencePoint vc="12" uspid="191" ordinal="3" offset="98" sl="79" sc="13" el="79" ec="75" />
                <SequencePoint vc="12" uspid="192" ordinal="4" offset="131" sl="80" sc="13" el="80" ec="75" />
                <SequencePoint vc="12" uspid="193" ordinal="5" offset="164" sl="82" sc="13" el="82" ec="30" />
                <SequencePoint vc="12" uspid="194" ordinal="6" offset="168" sl="83" sc="9" el="83" ec="10" />
              </SequencePoints>
              <BranchPoints />
              <MethodPoint xsi:type="SequencePoint" vc="12" uspid="188" ordinal="0" offset="0" sl="70" sc="9" el="70" ec="10" />
            </Method>
            <Method visited="true" cyclomaticComplexity="1" sequenceCoverage="100" branchCoverage="100" isConstructor="false" isStatic="false" isGetter="false" isSetter="false">
              <Summary numSequencePoints="10" visitedSequencePoints="10" numBranchPoints="1" visitedBranchPoints="1" sequenceCoverage="100" branchCoverage="100" maxCyclomaticComplexity="1" minCyclomaticComplexity="1" />
              <MetadataToken>100663341</MetadataToken>
              <Name>BHI.JewelEarth.JewelExplorer.ViewModels.BaseViewModel.ViewModel BHI.JewelEarth.JewelExplorer.UnitTest.Synchronization.ViewSynchronizer.ViewTreeInputDataGenerator::BuildSimpleViewModelHierarchy(joaRemotingObjects.joaCollection)</Name>
              <FileRef uid="16" />
              <SequencePoints>
                <SequencePoint vc="12" uspid="195" ordinal="0" offset="0" sl="87" sc="9" el="87" ec="10" />
                <SequencePoint vc="12" uspid="196" ordinal="1" offset="1" sl="88" sc="13" el="88" ec="62" />
                <SequencePoint vc="12" uspid="197" ordinal="2" offset="9" sl="90" sc="13" el="90" ec="63" />
                <SequencePoint vc="12" uspid="198" ordinal="3" offset="34" sl="91" sc="13" el="91" ec="63" />
                <SequencePoint vc="12" uspid="199" ordinal="4" offset="59" sl="92" sc="13" el="92" ec="63" />
                <SequencePoint vc="12" uspid="200" ordinal="5" offset="84" sl="94" sc="13" el="94" ec="108" />
                <SequencePoint vc="12" uspid="201" ordinal="6" offset="141" sl="95" sc="13" el="95" ec="108" />
                <SequencePoint vc="12" uspid="202" ordinal="7" offset="198" sl="96" sc="13" el="96" ec="108" />
                <SequencePoint vc="12" uspid="203" ordinal="8" offset="255" sl="98" sc="13" el="98" ec="29" />
                <SequencePoint vc="12" uspid="204" ordinal="9" offset="259" sl="99" sc="9" el="99" ec="10" />
              </SequencePoints>
              <BranchPoints />
              <MethodPoint xsi:type="SequencePoint" vc="12" uspid="195" ordinal="0" offset="0" sl="87" sc="9" el="87" ec="10" />
            </Method>
            <Method visited="false" cyclomaticComplexity="1" sequenceCoverage="0" branchCoverage="0" isConstructor="false" isStatic="false" isGetter="false" isSetter="false">
              <Summary numSequencePoints="7" visitedSequencePoints="0" numBranchPoints="1" visitedBranchPoints="0" sequenceCoverage="0" branchCoverage="0" maxCyclomaticComplexity="1" minCyclomaticComplexity="1" />
              <MetadataToken>100663342</MetadataToken>
              <Name>joaRemotingObjects.joaCollection BHI.JewelEarth.JewelExplorer.UnitTest.Synchronization.ViewSynchronizer.ViewTreeInputDataGenerator::BuildComplexModelHierarchy()</Name>
              <FileRef uid="16" />
              <SequencePoints>
                <SequencePoint vc="0" uspid="205" ordinal="0" offset="0" sl="103" sc="9" el="103" ec="10" />
                <SequencePoint vc="0" uspid="206" ordinal="1" offset="1" sl="104" sc="13" el="107" ec="15" />
                <SequencePoint vc="0" uspid="207" ordinal="2" offset="31" sl="109" sc="13" el="109" ec="83" />
                <SequencePoint vc="0" uspid="208" ordinal="3" offset="64" sl="110" sc="13" el="110" ec="104" />
                <SequencePoint vc="0" uspid="209" ordinal="4" offset="113" sl="111" sc="13" el="111" ec="115" />
                <SequencePoint vc="0" uspid="210" ordinal="5" offset="178" sl="113" sc="13" el="113" ec="30" />
                <SequencePoint vc="0" uspid="211" ordinal="6" offset="182" sl="114" sc="9" el="114" ec="10" />
              </SequencePoints>
              <BranchPoints />
              <MethodPoint xsi:type="SequencePoint" vc="0" uspid="205" ordinal="0" offset="0" sl="103" sc="9" el="103" ec="10" />
            </Method>
            <Method visited="false" cyclomaticComplexity="1" sequenceCoverage="0" branchCoverage="0" isConstructor="false" isStatic="false" isGetter="false" isSetter="false">
              <Summary numSequencePoints="8" visitedSequencePoints="0" numBranchPoints="1" visitedBranchPoints="0" sequenceCoverage="0" branchCoverage="0" maxCyclomaticComplexity="1" minCyclomaticComplexity="1" />
              <MetadataToken>100663343</MetadataToken>
              <Name>BHI.JewelEarth.JewelExplorer.ViewModels.BaseViewModel.ViewModel BHI.JewelEarth.JewelExplorer.UnitTest.Synchronization.ViewSynchronizer.ViewTreeInputDataGenerator::BuildComplexViewModelHierarchy(joaRemotingObjects.joaCollection)</Name>
              <FileRef uid="16" />
              <SequencePoints>
                <SequencePoint vc="0" uspid="212" ordinal="0" offset="0" sl="118" sc="9" el="118" ec="10" />
                <SequencePoint vc="0" uspid="213" ordinal="1" offset="1" sl="119" sc="13" el="119" ec="62" />
                <SequencePoint vc="0" uspid="214" ordinal="2" offset="9" sl="121" sc="13" el="121" ec="63" />
                <SequencePoint vc="0" uspid="215" ordinal="3" offset="34" sl="123" sc="13" el="123" ec="108" />
                <SequencePoint vc="0" uspid="216" ordinal="4" offset="91" sl="124" sc="13" el="124" ec="153" />
                <SequencePoint vc="0" uspid="217" ordinal="5" offset="180" sl="125" sc="13" el="125" ec="198" />
                <SequencePoint vc="0" uspid="218" ordinal="6" offset="301" sl="127" sc="13" el="127" ec="29" />
                <SequencePoint vc="0" uspid="219" ordinal="7" offset="305" sl="128" sc="9" el="128" ec="10" />
              </SequencePoints>
              <BranchPoints />
              <MethodPoint xsi:type="SequencePoint" vc="0" uspid="212" ordinal="0" offset="0" sl="118" sc="9" el="118" ec="10" />
            </Method>
            <Method visited="true" cyclomaticComplexity="1" sequenceCoverage="100" branchCoverage="100" isConstructor="false" isStatic="false" isGetter="false" isSetter="false">
              <Summary numSequencePoints="6" visitedSequencePoints="6" numBranchPoints="1" visitedBranchPoints="1" sequenceCoverage="100" branchCoverage="100" maxCyclomaticComplexity="1" minCyclomaticComplexity="1" />
              <MetadataToken>100663344</MetadataToken>
              <Name>System.Void BHI.JewelEarth.JewelExplorer.UnitTest.Synchronization.ViewSynchronizer.ViewTreeInputDataGenerator::RegisterControllersForSimpleScenario()</Name>
              <FileRef uid="16" />
              <SequencePoints>
                <SequencePoint vc="12" uspid="220" ordinal="0" offset="0" sl="132" sc="9" el="132" ec="10" />
                <SequencePoint vc="12" uspid="221" ordinal="1" offset="1" sl="133" sc="13" el="133" ec="72" />
                <SequencePoint vc="12" uspid="222" ordinal="2" offset="18" sl="134" sc="13" el="134" ec="124" />
                <SequencePoint vc="12" uspid="223" ordinal="3" offset="60" sl="135" sc="13" el="135" ec="124" />
                <SequencePoint vc="12" uspid="224" ordinal="4" offset="102" sl="136" sc="13" el="136" ec="124" />
                <SequencePoint vc="12" uspid="225" ordinal="5" offset="144" sl="137" sc="9" el="137" ec="10" />
              </SequencePoints>
              <BranchPoints />
              <MethodPoint xsi:type="SequencePoint" vc="12" uspid="220" ordinal="0" offset="0" sl="132" sc="9" el="132" ec="10" />
            </Method>
            <Method visited="false" cyclomaticComplexity="2" sequenceCoverage="0" branchCoverage="0" isConstructor="false" isStatic="false" isGetter="false" isSetter="false">
              <Summary numSequencePoints="6" visitedSequencePoints="0" numBranchPoints="3" visitedBranchPoints="0" sequenceCoverage="0" branchCoverage="0" maxCyclomaticComplexity="2" minCyclomaticComplexity="2" />
              <MetadataToken>100663345</MetadataToken>
              <Name>System.Void BHI.JewelEarth.JewelExplorer.UnitTest.Synchronization.ViewSynchronizer.ViewTreeInputDataGenerator::RegisterControllersForComplexScenario()</Name>
              <FileRef uid="16" />
              <SequencePoints>
                <SequencePoint vc="0" uspid="226" ordinal="0" offset="0" sl="140" sc="9" el="140" ec="10" />
                <SequencePoint vc="0" uspid="227" ordinal="1" offset="1" sl="141" sc="13" el="141" ec="39" />
                <SequencePoint vc="0" uspid="228" ordinal="2" offset="17" sl="142" sc="17" el="142" ec="76" />
                <SequencePoint vc="0" uspid="229" ordinal="3" offset="34" sl="144" sc="13" el="144" ec="111" />
                <SequencePoint vc="0" uspid="230" ordinal="4" offset="76" sl="145" sc="13" el="145" ec="111" />
                <SequencePoint vc="0" uspid="231" ordinal="5" offset="118" sl="146" sc="9" el="146" ec="10" />
              </SequencePoints>
              <BranchPoints>
                <BranchPoint vc="0" uspid="232" ordinal="0" offset="15" path="0" />
                <BranchPoint vc="0" uspid="233" ordinal="1" offset="15" path="1" />
              </BranchPoints>
              <MethodPoint xsi:type="SequencePoint" vc="0" uspid="226" ordinal="0" offset="0" sl="140" sc="9" el="140" ec="10" />
            </Method>
            <Method visited="true" cyclomaticComplexity="1" sequenceCoverage="100" branchCoverage="100" isConstructor="false" isStatic="false" isGetter="false" isSetter="false">
              <Summary numSequencePoints="5" visitedSequencePoints="5" numBranchPoints="1" visitedBranchPoints="1" sequenceCoverage="100" branchCoverage="100" maxCyclomaticComplexity="1" minCyclomaticComplexity="1" />
              <MetadataToken>100663346</MetadataToken>
              <Name>System.Void BHI.JewelEarth.JewelExplorer.UnitTest.Synchronization.ViewSynchronizer.ViewTreeInputDataGenerator::CreateSynchronizer()</Name>
              <FileRef uid="16" />
              <SequencePoints>
                <SequencePoint vc="12" uspid="234" ordinal="0" offset="0" sl="150" sc="9" el="150" ec="10" />
                <SequencePoint vc="12" uspid="235" ordinal="1" offset="1" sl="151" sc="13" el="151" ec="67" />
                <SequencePoint vc="12" uspid="236" ordinal="2" offset="7" sl="152" sc="13" el="152" ec="63" />
                <SequencePoint vc="12" uspid="237" ordinal="3" offset="13" sl="153" sc="13" el="153" ec="145" />
                <SequencePoint vc="12" uspid="238" ordinal="4" offset="43" sl="154" sc="9" el="154" ec="10" />
              </SequencePoints>
              <BranchPoints />
              <MethodPoint xsi:type="SequencePoint" vc="12" uspid="234" ordinal="0" offset="0" sl="150" sc="9" el="150" ec="10" />
            </Method>
            <Method visited="true" cyclomaticComplexity="1" sequenceCoverage="100" branchCoverage="100" isConstructor="false" isStatic="false" isGetter="false" isSetter="false">
              <Summary numSequencePoints="4" visitedSequencePoints="4" numBranchPoints="1" visitedBranchPoints="1" sequenceCoverage="100" branchCoverage="100" maxCyclomaticComplexity="1" minCyclomaticComplexity="1" />
              <MetadataToken>100663347</MetadataToken>
              <Name>BHI.JewelEarth.JewelExplorer.ViewModels.BaseViewModel.ViewModel BHI.JewelEarth.JewelExplorer.UnitTest.Synchronization.ViewSynchronizer.ViewTreeInputDataGenerator::GenerateEmptyViewModelRoot()</Name>
              <FileRef uid="16" />
              <SequencePoints>
                <SequencePoint vc="3" uspid="239" ordinal="0" offset="0" sl="159" sc="9" el="159" ec="10" />
                <SequencePoint vc="3" uspid="240" ordinal="1" offset="1" sl="160" sc="13" el="163" ec="15" />
                <SequencePoint vc="3" uspid="241" ordinal="2" offset="31" sl="165" sc="13" el="165" ec="53" />
                <SequencePoint vc="3" uspid="242" ordinal="3" offset="41" sl="166" sc="9" el="166" ec="10" />
              </SequencePoints>
              <BranchPoints />
              <MethodPoint xsi:type="SequencePoint" vc="3" uspid="239" ordinal="0" offset="0" sl="159" sc="9" el="159" ec="10" />
            </Method>
            <Method visited="true" cyclomaticComplexity="1" sequenceCoverage="0" branchCoverage="0" isConstructor="true" isStatic="false" isGetter="false" isSetter="false">
              <Summary numSequencePoints="0" visitedSequencePoints="0" numBranchPoints="0" visitedBranchPoints="0" sequenceCoverage="0" branchCoverage="0" maxCyclomaticComplexity="1" minCyclomaticComplexity="1" />
              <MetadataToken>100663348</MetadataToken>
              <Name>System.Void BHI.JewelEarth.JewelExplorer.UnitTest.Synchronization.ViewSynchronizer.ViewTreeInputDataGenerator::.ctor()</Name>
              <SequencePoints />
              <BranchPoints />
              <MethodPoint vc="12" uspid="243" ordinal="0" offset="0" />
            </Method>
          </Methods>
        </Class>
        <Class>
          <Summary numSequencePoints="20" visitedSequencePoints="0" numBranchPoints="3" visitedBranchPoints="0" sequenceCoverage="0" branchCoverage="0" maxCyclomaticComplexity="1" minCyclomaticComplexity="1" />
          <FullName>BHI.JewelEarth.JewelExplorer.UnitTest.ViewModelActions.Delete.DeleteHierarchyTree</FullName>
          <Methods>
            <Method visited="false" cyclomaticComplexity="1" sequenceCoverage="0" branchCoverage="0" isConstructor="false" isStatic="false" isGetter="false" isSetter="false">
              <Summary numSequencePoints="4" visitedSequencePoints="0" numBranchPoints="1" visitedBranchPoints="0" sequenceCoverage="0" branchCoverage="0" maxCyclomaticComplexity="1" minCyclomaticComplexity="1" />
              <MetadataToken>100663349</MetadataToken>
[...]
                <SequencePoint vc="1" uspid="321" ordinal="2" offset="15" sl="124" sc="9" el="124" ec="10" />
              </SequencePoints>
              <BranchPoints />
              <MethodPoint xsi:type="SequencePoint" vc="1" uspid="319" ordinal="0" offset="0" sl="122" sc="9" el="122" ec="10" />
            </Method>
            <Method visited="true" cyclomaticComplexity="1" sequenceCoverage="100" branchCoverage="100" isConstructor="false" isStatic="false" isGetter="false" isSetter="false">
              <Summary numSequencePoints="3" visitedSequencePoints="3" numBranchPoints="1" visitedBranchPoints="1" sequenceCoverage="100" branchCoverage="100" maxCyclomaticComplexity="1" minCyclomaticComplexity="1" />
              <MetadataToken>100663362</MetadataToken>
              <Name>System.Void BHI.JewelEarth.JewelExplorer.UnitTest.ViewModelActions.Visibility.VisibilityManagement.MockVisibilityStateTemplate::SetToDisabled()</Name>
              <FileRef uid="18" />
              <SequencePoints>
                <SequencePoint vc="1" uspid="322" ordinal="0" offset="0" sl="127" sc="9" el="127" ec="10" />
                <SequencePoint vc="1" uspid="323" ordinal="1" offset="1" sl="128" sc="13" el="128" ec="40" />
                <SequencePoint vc="1" uspid="324" ordinal="2" offset="15" sl="129" sc="9" el="129" ec="10" />
              </SequencePoints>
              <BranchPoints />
              <MethodPoint xsi:type="SequencePoint" vc="1" uspid="322" ordinal="0" offset="0" sl="127" sc="9" el="127" ec="10" />
            </Method>
          </Methods>
        </Class>
        <Class>
          <Summary numSequencePoints="25" visitedSequencePoints="25" numBranchPoints="6" visitedBranchPoints="6" sequenceCoverage="100" branchCoverage="100" maxCyclomaticComplexity="1" minCyclomaticComplexity="1" />
          <FullName>BHI.JewelEarth.JewelExplorer.UnitTest.ViewModelActions.Visibility.VisibilityManagement.VisibilityStateTemplateSetStateTest</FullName>
          <Methods>
            <Method visited="true" cyclomaticComplexity="1" sequenceCoverage="100" branchCoverage="100" isConstructor="false" isStatic="false" isGetter="false" isSetter="false">
              <Summary numSequencePoints="6" visitedSequencePoints="6" numBranchPoints="1" visitedBranchPoints="1" sequenceCoverage="100" branchCoverage="100" maxCyclomaticComplexity="1" minCyclomaticComplexity="1" />
              <MetadataToken>100663363</MetadataToken>
              <Name>System.Void BHI.JewelEarth.JewelExplorer.UnitTest.ViewModelActions.Visibility.VisibilityManagement.VisibilityStateTemplateSetStateTest::NoSetMethodCalledForDisabledVisibilityState()</Name>
              <FileRef uid="18" />
              <SequencePoints>
                <SequencePoint vc="1" uspid="325" ordinal="0" offset="0" sl="137" sc="9" el="137" ec="10" />
                <SequencePoint vc="1" uspid="326" ordinal="1" offset="1" sl="138" sc="13" el="138" ec="96" />
                <SequencePoint vc="1" uspid="327" ordinal="2" offset="8" sl="139" sc="13" el="139" ec="45" />
                <SequencePoint vc="1" uspid="328" ordinal="3" offset="16" sl="141" sc="13" el="141" ec="55" />
                <SequencePoint vc="1" uspid="329" ordinal="4" offset="24" sl="142" sc="13" el="142" ec="45" />
                <SequencePoint vc="1" uspid="330" ordinal="5" offset="31" sl="143" sc="9" el="143" ec="10" />
              </SequencePoints>
              <BranchPoints />
              <MethodPoint xsi:type="SequencePoint" vc="1" uspid="325" ordinal="0" offset="0" sl="137" sc="9" el="137" ec="10" />
            </Method>
            <Method visited="true" cyclomaticComplexity="1" sequenceCoverage="100" branchCoverage="100" isConstructor="false" isStatic="false" isGetter="false" isSetter="false">
              <Summary numSequencePoints="3" visitedSequencePoints="3" numBranchPoints="1" visitedBranchPoints="1" sequenceCoverage="100" branchCoverage="100" maxCyclomaticComplexity="1" minCyclomaticComplexity="1" />
              <MetadataToken>100663364</MetadataToken>
              <Name>System.Void BHI.JewelEarth.JewelExplorer.UnitTest.ViewModelActions.Visibility.VisibilityManagement.VisibilityStateTemplateSetStateTest::ViewModelParentDisabled_SetToDisabled()</Name>
              <FileRef uid="18" />
              <SequencePoints>
                <SequencePoint vc="1" uspid="331" ordinal="0" offset="0" sl="147" sc="9" el="147" ec="10" />
                <SequencePoint vc="1" uspid="332" ordinal="1" offset="1" sl="148" sc="13" el="148" ec="96" />
                <SequencePoint vc="1" uspid="333" ordinal="2" offset="8" sl="155" sc="9" el="155" ec="10" />
              </SequencePoints>
              <BranchPoints />
              <MethodPoint xsi:type="SequencePoint" vc="1" uspid="331" ordinal="0" offset="0" sl="147" sc="9" el="147" ec="10" />
            </Method>
            <Method visited="true" cyclomaticComplexity="1" sequenceCoverage="100" branchCoverage="100" isConstructor="false" isStatic="false" isGetter="false" isSetter="false">
              <Summary numSequencePoints="4" visitedSequencePoints="4" numBranchPoints="1" visitedBranchPoints="1" sequenceCoverage="100" branchCoverage="100" maxCyclomaticComplexity="1" minCyclomaticComplexity="1" />
              <MetadataToken>100663365</MetadataToken>
              <Name>System.Void BHI.JewelEarth.JewelExplorer.UnitTest.ViewModelActions.Visibility.VisibilityManagement.VisibilityStateTemplateSetStateTest::SetToDisabled()</Name>
              <FileRef uid="18" />
              <SequencePoints>
                <SequencePoint vc="1" uspid="334" ordinal="0" offset="0" sl="159" sc="9" el="159" ec="10" />
                <SequencePoint vc="1" uspid="335" ordinal="1" offset="1" sl="160" sc="13" el="160" ec="97" />
                <SequencePoint vc="1" uspid="336" ordinal="2" offset="8" sl="161" sc="13" el="161" ec="73" />
                <SequencePoint vc="1" uspid="337" ordinal="3" offset="16" sl="162" sc="9" el="162" ec="10" />
              </SequencePoints>
              <BranchPoints />
              <MethodPoint xsi:type="SequencePoint" vc="1" uspid="334" ordinal="0" offset="0" sl="159" sc="9" el="159" ec="10" />
            </Method>
            <Method visited="true" cyclomaticComplexity="1" sequenceCoverage="100" branchCoverage="100" isConstructor="false" isStatic="false" isGetter="false" isSetter="false">
              <Summary numSequencePoints="4" visitedSequencePoints="4" numBranchPoints="1" visitedBranchPoints="1" sequenceCoverage="100" branchCoverage="100" maxCyclomaticComplexity="1" minCyclomaticComplexity="1" />
              <MetadataToken>100663366</MetadataToken>
              <Name>System.Void BHI.JewelEarth.JewelExplorer.UnitTest.ViewModelActions.Visibility.VisibilityManagement.VisibilityStateTemplateSetStateTest::SetToChecked()</Name>
              <FileRef uid="18" />
              <SequencePoints>
                <SequencePoint vc="1" uspid="338" ordinal="0" offset="0" sl="166" sc="9" el="166" ec="10" />
                <SequencePoint vc="1" uspid="339" ordinal="1" offset="1" sl="167" sc="13" el="167" ec="96" />
                <SequencePoint vc="1" uspid="340" ordinal="2" offset="8" sl="168" sc="13" el="168" ec="72" />
                <SequencePoint vc="1" uspid="341" ordinal="3" offset="16" sl="169" sc="9" el="169" ec="10" />
              </SequencePoints>
              <BranchPoints />
              <MethodPoint xsi:type="SequencePoint" vc="1" uspid="338" ordinal="0" offset="0" sl="166" sc="9" el="166" ec="10" />
            </Method>
            <Method visited="true" cyclomaticComplexity="1" sequenceCoverage="100" branchCoverage="100" isConstructor="false" isStatic="false" isGetter="false" isSetter="false">
              <Summary numSequencePoints="4" visitedSequencePoints="4" numBranchPoints="1" visitedBranchPoints="1" sequenceCoverage="100" branchCoverage="100" maxCyclomaticComplexity="1" minCyclomaticComplexity="1" />
              <MetadataToken>100663367</MetadataToken>
              <Name>System.Void BHI.JewelEarth.JewelExplorer.UnitTest.ViewModelActions.Visibility.VisibilityManagement.VisibilityStateTemplateSetStateTest::SetToUnchecked()</Name>
              <FileRef uid="18" />
              <SequencePoints>
                <SequencePoint vc="1" uspid="342" ordinal="0" offset="0" sl="173" sc="9" el="173" ec="10" />
                <SequencePoint vc="1" uspid="343" ordinal="1" offset="1" sl="174" sc="13" el="174" ec="97" />
                <SequencePoint vc="1" uspid="344" ordinal="2" offset="8" sl="175" sc="13" el="175" ec="74" />
                <SequencePoint vc="1" uspid="345" ordinal="3" offset="16" sl="176" sc="9" el="176" ec="10" />
              </SequencePoints>
              <BranchPoints />
              <MethodPoint xsi:type="SequencePoint" vc="1" uspid="342" ordinal="0" offset="0" sl="173" sc="9" el="173" ec="10" />
            </Method>
            <Method visited="true" cyclomaticComplexity="1" sequenceCoverage="100" branchCoverage="100" isConstructor="false" isStatic="false" isGetter="false" isSetter="false">
              <Summary numSequencePoints="4" visitedSequencePoints="4" numBranchPoints="1" visitedBranchPoints="1" sequenceCoverage="100" branchCoverage="100" maxCyclomaticComplexity="1" minCyclomaticComplexity="1" />
              <MetadataToken>100663368</MetadataToken>
              <Name>System.Void BHI.JewelEarth.JewelExplorer.UnitTest.ViewModelActions.Visibility.VisibilityManagement.VisibilityStateTemplateSetStateTest::SetToIndeterminate()</Name>
              <FileRef uid="18" />
              <SequencePoints>
                <SequencePoint vc="1" uspid="346" ordinal="0" offset="0" sl="180" sc="9" el="180" ec="10" />
                <SequencePoint vc="1" uspid="347" ordinal="1" offset="1" sl="181" sc="13" el="181" ec="97" />
                <SequencePoint vc="1" uspid="348" ordinal="2" offset="8" sl="182" sc="13" el="182" ec="78" />
                <SequencePoint vc="1" uspid="349" ordinal="3" offset="16" sl="183" sc="9" el="183" ec="10" />
              </SequencePoints>
              <BranchPoints />
              <MethodPoint xsi:type="SequencePoint" vc="1" uspid="346" ordinal="0" offset="0" sl="180" sc="9" el="180" ec="10" />
            </Method>
            <Method visited="true" cyclomaticComplexity="1" sequenceCoverage="0" branchCoverage="0" isConstructor="true" isStatic="false" isGetter="false" isSetter="false">
              <Summary numSequencePoints="0" visitedSequencePoints="0" numBranchPoints="0" visitedBranchPoints="0" sequenceCoverage="0" branchCoverage="0" maxCyclomaticComplexity="1" minCyclomaticComplexity="1" />
              <MetadataToken>100663369</MetadataToken>
              <Name>System.Void BHI.JewelEarth.JewelExplorer.UnitTest.ViewModelActions.Visibility.VisibilityManagement.VisibilityStateTemplateSetStateTest::.ctor()</Name>
              <SequencePoints />
              <BranchPoints />
              <MethodPoint vc="6" uspid="350" ordinal="0" offset="0" />
            </Method>
          </Methods>
        </Class>
        <Class>
          <Summary numSequencePoints="20" visitedSequencePoints="20" numBranchPoints="4" visitedBranchPoints="4" sequenceCoverage="100" branchCoverage="100" maxCyclomaticComplexity="1" minCyclomaticComplexity="1" />
          <FullName>BHI.JewelEarth.JewelExplorer.UnitTest.ViewModelActions.Visibility.VisibilityManagement.VisibilityViewModelStateTemplateFactoryTest</FullName>
          <Methods>
            <Method visited="true" cyclomaticComplexity="1" sequenceCoverage="100" branchCoverage="100" isConstructor="false" isStatic="false" isGetter="false" isSetter="false">
              <Summary numSequencePoints="5" visitedSequencePoints="5" numBranchPoints="1" visitedBranchPoints="1" sequenceCoverage="100" branchCoverage="100" maxCyclomaticComplexity="1" minCyclomaticComplexity="1" />
              <MetadataToken>100663370</MetadataToken>
              <Name>System.Void BHI.JewelEarth.JewelExplorer.UnitTest.ViewModelActions.Visibility.VisibilityManagement.VisibilityViewModelStateTemplateFactoryTest::GetViewModelStateChecked()</Name>
              <FileRef uid="20" />
              <SequencePoints>
                <SequencePoint vc="1" uspid="351" ordinal="0" offset="0" sl="15" sc="9" el="15" ec="10" />
                <SequencePoint vc="1" uspid="352" ordinal="1" offset="1" sl="16" sc="13" el="16" ec="109" />
                <SequencePoint vc="1" uspid="353" ordinal="2" offset="17" sl="17" sc="13" el="18" ec="93" />
                <SequencePoint vc="1" uspid="354" ordinal="3" offset="24" sl="20" sc="13" el="20" ec="66" />
                <SequencePoint vc="1" uspid="355" ordinal="4" offset="41" sl="21" sc="9" el="21" ec="10" />
              </SequencePoints>
              <BranchPoints />
              <MethodPoint xsi:type="SequencePoint" vc="1" uspid="351" ordinal="0" offset="0" sl="15" sc="9" el="15" ec="10" />
            </Method>
            <Method visited="true" cyclomaticComplexity="1" sequenceCoverage="100" branchCoverage="100" isConstructor="false" isStatic="false" isGetter="false" isSetter="false">
              <Summary numSequencePoints="5" visitedSequencePoints="5" numBranchPoints="1" visitedBranchPoints="1" sequenceCoverage="100" branchCoverage="100" maxCyclomaticComplexity="1" minCyclomaticComplexity="1" />
              <MetadataToken>100663371</MetadataToken>
              <Name>System.Void BHI.JewelEarth.JewelExplorer.UnitTest.ViewModelActions.Visibility.VisibilityManagement.VisibilityViewModelStateTemplateFactoryTest::GetViewModelStateUnchecked()</Name>
              <FileRef uid="20" />
              <SequencePoints>
                <SequencePoint vc="1" uspid="356" ordinal="0" offset="0" sl="25" sc="9" el="25" ec="10" />
                <SequencePoint vc="1" uspid="357" ordinal="1" offset="1" sl="26" sc="13" el="26" ec="111" />
                <SequencePoint vc="1" uspid="358" ordinal="2" offset="17" sl="27" sc="13" el="28" ec="93" />
                <SequencePoint vc="1" uspid="359" ordinal="3" offset="24" sl="30" sc="13" el="30" ec="68" />
                <SequencePoint vc="1" uspid="360" ordinal="4" offset="41" sl="31" sc="9" el="31" ec="10" />
              </SequencePoints>
              <BranchPoints />
              <MethodPoint xsi:type="SequencePoint" vc="1" uspid="356" ordinal="0" offset="0" sl="25" sc="9" el="25" ec="10" />
            </Method>
            <Method visited="true" cyclomaticComplexity="1" sequenceCoverage="100" branchCoverage="100" isConstructor="false" isStatic="false" isGetter="false" isSetter="false">
              <Summary numSequencePoints="5" visitedSequencePoints="5" numBranchPoints="1" visitedBranchPoints="1" sequenceCoverage="100" branchCoverage="100" maxCyclomaticComplexity="1" minCyclomaticComplexity="1" />
              <MetadataToken>100663372</MetadataToken>
              <Name>System.Void BHI.JewelEarth.JewelExplorer.UnitTest.ViewModelActions.Visibility.VisibilityManagement.VisibilityViewModelStateTemplateFactoryTest::GetViewModelStateIndeterminate()</Name>
              <FileRef uid="20" />
              <SequencePoints>
                <SequencePoint vc="1" uspid="361" ordinal="0" offset="0" sl="35" sc="9" el="35" ec="10" />
                <SequencePoint vc="1" uspid="362" ordinal="1" offset="1" sl="36" sc="13" el="36" ec="115" />
                <SequencePoint vc="1" uspid="363" ordinal="2" offset="17" sl="37" sc="13" el="38" ec="93" />
                <SequencePoint vc="1" uspid="364" ordinal="3" offset="24" sl="40" sc="13" el="40" ec="72" />
                <SequencePoint vc="1" uspid="365" ordinal="4" offset="41" sl="41" sc="9" el="41" ec="10" />
              </SequencePoints>
              <BranchPoints />
              <MethodPoint xsi:type="SequencePoint" vc="1" uspid="361" ordinal="0" offset="0" sl="35" sc="9" el="35" ec="10" />
            </Method>
            <Method visited="true" cyclomaticComplexity="1" sequenceCoverage="100" branchCoverage="100" isConstructor="false" isStatic="false" isGetter="false" isSetter="false">
              <Summary numSequencePoints="5" visitedSequencePoints="5" numBranchPoints="1" visitedBranchPoints="1" sequenceCoverage="100" branchCoverage="100" maxCyclomaticComplexity="1" minCyclomaticComplexity="1" />
              <MetadataToken>100663373</MetadataToken>
              <Name>System.Void BHI.JewelEarth.JewelExplorer.UnitTest.ViewModelActions.Visibility.VisibilityManagement.VisibilityViewModelStateTemplateFactoryTest::GetViewModelStateDisabled()</Name>
              <FileRef uid="20" />
              <SequencePoints>
                <SequencePoint vc="1" uspid="366" ordinal="0" offset="0" sl="45" sc="9" el="45" ec="10" />
                <SequencePoint vc="1" uspid="367" ordinal="1" offset="1" sl="46" sc="13" el="46" ec="110" />
                <SequencePoint vc="1" uspid="368" ordinal="2" offset="17" sl="47" sc="13" el="48" ec="93" />
                <SequencePoint vc="1" uspid="369" ordinal="3" offset="24" sl="50" sc="13" el="50" ec="67" />
                <SequencePoint vc="1" uspid="370" ordinal="4" offset="41" sl="51" sc="9" el="51" ec="10" />
              </SequencePoints>
              <BranchPoints />
              <MethodPoint xsi:type="SequencePoint" vc="1" uspid="366" ordinal="0" offset="0" sl="45" sc="9" el="45" ec="10" />
            </Method>
            <Method visited="true" cyclomaticComplexity="1" sequenceCoverage="0" branchCoverage="0" isConstructor="true" isStatic="false" isGetter="false" isSetter="false">
              <Summary numSequencePoints="0" visitedSequencePoints="0" numBranchPoints="0" visitedBranchPoints="0" sequenceCoverage="0" branchCoverage="0" maxCyclomaticComplexity="1" minCyclomaticComplexity="1" />
              <MetadataToken>100663374</MetadataToken>
              <Name>System.Void BHI.JewelEarth.JewelExplorer.UnitTest.ViewModelActions.Visibility.VisibilityManagement.VisibilityViewModelStateTemplateFactoryTest::.ctor()</Name>
              <SequencePoints />
              <BranchPoints />
              <MethodPoint vc="4" uspid="371" ordinal="0" offset="0" />
            </Method>
          </Methods>
        </Class>
      </Classes>
    </Module>
    <Module skippedDueTo="Filter" hash="EB-F0-E6-D2-E0-7F-6C-8F-CC-F8-9F-27-02-E3-74-B6-61-99-D2-2E">
      <ModulePath>C:\windows\assembly\GAC_MSIL\Microsoft.VisualStudio.QualityTools.TMI\11.0.0.0__b03f5f7f11d50a3a\Microsoft.VisualStudio.QualityTools.TMI.dll</ModulePath>
      <ModuleName>Microsoft.VisualStudio.QualityTools.TMI</ModuleName>
      <Classes />
    </Module>
    <Module skippedDueTo="Filter" hash="62-1F-8D-3C-F2-4C-62-CC-1C-61-7F-AE-70-4C-45-8A-AA-43-D3-2D">
      <ModulePath>C:\windows\Microsoft.Net\assembly\GAC_MSIL\System.Numerics\v4.0_4.0.0.0__b77a5c561934e089\System.Numerics.dll</ModulePath>
      <ModuleName>System.Numerics</ModuleName>
      <Classes />
    </Module>
    <Module skippedDueTo="MissingPdb" hash="B3-B0-E0-C8-70-55-3B-AC-B7-C9-82-8C-78-51-D8-33-CE-AE-DF-4E">
      <ModulePath>c:\Development\Jewel.Release.Oahu\JewelEarth\Core\JOA Jewel Suite\JewelExplorer.UnitTest\bin\Debug\joaJewelUtilitiesUI.dll</ModulePath>
      <ModuleName>joaJewelUtilitiesUI</ModuleName>
      <Classes />
    </Module>
    <Module skippedDueTo="Filter" hash="D0-C4-31-DF-9B-8D-D3-CC-74-AB-93-8A-6F-C9-61-63-14-F1-4A-B7">
      <ModulePath>c:\Development\Jewel.Release.Oahu\JewelEarth\Core\JOA Jewel Suite\JewelExplorer.UnitTest\bin\Debug\Moq.dll</ModulePath>
      <ModuleName>Moq</ModuleName>
      <Classes />
    </Module>

    <Module skippedDueTo="MissingPdb" hash="BD-34-FB-78-FF-EB-03-07-90-A4-28-99-FB-F6-3E-B2-7B-48-82-1C">
      <ModulePath>c:\Development\Jewel.Release.Oahu\JewelEarth\Core\JOA Jewel Suite\joaJewelUtilities.UnitTest\bin\Debug\joaTouchEngine.dll</ModulePath>
      <ModuleName>joaTouchEngine</ModuleName>
      <Classes />
    </Module>
    
  </Modules>
</CoverageSession>