<?xml version="1.0" encoding="utf-8"?>
<CoverageSession xmlns:xsd="http://www.w3.org/2001/XMLSchema" xmlns:xsi="http://www.w3.org/2001/XMLSchema-instance">
  <Summary numSequencePoints="851" visitedSequencePoints="106" numBranchPoints="464" visitedBranchPoints="47" sequenceCoverage="12.46" branchCoverage="10.13" maxCyclomaticComplexity="12" minCyclomaticComplexity="1" />
  <Modules>
    <Module hash="70-A0-41-05-A4-8C-4E-86-AF-A0-94-4D-C7-03-F8-E2-00-F3-3E-C5">
      <Summary numSequencePoints="321" visitedSequencePoints="40" numBranchPoints="186" visitedBranchPoints="16" sequenceCoverage="12.46" branchCoverage="8.60" maxCyclomaticComplexity="12" minCyclomaticComplexity="1" />
      <FullName>C:\Development\Jewel.Release.Oahu\JewelEarth\Core\ThinClient\Common.UnitTest\bin\Debug\BHI.JewelEarth.ThinClient.Common.dll</FullName>
      <ModuleName>BHI.JewelEarth.ThinClient.Common</ModuleName>
      <Files>
        <File uid="1" fullPath="c:\Development\Jewel.Release.Oahu\JewelEarth\Core\ThinClient\Common\AsyncPassthroughStream.cs" />
        <File uid="2" fullPath="c:\Development\Jewel.Release.Oahu\JewelEarth\Core\ThinClient\Common\TypeHelper.cs" />
        <File uid="3" fullPath="c:\Development\Jewel.Release.Oahu\JewelEarth\Core\ThinClient\Common\GuidConverter.cs" />
        <File uid="4" fullPath="c:\Development\Jewel.Release.Oahu\JewelEarth\Core\ThinClient\Common\Expressions\ExpressionConvert.cs" />
        <File uid="8" fullPath="c:\Development\Jewel.Release.Oahu\JewelEarth\Core\ThinClient\Common\OperationServiceExtensions.cs" />
        <File uid="11" fullPath="c:\Development\Jewel.Release.Oahu\JewelEarth\Core\ThinClient\Common\SerializationHelper.cs" />
      </Files>
      <Classes>
        <Class>
          <Summary numSequencePoints="0" visitedSequencePoints="0" numBranchPoints="0" visitedBranchPoints="0" sequenceCoverage="0" branchCoverage="0" maxCyclomaticComplexity="0" minCyclomaticComplexity="0" />
          <FullName>&lt;Module&gt;</FullName>
          <Methods />
        </Class>
        <Class>
          <Summary numSequencePoints="71" visitedSequencePoints="0" numBranchPoints="30" visitedBranchPoints="0" sequenceCoverage="0" branchCoverage="0" maxCyclomaticComplexity="7" minCyclomaticComplexity="1" />
          <FullName>BHI.JewelEarth.ThinClient.Common.AsyncPassthroughStream</FullName>
          <Methods>
            <Method visited="false" cyclomaticComplexity="1" sequenceCoverage="0" branchCoverage="0" isConstructor="false" isStatic="false" isGetter="true" isSetter="false">
              <Summary numSequencePoints="3" visitedSequencePoints="0" numBranchPoints="1" visitedBranchPoints="0" sequenceCoverage="0" branchCoverage="0" maxCyclomaticComplexity="1" minCyclomaticComplexity="1" />
              <MetadataToken>100663298</MetadataToken>
              <Name>System.Boolean BHI.JewelEarth.ThinClient.Common.AsyncPassthroughStream::get_CanRead()</Name>
              <FileRef uid="1" />
              <SequencePoints>
                <SequencePoint vc="0" uspid="1" ordinal="0" offset="0" sl="71" sc="17" el="71" ec="18" />
                <SequencePoint vc="0" uspid="2" ordinal="1" offset="1" sl="71" sc="19" el="71" ec="31" />
                <SequencePoint vc="0" uspid="3" ordinal="2" offset="5" sl="71" sc="32" el="71" ec="33" />
              </SequencePoints>
              <BranchPoints />
              <MethodPoint xsi:type="SequencePoint" vc="0" uspid="1" ordinal="0" offset="0" sl="71" sc="17" el="71" ec="18" />
            </Method>
            <Method visited="false" cyclomaticComplexity="1" sequenceCoverage="0" branchCoverage="0" isConstructor="false" isStatic="false" isGetter="true" isSetter="false">
              <Summary numSequencePoints="3" visitedSequencePoints="0" numBranchPoints="1" visitedBranchPoints="0" sequenceCoverage="0" branchCoverage="0" maxCyclomaticComplexity="1" minCyclomaticComplexity="1" />
              <MetadataToken>100663299</MetadataToken>
              <Name>System.Boolean BHI.JewelEarth.ThinClient.Common.AsyncPassthroughStream::get_CanSeek()</Name>
              <FileRef uid="1" />
              <SequencePoints>
                <SequencePoint vc="0" uspid="4" ordinal="0" offset="0" sl="85" sc="17" el="85" ec="18" />
                <SequencePoint vc="0" uspid="5" ordinal="1" offset="1" sl="85" sc="19" el="85" ec="32" />
                <SequencePoint vc="0" uspid="6" ordinal="2" offset="5" sl="85" sc="33" el="85" ec="34" />
              </SequencePoints>
              <BranchPoints />
              <MethodPoint xsi:type="SequencePoint" vc="0" uspid="4" ordinal="0" offset="0" sl="85" sc="17" el="85" ec="18" />
            </Method>
            <Method visited="false" cyclomaticComplexity="1" sequenceCoverage="0" branchCoverage="0" isConstructor="false" isStatic="false" isGetter="true" isSetter="false">
              <Summary numSequencePoints="3" visitedSequencePoints="0" numBranchPoints="1" visitedBranchPoints="0" sequenceCoverage="0" branchCoverage="0" maxCyclomaticComplexity="1" minCyclomaticComplexity="1" />
              <MetadataToken>100663300</MetadataToken>
              <Name>System.Boolean BHI.JewelEarth.ThinClient.Common.AsyncPassthroughStream::get_CanWrite()</Name>
              <FileRef uid="1" />
              <SequencePoints>
                <SequencePoint vc="0" uspid="7" ordinal="0" offset="0" sl="99" sc="17" el="99" ec="18" />
                <SequencePoint vc="0" uspid="8" ordinal="1" offset="1" sl="99" sc="19" el="99" ec="31" />
                <SequencePoint vc="0" uspid="9" ordinal="2" offset="5" sl="99" sc="32" el="99" ec="33" />
              </SequencePoints>
              <BranchPoints />
              <MethodPoint xsi:type="SequencePoint" vc="0" uspid="7" ordinal="0" offset="0" sl="99" sc="17" el="99" ec="18" />
            </Method>
            <Method visited="false" cyclomaticComplexity="1" sequenceCoverage="0" branchCoverage="0" isConstructor="false" isStatic="false" isGetter="true" isSetter="false">
              <Summary numSequencePoints="2" visitedSequencePoints="0" numBranchPoints="1" visitedBranchPoints="0" sequenceCoverage="0" branchCoverage="0" maxCyclomaticComplexity="1" minCyclomaticComplexity="1" />
              <MetadataToken>100663301</MetadataToken>
              <Name>System.Int64 BHI.JewelEarth.ThinClient.Common.AsyncPassthroughStream::get_Length()</Name>
              <FileRef uid="1" />
              <SequencePoints>
                <SequencePoint vc="0" uspid="10" ordinal="0" offset="0" sl="116" sc="17" el="116" ec="18" />
                <SequencePoint vc="0" uspid="11" ordinal="1" offset="1" sl="116" sc="19" el="116" ec="53" />
              </SequencePoints>
              <BranchPoints />
              <MethodPoint xsi:type="SequencePoint" vc="0" uspid="10" ordinal="0" offset="0" sl="116" sc="17" el="116" ec="18" />
            </Method>
            <Method visited="false" cyclomaticComplexity="1" sequenceCoverage="0" branchCoverage="0" isConstructor="false" isStatic="false" isGetter="true" isSetter="false">
              <Summary numSequencePoints="2" visitedSequencePoints="0" numBranchPoints="1" visitedBranchPoints="0" sequenceCoverage="0" branchCoverage="0" maxCyclomaticComplexity="1" minCyclomaticComplexity="1" />
              <MetadataToken>100663302</MetadataToken>
              <Name>System.Int64 BHI.JewelEarth.ThinClient.Common.AsyncPassthroughStream::get_Position()</Name>
              <FileRef uid="1" />
              <SequencePoints>
                <SequencePoint vc="0" uspid="12" ordinal="0" offset="0" sl="134" sc="17" el="134" ec="18" />
                <SequencePoint vc="0" uspid="13" ordinal="1" offset="1" sl="134" sc="19" el="134" ec="53" />
              </SequencePoints>
              <BranchPoints />
              <MethodPoint xsi:type="SequencePoint" vc="0" uspid="12" ordinal="0" offset="0" sl="134" sc="17" el="134" ec="18" />
            </Method>
            <Method visited="false" cyclomaticComplexity="1" sequenceCoverage="0" branchCoverage="0" isConstructor="false" isStatic="false" isGetter="false" isSetter="true">
              <Summary numSequencePoints="2" visitedSequencePoints="0" numBranchPoints="1" visitedBranchPoints="0" sequenceCoverage="0" branchCoverage="0" maxCyclomaticComplexity="1" minCyclomaticComplexity="1" />
              <MetadataToken>100663303</MetadataToken>
              <Name>System.Void BHI.JewelEarth.ThinClient.Common.AsyncPassthroughStream::set_Position(System.Int64)</Name>
              <FileRef uid="1" />
              <SequencePoints>
                <SequencePoint vc="0" uspid="14" ordinal="0" offset="0" sl="135" sc="17" el="135" ec="18" />
                <SequencePoint vc="0" uspid="15" ordinal="1" offset="1" sl="135" sc="19" el="135" ec="53" />
              </SequencePoints>
              <BranchPoints />
              <MethodPoint xsi:type="SequencePoint" vc="0" uspid="14" ordinal="0" offset="0" sl="135" sc="17" el="135" ec="18" />
            </Method>
            <Method visited="false" cyclomaticComplexity="1" sequenceCoverage="0" branchCoverage="0" isConstructor="true" isStatic="false" isGetter="false" isSetter="false">
              <Summary numSequencePoints="7" visitedSequencePoints="0" numBranchPoints="1" visitedBranchPoints="0" sequenceCoverage="0" branchCoverage="0" maxCyclomaticComplexity="1" minCyclomaticComplexity="1" />
              <MetadataToken>100663297</MetadataToken>
              <Name>System.Void BHI.JewelEarth.ThinClient.Common.AsyncPassthroughStream::.ctor(System.Action`1&lt;System.IO.Stream&gt;)</Name>
              <FileRef uid="1" />
              <SequencePoints>
                <SequencePoint vc="0" uspid="16" ordinal="0" offset="0" sl="45" sc="9" el="45" ec="69" />
                <SequencePoint vc="0" uspid="17" ordinal="1" offset="16" sl="53" sc="9" el="53" ec="61" />
                <SequencePoint vc="0" uspid="18" ordinal="2" offset="23" sl="54" sc="9" el="54" ec="10" />
                <SequencePoint vc="0" uspid="19" ordinal="3" offset="24" sl="55" sc="13" el="55" ec="31" />
                <SequencePoint vc="0" uspid="20" ordinal="4" offset="31" sl="56" sc="13" el="56" ec="32" />
                <SequencePoint vc="0" uspid="21" ordinal="5" offset="40" sl="57" sc="13" el="57" ec="44" />
                <SequencePoint vc="0" uspid="22" ordinal="6" offset="63" sl="58" sc="9" el="58" ec="10" />
              </SequencePoints>
              <BranchPoints />
              <MethodPoint xsi:type="SequencePoint" vc="0" uspid="16" ordinal="0" offset="0" sl="45" sc="9" el="45" ec="69" />
            </Method>
            <Method visited="false" cyclomaticComplexity="1" sequenceCoverage="0" branchCoverage="0" isConstructor="false" isStatic="false" isGetter="false" isSetter="false">
              <Summary numSequencePoints="8" visitedSequencePoints="0" numBranchPoints="1" visitedBranchPoints="0" sequenceCoverage="0" branchCoverage="0" maxCyclomaticComplexity="1" minCyclomaticComplexity="1" />
              <MetadataToken>100663304</MetadataToken>
              <Name>System.Void BHI.JewelEarth.ThinClient.Common.AsyncPassthroughStream::Execute()</Name>
              <FileRef uid="1" />
              <SequencePoints>
                <SequencePoint vc="0" uspid="23" ordinal="0" offset="0" sl="139" sc="9" el="139" ec="10" />
                <SequencePoint vc="0" uspid="24" ordinal="1" offset="1" sl="141" sc="13" el="141" ec="14" />
                <SequencePoint vc="0" uspid="25" ordinal="2" offset="2" sl="142" sc="17" el="142" ec="32" />
                <SequencePoint vc="0" uspid="26" ordinal="3" offset="15" sl="143" sc="13" el="143" ec="14" />
                <SequencePoint vc="0" uspid="27" ordinal="4" offset="18" sl="145" sc="13" el="145" ec="14" />
                <SequencePoint vc="0" uspid="28" ordinal="5" offset="19" sl="146" sc="17" el="146" ec="37" />
                <SequencePoint vc="0" uspid="29" ordinal="6" offset="28" sl="147" sc="13" el="147" ec="14" />
                <SequencePoint vc="0" uspid="30" ordinal="7" offset="31" sl="148" sc="9" el="148" ec="10" />
              </SequencePoints>
              <BranchPoints />
              <MethodPoint xsi:type="SequencePoint" vc="0" uspid="23" ordinal="0" offset="0" sl="139" sc="9" el="139" ec="10" />
            </Method>
            <Method visited="false" cyclomaticComplexity="1" sequenceCoverage="0" branchCoverage="0" isConstructor="false" isStatic="false" isGetter="false" isSetter="false">
              <Summary numSequencePoints="2" visitedSequencePoints="0" numBranchPoints="1" visitedBranchPoints="0" sequenceCoverage="0" branchCoverage="0" maxCyclomaticComplexity="1" minCyclomaticComplexity="1" />
              <MetadataToken>100663305</MetadataToken>
              <Name>System.Void BHI.JewelEarth.ThinClient.Common.AsyncPassthroughStream::Flush()</Name>
              <FileRef uid="1" />
              <SequencePoints>
                <SequencePoint vc="0" uspid="31" ordinal="0" offset="0" sl="156" sc="9" el="156" ec="10" />
                <SequencePoint vc="0" uspid="32" ordinal="1" offset="1" sl="158" sc="9" el="158" ec="10" />
              </SequencePoints>
              <BranchPoints />
              <MethodPoint xsi:type="SequencePoint" vc="0" uspid="31" ordinal="0" offset="0" sl="156" sc="9" el="156" ec="10" />
            </Method>
            <Method visited="false" cyclomaticComplexity="1" sequenceCoverage="0" branchCoverage="0" isConstructor="false" isStatic="false" isGetter="false" isSetter="false">
              <Summary numSequencePoints="2" visitedSequencePoints="0" numBranchPoints="1" visitedBranchPoints="0" sequenceCoverage="0" branchCoverage="0" maxCyclomaticComplexity="1" minCyclomaticComplexity="1" />
              <MetadataToken>100663306</MetadataToken>
              <Name>System.Int64 BHI.JewelEarth.ThinClient.Common.AsyncPassthroughStream::Seek(System.Int64,System.IO.SeekOrigin)</Name>
              <FileRef uid="1" />
              <SequencePoints>
                <SequencePoint vc="0" uspid="33" ordinal="0" offset="0" sl="173" sc="9" el="173" ec="10" />
                <SequencePoint vc="0" uspid="34" ordinal="1" offset="1" sl="174" sc="13" el="174" ec="47" />
              </SequencePoints>
              <BranchPoints />
              <MethodPoint xsi:type="SequencePoint" vc="0" uspid="33" ordinal="0" offset="0" sl="173" sc="9" el="173" ec="10" />
            </Method>
            <Method visited="false" cyclomaticComplexity="1" sequenceCoverage="0" branchCoverage="0" isConstructor="false" isStatic="false" isGetter="false" isSetter="false">
              <Summary numSequencePoints="2" visitedSequencePoints="0" numBranchPoints="1" visitedBranchPoints="0" sequenceCoverage="0" branchCoverage="0" maxCyclomaticComplexity="1" minCyclomaticComplexity="1" />
              <MetadataToken>100663307</MetadataToken>
              <Name>System.Void BHI.JewelEarth.ThinClient.Common.AsyncPassthroughStream::SetLength(System.Int64)</Name>
              <FileRef uid="1" />
              <SequencePoints>
                <SequencePoint vc="0" uspid="35" ordinal="0" offset="0" sl="184" sc="9" el="184" ec="10" />
                <SequencePoint vc="0" uspid="36" ordinal="1" offset="1" sl="185" sc="13" el="185" ec="47" />
              </SequencePoints>
              <BranchPoints />
              <MethodPoint xsi:type="SequencePoint" vc="0" uspid="35" ordinal="0" offset="0" sl="184" sc="9" el="184" ec="10" />
            </Method>
            <Method visited="false" cyclomaticComplexity="7" sequenceCoverage="0" branchCoverage="0" isConstructor="false" isStatic="false" isGetter="false" isSetter="false">
              <Summary numSequencePoints="19" visitedSequencePoints="0" numBranchPoints="11" visitedBranchPoints="0" sequenceCoverage="0" branchCoverage="0" maxCyclomaticComplexity="7" minCyclomaticComplexity="7" />
              <MetadataToken>100663308</MetadataToken>
              <Name>System.Int32 BHI.JewelEarth.ThinClient.Common.AsyncPassthroughStream::Read(System.Byte[],System.Int32,System.Int32)</Name>
              <FileRef uid="1" />
              <SequencePoints>
                <SequencePoint vc="0" uspid="37" ordinal="0" offset="0" sl="202" sc="9" el="202" ec="10" />
                <SequencePoint vc="0" uspid="38" ordinal="1" offset="3" sl="204" sc="13" el="204" ec="14" />
                <SequencePoint vc="0" uspid="39" ordinal="2" offset="4" sl="205" sc="17" el="205" ec="33" />
                <SequencePoint vc="0" uspid="40" ordinal="3" offset="11" sl="206" sc="13" el="206" ec="14" />
                <SequencePoint vc="0" uspid="41" ordinal="4" offset="12" sl="203" sc="13" el="203" ec="58" />
                <SequencePoint vc="0" uspid="42" ordinal="5" offset="40" sl="208" sc="13" el="208" ec="24" />
                <SequencePoint vc="0" uspid="43" ordinal="6" offset="52" sl="209" sc="13" el="209" ec="14" />
                <SequencePoint vc="0" uspid="44" ordinal="7" offset="53" sl="210" sc="17" el="210" ec="66" />
                <SequencePoint vc="0" uspid="45" ordinal="8" offset="68" sl="211" sc="17" el="211" ec="35" />
                <SequencePoint vc="0" uspid="46" ordinal="9" offset="79" sl="212" sc="17" el="212" ec="18" />
                <SequencePoint vc="0" uspid="47" ordinal="10" offset="80" sl="213" sc="21" el="213" ec="78" />
                <SequencePoint vc="0" uspid="48" ordinal="11" offset="96" sl="214" sc="21" el="214" ec="50" />
                <SequencePoint vc="0" uspid="49" ordinal="12" offset="114" sl="215" sc="21" el="215" ec="45" />
                <SequencePoint vc="0" uspid="50" ordinal="13" offset="132" sl="216" sc="21" el="216" ec="22" />
                <SequencePoint vc="0" uspid="51" ordinal="14" offset="133" sl="217" sc="25" el="217" ec="93" />
                <SequencePoint vc="0" uspid="52" ordinal="15" offset="161" sl="218" sc="21" el="218" ec="22" />
                <SequencePoint vc="0" uspid="53" ordinal="16" offset="162" sl="219" sc="17" el="219" ec="18" />
                <SequencePoint vc="0" uspid="54" ordinal="17" offset="163" sl="220" sc="17" el="220" ec="34" />
                <SequencePoint vc="0" uspid="55" ordinal="18" offset="185" sl="222" sc="9" el="222" ec="10" />
              </SequencePoints>
              <BranchPoints>
                <BranchPoint vc="0" uspid="56" ordinal="0" offset="20" path="0" />
                <BranchPoint vc="0" uspid="57" ordinal="1" offset="20" path="1" />
                <BranchPoint vc="0" uspid="58" ordinal="2" offset="36" path="0" />
                <BranchPoint vc="0" uspid="59" ordinal="3" offset="36" path="1" />
                <BranchPoint vc="0" uspid="60" ordinal="4" offset="77" path="0" />
                <BranchPoint vc="0" uspid="61" ordinal="5" offset="77" path="1" />
                <BranchPoint vc="0" uspid="62" ordinal="6" offset="130" path="0" />
                <BranchPoint vc="0" uspid="63" ordinal="7" offset="130" path="1" />
                <BranchPoint vc="0" uspid="64" ordinal="8" offset="173" path="0" />
                <BranchPoint vc="0" uspid="65" ordinal="9" offset="173" path="1" />
              </BranchPoints>
              <MethodPoint xsi:type="SequencePoint" vc="0" uspid="37" ordinal="0" offset="0" sl="202" sc="9" el="202" ec="10" />
            </Method>
            <Method visited="false" cyclomaticComplexity="4" sequenceCoverage="0" branchCoverage="0" isConstructor="false" isStatic="false" isGetter="false" isSetter="false">
              <Summary numSequencePoints="15" visitedSequencePoints="0" numBranchPoints="7" visitedBranchPoints="0" sequenceCoverage="0" branchCoverage="0" maxCyclomaticComplexity="4" minCyclomaticComplexity="4" />
              <MetadataToken>100663309</MetadataToken>
              <Name>System.Void BHI.JewelEarth.ThinClient.Common.AsyncPassthroughStream::Write(System.Byte[],System.Int32,System.Int32)</Name>
              <FileRef uid="1" />
              <SequencePoints>
                <SequencePoint vc="0" uspid="66" ordinal="0" offset="0" sl="238" sc="9" el="238" ec="10" />
                <SequencePoint vc="0" uspid="67" ordinal="1" offset="1" sl="239" sc="13" el="239" ec="40" />
                <SequencePoint vc="0" uspid="68" ordinal="2" offset="16" sl="240" sc="13" el="240" ec="14" />
                <SequencePoint vc="0" uspid="69" ordinal="3" offset="17" sl="241" sc="17" el="241" ec="109" />
                <SequencePoint vc="0" uspid="70" ordinal="4" offset="38" sl="242" sc="17" el="242" ec="73" />
                <SequencePoint vc="0" uspid="71" ordinal="5" offset="52" sl="246" sc="13" el="246" ec="14" />
                <SequencePoint vc="0" uspid="72" ordinal="6" offset="53" sl="247" sc="17" el="247" ec="33" />
                <SequencePoint vc="0" uspid="73" ordinal="7" offset="60" sl="248" sc="13" el="248" ec="14" />
                <SequencePoint vc="0" uspid="74" ordinal="8" offset="61" sl="245" sc="13" el="245" ec="61" />
                <SequencePoint vc="0" uspid="75" ordinal="9" offset="84" sl="250" sc="13" el="250" ec="24" />
                <SequencePoint vc="0" uspid="76" ordinal="10" offset="95" sl="251" sc="13" el="251" ec="14" />
                <SequencePoint vc="0" uspid="77" ordinal="11" offset="96" sl="252" sc="17" el="252" ec="84" />
                <SequencePoint vc="0" uspid="78" ordinal="12" offset="119" sl="253" sc="17" el="253" ec="42" />
                <SequencePoint vc="0" uspid="79" ordinal="13" offset="137" sl="254" sc="13" el="254" ec="14" />
                <SequencePoint vc="0" uspid="80" ordinal="14" offset="157" sl="255" sc="9" el="255" ec="10" />
              </SequencePoints>
              <BranchPoints>
                <BranchPoint vc="0" uspid="81" ordinal="0" offset="14" path="0" />
                <BranchPoint vc="0" uspid="82" ordinal="1" offset="14" path="1" />
                <BranchPoint vc="0" uspid="83" ordinal="2" offset="80" path="0" />
                <BranchPoint vc="0" uspid="84" ordinal="3" offset="80" path="1" />
                <BranchPoint vc="0" uspid="85" ordinal="4" offset="146" path="0" />
                <BranchPoint vc="0" uspid="86" ordinal="5" offset="146" path="1" />
              </BranchPoints>
              <MethodPoint xsi:type="SequencePoint" vc="0" uspid="66" ordinal="0" offset="0" sl="238" sc="9" el="238" ec="10" />
            </Method>
            <Method visited="false" cyclomaticComplexity="1" sequenceCoverage="0" branchCoverage="0" isConstructor="true" isStatic="true" isGetter="false" isSetter="false">
              <Summary numSequencePoints="1" visitedSequencePoints="0" numBranchPoints="1" visitedBranchPoints="0" sequenceCoverage="0" branchCoverage="0" maxCyclomaticComplexity="1" minCyclomaticComplexity="1" />
              <MetadataToken>100663310</MetadataToken>
              <Name>System.Void BHI.JewelEarth.ThinClient.Common.AsyncPassthroughStream::.cctor()</Name>
              <FileRef uid="1" />
              <SequencePoints>
                <SequencePoint vc="0" uspid="87" ordinal="0" offset="0" sl="43" sc="9" el="43" ec="61" />
              </SequencePoints>
              <BranchPoints />
              <MethodPoint xsi:type="SequencePoint" vc="0" uspid="87" ordinal="0" offset="0" sl="43" sc="9" el="43" ec="61" />
            </Method>
          </Methods>
        </Class>
        <Class>
          <Summary numSequencePoints="0" visitedSequencePoints="0" numBranchPoints="0" visitedBranchPoints="0" sequenceCoverage="0" branchCoverage="0" maxCyclomaticComplexity="0" minCyclomaticComplexity="0" />
          <FullName>BHI.JewelEarth.ThinClient.Common.Commands.Context</FullName>
          <Methods />
        </Class>
        <Class>
          <Summary numSequencePoints="0" visitedSequencePoints="0" numBranchPoints="0" visitedBranchPoints="0" sequenceCoverage="0" branchCoverage="0" maxCyclomaticComplexity="1" minCyclomaticComplexity="1" />
          <FullName>BHI.JewelEarth.ThinClient.Common.Commands.Context/DequeueOperations</FullName>
          <Methods>
            <Method visited="false" cyclomaticComplexity="1" sequenceCoverage="0" branchCoverage="0" isConstructor="false" isStatic="false" isGetter="true" isSetter="false">
              <Summary numSequencePoints="0" visitedSequencePoints="0" numBranchPoints="0" visitedBranchPoints="0" sequenceCoverage="0" branchCoverage="0" maxCyclomaticComplexity="1" minCyclomaticComplexity="1" />
              <MetadataToken>100663311</MetadataToken>
              <Name>System.Guid BHI.JewelEarth.ThinClient.Common.Commands.Context/DequeueOperations::get_ContextId()</Name>
              <SequencePoints />
              <BranchPoints />
              <MethodPoint vc="0" uspid="88" ordinal="0" offset="0" />
            </Method>
            <Method visited="false" cyclomaticComplexity="1" sequenceCoverage="0" branchCoverage="0" isConstructor="false" isStatic="false" isGetter="false" isSetter="true">
              <Summary numSequencePoints="0" visitedSequencePoints="0" numBranchPoints="0" visitedBranchPoints="0" sequenceCoverage="0" branchCoverage="0" maxCyclomaticComplexity="1" minCyclomaticComplexity="1" />
              <MetadataToken>100663312</MetadataToken>
              <Name>System.Void BHI.JewelEarth.ThinClient.Common.Commands.Context/DequeueOperations::set_ContextId(System.Guid)</Name>
              <SequencePoints />
              <BranchPoints />
              <MethodPoint vc="0" uspid="89" ordinal="0" offset="0" />
            </Method>
            <Method visited="false" cyclomaticComplexity="1" sequenceCoverage="0" branchCoverage="0" isConstructor="true" isStatic="false" isGetter="false" isSetter="false">
              <Summary numSequencePoints="0" visitedSequencePoints="0" numBranchPoints="0" visitedBranchPoints="0" sequenceCoverage="0" branchCoverage="0" maxCyclomaticComplexity="1" minCyclomaticComplexity="1" />
              <MetadataToken>100663313</MetadataToken>
              <Name>System.Void BHI.JewelEarth.ThinClient.Common.Commands.Context/DequeueOperations::.ctor()</Name>
              <SequencePoints />
              <BranchPoints />
              <MethodPoint vc="0" uspid="90" ordinal="0" offset="0" />
            </Method>
          </Methods>
        </Class>
        <Class>
          <Summary numSequencePoints="0" visitedSequencePoints="0" numBranchPoints="0" visitedBranchPoints="0" sequenceCoverage="0" branchCoverage="0" maxCyclomaticComplexity="1" minCyclomaticComplexity="1" />
          <FullName>BHI.JewelEarth.ThinClient.Common.Commands.Context/ExecuteOperation</FullName>
          <Methods>
            <Method visited="false" cyclomaticComplexity="1" sequenceCoverage="0" branchCoverage="0" isConstructor="false" isStatic="false" isGetter="true" isSetter="false">
              <Summary numSequencePoints="0" visitedSequencePoints="0" numBranchPoints="0" visitedBranchPoints="0" sequenceCoverage="0" branchCoverage="0" maxCyclomaticComplexity="1" minCyclomaticComplexity="1" />
              <MetadataToken>100663314</MetadataToken>
              <Name>System.Guid BHI.JewelEarth.ThinClient.Common.Commands.Context/ExecuteOperation::get_ContextId()</Name>
              <SequencePoints />
              <BranchPoints />
              <MethodPoint vc="0" uspid="91" ordinal="0" offset="0" />
            </Method>
            <Method visited="false" cyclomaticComplexity="1" sequenceCoverage="0" branchCoverage="0" isConstructor="false" isStatic="false" isGetter="false" isSetter="true">
              <Summary numSequencePoints="0" visitedSequencePoints="0" numBranchPoints="0" visitedBranchPoints="0" sequenceCoverage="0" branchCoverage="0" maxCyclomaticComplexity="1" minCyclomaticComplexity="1" />
              <MetadataToken>100663315</MetadataToken>
              <Name>System.Void BHI.JewelEarth.ThinClient.Common.Commands.Context/ExecuteOperation::set_ContextId(System.Guid)</Name>
              <SequencePoints />
              <BranchPoints />
              <MethodPoint vc="0" uspid="92" ordinal="0" offset="0" />
            </Method>
            <Method visited="false" cyclomaticComplexity="1" sequenceCoverage="0" branchCoverage="0" isConstructor="false" isStatic="false" isGetter="true" isSetter="false">
              <Summary numSequencePoints="0" visitedSequencePoints="0" numBranchPoints="0" visitedBranchPoints="0" sequenceCoverage="0" branchCoverage="0" maxCyclomaticComplexity="1" minCyclomaticComplexity="1" />
              <MetadataToken>100663316</MetadataToken>
              <Name>System.Object BHI.JewelEarth.ThinClient.Common.Commands.Context/ExecuteOperation::get_Operation()</Name>
              <SequencePoints />
              <BranchPoints />
              <MethodPoint vc="0" uspid="93" ordinal="0" offset="0" />
            </Method>
            <Method visited="false" cyclomaticComplexity="1" sequenceCoverage="0" branchCoverage="0" isConstructor="false" isStatic="false" isGetter="false" isSetter="true">
              <Summary numSequencePoints="0" visitedSequencePoints="0" numBranchPoints="0" visitedBranchPoints="0" sequenceCoverage="0" branchCoverage="0" maxCyclomaticComplexity="1" minCyclomaticComplexity="1" />
              <MetadataToken>100663317</MetadataToken>
              <Name>System.Void BHI.JewelEarth.ThinClient.Common.Commands.Context/ExecuteOperation::set_Operation(System.Object)</Name>
              <SequencePoints />
              <BranchPoints />
              <MethodPoint vc="0" uspid="94" ordinal="0" offset="0" />
            </Method>
            <Method visited="false" cyclomaticComplexity="1" sequenceCoverage="0" branchCoverage="0" isConstructor="true" isStatic="false" isGetter="false" isSetter="false">
              <Summary numSequencePoints="0" visitedSequencePoints="0" numBranchPoints="0" visitedBranchPoints="0" sequenceCoverage="0" branchCoverage="0" maxCyclomaticComplexity="1" minCyclomaticComplexity="1" />
              <MetadataToken>100663318</MetadataToken>
              <Name>System.Void BHI.JewelEarth.ThinClient.Common.Commands.Context/ExecuteOperation::.ctor()</Name>
              <SequencePoints />
              <BranchPoints />
              <MethodPoint vc="0" uspid="95" ordinal="0" offset="0" />
            </Method>
          </Methods>
        </Class>
        <Class>
          <Summary numSequencePoints="0" visitedSequencePoints="0" numBranchPoints="0" visitedBranchPoints="0" sequenceCoverage="0" branchCoverage="0" maxCyclomaticComplexity="1" minCyclomaticComplexity="1" />
          <FullName>BHI.JewelEarth.ThinClient.Common.Commands.Query</FullName>
          <Methods>
            <Method visited="false" cyclomaticComplexity="1" sequenceCoverage="0" branchCoverage="0" isConstructor="false" isStatic="false" isGetter="true" isSetter="false">
              <Summary numSequencePoints="0" visitedSequencePoints="0" numBranchPoints="0" visitedBranchPoints="0" sequenceCoverage="0" branchCoverage="0" maxCyclomaticComplexity="1" minCyclomaticComplexity="1" />
              <MetadataToken>100663319</MetadataToken>
              <Name>System.String BHI.JewelEarth.ThinClient.Common.Commands.Query::get_QueryContexTypeName()</Name>
              <SequencePoints />
              <BranchPoints />
              <MethodPoint vc="0" uspid="96" ordinal="0" offset="0" />
            </Method>
            <Method visited="false" cyclomaticComplexity="1" sequenceCoverage="0" branchCoverage="0" isConstructor="false" isStatic="false" isGetter="false" isSetter="true">
              <Summary numSequencePoints="0" visitedSequencePoints="0" numBranchPoints="0" visitedBranchPoints="0" sequenceCoverage="0" branchCoverage="0" maxCyclomaticComplexity="1" minCyclomaticComplexity="1" />
              <MetadataToken>100663320</MetadataToken>
              <Name>System.Void BHI.JewelEarth.ThinClient.Common.Commands.Query::set_QueryContexTypeName(System.String)</Name>
              <SequencePoints />
              <BranchPoints />
              <MethodPoint vc="0" uspid="97" ordinal="0" offset="0" />
            </Method>
            <Method visited="false" cyclomaticComplexity="1" sequenceCoverage="0" branchCoverage="0" isConstructor="false" isStatic="false" isGetter="true" isSetter="false">
              <Summary numSequencePoints="0" visitedSequencePoints="0" numBranchPoints="0" visitedBranchPoints="0" sequenceCoverage="0" branchCoverage="0" maxCyclomaticComplexity="1" minCyclomaticComplexity="1" />
              <MetadataToken>100663321</MetadataToken>
              <Name>System.String BHI.JewelEarth.ThinClient.Common.Commands.Query::get_MethodName()</Name>
              <SequencePoints />
              <BranchPoints />
              <MethodPoint vc="0" uspid="98" ordinal="0" offset="0" />
            </Method>
            <Method visited="false" cyclomaticComplexity="1" sequenceCoverage="0" branchCoverage="0" isConstructor="false" isStatic="false" isGetter="false" isSetter="true">
              <Summary numSequencePoints="0" visitedSequencePoints="0" numBranchPoints="0" visitedBranchPoints="0" sequenceCoverage="0" branchCoverage="0" maxCyclomaticComplexity="1" minCyclomaticComplexity="1" />
              <MetadataToken>100663322</MetadataToken>
              <Name>System.Void BHI.JewelEarth.ThinClient.Common.Commands.Query::set_MethodName(System.String)</Name>
              <SequencePoints />
              <BranchPoints />
              <MethodPoint vc="0" uspid="99" ordinal="0" offset="0" />
            </Method>
            <Method visited="false" cyclomaticComplexity="1" sequenceCoverage="0" branchCoverage="0" isConstructor="false" isStatic="false" isGetter="true" isSetter="false">
              <Summary numSequencePoints="0" visitedSequencePoints="0" numBranchPoints="0" visitedBranchPoints="0" sequenceCoverage="0" branchCoverage="0" maxCyclomaticComplexity="1" minCyclomaticComplexity="1" />
              <MetadataToken>100663323</MetadataToken>
              <Name>System.Object[] BHI.JewelEarth.ThinClient.Common.Commands.Query::get_Arguments()</Name>
              <SequencePoints />
              <BranchPoints />
              <MethodPoint vc="0" uspid="100" ordinal="0" offset="0" />
            </Method>
            <Method visited="false" cyclomaticComplexity="1" sequenceCoverage="0" branchCoverage="0" isConstructor="false" isStatic="false" isGetter="false" isSetter="true">
              <Summary numSequencePoints="0" visitedSequencePoints="0" numBranchPoints="0" visitedBranchPoints="0" sequenceCoverage="0" branchCoverage="0" maxCyclomaticComplexity="1" minCyclomaticComplexity="1" />
              <MetadataToken>100663324</MetadataToken>
              <Name>System.Void BHI.JewelEarth.ThinClient.Common.Commands.Query::set_Arguments(System.Object[])</Name>
              <SequencePoints />
              <BranchPoints />
              <MethodPoint vc="0" uspid="101" ordinal="0" offset="0" />
            </Method>
            <Method visited="false" cyclomaticComplexity="1" sequenceCoverage="0" branchCoverage="0" isConstructor="true" isStatic="false" isGetter="false" isSetter="false">
              <Summary numSequencePoints="0" visitedSequencePoints="0" numBranchPoints="0" visitedBranchPoints="0" sequenceCoverage="0" branchCoverage="0" maxCyclomaticComplexity="1" minCyclomaticComplexity="1" />
              <MetadataToken>100663325</MetadataToken>
              <Name>System.Void BHI.JewelEarth.ThinClient.Common.Commands.Query::.ctor()</Name>
              <SequencePoints />
              <BranchPoints />
              <MethodPoint vc="0" uspid="102" ordinal="0" offset="0" />
            </Method>
          </Methods>
        </Class>
        <Class>
          <Summary numSequencePoints="5" visitedSequencePoints="0" numBranchPoints="1" visitedBranchPoints="0" sequenceCoverage="0" branchCoverage="0" maxCyclomaticComplexity="1" minCyclomaticComplexity="1" />
          <FullName>BHI.JewelEarth.ThinClient.Common.TypeHelper</FullName>
          <Methods>
            <Method visited="false" cyclomaticComplexity="1" sequenceCoverage="0" branchCoverage="0" isConstructor="false" isStatic="true" isGetter="false" isSetter="false">
              <Summary numSequencePoints="5" visitedSequencePoints="0" numBranchPoints="1" visitedBranchPoints="0" sequenceCoverage="0" branchCoverage="0" maxCyclomaticComplexity="1" minCyclomaticComplexity="1" />
              <MetadataToken>100663326</MetadataToken>
              <Name>System.String BHI.JewelEarth.ThinClient.Common.TypeHelper::GetPartialAssemblyQualifiedName(System.Type)</Name>
              <FileRef uid="2" />
              <SequencePoints>
                <SequencePoint vc="0" uspid="103" ordinal="0" offset="0" sl="42" sc="9" el="42" ec="10" />
                <SequencePoint vc="0" uspid="104" ordinal="1" offset="1" sl="43" sc="13" el="43" ec="64" />
                <SequencePoint vc="0" uspid="105" ordinal="2" offset="18" sl="44" sc="13" el="44" ec="84" />
                <SequencePoint vc="0" uspid="106" ordinal="3" offset="36" sl="45" sc="13" el="45" ec="27" />
                <SequencePoint vc="0" uspid="107" ordinal="4" offset="40" sl="46" sc="9" el="46" ec="10" />
              </SequencePoints>
              <BranchPoints />
              <MethodPoint xsi:type="SequencePoint" vc="0" uspid="103" ordinal="0" offset="0" sl="42" sc="9" el="42" ec="10" />
            </Method>
          </Methods>
        </Class>
        <Class>
          <Summary numSequencePoints="13" visitedSequencePoints="11" numBranchPoints="11" visitedBranchPoints="6" sequenceCoverage="84.62" branchCoverage="54.55" maxCyclomaticComplexity="5" minCyclomaticComplexity="1" />
          <FullName>BHI.JewelEarth.ThinClient.Common.GuidConverter</FullName>
          <Methods>
            <Method visited="true" cyclomaticComplexity="1" sequenceCoverage="100" branchCoverage="100" isConstructor="false" isStatic="false" isGetter="false" isSetter="false">
              <Summary numSequencePoints="3" visitedSequencePoints="3" numBranchPoints="1" visitedBranchPoints="1" sequenceCoverage="100" branchCoverage="100" maxCyclomaticComplexity="1" minCyclomaticComplexity="1" />
              <MetadataToken>100663327</MetadataToken>
              <Name>System.Boolean BHI.JewelEarth.ThinClient.Common.GuidConverter::CanConvert(System.Type)</Name>
              <FileRef uid="3" />
              <SequencePoints>
                <SequencePoint vc="3" uspid="108" ordinal="0" offset="0" sl="38" sc="9" el="38" ec="10" />
                <SequencePoint vc="3" uspid="109" ordinal="1" offset="1" sl="39" sc="13" el="39" ec="48" />
                <SequencePoint vc="3" uspid="110" ordinal="2" offset="20" sl="40" sc="9" el="40" ec="10" />
              </SequencePoints>
              <BranchPoints />
              <MethodPoint xsi:type="SequencePoint" vc="3" uspid="108" ordinal="0" offset="0" sl="38" sc="9" el="38" ec="10" />
            </Method>
            <Method visited="true" cyclomaticComplexity="2" sequenceCoverage="100" branchCoverage="66.67" isConstructor="false" isStatic="false" isGetter="false" isSetter="false">
              <Summary numSequencePoints="3" visitedSequencePoints="3" numBranchPoints="3" visitedBranchPoints="2" sequenceCoverage="100" branchCoverage="66.67" maxCyclomaticComplexity="2" minCyclomaticComplexity="2" />
              <MetadataToken>100663328</MetadataToken>
              <Name>System.Void BHI.JewelEarth.ThinClient.Common.GuidConverter::WriteJson(Newtonsoft.Json.JsonWriter,System.Object,Newtonsoft.Json.JsonSerializer)</Name>
              <FileRef uid="3" />
              <SequencePoints>
                <SequencePoint vc="1" uspid="111" ordinal="0" offset="0" sl="44" sc="9" el="44" ec="10" />
                <SequencePoint vc="1" uspid="112" ordinal="1" offset="1" sl="45" sc="13" el="45" ec="103" />
                <SequencePoint vc="1" uspid="113" ordinal="2" offset="57" sl="46" sc="9" el="46" ec="10" />
              </SequencePoints>
              <BranchPoints>
                <BranchPoint vc="1" uspid="114" ordinal="0" offset="22" path="0" />
                <BranchPoint vc="0" uspid="115" ordinal="1" offset="22" path="1" />
              </BranchPoints>
              <MethodPoint xsi:type="SequencePoint" vc="1" uspid="111" ordinal="0" offset="0" sl="44" sc="9" el="44" ec="10" />
            </Method>
            <Method visited="true" cyclomaticComplexity="5" sequenceCoverage="71.43" branchCoverage="42.86" isConstructor="false" isStatic="false" isGetter="false" isSetter="false">
              <Summary numSequencePoints="7" visitedSequencePoints="5" numBranchPoints="7" visitedBranchPoints="3" sequenceCoverage="71.43" branchCoverage="42.86" maxCyclomaticComplexity="5" minCyclomaticComplexity="5" />
              <MetadataToken>100663329</MetadataToken>
              <Name>System.Object BHI.JewelEarth.ThinClient.Common.GuidConverter::ReadJson(Newtonsoft.Json.JsonReader,System.Type,System.Object,Newtonsoft.Json.JsonSerializer)</Name>
              <FileRef uid="3" />
              <SequencePoints>
                <SequencePoint vc="1" uspid="116" ordinal="0" offset="0" sl="49" sc="9" el="49" ec="10" />
                <SequencePoint vc="1" uspid="117" ordinal="1" offset="1" sl="50" sc="13" el="50" ec="38" />
                <SequencePoint vc="0" uspid="118" ordinal="2" offset="31" sl="53" sc="21" el="53" ec="39" />
                <SequencePoint vc="1" uspid="119" ordinal="3" offset="44" sl="55" sc="21" el="55" ec="56" />
                <SequencePoint vc="1" uspid="120" ordinal="4" offset="56" sl="56" sc="21" el="56" ec="81" />
                <SequencePoint vc="0" uspid="121" ordinal="5" offset="86" sl="58" sc="21" el="58" ec="71" />
                <SequencePoint vc="1" uspid="122" ordinal="6" offset="97" sl="60" sc="9" el="60" ec="10" />
              </SequencePoints>
              <BranchPoints>
                <BranchPoint vc="0" uspid="123" ordinal="0" offset="12" path="0" />
                <BranchPoint vc="1" uspid="124" ordinal="1" offset="12" path="1" />
                <BranchPoint vc="0" uspid="125" ordinal="2" offset="12" path="2" />
                <BranchPoint vc="0" uspid="126" ordinal="3" offset="12" path="3" />
                <BranchPoint vc="1" uspid="127" ordinal="4" offset="62" path="0" />
                <BranchPoint vc="0" uspid="128" ordinal="5" offset="62" path="1" />
              </BranchPoints>
              <MethodPoint xsi:type="SequencePoint" vc="1" uspid="116" ordinal="0" offset="0" sl="49" sc="9" el="49" ec="10" />
            </Method>
            <Method visited="true" cyclomaticComplexity="1" sequenceCoverage="0" branchCoverage="0" isConstructor="true" isStatic="false" isGetter="false" isSetter="false">
              <Summary numSequencePoints="0" visitedSequencePoints="0" numBranchPoints="0" visitedBranchPoints="0" sequenceCoverage="0" branchCoverage="0" maxCyclomaticComplexity="1" minCyclomaticComplexity="1" />
              <MetadataToken>100663330</MetadataToken>
              <Name>System.Void BHI.JewelEarth.ThinClient.Common.GuidConverter::.ctor()</Name>
              <SequencePoints />
              <BranchPoints />
              <MethodPoint vc="2" uspid="129" ordinal="0" offset="0" />
            </Method>
          </Methods>
        </Class>
        <Class>
          <Summary numSequencePoints="0" visitedSequencePoints="0" numBranchPoints="0" visitedBranchPoints="0" sequenceCoverage="0" branchCoverage="0" maxCyclomaticComplexity="1" minCyclomaticComplexity="1" />
          <FullName>BHI.JewelEarth.ThinClient.Common.Expressions.Binary</FullName>
          <Methods>
            <Method visited="false" cyclomaticComplexity="1" sequenceCoverage="0" branchCoverage="0" isConstructor="false" isStatic="false" isGetter="true" isSetter="false">
              <Summary numSequencePoints="0" visitedSequencePoints="0" numBranchPoints="0" visitedBranchPoints="0" sequenceCoverage="0" branchCoverage="0" maxCyclomaticComplexity="1" minCyclomaticComplexity="1" />
              <MetadataToken>100663332</MetadataToken>
              <Name>System.Linq.Expressions.ExpressionType BHI.JewelEarth.ThinClient.Common.Expressions.Binary::get_NodeType()</Name>
              <SequencePoints />
              <BranchPoints />
              <MethodPoint vc="0" uspid="130" ordinal="0" offset="0" />
            </Method>
            <Method visited="false" cyclomaticComplexity="1" sequenceCoverage="0" branchCoverage="0" isConstructor="false" isStatic="false" isGetter="false" isSetter="true">
              <Summary numSequencePoints="0" visitedSequencePoints="0" numBranchPoints="0" visitedBranchPoints="0" sequenceCoverage="0" branchCoverage="0" maxCyclomaticComplexity="1" minCyclomaticComplexity="1" />
              <MetadataToken>100663333</MetadataToken>
              <Name>System.Void BHI.JewelEarth.ThinClient.Common.Expressions.Binary::set_NodeType(System.Linq.Expressions.ExpressionType)</Name>
              <SequencePoints />
              <BranchPoints />
              <MethodPoint vc="0" uspid="131" ordinal="0" offset="0" />
            </Method>
            <Method visited="false" cyclomaticComplexity="1" sequenceCoverage="0" branchCoverage="0" isConstructor="false" isStatic="false" isGetter="true" isSetter="false">
              <Summary numSequencePoints="0" visitedSequencePoints="0" numBranchPoints="0" visitedBranchPoints="0" sequenceCoverage="0" branchCoverage="0" maxCyclomaticComplexity="1" minCyclomaticComplexity="1" />
              <MetadataToken>100663334</MetadataToken>
              <Name>BHI.JewelEarth.ThinClient.Common.Expressions.IExpression BHI.JewelEarth.ThinClient.Common.Expressions.Binary::get_Left()</Name>
              <SequencePoints />
              <BranchPoints />
              <MethodPoint vc="0" uspid="132" ordinal="0" offset="0" />
            </Method>
            <Method visited="false" cyclomaticComplexity="1" sequenceCoverage="0" branchCoverage="0" isConstructor="false" isStatic="false" isGetter="false" isSetter="true">
              <Summary numSequencePoints="0" visitedSequencePoints="0" numBranchPoints="0" visitedBranchPoints="0" sequenceCoverage="0" branchCoverage="0" maxCyclomaticComplexity="1" minCyclomaticComplexity="1" />
              <MetadataToken>100663335</MetadataToken>
              <Name>System.Void BHI.JewelEarth.ThinClient.Common.Expressions.Binary::set_Left(BHI.JewelEarth.ThinClient.Common.Expressions.IExpression)</Name>
              <SequencePoints />
              <BranchPoints />
              <MethodPoint vc="0" uspid="133" ordinal="0" offset="0" />
            </Method>
            <Method visited="false" cyclomaticComplexity="1" sequenceCoverage="0" branchCoverage="0" isConstructor="false" isStatic="false" isGetter="true" isSetter="false">
              <Summary numSequencePoints="0" visitedSequencePoints="0" numBranchPoints="0" visitedBranchPoints="0" sequenceCoverage="0" branchCoverage="0" maxCyclomaticComplexity="1" minCyclomaticComplexity="1" />
              <MetadataToken>100663336</MetadataToken>
              <Name>BHI.JewelEarth.ThinClient.Common.Expressions.IExpression BHI.JewelEarth.ThinClient.Common.Expressions.Binary::get_Right()</Name>
              <SequencePoints />
              <BranchPoints />
              <MethodPoint vc="0" uspid="134" ordinal="0" offset="0" />
            </Method>
            <Method visited="false" cyclomaticComplexity="1" sequenceCoverage="0" branchCoverage="0" isConstructor="false" isStatic="false" isGetter="false" isSetter="true">
              <Summary numSequencePoints="0" visitedSequencePoints="0" numBranchPoints="0" visitedBranchPoints="0" sequenceCoverage="0" branchCoverage="0" maxCyclomaticComplexity="1" minCyclomaticComplexity="1" />
              <MetadataToken>100663337</MetadataToken>
              <Name>System.Void BHI.JewelEarth.ThinClient.Common.Expressions.Binary::set_Right(BHI.JewelEarth.ThinClient.Common.Expressions.IExpression)</Name>
              <SequencePoints />
              <BranchPoints />
              <MethodPoint vc="0" uspid="135" ordinal="0" offset="0" />
            </Method>
            <Method visited="false" cyclomaticComplexity="1" sequenceCoverage="0" branchCoverage="0" isConstructor="true" isStatic="false" isGetter="false" isSetter="false">
              <Summary numSequencePoints="0" visitedSequencePoints="0" numBranchPoints="0" visitedBranchPoints="0" sequenceCoverage="0" branchCoverage="0" maxCyclomaticComplexity="1" minCyclomaticComplexity="1" />
              <MetadataToken>100663338</MetadataToken>
              <Name>System.Void BHI.JewelEarth.ThinClient.Common.Expressions.Binary::.ctor()</Name>
              <SequencePoints />
              <BranchPoints />
              <MethodPoint vc="0" uspid="136" ordinal="0" offset="0" />
            </Method>
          </Methods>
        </Class>
        <Class>
          <Summary numSequencePoints="0" visitedSequencePoints="0" numBranchPoints="0" visitedBranchPoints="0" sequenceCoverage="0" branchCoverage="0" maxCyclomaticComplexity="1" minCyclomaticComplexity="1" />
          <FullName>BHI.JewelEarth.ThinClient.Common.Expressions.Constant</FullName>
          <Methods>
            <Method visited="false" cyclomaticComplexity="1" sequenceCoverage="0" branchCoverage="0" isConstructor="false" isStatic="false" isGetter="true" isSetter="false">
              <Summary numSequencePoints="0" visitedSequencePoints="0" numBranchPoints="0" visitedBranchPoints="0" sequenceCoverage="0" branchCoverage="0" maxCyclomaticComplexity="1" minCyclomaticComplexity="1" />
              <MetadataToken>100663339</MetadataToken>
              <Name>System.Object BHI.JewelEarth.ThinClient.Common.Expressions.Constant::get_Value()</Name>
              <SequencePoints />
              <BranchPoints />
              <MethodPoint vc="0" uspid="137" ordinal="0" offset="0" />
            </Method>
            <Method visited="false" cyclomaticComplexity="1" sequenceCoverage="0" branchCoverage="0" isConstructor="false" isStatic="false" isGetter="false" isSetter="true">
              <Summary numSequencePoints="0" visitedSequencePoints="0" numBranchPoints="0" visitedBranchPoints="0" sequenceCoverage="0" branchCoverage="0" maxCyclomaticComplexity="1" minCyclomaticComplexity="1" />
              <MetadataToken>100663340</MetadataToken>
              <Name>System.Void BHI.JewelEarth.ThinClient.Common.Expressions.Constant::set_Value(System.Object)</Name>
              <SequencePoints />
              <BranchPoints />
              <MethodPoint vc="0" uspid="138" ordinal="0" offset="0" />
            </Method>
            <Method visited="false" cyclomaticComplexity="1" sequenceCoverage="0" branchCoverage="0" isConstructor="true" isStatic="false" isGetter="false" isSetter="false">
              <Summary numSequencePoints="0" visitedSequencePoints="0" numBranchPoints="0" visitedBranchPoints="0" sequenceCoverage="0" branchCoverage="0" maxCyclomaticComplexity="1" minCyclomaticComplexity="1" />
              <MetadataToken>100663341</MetadataToken>
              <Name>System.Void BHI.JewelEarth.ThinClient.Common.Expressions.Constant::.ctor()</Name>
              <SequencePoints />
              <BranchPoints />
              <MethodPoint vc="0" uspid="139" ordinal="0" offset="0" />
            </Method>
          </Methods>
        </Class>
        <Class>
          <Summary numSequencePoints="166" visitedSequencePoints="0" numBranchPoints="102" visitedBranchPoints="0" sequenceCoverage="0" branchCoverage="0" maxCyclomaticComplexity="12" minCyclomaticComplexity="1" />
          <FullName>BHI.JewelEarth.ThinClient.Common.Expressions.ExpressionConvert</FullName>
          <Methods>
            <Method visited="false" cyclomaticComplexity="1" sequenceCoverage="0" branchCoverage="0" isConstructor="false" isStatic="true" isGetter="false" isSetter="false">
              <Summary numSequencePoints="3" visitedSequencePoints="0" numBranchPoints="1" visitedBranchPoints="0" sequenceCoverage="0" branchCoverage="0" maxCyclomaticComplexity="1" minCyclomaticComplexity="1" />
              <MetadataToken>100663342</MetadataToken>
              <Name>BHI.JewelEarth.ThinClient.Common.Expressions.Constant BHI.JewelEarth.ThinClient.Common.Expressions.ExpressionConvert::ToContract(System.Linq.Expressions.ConstantExpression)</Name>
              <FileRef uid="4" />
              <SequencePoints>
                <SequencePoint vc="0" uspid="140" ordinal="0" offset="0" sl="47" sc="9" el="47" ec="10" />
                <SequencePoint vc="0" uspid="141" ordinal="1" offset="1" sl="48" sc="13" el="48" ec="60" />
                <SequencePoint vc="0" uspid="142" ordinal="2" offset="24" sl="49" sc="9" el="49" ec="10" />
              </SequencePoints>
              <BranchPoints />
              <MethodPoint xsi:type="SequencePoint" vc="0" uspid="140" ordinal="0" offset="0" sl="47" sc="9" el="47" ec="10" />
            </Method>
            <Method visited="false" cyclomaticComplexity="1" sequenceCoverage="0" branchCoverage="0" isConstructor="false" isStatic="true" isGetter="false" isSetter="false">
              <Summary numSequencePoints="3" visitedSequencePoints="0" numBranchPoints="1" visitedBranchPoints="0" sequenceCoverage="0" branchCoverage="0" maxCyclomaticComplexity="1" minCyclomaticComplexity="1" />
              <MetadataToken>100663343</MetadataToken>
              <Name>BHI.JewelEarth.ThinClient.Common.Expressions.Unary BHI.JewelEarth.ThinClient.Common.Expressions.ExpressionConvert::ToContract(System.Linq.Expressions.UnaryExpression)</Name>
              <FileRef uid="4" />
              <SequencePoints>
                <SequencePoint vc="0" uspid="143" ordinal="0" offset="0" sl="52" sc="9" el="52" ec="10" />
                <SequencePoint vc="0" uspid="144" ordinal="1" offset="1" sl="53" sc="13" el="53" ec="129" />
                <SequencePoint vc="0" uspid="145" ordinal="2" offset="55" sl="54" sc="9" el="54" ec="10" />
              </SequencePoints>
              <BranchPoints />
              <MethodPoint xsi:type="SequencePoint" vc="0" uspid="143" ordinal="0" offset="0" sl="52" sc="9" el="52" ec="10" />
            </Method>
            <Method visited="false" cyclomaticComplexity="1" sequenceCoverage="0" branchCoverage="0" isConstructor="false" isStatic="true" isGetter="false" isSetter="false">
              <Summary numSequencePoints="3" visitedSequencePoints="0" numBranchPoints="1" visitedBranchPoints="0" sequenceCoverage="0" branchCoverage="0" maxCyclomaticComplexity="1" minCyclomaticComplexity="1" />
              <MetadataToken>100663344</MetadataToken>
              <Name>BHI.JewelEarth.ThinClient.Common.Expressions.MemberAccess BHI.JewelEarth.ThinClient.Common.Expressions.ExpressionConvert::ToContract(System.Linq.Expressions.MemberExpression)</Name>
              <FileRef uid="4" />
              <SequencePoints>
                <SequencePoint vc="0" uspid="146" ordinal="0" offset="0" sl="57" sc="9" el="57" ec="10" />
                <SequencePoint vc="0" uspid="147" ordinal="1" offset="1" sl="58" sc="13" el="64" ec="15" />
                <SequencePoint vc="0" uspid="148" ordinal="2" offset="88" sl="65" sc="9" el="65" ec="10" />
              </SequencePoints>
              <BranchPoints />
              <MethodPoint xsi:type="SequencePoint" vc="0" uspid="146" ordinal="0" offset="0" sl="57" sc="9" el="57" ec="10" />
            </Method>
            <Method visited="false" cyclomaticComplexity="1" sequenceCoverage="0" branchCoverage="0" isConstructor="false" isStatic="true" isGetter="false" isSetter="false">
              <Summary numSequencePoints="3" visitedSequencePoints="0" numBranchPoints="1" visitedBranchPoints="0" sequenceCoverage="0" branchCoverage="0" maxCyclomaticComplexity="1" minCyclomaticComplexity="1" />
              <MetadataToken>100663345</MetadataToken>
              <Name>BHI.JewelEarth.ThinClient.Common.Expressions.Binary BHI.JewelEarth.ThinClient.Common.Expressions.ExpressionConvert::ToContract(System.Linq.Expressions.BinaryExpression)</Name>
              <FileRef uid="4" />
              <SequencePoints>
                <SequencePoint vc="0" uspid="149" ordinal="0" offset="0" sl="68" sc="9" el="68" ec="10" />
                <SequencePoint vc="0" uspid="150" ordinal="1" offset="1" sl="69" sc="13" el="69" ec="138" />
                <SequencePoint vc="0" uspid="151" ordinal="2" offset="60" sl="70" sc="9" el="70" ec="10" />
              </SequencePoints>
              <BranchPoints />
              <MethodPoint xsi:type="SequencePoint" vc="0" uspid="149" ordinal="0" offset="0" sl="68" sc="9" el="68" ec="10" />
            </Method>
            <Method visited="false" cyclomaticComplexity="1" sequenceCoverage="0" branchCoverage="0" isConstructor="false" isStatic="true" isGetter="false" isSetter="false">
              <Summary numSequencePoints="3" visitedSequencePoints="0" numBranchPoints="1" visitedBranchPoints="0" sequenceCoverage="0" branchCoverage="0" maxCyclomaticComplexity="1" minCyclomaticComplexity="1" />
              <MetadataToken>100663346</MetadataToken>
              <Name>BHI.JewelEarth.ThinClient.Common.Expressions.MethodCall BHI.JewelEarth.ThinClient.Common.Expressions.ExpressionConvert::ToContract(System.Linq.Expressions.MethodCallExpression)</Name>
              <FileRef uid="4" />
              <SequencePoints>
                <SequencePoint vc="0" uspid="152" ordinal="0" offset="0" sl="73" sc="9" el="73" ec="10" />
                <SequencePoint vc="0" uspid="153" ordinal="1" offset="1" sl="74" sc="13" el="80" ec="15" />
                <SequencePoint vc="0" uspid="154" ordinal="2" offset="105" sl="81" sc="9" el="81" ec="10" />
              </SequencePoints>
              <BranchPoints />
              <MethodPoint xsi:type="SequencePoint" vc="0" uspid="152" ordinal="0" offset="0" sl="73" sc="9" el="73" ec="10" />
            </Method>
            <Method visited="false" cyclomaticComplexity="1" sequenceCoverage="0" branchCoverage="0" isConstructor="false" isStatic="true" isGetter="false" isSetter="false">
              <Summary numSequencePoints="3" visitedSequencePoints="0" numBranchPoints="1" visitedBranchPoints="0" sequenceCoverage="0" branchCoverage="0" maxCyclomaticComplexity="1" minCyclomaticComplexity="1" />
              <MetadataToken>100663347</MetadataToken>
              <Name>BHI.JewelEarth.ThinClient.Common.Expressions.Lambda BHI.JewelEarth.ThinClient.Common.Expressions.ExpressionConvert::ToContract(System.Linq.Expressions.LambdaExpression)</Name>
              <FileRef uid="4" />
              <SequencePoints>
                <SequencePoint vc="0" uspid="155" ordinal="0" offset="0" sl="84" sc="9" el="84" ec="10" />
                <SequencePoint vc="0" uspid="156" ordinal="1" offset="1" sl="85" sc="13" el="85" ec="133" />
                <SequencePoint vc="0" uspid="157" ordinal="2" offset="64" sl="86" sc="9" el="86" ec="10" />
              </SequencePoints>
              <BranchPoints />
              <MethodPoint xsi:type="SequencePoint" vc="0" uspid="155" ordinal="0" offset="0" sl="84" sc="9" el="84" ec="10" />
            </Method>
            <Method visited="false" cyclomaticComplexity="1" sequenceCoverage="0" branchCoverage="0" isConstructor="false" isStatic="true" isGetter="false" isSetter="false">
              <Summary numSequencePoints="3" visitedSequencePoints="0" numBranchPoints="1" visitedBranchPoints="0" sequenceCoverage="0" branchCoverage="0" maxCyclomaticComplexity="1" minCyclomaticComplexity="1" />
              <MetadataToken>100663348</MetadataToken>
              <Name>BHI.JewelEarth.ThinClient.Common.Expressions.Parameter BHI.JewelEarth.ThinClient.Common.Expressions.ExpressionConvert::ToContract(System.Linq.Expressions.ParameterExpression)</Name>
              <FileRef uid="4" />
              <SequencePoints>
                <SequencePoint vc="0" uspid="158" ordinal="0" offset="0" sl="89" sc="9" el="89" ec="10" />
                <SequencePoint vc="0" uspid="159" ordinal="1" offset="1" sl="90" sc="13" el="90" ec="117" />
                <SequencePoint vc="0" uspid="160" ordinal="2" offset="42" sl="91" sc="9" el="91" ec="10" />
              </SequencePoints>
              <BranchPoints />
              <MethodPoint xsi:type="SequencePoint" vc="0" uspid="158" ordinal="0" offset="0" sl="89" sc="9" el="89" ec="10" />
            </Method>
            <Method visited="false" cyclomaticComplexity="8" sequenceCoverage="0" branchCoverage="0" isConstructor="false" isStatic="true" isGetter="false" isSetter="false">
              <Summary numSequencePoints="17" visitedSequencePoints="0" numBranchPoints="15" visitedBranchPoints="0" sequenceCoverage="0" branchCoverage="0" maxCyclomaticComplexity="8" minCyclomaticComplexity="8" />
              <MetadataToken>100663349</MetadataToken>
              <Name>BHI.JewelEarth.ThinClient.Common.Expressions.IExpression BHI.JewelEarth.ThinClient.Common.Expressions.ExpressionConvert::ToContract(System.Linq.Expressions.Expression)</Name>
              <FileRef uid="4" />
              <SequencePoints>
                <SequencePoint vc="0" uspid="161" ordinal="0" offset="0" sl="99" sc="9" el="99" ec="10" />
                <SequencePoint vc="0" uspid="162" ordinal="1" offset="1" sl="100" sc="13" el="100" ec="50" />
                <SequencePoint vc="0" uspid="163" ordinal="2" offset="17" sl="100" sc="51" el="100" ec="102" />
                <SequencePoint vc="0" uspid="164" ordinal="3" offset="34" sl="101" sc="13" el="101" ec="47" />
                <SequencePoint vc="0" uspid="165" ordinal="4" offset="50" sl="101" sc="48" el="101" ec="96" />
                <SequencePoint vc="0" uspid="166" ordinal="5" offset="67" sl="102" sc="13" el="102" ec="48" />
                <SequencePoint vc="0" uspid="167" ordinal="6" offset="83" sl="102" sc="49" el="102" ec="98" />
                <SequencePoint vc="0" uspid="168" ordinal="7" offset="100" sl="103" sc="13" el="103" ec="48" />
                <SequencePoint vc="0" uspid="169" ordinal="8" offset="116" sl="103" sc="49" el="103" ec="98" />
                <SequencePoint vc="0" uspid="170" ordinal="9" offset="130" sl="104" sc="13" el="104" ec="52" />
                <SequencePoint vc="0" uspid="171" ordinal="10" offset="146" sl="104" sc="53" el="104" ec="106" />
                <SequencePoint vc="0" uspid="172" ordinal="11" offset="160" sl="105" sc="13" el="105" ec="48" />
                <SequencePoint vc="0" uspid="173" ordinal="12" offset="176" sl="105" sc="49" el="105" ec="98" />
                <SequencePoint vc="0" uspid="174" ordinal="13" offset="190" sl="106" sc="13" el="106" ec="51" />
                <SequencePoint vc="0" uspid="175" ordinal="14" offset="206" sl="106" sc="52" el="106" ec="104" />
                <SequencePoint vc="0" uspid="176" ordinal="15" offset="220" sl="107" sc="13" el="107" ec="68" />
                <SequencePoint vc="0" uspid="177" ordinal="16" offset="232" sl="108" sc="9" el="108" ec="10" />
              </SequencePoints>
              <BranchPoints>
                <BranchPoint vc="0" uspid="178" ordinal="0" offset="15" path="0" />
                <BranchPoint vc="0" uspid="179" ordinal="1" offset="15" path="1" />
                <BranchPoint vc="0" uspid="180" ordinal="2" offset="48" path="0" />
                <BranchPoint vc="0" uspid="181" ordinal="3" offset="48" path="1" />
                <BranchPoint vc="0" uspid="182" ordinal="4" offset="81" path="0" />
                <BranchPoint vc="0" uspid="183" ordinal="5" offset="81" path="1" />
                <BranchPoint vc="0" uspid="184" ordinal="6" offset="114" path="0" />
                <BranchPoint vc="0" uspid="185" ordinal="7" offset="114" path="1" />
                <BranchPoint vc="0" uspid="186" ordinal="8" offset="144" path="0" />
                <BranchPoint vc="0" uspid="187" ordinal="9" offset="144" path="1" />
                <BranchPoint vc="0" uspid="188" ordinal="10" offset="174" path="0" />
                <BranchPoint vc="0" uspid="189" ordinal="11" offset="174" path="1" />
                <BranchPoint vc="0" uspid="190" ordinal="12" offset="204" path="0" />
                <BranchPoint vc="0" uspid="191" ordinal="13" offset="204" path="1" />
              </BranchPoints>
              <MethodPoint xsi:type="SequencePoint" vc="0" uspid="161" ordinal="0" offset="0" sl="99" sc="9" el="99" ec="10" />
            </Method>
            <Method visited="false" cyclomaticComplexity="1" sequenceCoverage="0" branchCoverage="0" isConstructor="false" isStatic="true" isGetter="false" isSetter="false">
              <Summary numSequencePoints="3" visitedSequencePoints="0" numBranchPoints="1" visitedBranchPoints="0" sequenceCoverage="0" branchCoverage="0" maxCyclomaticComplexity="1" minCyclomaticComplexity="1" />
              <MetadataToken>100663350</MetadataToken>
              <Name>System.Linq.Expressions.Expression BHI.JewelEarth.ThinClient.Common.Expressions.ExpressionConvert::ToExpression(BHI.JewelEarth.ThinClient.Common.Expressions.Constant)</Name>
              <FileRef uid="4" />
              <SequencePoints>
                <SequencePoint vc="0" uspid="192" ordinal="0" offset="0" sl="115" sc="9" el="115" ec="10" />
                <SequencePoint vc="0" uspid="193" ordinal="1" offset="1" sl="116" sc="13" el="116" ec="56" />
                <SequencePoint vc="0" uspid="194" ordinal="2" offset="15" sl="117" sc="9" el="117" ec="10" />
              </SequencePoints>
              <BranchPoints />
              <MethodPoint xsi:type="SequencePoint" vc="0" uspid="192" ordinal="0" offset="0" sl="115" sc="9" el="115" ec="10" />
            </Method>
            <Method visited="false" cyclomaticComplexity="12" sequenceCoverage="0" branchCoverage="0" isConstructor="false" isStatic="true" isGetter="false" isSetter="false">
              <Summary numSequencePoints="17" visitedSequencePoints="0" numBranchPoints="18" visitedBranchPoints="0" sequenceCoverage="0" branchCoverage="0" maxCyclomaticComplexity="12" minCyclomaticComplexity="12" />
              <MetadataToken>100663351</MetadataToken>
              <Name>System.Linq.Expressions.Expression BHI.JewelEarth.ThinClient.Common.Expressions.ExpressionConvert::ToExpression(BHI.JewelEarth.ThinClient.Common.Expressions.ExpressionConvert/ConversionContext,BHI.JewelEarth.ThinClient.Common.Expressions.Binary)</Name>
              <FileRef uid="4" />
              <SequencePoints>
                <SequencePoint vc="0" uspid="195" ordinal="0" offset="0" sl="120" sc="9" el="120" ec="10" />
                <SequencePoint vc="0" uspid="196" ordinal="1" offset="1" sl="121" sc="13" el="121" ec="66" />
                <SequencePoint vc="0" uspid="197" ordinal="2" offset="14" sl="122" sc="13" el="122" ec="68" />
                <SequencePoint vc="0" uspid="198" ordinal="3" offset="27" sl="124" sc="13" el="124" ec="61" />
                <SequencePoint vc="0" uspid="199" ordinal="4" offset="34" sl="125" sc="13" el="125" ec="36" />
                <SequencePoint vc="0" uspid="200" ordinal="5" offset="124" sl="128" sc="21" el="128" ec="56" />
                <SequencePoint vc="0" uspid="201" ordinal="6" offset="134" sl="130" sc="21" el="130" ec="60" />
                <SequencePoint vc="0" uspid="202" ordinal="7" offset="144" sl="132" sc="21" el="132" ec="55" />
                <SequencePoint vc="0" uspid="203" ordinal="8" offset="154" sl="134" sc="21" el="134" ec="59" />
                <SequencePoint vc="0" uspid="204" ordinal="9" offset="164" sl="136" sc="21" el="136" ec="58" />
                <SequencePoint vc="0" uspid="205" ordinal="10" offset="174" sl="138" sc="21" el="138" ec="61" />
                <SequencePoint vc="0" uspid="206" ordinal="11" offset="184" sl="140" sc="21" el="140" ec="64" />
                <SequencePoint vc="0" uspid="207" ordinal="12" offset="194" sl="142" sc="21" el="142" ec="61" />
                <SequencePoint vc="0" uspid="208" ordinal="13" offset="204" sl="144" sc="21" el="144" ec="71" />
                <SequencePoint vc="0" uspid="209" ordinal="14" offset="214" sl="146" sc="21" el="146" ec="68" />
                <SequencePoint vc="0" uspid="210" ordinal="15" offset="224" sl="148" sc="21" el="148" ec="61" />
                <SequencePoint vc="0" uspid="211" ordinal="16" offset="230" sl="150" sc="9" el="150" ec="10" />
              </SequencePoints>
              <BranchPoints>
                <BranchPoint vc="0" uspid="212" ordinal="0" offset="41" path="0" />
                <BranchPoint vc="0" uspid="213" ordinal="1" offset="41" path="1" />
                <BranchPoint vc="0" uspid="214" ordinal="2" offset="41" path="2" />
                <BranchPoint vc="0" uspid="215" ordinal="3" offset="59" path="0" />
                <BranchPoint vc="0" uspid="216" ordinal="4" offset="59" path="1" />
                <BranchPoint vc="0" uspid="217" ordinal="5" offset="59" path="2" />
                <BranchPoint vc="0" uspid="218" ordinal="6" offset="59" path="3" />
                <BranchPoint vc="0" uspid="219" ordinal="7" offset="59" path="4" />
                <BranchPoint vc="0" uspid="220" ordinal="8" offset="59" path="5" />
                <BranchPoint vc="0" uspid="221" ordinal="9" offset="59" path="6" />
                <BranchPoint vc="0" uspid="222" ordinal="10" offset="59" path="7" />
                <BranchPoint vc="0" uspid="223" ordinal="11" offset="59" path="8" />
                <BranchPoint vc="0" uspid="224" ordinal="12" offset="59" path="9" />
                <BranchPoint vc="0" uspid="225" ordinal="13" offset="105" path="0" />
                <BranchPoint vc="0" uspid="226" ordinal="14" offset="105" path="1" />
                <BranchPoint vc="0" uspid="227" ordinal="15" offset="105" path="2" />
                <BranchPoint vc="0" uspid="228" ordinal="16" offset="105" path="3" />
              </BranchPoints>
              <MethodPoint xsi:type="SequencePoint" vc="0" uspid="195" ordinal="0" offset="0" sl="120" sc="9" el="120" ec="10" />
            </Method>
            <Method visited="false" cyclomaticComplexity="3" sequenceCoverage="0" branchCoverage="0" isConstructor="false" isStatic="true" isGetter="false" isSetter="false">
              <Summary numSequencePoints="12" visitedSequencePoints="0" numBranchPoints="5" visitedBranchPoints="0" sequenceCoverage="0" branchCoverage="0" maxCyclomaticComplexity="3" minCyclomaticComplexity="3" />
              <MetadataToken>100663352</MetadataToken>
              <Name>System.Linq.Expressions.Expression BHI.JewelEarth.ThinClient.Common.Expressions.ExpressionConvert::ToExpression(BHI.JewelEarth.ThinClient.Common.Expressions.ExpressionConvert/ConversionContext,BHI.JewelEarth.ThinClient.Common.Expressions.MemberAccess)</Name>
              <FileRef uid="4" />
              <SequencePoints>
                <SequencePoint vc="0" uspid="229" ordinal="0" offset="0" sl="153" sc="9" el="153" ec="10" />
                <SequencePoint vc="0" uspid="230" ordinal="1" offset="1" sl="154" sc="13" el="154" ec="84" />
                <SequencePoint vc="0" uspid="231" ordinal="2" offset="14" sl="156" sc="13" el="156" ec="85" />
                <SequencePoint vc="0" uspid="232" ordinal="3" offset="26" sl="157" sc="13" el="157" ec="74" />
                <SequencePoint vc="0" uspid="233" ordinal="4" offset="44" sl="160" sc="13" el="160" ec="45" />
                <SequencePoint vc="0" uspid="234" ordinal="5" offset="65" sl="163" sc="21" el="163" ec="82" />
                <SequencePoint vc="0" uspid="235" ordinal="6" offset="78" sl="164" sc="21" el="164" ec="27" />
                <SequencePoint vc="0" uspid="236" ordinal="7" offset="80" sl="166" sc="21" el="166" ec="85" />
                <SequencePoint vc="0" uspid="237" ordinal="8" offset="93" sl="167" sc="21" el="167" ec="27" />
                <SequencePoint vc="0" uspid="238" ordinal="9" offset="95" sl="169" sc="21" el="169" ec="61" />
                <SequencePoint vc="0" uspid="239" ordinal="10" offset="101" sl="172" sc="13" el="172" ec="72" />
                <SequencePoint vc="0" uspid="240" ordinal="11" offset="111" sl="173" sc="9" el="173" ec="10" />
              </SequencePoints>
              <BranchPoints>
                <BranchPoint vc="0" uspid="241" ordinal="0" offset="55" path="0" />
                <BranchPoint vc="0" uspid="242" ordinal="1" offset="55" path="1" />
                <BranchPoint vc="0" uspid="243" ordinal="2" offset="61" path="0" />
                <BranchPoint vc="0" uspid="244" ordinal="3" offset="61" path="1" />
              </BranchPoints>
              <MethodPoint xsi:type="SequencePoint" vc="0" uspid="229" ordinal="0" offset="0" sl="153" sc="9" el="153" ec="10" />
            </Method>
            <Method visited="false" cyclomaticComplexity="2" sequenceCoverage="0" branchCoverage="0" isConstructor="false" isStatic="true" isGetter="false" isSetter="false">
              <Summary numSequencePoints="9" visitedSequencePoints="0" numBranchPoints="3" visitedBranchPoints="0" sequenceCoverage="0" branchCoverage="0" maxCyclomaticComplexity="2" minCyclomaticComplexity="2" />
              <MetadataToken>100663353</MetadataToken>
              <Name>System.Linq.Expressions.Expression BHI.JewelEarth.ThinClient.Common.Expressions.ExpressionConvert::ToExpression(BHI.JewelEarth.ThinClient.Common.Expressions.ExpressionConvert/ConversionContext,BHI.JewelEarth.ThinClient.Common.Expressions.MethodCall)</Name>
              <FileRef uid="4" />
              <SequencePoints>
                <SequencePoint vc="0" uspid="245" ordinal="0" offset="15" sl="176" sc="9" el="176" ec="10" />
                <SequencePoint vc="0" uspid="246" ordinal="1" offset="16" sl="177" sc="13" el="177" ec="75" />
                <SequencePoint vc="0" uspid="247" ordinal="2" offset="35" sl="178" sc="13" el="178" ec="107" />
                <SequencePoint vc="0" uspid="248" ordinal="3" offset="65" sl="180" sc="13" el="180" ec="83" />
                <SequencePoint vc="0" uspid="249" ordinal="4" offset="77" sl="181" sc="13" el="181" ec="74" />
                <SequencePoint vc="0" uspid="250" ordinal="5" offset="95" sl="183" sc="13" el="183" ec="68" />
                <SequencePoint vc="0" uspid="251" ordinal="6" offset="138" sl="184" sc="13" el="184" ec="91" />
                <SequencePoint vc="0" uspid="252" ordinal="7" offset="153" sl="186" sc="13" el="186" ec="68" />
                <SequencePoint vc="0" uspid="253" ordinal="8" offset="166" sl="187" sc="9" el="187" ec="10" />
              </SequencePoints>
              <BranchPoints>
                <BranchPoint vc="0" uspid="255" ordinal="0" offset="101" path="0" />
                <BranchPoint vc="0" uspid="256" ordinal="1" offset="101" path="1" />
              </BranchPoints>
              <MethodPoint vc="0" uspid="254" ordinal="0" offset="0" />
            </Method>
            <Method visited="false" cyclomaticComplexity="2" sequenceCoverage="0" branchCoverage="0" isConstructor="false" isStatic="true" isGetter="false" isSetter="false">
              <Summary numSequencePoints="5" visitedSequencePoints="0" numBranchPoints="3" visitedBranchPoints="0" sequenceCoverage="0" branchCoverage="0" maxCyclomaticComplexity="2" minCyclomaticComplexity="2" />
              <MetadataToken>100663354</MetadataToken>
              <Name>System.Linq.Expressions.Expression BHI.JewelEarth.ThinClient.Common.Expressions.ExpressionConvert::ToExpression(BHI.JewelEarth.ThinClient.Common.Expressions.ExpressionConvert/ConversionContext,BHI.JewelEarth.ThinClient.Common.Expressions.Unary)</Name>
              <FileRef uid="4" />
              <SequencePoints>
                <SequencePoint vc="0" uspid="257" ordinal="0" offset="0" sl="190" sc="9" el="190" ec="10" />
                <SequencePoint vc="0" uspid="258" ordinal="1" offset="1" sl="191" sc="13" el="191" ec="36" />
                <SequencePoint vc="0" uspid="259" ordinal="2" offset="15" sl="194" sc="21" el="194" ec="97" />
                <SequencePoint vc="0" uspid="260" ordinal="3" offset="41" sl="196" sc="21" el="196" ec="61" />
                <SequencePoint vc="0" uspid="261" ordinal="4" offset="47" sl="198" sc="9" el="198" ec="10" />
              </SequencePoints>
              <BranchPoints>
                <BranchPoint vc="0" uspid="262" ordinal="0" offset="11" path="0" />
                <BranchPoint vc="0" uspid="263" ordinal="1" offset="11" path="1" />
              </BranchPoints>
              <MethodPoint xsi:type="SequencePoint" vc="0" uspid="257" ordinal="0" offset="0" sl="190" sc="9" el="190" ec="10" />
            </Method>
            <Method visited="false" cyclomaticComplexity="2" sequenceCoverage="0" branchCoverage="0" isConstructor="false" isStatic="true" isGetter="false" isSetter="false">
              <Summary numSequencePoints="10" visitedSequencePoints="0" numBranchPoints="3" visitedBranchPoints="0" sequenceCoverage="0" branchCoverage="0" maxCyclomaticComplexity="2" minCyclomaticComplexity="2" />
              <MetadataToken>100663355</MetadataToken>
              <Name>System.Linq.Expressions.ParameterExpression BHI.JewelEarth.ThinClient.Common.Expressions.ExpressionConvert::ToExpression(BHI.JewelEarth.ThinClient.Common.Expressions.ExpressionConvert/ConversionContext,BHI.JewelEarth.ThinClient.Common.Expressions.Parameter)</Name>
              <FileRef uid="4" />
              <SequencePoints>
                <SequencePoint vc="0" uspid="264" ordinal="0" offset="0" sl="201" sc="9" el="201" ec="10" />
                <SequencePoint vc="0" uspid="265" ordinal="1" offset="1" sl="203" sc="13" el="203" ec="89" />
                <SequencePoint vc="0" uspid="266" ordinal="2" offset="24" sl="204" sc="13" el="204" ec="14" />
                <SequencePoint vc="0" uspid="267" ordinal="3" offset="25" sl="205" sc="17" el="205" ec="67" />
                <SequencePoint vc="0" uspid="268" ordinal="4" offset="37" sl="206" sc="17" el="206" ec="78" />
                <SequencePoint vc="0" uspid="269" ordinal="5" offset="55" sl="207" sc="17" el="207" ec="82" />
                <SequencePoint vc="0" uspid="270" ordinal="6" offset="68" sl="208" sc="17" el="208" ec="68" />
                <SequencePoint vc="0" uspid="271" ordinal="7" offset="87" sl="209" sc="13" el="209" ec="14" />
                <SequencePoint vc="0" uspid="272" ordinal="8" offset="88" sl="211" sc="13" el="211" ec="31" />
                <SequencePoint vc="0" uspid="273" ordinal="9" offset="92" sl="212" sc="9" el="212" ec="10" />
              </SequencePoints>
              <BranchPoints>
                <BranchPoint vc="0" uspid="274" ordinal="0" offset="22" path="0" />
                <BranchPoint vc="0" uspid="275" ordinal="1" offset="22" path="1" />
              </BranchPoints>
              <MethodPoint xsi:type="SequencePoint" vc="0" uspid="264" ordinal="0" offset="0" sl="201" sc="9" el="201" ec="10" />
            </Method>
            <Method visited="false" cyclomaticComplexity="1" sequenceCoverage="0" branchCoverage="0" isConstructor="false" isStatic="true" isGetter="false" isSetter="false">
              <Summary numSequencePoints="5" visitedSequencePoints="0" numBranchPoints="1" visitedBranchPoints="0" sequenceCoverage="0" branchCoverage="0" maxCyclomaticComplexity="1" minCyclomaticComplexity="1" />
              <MetadataToken>100663356</MetadataToken>
              <Name>System.Linq.Expressions.Expression BHI.JewelEarth.ThinClient.Common.Expressions.ExpressionConvert::ToExpression(BHI.JewelEarth.ThinClient.Common.Expressions.ExpressionConvert/ConversionContext,BHI.JewelEarth.ThinClient.Common.Expressions.Lambda)</Name>
              <FileRef uid="4" />
              <SequencePoints>
                <SequencePoint vc="0" uspid="276" ordinal="0" offset="13" sl="215" sc="9" el="215" ec="10" />
                <SequencePoint vc="0" uspid="277" ordinal="1" offset="14" sl="216" sc="13" el="216" ec="66" />
[...]
              <Name>System.Void BHI.JewelEarth.ThinClient.Service.SerializeResult::.ctor(System.Object,BHI.JewelEarth.ThinClient.Common.SerializationFormat)</Name>
              <FileRef uid="87" />
              <SequencePoints>
                <SequencePoint vc="0" uspid="1754" ordinal="0" offset="22" sl="48" sc="9" el="48" ec="75" />
                <SequencePoint vc="0" uspid="1755" ordinal="1" offset="29" sl="49" sc="9" el="49" ec="10" />
                <SequencePoint vc="0" uspid="1756" ordinal="2" offset="30" sl="50" sc="13" el="50" ec="113" />
                <SequencePoint vc="0" uspid="1757" ordinal="3" offset="60" sl="51" sc="9" el="51" ec="10" />
              </SequencePoints>
              <BranchPoints>
                <BranchPoint vc="0" uspid="1759" ordinal="0" offset="32" path="0" />
                <BranchPoint vc="0" uspid="1760" ordinal="1" offset="32" path="1" />
              </BranchPoints>
              <MethodPoint vc="0" uspid="1758" ordinal="0" offset="0" />
            </Method>
            <Method visited="false" cyclomaticComplexity="1" sequenceCoverage="0" branchCoverage="0" isConstructor="true" isStatic="false" isGetter="false" isSetter="false">
              <Summary numSequencePoints="3" visitedSequencePoints="0" numBranchPoints="1" visitedBranchPoints="0" sequenceCoverage="0" branchCoverage="0" maxCyclomaticComplexity="1" minCyclomaticComplexity="1" />
              <MetadataToken>100663373</MetadataToken>
              <Name>System.Void BHI.JewelEarth.ThinClient.Service.SerializeResult::.ctor(System.Object)</Name>
              <FileRef uid="87" />
              <SequencePoints>
                <SequencePoint vc="0" uspid="1761" ordinal="0" offset="0" sl="57" sc="9" el="58" ec="57" />
                <SequencePoint vc="0" uspid="1762" ordinal="1" offset="9" sl="59" sc="9" el="59" ec="10" />
                <SequencePoint vc="0" uspid="1763" ordinal="2" offset="10" sl="60" sc="9" el="60" ec="10" />
              </SequencePoints>
              <BranchPoints />
              <MethodPoint xsi:type="SequencePoint" vc="0" uspid="1761" ordinal="0" offset="0" sl="57" sc="9" el="58" ec="57" />
            </Method>
          </Methods>
        </Class>
        <Class>
          <Summary numSequencePoints="1" visitedSequencePoints="0" numBranchPoints="1" visitedBranchPoints="0" sequenceCoverage="0" branchCoverage="0" maxCyclomaticComplexity="1" minCyclomaticComplexity="1" />
          <FullName>BHI.JewelEarth.ThinClient.Service.SerializeResult/&lt;&gt;c__DisplayClass2</FullName>
          <Methods>
            <Method visited="false" cyclomaticComplexity="1" sequenceCoverage="0" branchCoverage="0" isConstructor="true" isStatic="false" isGetter="false" isSetter="false">
              <Summary numSequencePoints="0" visitedSequencePoints="0" numBranchPoints="0" visitedBranchPoints="0" sequenceCoverage="0" branchCoverage="0" maxCyclomaticComplexity="1" minCyclomaticComplexity="1" />
              <MetadataToken>100663409</MetadataToken>
              <Name>System.Void BHI.JewelEarth.ThinClient.Service.SerializeResult/&lt;&gt;c__DisplayClass2::.ctor()</Name>
              <SequencePoints />
              <BranchPoints />
              <MethodPoint vc="0" uspid="1764" ordinal="0" offset="0" />
            </Method>
            <Method visited="false" cyclomaticComplexity="1" sequenceCoverage="0" branchCoverage="0" isConstructor="false" isStatic="false" isGetter="false" isSetter="false">
              <Summary numSequencePoints="1" visitedSequencePoints="0" numBranchPoints="1" visitedBranchPoints="0" sequenceCoverage="0" branchCoverage="0" maxCyclomaticComplexity="1" minCyclomaticComplexity="1" />
              <MetadataToken>100663410</MetadataToken>
              <Name>System.Void BHI.JewelEarth.ThinClient.Service.SerializeResult/&lt;&gt;c__DisplayClass2::&lt;.ctor&gt;b__0(System.IO.Stream)</Name>
              <FileRef uid="87" />
              <SequencePoints>
                <SequencePoint vc="0" uspid="1765" ordinal="0" offset="0" sl="50" sc="62" el="50" ec="111" />
              </SequencePoints>
              <BranchPoints />
              <MethodPoint xsi:type="SequencePoint" vc="0" uspid="1765" ordinal="0" offset="0" sl="50" sc="62" el="50" ec="111" />
            </Method>
          </Methods>
        </Class>
        <Class>
          <Summary numSequencePoints="0" visitedSequencePoints="0" numBranchPoints="4" visitedBranchPoints="0" sequenceCoverage="0" branchCoverage="0" maxCyclomaticComplexity="3" minCyclomaticComplexity="1" />
          <FullName>&lt;&gt;f__AnonymousType0`2</FullName>
          <Methods>
            <Method visited="false" cyclomaticComplexity="1" sequenceCoverage="0" branchCoverage="0" isConstructor="false" isStatic="false" isGetter="true" isSetter="false">
              <Summary numSequencePoints="0" visitedSequencePoints="0" numBranchPoints="0" visitedBranchPoints="0" sequenceCoverage="0" branchCoverage="0" maxCyclomaticComplexity="1" minCyclomaticComplexity="1" />
              <MetadataToken>100663376</MetadataToken>
              <Name>&lt;methodInfo&gt;j__TPar &lt;&gt;f__AnonymousType0`2::get_methodInfo()</Name>
              <SequencePoints />
              <BranchPoints />
              <MethodPoint vc="0" uspid="1766" ordinal="0" offset="0" />
            </Method>
            <Method visited="false" cyclomaticComplexity="1" sequenceCoverage="0" branchCoverage="0" isConstructor="false" isStatic="false" isGetter="true" isSetter="false">
              <Summary numSequencePoints="0" visitedSequencePoints="0" numBranchPoints="0" visitedBranchPoints="0" sequenceCoverage="0" branchCoverage="0" maxCyclomaticComplexity="1" minCyclomaticComplexity="1" />
              <MetadataToken>100663377</MetadataToken>
              <Name>&lt;parameters&gt;j__TPar &lt;&gt;f__AnonymousType0`2::get_parameters()</Name>
              <SequencePoints />
              <BranchPoints />
              <MethodPoint vc="0" uspid="1767" ordinal="0" offset="0" />
            </Method>
            <Method visited="false" cyclomaticComplexity="1" sequenceCoverage="0" branchCoverage="0" isConstructor="true" isStatic="false" isGetter="false" isSetter="false">
              <Summary numSequencePoints="0" visitedSequencePoints="0" numBranchPoints="0" visitedBranchPoints="0" sequenceCoverage="0" branchCoverage="0" maxCyclomaticComplexity="1" minCyclomaticComplexity="1" />
              <MetadataToken>100663375</MetadataToken>
              <Name>System.Void &lt;&gt;f__AnonymousType0`2::.ctor(&lt;methodInfo&gt;j__TPar,&lt;parameters&gt;j__TPar)</Name>
              <SequencePoints />
              <BranchPoints />
              <MethodPoint vc="0" uspid="1768" ordinal="0" offset="0" />
            </Method>
            <Method visited="false" cyclomaticComplexity="1" sequenceCoverage="0" branchCoverage="0" isConstructor="false" isStatic="false" isGetter="false" isSetter="false">
              <Summary numSequencePoints="0" visitedSequencePoints="0" numBranchPoints="0" visitedBranchPoints="0" sequenceCoverage="0" branchCoverage="0" maxCyclomaticComplexity="1" minCyclomaticComplexity="1" />
              <MetadataToken>100663378</MetadataToken>
              <Name>System.String &lt;&gt;f__AnonymousType0`2::ToString()</Name>
              <SequencePoints />
              <BranchPoints />
              <MethodPoint vc="0" uspid="1769" ordinal="0" offset="0" />
            </Method>
            <Method visited="false" cyclomaticComplexity="3" sequenceCoverage="0" branchCoverage="0" isConstructor="false" isStatic="false" isGetter="false" isSetter="false">
              <Summary numSequencePoints="0" visitedSequencePoints="0" numBranchPoints="4" visitedBranchPoints="0" sequenceCoverage="0" branchCoverage="0" maxCyclomaticComplexity="3" minCyclomaticComplexity="3" />
              <MetadataToken>100663379</MetadataToken>
              <Name>System.Boolean &lt;&gt;f__AnonymousType0`2::Equals(System.Object)</Name>
              <SequencePoints />
              <BranchPoints>
                <BranchPoint vc="0" uspid="1771" ordinal="0" offset="8" path="0" />
                <BranchPoint vc="0" uspid="1772" ordinal="1" offset="8" path="1" />
                <BranchPoint vc="0" uspid="1773" ordinal="2" offset="32" path="0" />
                <BranchPoint vc="0" uspid="1774" ordinal="3" offset="32" path="1" />
              </BranchPoints>
              <MethodPoint vc="0" uspid="1770" ordinal="0" offset="0" />
            </Method>
            <Method visited="false" cyclomaticComplexity="1" sequenceCoverage="0" branchCoverage="0" isConstructor="false" isStatic="false" isGetter="false" isSetter="false">
              <Summary numSequencePoints="0" visitedSequencePoints="0" numBranchPoints="0" visitedBranchPoints="0" sequenceCoverage="0" branchCoverage="0" maxCyclomaticComplexity="1" minCyclomaticComplexity="1" />
              <MetadataToken>100663380</MetadataToken>
              <Name>System.Int32 &lt;&gt;f__AnonymousType0`2::GetHashCode()</Name>
              <SequencePoints />
              <BranchPoints />
              <MethodPoint vc="0" uspid="1775" ordinal="0" offset="0" />
            </Method>
          </Methods>
        </Class>
        <Class>
          <Summary numSequencePoints="0" visitedSequencePoints="0" numBranchPoints="4" visitedBranchPoints="0" sequenceCoverage="0" branchCoverage="0" maxCyclomaticComplexity="3" minCyclomaticComplexity="1" />
          <FullName>&lt;&gt;f__AnonymousType1`2</FullName>
          <Methods>
            <Method visited="false" cyclomaticComplexity="1" sequenceCoverage="0" branchCoverage="0" isConstructor="false" isStatic="false" isGetter="true" isSetter="false">
              <Summary numSequencePoints="0" visitedSequencePoints="0" numBranchPoints="0" visitedBranchPoints="0" sequenceCoverage="0" branchCoverage="0" maxCyclomaticComplexity="1" minCyclomaticComplexity="1" />
              <MetadataToken>100663382</MetadataToken>
              <Name>&lt;methodInfo&gt;j__TPar &lt;&gt;f__AnonymousType1`2::get_methodInfo()</Name>
              <SequencePoints />
              <BranchPoints />
              <MethodPoint vc="0" uspid="1776" ordinal="0" offset="0" />
            </Method>
            <Method visited="false" cyclomaticComplexity="1" sequenceCoverage="0" branchCoverage="0" isConstructor="false" isStatic="false" isGetter="true" isSetter="false">
              <Summary numSequencePoints="0" visitedSequencePoints="0" numBranchPoints="0" visitedBranchPoints="0" sequenceCoverage="0" branchCoverage="0" maxCyclomaticComplexity="1" minCyclomaticComplexity="1" />
              <MetadataToken>100663383</MetadataToken>
              <Name>&lt;operationType&gt;j__TPar &lt;&gt;f__AnonymousType1`2::get_operationType()</Name>
              <SequencePoints />
              <BranchPoints />
              <MethodPoint vc="0" uspid="1777" ordinal="0" offset="0" />
            </Method>
            <Method visited="false" cyclomaticComplexity="1" sequenceCoverage="0" branchCoverage="0" isConstructor="true" isStatic="false" isGetter="false" isSetter="false">
              <Summary numSequencePoints="0" visitedSequencePoints="0" numBranchPoints="0" visitedBranchPoints="0" sequenceCoverage="0" branchCoverage="0" maxCyclomaticComplexity="1" minCyclomaticComplexity="1" />
              <MetadataToken>100663381</MetadataToken>
              <Name>System.Void &lt;&gt;f__AnonymousType1`2::.ctor(&lt;methodInfo&gt;j__TPar,&lt;operationType&gt;j__TPar)</Name>
              <SequencePoints />
              <BranchPoints />
              <MethodPoint vc="0" uspid="1778" ordinal="0" offset="0" />
            </Method>
            <Method visited="false" cyclomaticComplexity="1" sequenceCoverage="0" branchCoverage="0" isConstructor="false" isStatic="false" isGetter="false" isSetter="false">
              <Summary numSequencePoints="0" visitedSequencePoints="0" numBranchPoints="0" visitedBranchPoints="0" sequenceCoverage="0" branchCoverage="0" maxCyclomaticComplexity="1" minCyclomaticComplexity="1" />
              <MetadataToken>100663384</MetadataToken>
              <Name>System.String &lt;&gt;f__AnonymousType1`2::ToString()</Name>
              <SequencePoints />
              <BranchPoints />
              <MethodPoint vc="0" uspid="1779" ordinal="0" offset="0" />
            </Method>
            <Method visited="false" cyclomaticComplexity="3" sequenceCoverage="0" branchCoverage="0" isConstructor="false" isStatic="false" isGetter="false" isSetter="false">
              <Summary numSequencePoints="0" visitedSequencePoints="0" numBranchPoints="4" visitedBranchPoints="0" sequenceCoverage="0" branchCoverage="0" maxCyclomaticComplexity="3" minCyclomaticComplexity="3" />
              <MetadataToken>100663385</MetadataToken>
              <Name>System.Boolean &lt;&gt;f__AnonymousType1`2::Equals(System.Object)</Name>
              <SequencePoints />
              <BranchPoints>
                <BranchPoint vc="0" uspid="1781" ordinal="0" offset="8" path="0" />
                <BranchPoint vc="0" uspid="1782" ordinal="1" offset="8" path="1" />
                <BranchPoint vc="0" uspid="1783" ordinal="2" offset="32" path="0" />
                <BranchPoint vc="0" uspid="1784" ordinal="3" offset="32" path="1" />
              </BranchPoints>
              <MethodPoint vc="0" uspid="1780" ordinal="0" offset="0" />
            </Method>
            <Method visited="false" cyclomaticComplexity="1" sequenceCoverage="0" branchCoverage="0" isConstructor="false" isStatic="false" isGetter="false" isSetter="false">
              <Summary numSequencePoints="0" visitedSequencePoints="0" numBranchPoints="0" visitedBranchPoints="0" sequenceCoverage="0" branchCoverage="0" maxCyclomaticComplexity="1" minCyclomaticComplexity="1" />
              <MetadataToken>100663386</MetadataToken>
              <Name>System.Int32 &lt;&gt;f__AnonymousType1`2::GetHashCode()</Name>
              <SequencePoints />
              <BranchPoints />
              <MethodPoint vc="0" uspid="1785" ordinal="0" offset="0" />
            </Method>
          </Methods>
        </Class>
        <Class>
          <Summary numSequencePoints="0" visitedSequencePoints="0" numBranchPoints="4" visitedBranchPoints="0" sequenceCoverage="0" branchCoverage="0" maxCyclomaticComplexity="3" minCyclomaticComplexity="1" />
          <FullName>&lt;&gt;f__AnonymousType2`2</FullName>
          <Methods>
            <Method visited="true" cyclomaticComplexity="1" sequenceCoverage="0" branchCoverage="0" isConstructor="false" isStatic="false" isGetter="true" isSetter="false">
              <Summary numSequencePoints="0" visitedSequencePoints="0" numBranchPoints="0" visitedBranchPoints="0" sequenceCoverage="0" branchCoverage="0" maxCyclomaticComplexity="1" minCyclomaticComplexity="1" />
              <MetadataToken>100663404</MetadataToken>
              <Name>&lt;executor&gt;j__TPar &lt;&gt;f__AnonymousType2`2::get_executor()</Name>
              <SequencePoints />
              <BranchPoints />
              <MethodPoint vc="1" uspid="1786" ordinal="0" offset="0" />
            </Method>
            <Method visited="true" cyclomaticComplexity="1" sequenceCoverage="0" branchCoverage="0" isConstructor="false" isStatic="false" isGetter="true" isSetter="false">
              <Summary numSequencePoints="0" visitedSequencePoints="0" numBranchPoints="0" visitedBranchPoints="0" sequenceCoverage="0" branchCoverage="0" maxCyclomaticComplexity="1" minCyclomaticComplexity="1" />
              <MetadataToken>100663405</MetadataToken>
              <Name>&lt;type&gt;j__TPar &lt;&gt;f__AnonymousType2`2::get_type()</Name>
              <SequencePoints />
              <BranchPoints />
              <MethodPoint vc="1" uspid="1787" ordinal="0" offset="0" />
            </Method>
            <Method visited="true" cyclomaticComplexity="1" sequenceCoverage="0" branchCoverage="0" isConstructor="true" isStatic="false" isGetter="false" isSetter="false">
              <Summary numSequencePoints="0" visitedSequencePoints="0" numBranchPoints="0" visitedBranchPoints="0" sequenceCoverage="0" branchCoverage="0" maxCyclomaticComplexity="1" minCyclomaticComplexity="1" />
              <MetadataToken>100663403</MetadataToken>
              <Name>System.Void &lt;&gt;f__AnonymousType2`2::.ctor(&lt;executor&gt;j__TPar,&lt;type&gt;j__TPar)</Name>
              <SequencePoints />
              <BranchPoints />
              <MethodPoint vc="1" uspid="1788" ordinal="0" offset="0" />
            </Method>
            <Method visited="false" cyclomaticComplexity="1" sequenceCoverage="0" branchCoverage="0" isConstructor="false" isStatic="false" isGetter="false" isSetter="false">
              <Summary numSequencePoints="0" visitedSequencePoints="0" numBranchPoints="0" visitedBranchPoints="0" sequenceCoverage="0" branchCoverage="0" maxCyclomaticComplexity="1" minCyclomaticComplexity="1" />
              <MetadataToken>100663406</MetadataToken>
              <Name>System.String &lt;&gt;f__AnonymousType2`2::ToString()</Name>
              <SequencePoints />
              <BranchPoints />
              <MethodPoint vc="0" uspid="1789" ordinal="0" offset="0" />
            </Method>
            <Method visited="false" cyclomaticComplexity="3" sequenceCoverage="0" branchCoverage="0" isConstructor="false" isStatic="false" isGetter="false" isSetter="false">
              <Summary numSequencePoints="0" visitedSequencePoints="0" numBranchPoints="4" visitedBranchPoints="0" sequenceCoverage="0" branchCoverage="0" maxCyclomaticComplexity="3" minCyclomaticComplexity="3" />
              <MetadataToken>100663407</MetadataToken>
              <Name>System.Boolean &lt;&gt;f__AnonymousType2`2::Equals(System.Object)</Name>
              <SequencePoints />
              <BranchPoints>
                <BranchPoint vc="0" uspid="1791" ordinal="0" offset="8" path="0" />
                <BranchPoint vc="0" uspid="1792" ordinal="1" offset="8" path="1" />
                <BranchPoint vc="0" uspid="1793" ordinal="2" offset="32" path="0" />
                <BranchPoint vc="0" uspid="1794" ordinal="3" offset="32" path="1" />
              </BranchPoints>
              <MethodPoint vc="0" uspid="1790" ordinal="0" offset="0" />
            </Method>
            <Method visited="false" cyclomaticComplexity="1" sequenceCoverage="0" branchCoverage="0" isConstructor="false" isStatic="false" isGetter="false" isSetter="false">
              <Summary numSequencePoints="0" visitedSequencePoints="0" numBranchPoints="0" visitedBranchPoints="0" sequenceCoverage="0" branchCoverage="0" maxCyclomaticComplexity="1" minCyclomaticComplexity="1" />
              <MetadataToken>100663408</MetadataToken>
              <Name>System.Int32 &lt;&gt;f__AnonymousType2`2::GetHashCode()</Name>
              <SequencePoints />
              <BranchPoints />
              <MethodPoint vc="0" uspid="1795" ordinal="0" offset="0" />
            </Method>
          </Methods>
        </Class>
      </Classes>
    </Module>
    <Module skippedDueTo="Filter" hash="5D-61-A7-62-D3-EC-D6-F3-F7-A8-10-45-10-57-7E-80-33-83-CD-2C">
      <FullName>C:\Program Files (x86)\Microsoft Visual Studio 11.0\Common7\IDE\CommonExtensions\Microsoft\TestWindow\Extensions\CppUnitFramework\Microsoft.VisualStudio.TestTools.CppUnitTestFramework.TestEngine.dll</FullName>
      <ModuleName>Microsoft.VisualStudio.TestTools.CppUnitTestFramework.TestEngine</ModuleName>
      <Classes />
    </Module>
    <Module skippedDueTo="Filter" hash="C8-C6-29-99-CA-01-AD-D3-16-19-A6-31-80-F3-CD-F7-92-E1-B3-1C">
      <FullName>C:\Program Files (x86)\Microsoft Visual Studio 11.0\Common7\IDE\CommonExtensions\Microsoft\TestWindow\Extensions\CppUnitFramework\Microsoft.VisualStudio.TestTools.CppUnitTestFramework.Discoverer.dll</FullName>
      <ModuleName>Microsoft.VisualStudio.TestTools.CppUnitTestFramework.Discoverer</ModuleName>
      <Classes />
    </Module>
  </Modules>
</CoverageSession>