<?xml version="1.0" encoding="utf-8"?>
<CoverageSession xmlns:xsd="http://www.w3.org/2001/XMLSchema" xmlns:xsi="http://www.w3.org/2001/XMLSchema-instance">
  <Summary numSequencePoints="2293" visitedSequencePoints="1857" numBranchPoints="645" visitedBranchPoints="458" sequenceCoverage="80.99" branchCoverage="71.01" maxCyclomaticComplexity="9" minCyclomaticComplexity="1" />
  <Modules>
    <Module hash="4D-F9-1F-06-05-3F-CB-2B-B0-B4-40-26-11-3A-08-73-65-CD-CA-A1">
      <Summary numSequencePoints="2293" visitedSequencePoints="1857" numBranchPoints="645" visitedBranchPoints="458" sequenceCoverage="80.99" branchCoverage="71.01" maxCyclomaticComplexity="9" minCyclomaticComplexity="1" />
      <FullName>F:\53.704\bin\Debug\BHI.Tests.JewelSuite.SubsurfaceModeling.SpecflowTest.dll</FullName>
      <ModuleName>BHI.Tests.JewelSuite.SubsurfaceModeling.SpecflowTest</ModuleName>
      <Classes>
        <Class>
          <Summary numSequencePoints="17" visitedSequencePoints="17" numBranchPoints="8" visitedBranchPoints="6" sequenceCoverage="100" branchCoverage="75" maxCyclomaticComplexity="3" minCyclomaticComplexity="1" />
          <FullName>BHI.Tests.JewelSuite.SubsurfaceModeling.SpecflowTest.CreateAndEditFaultModel.CreateAndEditFaultModelFeature</FullName>
            <Methods>
			<Method visited="true" cyclomaticComplexity="1" sequenceCoverage="100" branchCoverage="100" isConstructor="false" isStatic="false" isGetter="false" isSetter="false">
              <Summary numSequencePoints="4" visitedSequencePoints="4" numBranchPoints="1" visitedBranchPoints="1" sequenceCoverage="100" branchCoverage="100" maxCyclomaticComplexity="1" minCyclomaticComplexity="1" />
              <MetadataToken>100663340</MetadataToken>
              <Name>System.Void BHI.Tests.JewelSuite.SubsurfaceModeling.SpecflowTest.CreateAndEditFaultModel.CreateAndEditFaultModelFeature::CreateFaultModel()</Name>
              <SequencePoints>
                <SequencePoint vc="1" uspid="190" ordinal="0" offset="36" sl="9" sc="1" el="9" ec="34" bec="0" bev="0" fileid="0" url="f:\53.704\Tests\AutomatedTests\JewelSuite\Subsurface Modeling\Features\CreateAndEditFaultModel\CreateAndEditFaultModel.feature" />
                <SequencePoint vc="1" uspid="191" ordinal="1" offset="44" sl="10" sc="2" el="10" ec="142" bec="0" bev="0" fileid="0" url="f:\53.704\Tests\AutomatedTests\JewelSuite\Subsurface Modeling\Features\CreateAndEditFaultModel\CreateAndEditFaultModel.feature" />
                <SequencePoint vc="1" uspid="192" ordinal="2" offset="67" sl="11" sc="2" el="12" ec="96" bec="0" bev="0" fileid="0" url="f:\53.704\Tests\AutomatedTests\JewelSuite\Subsurface Modeling\Features\CreateAndEditFaultModel\CreateAndEditFaultModel.feature" />
                <SequencePoint vc="1" uspid="193" ordinal="3" offset="90" sl="12" sc="2" el="12" ec="149" bec="0" bev="0" fileid="0" url="f:\53.704\Tests\AutomatedTests\JewelSuite\Subsurface Modeling\Features\CreateAndEditFaultModel\CreateAndEditFaultModel.feature" />
              </SequencePoints>
              <BranchPoints />
              <MethodPoint vc="1" uspid="194" ordinal="0" offset="0" />
            </Method>
          </Methods>
        </Class>
	</Classes>
    </Module>
  </Modules>
</CoverageSession>